<?xml version="1.0" encoding="UTF-8"?>
<testsuite xmlns:xsi="http://www.w3.org/2001/XMLSchema-instance" xsi:noNamespaceSchemaLocation="https://maven.apache.org/surefire/maven-surefire-plugin/xsd/surefire-test-report.xsd" version="3.0.2" name="edu.miu.cs.cs425.backend.BackendApplicationTests" time="12.498" tests="1" errors="0" skipped="0" failures="0">
  <properties>
    <property name="java.specification.version" value="23"/>
    <property name="sun.jnu.encoding" value="UTF-8"/>
    <property name="java.class.path" value="/Users/mercelvubangsi/Documents/MY DOCS/MIU/STUDIES/CS425 SWE/PROJECT/new/backend/target/test-classes:/Users/mercelvubangsi/Documents/MY DOCS/MIU/STUDIES/CS425 SWE/PROJECT/new/backend/target/classes:/Users/mercelvubangsi/.m2/repository/org/springframework/boot/spring-boot-starter-web/3.4.3/spring-boot-starter-web-3.4.3.jar:/Users/mercelvubangsi/.m2/repository/org/springframework/boot/spring-boot-starter/3.4.3/spring-boot-starter-3.4.3.jar:/Users/mercelvubangsi/.m2/repository/org/springframework/boot/spring-boot/3.4.3/spring-boot-3.4.3.jar:/Users/mercelvubangsi/.m2/repository/org/springframework/boot/spring-boot-autoconfigure/3.4.3/spring-boot-autoconfigure-3.4.3.jar:/Users/mercelvubangsi/.m2/repository/org/springframework/boot/spring-boot-starter-logging/3.4.3/spring-boot-starter-logging-3.4.3.jar:/Users/mercelvubangsi/.m2/repository/ch/qos/logback/logback-classic/1.5.16/logback-classic-1.5.16.jar:/Users/mercelvubangsi/.m2/repository/ch/qos/logback/logback-core/1.5.16/logback-core-1.5.16.jar:/Users/mercelvubangsi/.m2/repository/org/apache/logging/log4j/log4j-to-slf4j/2.24.3/log4j-to-slf4j-2.24.3.jar:/Users/mercelvubangsi/.m2/repository/org/apache/logging/log4j/log4j-api/2.24.3/log4j-api-2.24.3.jar:/Users/mercelvubangsi/.m2/repository/org/slf4j/jul-to-slf4j/2.0.16/jul-to-slf4j-2.0.16.jar:/Users/mercelvubangsi/.m2/repository/jakarta/annotation/jakarta.annotation-api/2.1.1/jakarta.annotation-api-2.1.1.jar:/Users/mercelvubangsi/.m2/repository/org/yaml/snakeyaml/2.3/snakeyaml-2.3.jar:/Users/mercelvubangsi/.m2/repository/org/springframework/boot/spring-boot-starter-json/3.4.3/spring-boot-starter-json-3.4.3.jar:/Users/mercelvubangsi/.m2/repository/com/fasterxml/jackson/datatype/jackson-datatype-jdk8/2.18.2/jackson-datatype-jdk8-2.18.2.jar:/Users/mercelvubangsi/.m2/repository/com/fasterxml/jackson/datatype/jackson-datatype-jsr310/2.18.2/jackson-datatype-jsr310-2.18.2.jar:/Users/mercelvubangsi/.m2/repository/com/fasterxml/jackson/module/jackson-module-parameter-names/2.18.2/jackson-module-parameter-names-2.18.2.jar:/Users/mercelvubangsi/.m2/repository/org/springframework/boot/spring-boot-starter-tomcat/3.4.3/spring-boot-starter-tomcat-3.4.3.jar:/Users/mercelvubangsi/.m2/repository/org/apache/tomcat/embed/tomcat-embed-core/10.1.36/tomcat-embed-core-10.1.36.jar:/Users/mercelvubangsi/.m2/repository/org/apache/tomcat/embed/tomcat-embed-websocket/10.1.36/tomcat-embed-websocket-10.1.36.jar:/Users/mercelvubangsi/.m2/repository/org/springframework/spring-web/6.2.3/spring-web-6.2.3.jar:/Users/mercelvubangsi/.m2/repository/org/springframework/spring-beans/6.2.3/spring-beans-6.2.3.jar:/Users/mercelvubangsi/.m2/repository/io/micrometer/micrometer-observation/1.14.4/micrometer-observation-1.14.4.jar:/Users/mercelvubangsi/.m2/repository/io/micrometer/micrometer-commons/1.14.4/micrometer-commons-1.14.4.jar:/Users/mercelvubangsi/.m2/repository/org/springframework/spring-webmvc/6.2.3/spring-webmvc-6.2.3.jar:/Users/mercelvubangsi/.m2/repository/org/springframework/spring-context/6.2.3/spring-context-6.2.3.jar:/Users/mercelvubangsi/.m2/repository/org/springframework/spring-expression/6.2.3/spring-expression-6.2.3.jar:/Users/mercelvubangsi/.m2/repository/org/springframework/boot/spring-boot-starter-data-jpa/3.4.3/spring-boot-starter-data-jpa-3.4.3.jar:/Users/mercelvubangsi/.m2/repository/org/springframework/boot/spring-boot-starter-jdbc/3.4.3/spring-boot-starter-jdbc-3.4.3.jar:/Users/mercelvubangsi/.m2/repository/com/zaxxer/HikariCP/5.1.0/HikariCP-5.1.0.jar:/Users/mercelvubangsi/.m2/repository/org/springframework/spring-jdbc/6.2.3/spring-jdbc-6.2.3.jar:/Users/mercelvubangsi/.m2/repository/org/hibernate/orm/hibernate-core/6.6.8.Final/hibernate-core-6.6.8.Final.jar:/Users/mercelvubangsi/.m2/repository/jakarta/persistence/jakarta.persistence-api/3.1.0/jakarta.persistence-api-3.1.0.jar:/Users/mercelvubangsi/.m2/repository/jakarta/transaction/jakarta.transaction-api/2.0.1/jakarta.transaction-api-2.0.1.jar:/Users/mercelvubangsi/.m2/repository/org/jboss/logging/jboss-logging/3.6.1.Final/jboss-logging-3.6.1.Final.jar:/Users/mercelvubangsi/.m2/repository/org/hibernate/common/hibernate-commons-annotations/7.0.3.Final/hibernate-commons-annotations-7.0.3.Final.jar:/Users/mercelvubangsi/.m2/repository/io/smallrye/jandex/3.2.0/jandex-3.2.0.jar:/Users/mercelvubangsi/.m2/repository/com/fasterxml/classmate/1.7.0/classmate-1.7.0.jar:/Users/mercelvubangsi/.m2/repository/net/bytebuddy/byte-buddy/1.15.11/byte-buddy-1.15.11.jar:/Users/mercelvubangsi/.m2/repository/org/glassfish/jaxb/jaxb-runtime/4.0.5/jaxb-runtime-4.0.5.jar:/Users/mercelvubangsi/.m2/repository/org/glassfish/jaxb/jaxb-core/4.0.5/jaxb-core-4.0.5.jar:/Users/mercelvubangsi/.m2/repository/org/eclipse/angus/angus-activation/2.0.2/angus-activation-2.0.2.jar:/Users/mercelvubangsi/.m2/repository/org/glassfish/jaxb/txw2/4.0.5/txw2-4.0.5.jar:/Users/mercelvubangsi/.m2/repository/com/sun/istack/istack-commons-runtime/4.1.2/istack-commons-runtime-4.1.2.jar:/Users/mercelvubangsi/.m2/repository/jakarta/inject/jakarta.inject-api/2.0.1/jakarta.inject-api-2.0.1.jar:/Users/mercelvubangsi/.m2/repository/org/antlr/antlr4-runtime/4.13.0/antlr4-runtime-4.13.0.jar:/Users/mercelvubangsi/.m2/repository/org/springframework/data/spring-data-jpa/3.4.3/spring-data-jpa-3.4.3.jar:/Users/mercelvubangsi/.m2/repository/org/springframework/data/spring-data-commons/3.4.3/spring-data-commons-3.4.3.jar:/Users/mercelvubangsi/.m2/repository/org/springframework/spring-orm/6.2.3/spring-orm-6.2.3.jar:/Users/mercelvubangsi/.m2/repository/org/springframework/spring-tx/6.2.3/spring-tx-6.2.3.jar:/Users/mercelvubangsi/.m2/repository/org/slf4j/slf4j-api/2.0.16/slf4j-api-2.0.16.jar:/Users/mercelvubangsi/.m2/repository/org/springframework/spring-aspects/6.2.3/spring-aspects-6.2.3.jar:/Users/mercelvubangsi/.m2/repository/org/aspectj/aspectjweaver/1.9.22.1/aspectjweaver-1.9.22.1.jar:/Users/mercelvubangsi/.m2/repository/org/springframework/boot/spring-boot-starter-security/3.4.3/spring-boot-starter-security-3.4.3.jar:/Users/mercelvubangsi/.m2/repository/org/springframework/spring-aop/6.2.3/spring-aop-6.2.3.jar:/Users/mercelvubangsi/.m2/repository/org/springframework/security/spring-security-config/6.4.3/spring-security-config-6.4.3.jar:/Users/mercelvubangsi/.m2/repository/org/springframework/security/spring-security-core/6.4.3/spring-security-core-6.4.3.jar:/Users/mercelvubangsi/.m2/repository/org/springframework/security/spring-security-crypto/6.4.3/spring-security-crypto-6.4.3.jar:/Users/mercelvubangsi/.m2/repository/org/springframework/security/spring-security-web/6.4.3/spring-security-web-6.4.3.jar:/Users/mercelvubangsi/.m2/repository/com/mysql/mysql-connector-j/8.0.33/mysql-connector-j-8.0.33.jar:/Users/mercelvubangsi/.m2/repository/com/h2database/h2/2.3.232/h2-2.3.232.jar:/Users/mercelvubangsi/.m2/repository/com/auth0/java-jwt/4.4.0/java-jwt-4.4.0.jar:/Users/mercelvubangsi/.m2/repository/com/fasterxml/jackson/core/jackson-databind/2.18.2/jackson-databind-2.18.2.jar:/Users/mercelvubangsi/.m2/repository/com/fasterxml/jackson/core/jackson-annotations/2.18.2/jackson-annotations-2.18.2.jar:/Users/mercelvubangsi/.m2/repository/com/fasterxml/jackson/core/jackson-core/2.18.2/jackson-core-2.18.2.jar:/Users/mercelvubangsi/.m2/repository/org/springframework/boot/spring-boot-starter-validation/3.4.3/spring-boot-starter-validation-3.4.3.jar:/Users/mercelvubangsi/.m2/repository/org/apache/tomcat/embed/tomcat-embed-el/10.1.36/tomcat-embed-el-10.1.36.jar:/Users/mercelvubangsi/.m2/repository/org/hibernate/validator/hibernate-validator/8.0.2.Final/hibernate-validator-8.0.2.Final.jar:/Users/mercelvubangsi/.m2/repository/jakarta/validation/jakarta.validation-api/3.0.2/jakarta.validation-api-3.0.2.jar:/Users/mercelvubangsi/.m2/repository/org/springdoc/springdoc-openapi-starter-webmvc-ui/2.6.0/springdoc-openapi-starter-webmvc-ui-2.6.0.jar:/Users/mercelvubangsi/.m2/repository/org/springdoc/springdoc-openapi-starter-webmvc-api/2.6.0/springdoc-openapi-starter-webmvc-api-2.6.0.jar:/Users/mercelvubangsi/.m2/repository/org/springdoc/springdoc-openapi-starter-common/2.6.0/springdoc-openapi-starter-common-2.6.0.jar:/Users/mercelvubangsi/.m2/repository/io/swagger/core/v3/swagger-core-jakarta/2.2.22/swagger-core-jakarta-2.2.22.jar:/Users/mercelvubangsi/.m2/repository/org/apache/commons/commons-lang3/3.17.0/commons-lang3-3.17.0.jar:/Users/mercelvubangsi/.m2/repository/io/swagger/core/v3/swagger-annotations-jakarta/2.2.22/swagger-annotations-jakarta-2.2.22.jar:/Users/mercelvubangsi/.m2/repository/io/swagger/core/v3/swagger-models-jakarta/2.2.22/swagger-models-jakarta-2.2.22.jar:/Users/mercelvubangsi/.m2/repository/com/fasterxml/jackson/dataformat/jackson-dataformat-yaml/2.18.2/jackson-dataformat-yaml-2.18.2.jar:/Users/mercelvubangsi/.m2/repository/org/webjars/swagger-ui/5.17.14/swagger-ui-5.17.14.jar:/Users/mercelvubangsi/.m2/repository/org/mindrot/jbcrypt/0.4/jbcrypt-0.4.jar:/Users/mercelvubangsi/.m2/repository/org/projectlombok/lombok/1.18.36/lombok-1.18.36.jar:/Users/mercelvubangsi/.m2/repository/org/springframework/boot/spring-boot-starter-test/3.4.3/spring-boot-starter-test-3.4.3.jar:/Users/mercelvubangsi/.m2/repository/org/springframework/boot/spring-boot-test/3.4.3/spring-boot-test-3.4.3.jar:/Users/mercelvubangsi/.m2/repository/org/springframework/boot/spring-boot-test-autoconfigure/3.4.3/spring-boot-test-autoconfigure-3.4.3.jar:/Users/mercelvubangsi/.m2/repository/com/jayway/jsonpath/json-path/2.9.0/json-path-2.9.0.jar:/Users/mercelvubangsi/.m2/repository/jakarta/xml/bind/jakarta.xml.bind-api/4.0.2/jakarta.xml.bind-api-4.0.2.jar:/Users/mercelvubangsi/.m2/repository/jakarta/activation/jakarta.activation-api/2.1.3/jakarta.activation-api-2.1.3.jar:/Users/mercelvubangsi/.m2/repository/net/minidev/json-smart/2.5.2/json-smart-2.5.2.jar:/Users/mercelvubangsi/.m2/repository/net/minidev/accessors-smart/2.5.2/accessors-smart-2.5.2.jar:/Users/mercelvubangsi/.m2/repository/org/ow2/asm/asm/9.7.1/asm-9.7.1.jar:/Users/mercelvubangsi/.m2/repository/org/assertj/assertj-core/3.26.3/assertj-core-3.26.3.jar:/Users/mercelvubangsi/.m2/repository/org/awaitility/awaitility/4.2.2/awaitility-4.2.2.jar:/Users/mercelvubangsi/.m2/repository/org/hamcrest/hamcrest/2.2/hamcrest-2.2.jar:/Users/mercelvubangsi/.m2/repository/org/junit/jupiter/junit-jupiter/5.11.4/junit-jupiter-5.11.4.jar:/Users/mercelvubangsi/.m2/repository/org/junit/jupiter/junit-jupiter-api/5.11.4/junit-jupiter-api-5.11.4.jar:/Users/mercelvubangsi/.m2/repository/org/opentest4j/opentest4j/1.3.0/opentest4j-1.3.0.jar:/Users/mercelvubangsi/.m2/repository/org/junit/platform/junit-platform-commons/1.11.4/junit-platform-commons-1.11.4.jar:/Users/mercelvubangsi/.m2/repository/org/apiguardian/apiguardian-api/1.1.2/apiguardian-api-1.1.2.jar:/Users/mercelvubangsi/.m2/repository/org/junit/jupiter/junit-jupiter-params/5.11.4/junit-jupiter-params-5.11.4.jar:/Users/mercelvubangsi/.m2/repository/org/junit/jupiter/junit-jupiter-engine/5.11.4/junit-jupiter-engine-5.11.4.jar:/Users/mercelvubangsi/.m2/repository/org/junit/platform/junit-platform-engine/1.11.4/junit-platform-engine-1.11.4.jar:/Users/mercelvubangsi/.m2/repository/org/mockito/mockito-core/5.14.2/mockito-core-5.14.2.jar:/Users/mercelvubangsi/.m2/repository/net/bytebuddy/byte-buddy-agent/1.15.11/byte-buddy-agent-1.15.11.jar:/Users/mercelvubangsi/.m2/repository/org/objenesis/objenesis/3.3/objenesis-3.3.jar:/Users/mercelvubangsi/.m2/repository/org/mockito/mockito-junit-jupiter/5.14.2/mockito-junit-jupiter-5.14.2.jar:/Users/mercelvubangsi/.m2/repository/org/skyscreamer/jsonassert/1.5.3/jsonassert-1.5.3.jar:/Users/mercelvubangsi/.m2/repository/com/vaadin/external/google/android-json/0.0.20131108.vaadin1/android-json-0.0.20131108.vaadin1.jar:/Users/mercelvubangsi/.m2/repository/org/springframework/spring-core/6.2.3/spring-core-6.2.3.jar:/Users/mercelvubangsi/.m2/repository/org/springframework/spring-jcl/6.2.3/spring-jcl-6.2.3.jar:/Users/mercelvubangsi/.m2/repository/org/springframework/spring-test/6.2.3/spring-test-6.2.3.jar:/Users/mercelvubangsi/.m2/repository/org/xmlunit/xmlunit-core/2.10.0/xmlunit-core-2.10.0.jar:"/>
    <property name="java.vm.vendor" value="Homebrew"/>
    <property name="sun.arch.data.model" value="64"/>
    <property name="java.vendor.url" value="https://github.com/Homebrew/homebrew-core/issues"/>
    <property name="user.timezone" value="America/Chicago"/>
    <property name="org.jboss.logging.provider" value="slf4j"/>
    <property name="os.name" value="Mac OS X"/>
    <property name="java.vm.specification.version" value="23"/>
    <property name="APPLICATION_NAME" value="flight-booking"/>
    <property name="sun.java.launcher" value="SUN_STANDARD"/>
    <property name="user.country" value="US"/>
    <property name="sun.boot.library.path" value="/usr/local/Cellar/openjdk/23.0.1/libexec/openjdk.jdk/Contents/Home/lib"/>
    <property name="sun.java.command" value="/Users/mercelvubangsi/Documents/MY DOCS/MIU/STUDIES/CS425 SWE/PROJECT/new/backend/target/surefire/surefirebooter-20250319214156615_3.jar /Users/mercelvubangsi/Documents/MY DOCS/MIU/STUDIES/CS425 SWE/PROJECT/new/backend/target/surefire 2025-03-19T21-41-56_494-jvmRun1 surefire-20250319214156615_1tmp surefire_0-20250319214156615_2tmp"/>
    <property name="http.nonProxyHosts" value="local|*.local|169.254/16|*.169.254/16"/>
    <property name="jdk.debug" value="release"/>
    <property name="surefire.test.class.path" value="/Users/mercelvubangsi/Documents/MY DOCS/MIU/STUDIES/CS425 SWE/PROJECT/new/backend/target/test-classes:/Users/mercelvubangsi/Documents/MY DOCS/MIU/STUDIES/CS425 SWE/PROJECT/new/backend/target/classes:/Users/mercelvubangsi/.m2/repository/org/springframework/boot/spring-boot-starter-web/3.4.3/spring-boot-starter-web-3.4.3.jar:/Users/mercelvubangsi/.m2/repository/org/springframework/boot/spring-boot-starter/3.4.3/spring-boot-starter-3.4.3.jar:/Users/mercelvubangsi/.m2/repository/org/springframework/boot/spring-boot/3.4.3/spring-boot-3.4.3.jar:/Users/mercelvubangsi/.m2/repository/org/springframework/boot/spring-boot-autoconfigure/3.4.3/spring-boot-autoconfigure-3.4.3.jar:/Users/mercelvubangsi/.m2/repository/org/springframework/boot/spring-boot-starter-logging/3.4.3/spring-boot-starter-logging-3.4.3.jar:/Users/mercelvubangsi/.m2/repository/ch/qos/logback/logback-classic/1.5.16/logback-classic-1.5.16.jar:/Users/mercelvubangsi/.m2/repository/ch/qos/logback/logback-core/1.5.16/logback-core-1.5.16.jar:/Users/mercelvubangsi/.m2/repository/org/apache/logging/log4j/log4j-to-slf4j/2.24.3/log4j-to-slf4j-2.24.3.jar:/Users/mercelvubangsi/.m2/repository/org/apache/logging/log4j/log4j-api/2.24.3/log4j-api-2.24.3.jar:/Users/mercelvubangsi/.m2/repository/org/slf4j/jul-to-slf4j/2.0.16/jul-to-slf4j-2.0.16.jar:/Users/mercelvubangsi/.m2/repository/jakarta/annotation/jakarta.annotation-api/2.1.1/jakarta.annotation-api-2.1.1.jar:/Users/mercelvubangsi/.m2/repository/org/yaml/snakeyaml/2.3/snakeyaml-2.3.jar:/Users/mercelvubangsi/.m2/repository/org/springframework/boot/spring-boot-starter-json/3.4.3/spring-boot-starter-json-3.4.3.jar:/Users/mercelvubangsi/.m2/repository/com/fasterxml/jackson/datatype/jackson-datatype-jdk8/2.18.2/jackson-datatype-jdk8-2.18.2.jar:/Users/mercelvubangsi/.m2/repository/com/fasterxml/jackson/datatype/jackson-datatype-jsr310/2.18.2/jackson-datatype-jsr310-2.18.2.jar:/Users/mercelvubangsi/.m2/repository/com/fasterxml/jackson/module/jackson-module-parameter-names/2.18.2/jackson-module-parameter-names-2.18.2.jar:/Users/mercelvubangsi/.m2/repository/org/springframework/boot/spring-boot-starter-tomcat/3.4.3/spring-boot-starter-tomcat-3.4.3.jar:/Users/mercelvubangsi/.m2/repository/org/apache/tomcat/embed/tomcat-embed-core/10.1.36/tomcat-embed-core-10.1.36.jar:/Users/mercelvubangsi/.m2/repository/org/apache/tomcat/embed/tomcat-embed-websocket/10.1.36/tomcat-embed-websocket-10.1.36.jar:/Users/mercelvubangsi/.m2/repository/org/springframework/spring-web/6.2.3/spring-web-6.2.3.jar:/Users/mercelvubangsi/.m2/repository/org/springframework/spring-beans/6.2.3/spring-beans-6.2.3.jar:/Users/mercelvubangsi/.m2/repository/io/micrometer/micrometer-observation/1.14.4/micrometer-observation-1.14.4.jar:/Users/mercelvubangsi/.m2/repository/io/micrometer/micrometer-commons/1.14.4/micrometer-commons-1.14.4.jar:/Users/mercelvubangsi/.m2/repository/org/springframework/spring-webmvc/6.2.3/spring-webmvc-6.2.3.jar:/Users/mercelvubangsi/.m2/repository/org/springframework/spring-context/6.2.3/spring-context-6.2.3.jar:/Users/mercelvubangsi/.m2/repository/org/springframework/spring-expression/6.2.3/spring-expression-6.2.3.jar:/Users/mercelvubangsi/.m2/repository/org/springframework/boot/spring-boot-starter-data-jpa/3.4.3/spring-boot-starter-data-jpa-3.4.3.jar:/Users/mercelvubangsi/.m2/repository/org/springframework/boot/spring-boot-starter-jdbc/3.4.3/spring-boot-starter-jdbc-3.4.3.jar:/Users/mercelvubangsi/.m2/repository/com/zaxxer/HikariCP/5.1.0/HikariCP-5.1.0.jar:/Users/mercelvubangsi/.m2/repository/org/springframework/spring-jdbc/6.2.3/spring-jdbc-6.2.3.jar:/Users/mercelvubangsi/.m2/repository/org/hibernate/orm/hibernate-core/6.6.8.Final/hibernate-core-6.6.8.Final.jar:/Users/mercelvubangsi/.m2/repository/jakarta/persistence/jakarta.persistence-api/3.1.0/jakarta.persistence-api-3.1.0.jar:/Users/mercelvubangsi/.m2/repository/jakarta/transaction/jakarta.transaction-api/2.0.1/jakarta.transaction-api-2.0.1.jar:/Users/mercelvubangsi/.m2/repository/org/jboss/logging/jboss-logging/3.6.1.Final/jboss-logging-3.6.1.Final.jar:/Users/mercelvubangsi/.m2/repository/org/hibernate/common/hibernate-commons-annotations/7.0.3.Final/hibernate-commons-annotations-7.0.3.Final.jar:/Users/mercelvubangsi/.m2/repository/io/smallrye/jandex/3.2.0/jandex-3.2.0.jar:/Users/mercelvubangsi/.m2/repository/com/fasterxml/classmate/1.7.0/classmate-1.7.0.jar:/Users/mercelvubangsi/.m2/repository/net/bytebuddy/byte-buddy/1.15.11/byte-buddy-1.15.11.jar:/Users/mercelvubangsi/.m2/repository/org/glassfish/jaxb/jaxb-runtime/4.0.5/jaxb-runtime-4.0.5.jar:/Users/mercelvubangsi/.m2/repository/org/glassfish/jaxb/jaxb-core/4.0.5/jaxb-core-4.0.5.jar:/Users/mercelvubangsi/.m2/repository/org/eclipse/angus/angus-activation/2.0.2/angus-activation-2.0.2.jar:/Users/mercelvubangsi/.m2/repository/org/glassfish/jaxb/txw2/4.0.5/txw2-4.0.5.jar:/Users/mercelvubangsi/.m2/repository/com/sun/istack/istack-commons-runtime/4.1.2/istack-commons-runtime-4.1.2.jar:/Users/mercelvubangsi/.m2/repository/jakarta/inject/jakarta.inject-api/2.0.1/jakarta.inject-api-2.0.1.jar:/Users/mercelvubangsi/.m2/repository/org/antlr/antlr4-runtime/4.13.0/antlr4-runtime-4.13.0.jar:/Users/mercelvubangsi/.m2/repository/org/springframework/data/spring-data-jpa/3.4.3/spring-data-jpa-3.4.3.jar:/Users/mercelvubangsi/.m2/repository/org/springframework/data/spring-data-commons/3.4.3/spring-data-commons-3.4.3.jar:/Users/mercelvubangsi/.m2/repository/org/springframework/spring-orm/6.2.3/spring-orm-6.2.3.jar:/Users/mercelvubangsi/.m2/repository/org/springframework/spring-tx/6.2.3/spring-tx-6.2.3.jar:/Users/mercelvubangsi/.m2/repository/org/slf4j/slf4j-api/2.0.16/slf4j-api-2.0.16.jar:/Users/mercelvubangsi/.m2/repository/org/springframework/spring-aspects/6.2.3/spring-aspects-6.2.3.jar:/Users/mercelvubangsi/.m2/repository/org/aspectj/aspectjweaver/1.9.22.1/aspectjweaver-1.9.22.1.jar:/Users/mercelvubangsi/.m2/repository/org/springframework/boot/spring-boot-starter-security/3.4.3/spring-boot-starter-security-3.4.3.jar:/Users/mercelvubangsi/.m2/repository/org/springframework/spring-aop/6.2.3/spring-aop-6.2.3.jar:/Users/mercelvubangsi/.m2/repository/org/springframework/security/spring-security-config/6.4.3/spring-security-config-6.4.3.jar:/Users/mercelvubangsi/.m2/repository/org/springframework/security/spring-security-core/6.4.3/spring-security-core-6.4.3.jar:/Users/mercelvubangsi/.m2/repository/org/springframework/security/spring-security-crypto/6.4.3/spring-security-crypto-6.4.3.jar:/Users/mercelvubangsi/.m2/repository/org/springframework/security/spring-security-web/6.4.3/spring-security-web-6.4.3.jar:/Users/mercelvubangsi/.m2/repository/com/mysql/mysql-connector-j/8.0.33/mysql-connector-j-8.0.33.jar:/Users/mercelvubangsi/.m2/repository/com/h2database/h2/2.3.232/h2-2.3.232.jar:/Users/mercelvubangsi/.m2/repository/com/auth0/java-jwt/4.4.0/java-jwt-4.4.0.jar:/Users/mercelvubangsi/.m2/repository/com/fasterxml/jackson/core/jackson-databind/2.18.2/jackson-databind-2.18.2.jar:/Users/mercelvubangsi/.m2/repository/com/fasterxml/jackson/core/jackson-annotations/2.18.2/jackson-annotations-2.18.2.jar:/Users/mercelvubangsi/.m2/repository/com/fasterxml/jackson/core/jackson-core/2.18.2/jackson-core-2.18.2.jar:/Users/mercelvubangsi/.m2/repository/org/springframework/boot/spring-boot-starter-validation/3.4.3/spring-boot-starter-validation-3.4.3.jar:/Users/mercelvubangsi/.m2/repository/org/apache/tomcat/embed/tomcat-embed-el/10.1.36/tomcat-embed-el-10.1.36.jar:/Users/mercelvubangsi/.m2/repository/org/hibernate/validator/hibernate-validator/8.0.2.Final/hibernate-validator-8.0.2.Final.jar:/Users/mercelvubangsi/.m2/repository/jakarta/validation/jakarta.validation-api/3.0.2/jakarta.validation-api-3.0.2.jar:/Users/mercelvubangsi/.m2/repository/org/springdoc/springdoc-openapi-starter-webmvc-ui/2.6.0/springdoc-openapi-starter-webmvc-ui-2.6.0.jar:/Users/mercelvubangsi/.m2/repository/org/springdoc/springdoc-openapi-starter-webmvc-api/2.6.0/springdoc-openapi-starter-webmvc-api-2.6.0.jar:/Users/mercelvubangsi/.m2/repository/org/springdoc/springdoc-openapi-starter-common/2.6.0/springdoc-openapi-starter-common-2.6.0.jar:/Users/mercelvubangsi/.m2/repository/io/swagger/core/v3/swagger-core-jakarta/2.2.22/swagger-core-jakarta-2.2.22.jar:/Users/mercelvubangsi/.m2/repository/org/apache/commons/commons-lang3/3.17.0/commons-lang3-3.17.0.jar:/Users/mercelvubangsi/.m2/repository/io/swagger/core/v3/swagger-annotations-jakarta/2.2.22/swagger-annotations-jakarta-2.2.22.jar:/Users/mercelvubangsi/.m2/repository/io/swagger/core/v3/swagger-models-jakarta/2.2.22/swagger-models-jakarta-2.2.22.jar:/Users/mercelvubangsi/.m2/repository/com/fasterxml/jackson/dataformat/jackson-dataformat-yaml/2.18.2/jackson-dataformat-yaml-2.18.2.jar:/Users/mercelvubangsi/.m2/repository/org/webjars/swagger-ui/5.17.14/swagger-ui-5.17.14.jar:/Users/mercelvubangsi/.m2/repository/org/mindrot/jbcrypt/0.4/jbcrypt-0.4.jar:/Users/mercelvubangsi/.m2/repository/org/projectlombok/lombok/1.18.36/lombok-1.18.36.jar:/Users/mercelvubangsi/.m2/repository/org/springframework/boot/spring-boot-starter-test/3.4.3/spring-boot-starter-test-3.4.3.jar:/Users/mercelvubangsi/.m2/repository/org/springframework/boot/spring-boot-test/3.4.3/spring-boot-test-3.4.3.jar:/Users/mercelvubangsi/.m2/repository/org/springframework/boot/spring-boot-test-autoconfigure/3.4.3/spring-boot-test-autoconfigure-3.4.3.jar:/Users/mercelvubangsi/.m2/repository/com/jayway/jsonpath/json-path/2.9.0/json-path-2.9.0.jar:/Users/mercelvubangsi/.m2/repository/jakarta/xml/bind/jakarta.xml.bind-api/4.0.2/jakarta.xml.bind-api-4.0.2.jar:/Users/mercelvubangsi/.m2/repository/jakarta/activation/jakarta.activation-api/2.1.3/jakarta.activation-api-2.1.3.jar:/Users/mercelvubangsi/.m2/repository/net/minidev/json-smart/2.5.2/json-smart-2.5.2.jar:/Users/mercelvubangsi/.m2/repository/net/minidev/accessors-smart/2.5.2/accessors-smart-2.5.2.jar:/Users/mercelvubangsi/.m2/repository/org/ow2/asm/asm/9.7.1/asm-9.7.1.jar:/Users/mercelvubangsi/.m2/repository/org/assertj/assertj-core/3.26.3/assertj-core-3.26.3.jar:/Users/mercelvubangsi/.m2/repository/org/awaitility/awaitility/4.2.2/awaitility-4.2.2.jar:/Users/mercelvubangsi/.m2/repository/org/hamcrest/hamcrest/2.2/hamcrest-2.2.jar:/Users/mercelvubangsi/.m2/repository/org/junit/jupiter/junit-jupiter/5.11.4/junit-jupiter-5.11.4.jar:/Users/mercelvubangsi/.m2/repository/org/junit/jupiter/junit-jupiter-api/5.11.4/junit-jupiter-api-5.11.4.jar:/Users/mercelvubangsi/.m2/repository/org/opentest4j/opentest4j/1.3.0/opentest4j-1.3.0.jar:/Users/mercelvubangsi/.m2/repository/org/junit/platform/junit-platform-commons/1.11.4/junit-platform-commons-1.11.4.jar:/Users/mercelvubangsi/.m2/repository/org/apiguardian/apiguardian-api/1.1.2/apiguardian-api-1.1.2.jar:/Users/mercelvubangsi/.m2/repository/org/junit/jupiter/junit-jupiter-params/5.11.4/junit-jupiter-params-5.11.4.jar:/Users/mercelvubangsi/.m2/repository/org/junit/jupiter/junit-jupiter-engine/5.11.4/junit-jupiter-engine-5.11.4.jar:/Users/mercelvubangsi/.m2/repository/org/junit/platform/junit-platform-engine/1.11.4/junit-platform-engine-1.11.4.jar:/Users/mercelvubangsi/.m2/repository/org/mockito/mockito-core/5.14.2/mockito-core-5.14.2.jar:/Users/mercelvubangsi/.m2/repository/net/bytebuddy/byte-buddy-agent/1.15.11/byte-buddy-agent-1.15.11.jar:/Users/mercelvubangsi/.m2/repository/org/objenesis/objenesis/3.3/objenesis-3.3.jar:/Users/mercelvubangsi/.m2/repository/org/mockito/mockito-junit-jupiter/5.14.2/mockito-junit-jupiter-5.14.2.jar:/Users/mercelvubangsi/.m2/repository/org/skyscreamer/jsonassert/1.5.3/jsonassert-1.5.3.jar:/Users/mercelvubangsi/.m2/repository/com/vaadin/external/google/android-json/0.0.20131108.vaadin1/android-json-0.0.20131108.vaadin1.jar:/Users/mercelvubangsi/.m2/repository/org/springframework/spring-core/6.2.3/spring-core-6.2.3.jar:/Users/mercelvubangsi/.m2/repository/org/springframework/spring-jcl/6.2.3/spring-jcl-6.2.3.jar:/Users/mercelvubangsi/.m2/repository/org/springframework/spring-test/6.2.3/spring-test-6.2.3.jar:/Users/mercelvubangsi/.m2/repository/org/xmlunit/xmlunit-core/2.10.0/xmlunit-core-2.10.0.jar:"/>
    <property name="sun.cpu.endian" value="little"/>
    <property name="user.home" value="/Users/mercelvubangsi"/>
    <property name="user.language" value="en"/>
    <property name="java.specification.vendor" value="Oracle Corporation"/>
    <property name="java.version.date" value="2024-10-15"/>
    <property name="java.home" value="/usr/local/Cellar/openjdk/23.0.1/libexec/openjdk.jdk/Contents/Home"/>
    <property name="file.separator" value="/"/>
    <property name="basedir" value="/Users/mercelvubangsi/Documents/MY DOCS/MIU/STUDIES/CS425 SWE/PROJECT/new/backend"/>
    <property name="java.vm.compressedOopsMode" value="Zero based"/>
    <property name="line.separator" value="&#10;"/>
    <property name="java.vm.specification.vendor" value="Oracle Corporation"/>
    <property name="java.specification.name" value="Java Platform API Specification"/>
    <property name="FILE_LOG_CHARSET" value="UTF-8"/>
    <property name="java.awt.headless" value="true"/>
    <property name="apple.awt.application.name" value="ForkedBooter"/>
    <property name="surefire.real.class.path" value="/Users/mercelvubangsi/Documents/MY DOCS/MIU/STUDIES/CS425 SWE/PROJECT/new/backend/target/surefire/surefirebooter-20250319214156615_3.jar"/>
    <property name="sun.management.compiler" value="HotSpot 64-Bit Tiered Compilers"/>
    <property name="ftp.nonProxyHosts" value="local|*.local|169.254/16|*.169.254/16"/>
    <property name="java.runtime.version" value="23.0.1"/>
    <property name="user.name" value="mercelvubangsi"/>
    <property name="stdout.encoding" value="UTF-8"/>
    <property name="path.separator" value=":"/>
    <property name="os.version" value="13.7.2"/>
    <property name="java.runtime.name" value="OpenJDK Runtime Environment"/>
    <property name="file.encoding" value="UTF-8"/>
    <property name="java.vm.name" value="OpenJDK 64-Bit Server VM"/>
    <property name="java.vendor.version" value="Homebrew"/>
    <property name="localRepository" value="/Users/mercelvubangsi/.m2/repository"/>
    <property name="java.vendor.url.bug" value="https://github.com/Homebrew/homebrew-core/issues"/>
    <property name="java.io.tmpdir" value="/var/folders/cs/h8q220ps5nb4znyn5h36865m0000gn/T/"/>
    <property name="com.zaxxer.hikari.pool_number" value="1"/>
    <property name="java.version" value="23.0.1"/>
    <property name="user.dir" value="/Users/mercelvubangsi/Documents/MY DOCS/MIU/STUDIES/CS425 SWE/PROJECT/new/backend"/>
    <property name="os.arch" value="x86_64"/>
    <property name="java.vm.specification.name" value="Java Virtual Machine Specification"/>
    <property name="PID" value="80480"/>
    <property name="CONSOLE_LOG_CHARSET" value="UTF-8"/>
    <property name="native.encoding" value="UTF-8"/>
    <property name="java.library.path" value="/Users/mercelvubangsi/Library/Java/Extensions:/Library/Java/Extensions:/Network/Library/Java/Extensions:/System/Library/Java/Extensions:/usr/lib/java:."/>
    <property name="java.vm.info" value="mixed mode, sharing"/>
    <property name="stderr.encoding" value="UTF-8"/>
    <property name="java.vendor" value="Homebrew"/>
    <property name="java.vm.version" value="23.0.1"/>
    <property name="sun.io.unicode.encoding" value="UnicodeBig"/>
    <property name="socksNonProxyHosts" value="local|*.local|169.254/16|*.169.254/16"/>
    <property name="java.class.version" value="67.0"/>
    <property name="LOGGED_APPLICATION_NAME" value="[flight-booking] "/>
  </properties>
  <testcase name="contextLoads" classname="edu.miu.cs.cs425.backend.BackendApplicationTests" time="0.576">
    <system-out><![CDATA[21:41:57.549 [main] INFO org.springframework.test.context.support.AnnotationConfigContextLoaderUtils -- Could not detect default configuration classes for test class [edu.miu.cs.cs425.backend.BackendApplicationTests]: BackendApplicationTests does not declare any static, non-private, non-final, nested classes annotated with @Configuration.
21:41:57.729 [main] INFO org.springframework.boot.test.context.SpringBootTestContextBootstrapper -- Found @SpringBootConfiguration edu.miu.cs.cs425.backend.BackendApplication for test class edu.miu.cs.cs425.backend.BackendApplicationTests
2025-03-19T21:41:58.344-05:00 DEBUG 80480 --- [flight-booking] [kground-preinit] o.h.v.i.xml.config.ValidationXmlParser   : Trying to load META-INF/validation.xml for XML based Validator configuration.
2025-03-19T21:41:58.352-05:00 DEBUG 80480 --- [flight-booking] [kground-preinit] o.h.v.i.xml.config.ResourceLoaderHelper  : Trying to load META-INF/validation.xml via TCCL
2025-03-19T21:41:58.352-05:00 DEBUG 80480 --- [flight-booking] [kground-preinit] o.h.v.i.xml.config.ResourceLoaderHelper  : Trying to load META-INF/validation.xml via Hibernate Validator's class loader
2025-03-19T21:41:58.352-05:00 DEBUG 80480 --- [flight-booking] [kground-preinit] o.h.v.i.xml.config.ValidationXmlParser   : No META-INF/validation.xml found. Using annotation based configuration only.
2025-03-19T21:41:58.361-05:00 DEBUG 80480 --- [flight-booking] [kground-preinit] o.h.v.i.e.resolver.TraversableResolvers  : Found jakarta.persistence.Persistence on classpath containing 'getPersistenceUtil'. Assuming JPA 2 environment. Trying to instantiate JPA aware TraversableResolver
2025-03-19T21:41:58.362-05:00 DEBUG 80480 --- [flight-booking] [kground-preinit] o.h.v.i.e.resolver.TraversableResolvers  : Instantiated JPA aware TraversableResolver of type org.hibernate.validator.internal.engine.resolver.JPATraversableResolver.
2025-03-19T21:41:58.380-05:00  INFO 80480 --- [flight-booking] [           main] e.m.c.c.backend.BackendApplicationTests  : Starting BackendApplicationTests using Java 23.0.1 with PID 80480 (started by mercelvubangsi in /Users/mercelvubangsi/Documents/MY DOCS/MIU/STUDIES/CS425 SWE/PROJECT/new/backend)
2025-03-19T21:41:58.381-05:00 DEBUG 80480 --- [flight-booking] [           main] e.m.c.c.backend.BackendApplicationTests  : Running with Spring Boot v3.4.3, Spring v6.2.3
2025-03-19T21:41:58.382-05:00  INFO 80480 --- [flight-booking] [           main] e.m.c.c.backend.BackendApplicationTests  : No active profile set, falling back to 1 default profile: "default"
2025-03-19T21:41:58.405-05:00 DEBUG 80480 --- [flight-booking] [kground-preinit] .h.v.m.ResourceBundleMessageInterpolator : Loaded expression factory via original TCCL
2025-03-19T21:41:58.547-05:00 DEBUG 80480 --- [flight-booking] [kground-preinit] .i.e.ValidatorFactoryConfigurationHelper : HV000252: Using org.hibernate.validator.internal.engine.DefaultPropertyNodeNameProvider as property node name provider.
2025-03-19T21:41:58.555-05:00 DEBUG 80480 --- [flight-booking] [kground-preinit] .i.e.ValidatorFactoryConfigurationHelper : HV000234: Using org.hibernate.validator.messageinterpolation.ResourceBundleMessageInterpolator as ValidatorFactory-scoped message interpolator.
2025-03-19T21:41:58.556-05:00 DEBUG 80480 --- [flight-booking] [kground-preinit] .i.e.ValidatorFactoryConfigurationHelper : HV000234: Using org.hibernate.validator.internal.engine.resolver.JPATraversableResolver as ValidatorFactory-scoped traversable resolver.
2025-03-19T21:41:58.556-05:00 DEBUG 80480 --- [flight-booking] [kground-preinit] .i.e.ValidatorFactoryConfigurationHelper : HV000234: Using org.hibernate.validator.internal.util.ExecutableParameterNameProvider as ValidatorFactory-scoped parameter name provider.
2025-03-19T21:41:58.556-05:00 DEBUG 80480 --- [flight-booking] [kground-preinit] .i.e.ValidatorFactoryConfigurationHelper : HV000234: Using org.hibernate.validator.internal.engine.DefaultClockProvider as ValidatorFactory-scoped clock provider.
2025-03-19T21:41:58.556-05:00 DEBUG 80480 --- [flight-booking] [kground-preinit] .i.e.ValidatorFactoryConfigurationHelper : HV000234: Using org.hibernate.validator.internal.engine.scripting.DefaultScriptEvaluatorFactory as ValidatorFactory-scoped script evaluator factory.
2025-03-19T21:41:59.684-05:00  INFO 80480 --- [flight-booking] [           main] .s.d.r.c.RepositoryConfigurationDelegate : Bootstrapping Spring Data JPA repositories in DEFAULT mode.
2025-03-19T21:41:59.814-05:00  INFO 80480 --- [flight-booking] [           main] .s.d.r.c.RepositoryConfigurationDelegate : Finished Spring Data repository scanning in 92 ms. Found 6 JPA repository interfaces.
2025-03-19T21:42:00.462-05:00 DEBUG 80480 --- [flight-booking] [           main] o.hibernate.jpa.internal.util.LogHelper  : PersistenceUnitInfo [
	name: default
	persistence provider classname: null
	classloader: jdk.internal.loader.ClassLoaders$AppClassLoader@18ff02e4
	excludeUnlistedClasses: true
	JTA datasource: null
	Non JTA datasource: HikariDataSource (null)
	Transaction type: RESOURCE_LOCAL
	PU root URL: file:/Users/mercelvubangsi/Documents/MY%20DOCS/MIU/STUDIES/CS425%20SWE/PROJECT/new/backend/target/test-classes/
	Shared Cache Mode: UNSPECIFIED
	Validation Mode: AUTO
	Jar files URLs []
	Managed classes names [
		edu.miu.cs.cs425.backend.domain.entity.Airline
		edu.miu.cs.cs425.backend.domain.entity.Airport
		edu.miu.cs.cs425.backend.domain.entity.Booking
		edu.miu.cs.cs425.backend.domain.entity.Flight
		edu.miu.cs.cs425.backend.domain.entity.FlightLeg
		edu.miu.cs.cs425.backend.domain.entity.Role
		edu.miu.cs.cs425.backend.domain.entity.User
		edu.miu.cs.cs425.backend.domain.entity.UserDetails]
	Mapping files names []
	Properties []
2025-03-19T21:42:00.472-05:00 DEBUG 80480 --- [flight-booking] [           main] o.h.i.internal.IntegratorServiceImpl     : Adding Integrator [org.hibernate.boot.beanvalidation.BeanValidationIntegrator].
2025-03-19T21:42:00.475-05:00 DEBUG 80480 --- [flight-booking] [           main] o.h.i.internal.IntegratorServiceImpl     : Adding Integrator [org.hibernate.cache.internal.CollectionCacheInvalidator].
2025-03-19T21:42:00.554-05:00  INFO 80480 --- [flight-booking] [           main] org.hibernate.Version                    : HHH000412: Hibernate ORM core version 6.6.8.Final
2025-03-19T21:42:00.556-05:00 DEBUG 80480 --- [flight-booking] [           main] org.hibernate.cfg.Environment            : HHH000206: 'hibernate.properties' not found
2025-03-19T21:42:00.598-05:00 DEBUG 80480 --- [flight-booking] [           main] org.hibernate.orm.idgen.factory          : Registering IdentifierGenerator strategy [uuid2] -> [org.hibernate.id.UUIDGenerator]
2025-03-19T21:42:00.600-05:00 DEBUG 80480 --- [flight-booking] [           main] org.hibernate.orm.idgen.factory          : Registering IdentifierGenerator strategy [guid] -> [org.hibernate.id.GUIDGenerator]
2025-03-19T21:42:00.601-05:00 DEBUG 80480 --- [flight-booking] [           main] org.hibernate.orm.idgen.factory          : Registering IdentifierGenerator strategy [uuid] -> [org.hibernate.id.UUIDHexGenerator]
2025-03-19T21:42:00.602-05:00 DEBUG 80480 --- [flight-booking] [           main] org.hibernate.orm.idgen.factory          : Registering IdentifierGenerator strategy [uuid.hex] -> [org.hibernate.id.UUIDHexGenerator]
2025-03-19T21:42:00.602-05:00 DEBUG 80480 --- [flight-booking] [           main] org.hibernate.orm.idgen.factory          : Registering IdentifierGenerator strategy [assigned] -> [org.hibernate.id.Assigned]
2025-03-19T21:42:00.604-05:00 DEBUG 80480 --- [flight-booking] [           main] org.hibernate.orm.idgen.factory          : Registering IdentifierGenerator strategy [identity] -> [org.hibernate.id.IdentityGenerator]
2025-03-19T21:42:00.605-05:00 DEBUG 80480 --- [flight-booking] [           main] org.hibernate.orm.idgen.factory          : Registering IdentifierGenerator strategy [select] -> [org.hibernate.id.SelectGenerator]
2025-03-19T21:42:00.607-05:00 DEBUG 80480 --- [flight-booking] [           main] org.hibernate.orm.idgen.factory          : Registering IdentifierGenerator strategy [sequence] -> [org.hibernate.id.enhanced.SequenceStyleGenerator]
2025-03-19T21:42:00.608-05:00 DEBUG 80480 --- [flight-booking] [           main] org.hibernate.orm.idgen.factory          : Registering IdentifierGenerator strategy [increment] -> [org.hibernate.id.IncrementGenerator]
2025-03-19T21:42:00.609-05:00 DEBUG 80480 --- [flight-booking] [           main] org.hibernate.orm.idgen.factory          : Registering IdentifierGenerator strategy [foreign] -> [org.hibernate.id.ForeignGenerator]
2025-03-19T21:42:00.610-05:00 DEBUG 80480 --- [flight-booking] [           main] org.hibernate.orm.idgen.factory          : Registering IdentifierGenerator strategy [enhanced-sequence] -> [org.hibernate.id.enhanced.SequenceStyleGenerator]
2025-03-19T21:42:00.612-05:00 DEBUG 80480 --- [flight-booking] [           main] org.hibernate.orm.idgen.factory          : Registering IdentifierGenerator strategy [enhanced-table] -> [org.hibernate.id.enhanced.TableGenerator]
2025-03-19T21:42:00.624-05:00 DEBUG 80480 --- [flight-booking] [           main] o.h.c.internal.RegionFactoryInitiator    : Cannot default RegionFactory based on registered strategies as `[]` RegionFactory strategies were registered
2025-03-19T21:42:00.625-05:00  INFO 80480 --- [flight-booking] [           main] o.h.c.internal.RegionFactoryInitiator    : HHH000026: Second-level cache disabled
2025-03-19T21:42:00.740-05:00 DEBUG 80480 --- [flight-booking] [           main] org.hibernate.type.BasicTypeRegistry     : Adding type registration boolean -> org.hibernate.type.BasicTypeReference@5d601832
2025-03-19T21:42:00.741-05:00 DEBUG 80480 --- [flight-booking] [           main] org.hibernate.type.BasicTypeRegistry     : Adding type registration boolean -> org.hibernate.type.BasicTypeReference@5d601832
2025-03-19T21:42:00.741-05:00 DEBUG 80480 --- [flight-booking] [           main] org.hibernate.type.BasicTypeRegistry     : Adding type registration java.lang.Boolean -> org.hibernate.type.BasicTypeReference@5d601832
2025-03-19T21:42:00.741-05:00 DEBUG 80480 --- [flight-booking] [           main] org.hibernate.type.BasicTypeRegistry     : Adding type registration numeric_boolean -> org.hibernate.type.BasicTypeReference@3ca17943
2025-03-19T21:42:00.741-05:00 DEBUG 80480 --- [flight-booking] [           main] org.hibernate.type.BasicTypeRegistry     : Adding type registration org.hibernate.type.NumericBooleanConverter -> org.hibernate.type.BasicTypeReference@3ca17943
2025-03-19T21:42:00.741-05:00 DEBUG 80480 --- [flight-booking] [           main] org.hibernate.type.BasicTypeRegistry     : Adding type registration true_false -> org.hibernate.type.BasicTypeReference@640c216b
2025-03-19T21:42:00.742-05:00 DEBUG 80480 --- [flight-booking] [           main] org.hibernate.type.BasicTypeRegistry     : Adding type registration org.hibernate.type.TrueFalseConverter -> org.hibernate.type.BasicTypeReference@640c216b
2025-03-19T21:42:00.742-05:00 DEBUG 80480 --- [flight-booking] [           main] org.hibernate.type.BasicTypeRegistry     : Adding type registration yes_no -> org.hibernate.type.BasicTypeReference@5170bc02
2025-03-19T21:42:00.742-05:00 DEBUG 80480 --- [flight-booking] [           main] org.hibernate.type.BasicTypeRegistry     : Adding type registration org.hibernate.type.YesNoConverter -> org.hibernate.type.BasicTypeReference@5170bc02
2025-03-19T21:42:00.742-05:00 DEBUG 80480 --- [flight-booking] [           main] org.hibernate.type.BasicTypeRegistry     : Adding type registration byte -> org.hibernate.type.BasicTypeReference@c0c8f96
2025-03-19T21:42:00.742-05:00 DEBUG 80480 --- [flight-booking] [           main] org.hibernate.type.BasicTypeRegistry     : Adding type registration byte -> org.hibernate.type.BasicTypeReference@c0c8f96
2025-03-19T21:42:00.742-05:00 DEBUG 80480 --- [flight-booking] [           main] org.hibernate.type.BasicTypeRegistry     : Adding type registration java.lang.Byte -> org.hibernate.type.BasicTypeReference@c0c8f96
2025-03-19T21:42:00.742-05:00 DEBUG 80480 --- [flight-booking] [           main] org.hibernate.type.BasicTypeRegistry     : Adding type registration binary -> org.hibernate.type.BasicTypeReference@3bd08435
2025-03-19T21:42:00.742-05:00 DEBUG 80480 --- [flight-booking] [           main] org.hibernate.type.BasicTypeRegistry     : Adding type registration byte[] -> org.hibernate.type.BasicTypeReference@3bd08435
2025-03-19T21:42:00.743-05:00 DEBUG 80480 --- [flight-booking] [           main] org.hibernate.type.BasicTypeRegistry     : Adding type registration [B -> org.hibernate.type.BasicTypeReference@3bd08435
2025-03-19T21:42:00.743-05:00 DEBUG 80480 --- [flight-booking] [           main] org.hibernate.type.BasicTypeRegistry     : Adding type registration binary_wrapper -> org.hibernate.type.BasicTypeReference@3e52ed5d
2025-03-19T21:42:00.743-05:00 DEBUG 80480 --- [flight-booking] [           main] org.hibernate.type.BasicTypeRegistry     : Adding type registration wrapper-binary -> org.hibernate.type.BasicTypeReference@3e52ed5d
2025-03-19T21:42:00.743-05:00 DEBUG 80480 --- [flight-booking] [           main] org.hibernate.type.BasicTypeRegistry     : Adding type registration image -> org.hibernate.type.BasicTypeReference@6a96d639
2025-03-19T21:42:00.743-05:00 DEBUG 80480 --- [flight-booking] [           main] org.hibernate.type.BasicTypeRegistry     : Adding type registration blob -> org.hibernate.type.BasicTypeReference@28e94c2
2025-03-19T21:42:00.743-05:00 DEBUG 80480 --- [flight-booking] [           main] org.hibernate.type.BasicTypeRegistry     : Adding type registration java.sql.Blob -> org.hibernate.type.BasicTypeReference@28e94c2
2025-03-19T21:42:00.743-05:00 DEBUG 80480 --- [flight-booking] [           main] org.hibernate.type.BasicTypeRegistry     : Adding type registration materialized_blob -> org.hibernate.type.BasicTypeReference@3d40498a
2025-03-19T21:42:00.743-05:00 DEBUG 80480 --- [flight-booking] [           main] org.hibernate.type.BasicTypeRegistry     : Adding type registration materialized_blob_wrapper -> org.hibernate.type.BasicTypeReference@14d1737a
2025-03-19T21:42:00.744-05:00 DEBUG 80480 --- [flight-booking] [           main] org.hibernate.type.BasicTypeRegistry     : Adding type registration short -> org.hibernate.type.BasicTypeReference@482a58c7
2025-03-19T21:42:00.744-05:00 DEBUG 80480 --- [flight-booking] [           main] org.hibernate.type.BasicTypeRegistry     : Adding type registration short -> org.hibernate.type.BasicTypeReference@482a58c7
2025-03-19T21:42:00.744-05:00 DEBUG 80480 --- [flight-booking] [           main] org.hibernate.type.BasicTypeRegistry     : Adding type registration java.lang.Short -> org.hibernate.type.BasicTypeReference@482a58c7
2025-03-19T21:42:00.744-05:00 DEBUG 80480 --- [flight-booking] [           main] org.hibernate.type.BasicTypeRegistry     : Adding type registration integer -> org.hibernate.type.BasicTypeReference@3e74fd84
2025-03-19T21:42:00.744-05:00 DEBUG 80480 --- [flight-booking] [           main] org.hibernate.type.BasicTypeRegistry     : Adding type registration int -> org.hibernate.type.BasicTypeReference@3e74fd84
2025-03-19T21:42:00.744-05:00 DEBUG 80480 --- [flight-booking] [           main] org.hibernate.type.BasicTypeRegistry     : Adding type registration java.lang.Integer -> org.hibernate.type.BasicTypeReference@3e74fd84
2025-03-19T21:42:00.745-05:00 DEBUG 80480 --- [flight-booking] [           main] org.hibernate.type.BasicTypeRegistry     : Adding type registration long -> org.hibernate.type.BasicTypeReference@147efd9
2025-03-19T21:42:00.745-05:00 DEBUG 80480 --- [flight-booking] [           main] org.hibernate.type.BasicTypeRegistry     : Adding type registration long -> org.hibernate.type.BasicTypeReference@147efd9
2025-03-19T21:42:00.745-05:00 DEBUG 80480 --- [flight-booking] [           main] org.hibernate.type.BasicTypeRegistry     : Adding type registration java.lang.Long -> org.hibernate.type.BasicTypeReference@147efd9
2025-03-19T21:42:00.745-05:00 DEBUG 80480 --- [flight-booking] [           main] org.hibernate.type.BasicTypeRegistry     : Adding type registration float -> org.hibernate.type.BasicTypeReference@1e120628
2025-03-19T21:42:00.745-05:00 DEBUG 80480 --- [flight-booking] [           main] org.hibernate.type.BasicTypeRegistry     : Adding type registration float -> org.hibernate.type.BasicTypeReference@1e120628
2025-03-19T21:42:00.745-05:00 DEBUG 80480 --- [flight-booking] [           main] org.hibernate.type.BasicTypeRegistry     : Adding type registration java.lang.Float -> org.hibernate.type.BasicTypeReference@1e120628
2025-03-19T21:42:00.745-05:00 DEBUG 80480 --- [flight-booking] [           main] org.hibernate.type.BasicTypeRegistry     : Adding type registration double -> org.hibernate.type.BasicTypeReference@4e4894d
2025-03-19T21:42:00.745-05:00 DEBUG 80480 --- [flight-booking] [           main] org.hibernate.type.BasicTypeRegistry     : Adding type registration double -> org.hibernate.type.BasicTypeReference@4e4894d
2025-03-19T21:42:00.746-05:00 DEBUG 80480 --- [flight-booking] [           main] org.hibernate.type.BasicTypeRegistry     : Adding type registration java.lang.Double -> org.hibernate.type.BasicTypeReference@4e4894d
2025-03-19T21:42:00.746-05:00 DEBUG 80480 --- [flight-booking] [           main] org.hibernate.type.BasicTypeRegistry     : Adding type registration big_integer -> org.hibernate.type.BasicTypeReference@1de5cc88
2025-03-19T21:42:00.746-05:00 DEBUG 80480 --- [flight-booking] [           main] org.hibernate.type.BasicTypeRegistry     : Adding type registration java.math.BigInteger -> org.hibernate.type.BasicTypeReference@1de5cc88
2025-03-19T21:42:00.746-05:00 DEBUG 80480 --- [flight-booking] [           main] org.hibernate.type.BasicTypeRegistry     : Adding type registration big_decimal -> org.hibernate.type.BasicTypeReference@23e2c1ca
2025-03-19T21:42:00.747-05:00 DEBUG 80480 --- [flight-booking] [           main] org.hibernate.type.BasicTypeRegistry     : Adding type registration java.math.BigDecimal -> org.hibernate.type.BasicTypeReference@23e2c1ca
2025-03-19T21:42:00.747-05:00 DEBUG 80480 --- [flight-booking] [           main] org.hibernate.type.BasicTypeRegistry     : Adding type registration character -> org.hibernate.type.BasicTypeReference@2d4fb0d8
2025-03-19T21:42:00.747-05:00 DEBUG 80480 --- [flight-booking] [           main] org.hibernate.type.BasicTypeRegistry     : Adding type registration char -> org.hibernate.type.BasicTypeReference@2d4fb0d8
2025-03-19T21:42:00.747-05:00 DEBUG 80480 --- [flight-booking] [           main] org.hibernate.type.BasicTypeRegistry     : Adding type registration java.lang.Character -> org.hibernate.type.BasicTypeReference@2d4fb0d8
2025-03-19T21:42:00.747-05:00 DEBUG 80480 --- [flight-booking] [           main] org.hibernate.type.BasicTypeRegistry     : Adding type registration character_nchar -> org.hibernate.type.BasicTypeReference@dc1fadd
2025-03-19T21:42:00.747-05:00 DEBUG 80480 --- [flight-booking] [           main] org.hibernate.type.BasicTypeRegistry     : Adding type registration string -> org.hibernate.type.BasicTypeReference@3ef3f661
2025-03-19T21:42:00.747-05:00 DEBUG 80480 --- [flight-booking] [           main] org.hibernate.type.BasicTypeRegistry     : Adding type registration java.lang.String -> org.hibernate.type.BasicTypeReference@3ef3f661
2025-03-19T21:42:00.747-05:00 DEBUG 80480 --- [flight-booking] [           main] org.hibernate.type.BasicTypeRegistry     : Adding type registration nstring -> org.hibernate.type.BasicTypeReference@baa9ce4
2025-03-19T21:42:00.747-05:00 DEBUG 80480 --- [flight-booking] [           main] org.hibernate.type.BasicTypeRegistry     : Adding type registration characters -> org.hibernate.type.BasicTypeReference@5b332439
2025-03-19T21:42:00.747-05:00 DEBUG 80480 --- [flight-booking] [           main] org.hibernate.type.BasicTypeRegistry     : Adding type registration char[] -> org.hibernate.type.BasicTypeReference@5b332439
2025-03-19T21:42:00.748-05:00 DEBUG 80480 --- [flight-booking] [           main] org.hibernate.type.BasicTypeRegistry     : Adding type registration [C -> org.hibernate.type.BasicTypeReference@5b332439
2025-03-19T21:42:00.748-05:00 DEBUG 80480 --- [flight-booking] [           main] org.hibernate.type.BasicTypeRegistry     : Adding type registration wrapper-characters -> org.hibernate.type.BasicTypeReference@59262a90
2025-03-19T21:42:00.748-05:00 DEBUG 80480 --- [flight-booking] [           main] org.hibernate.type.BasicTypeRegistry     : Adding type registration text -> org.hibernate.type.BasicTypeReference@78479f2b
2025-03-19T21:42:00.748-05:00 DEBUG 80480 --- [flight-booking] [           main] org.hibernate.type.BasicTypeRegistry     : Adding type registration ntext -> org.hibernate.type.BasicTypeReference@2755617b
2025-03-19T21:42:00.748-05:00 DEBUG 80480 --- [flight-booking] [           main] org.hibernate.type.BasicTypeRegistry     : Adding type registration clob -> org.hibernate.type.BasicTypeReference@65859b44
2025-03-19T21:42:00.748-05:00 DEBUG 80480 --- [flight-booking] [           main] org.hibernate.type.BasicTypeRegistry     : Adding type registration java.sql.Clob -> org.hibernate.type.BasicTypeReference@65859b44
2025-03-19T21:42:00.749-05:00 DEBUG 80480 --- [flight-booking] [           main] org.hibernate.type.BasicTypeRegistry     : Adding type registration nclob -> org.hibernate.type.BasicTypeReference@d9f5fce
2025-03-19T21:42:00.749-05:00 DEBUG 80480 --- [flight-booking] [           main] org.hibernate.type.BasicTypeRegistry     : Adding type registration java.sql.NClob -> org.hibernate.type.BasicTypeReference@d9f5fce
2025-03-19T21:42:00.749-05:00 DEBUG 80480 --- [flight-booking] [           main] org.hibernate.type.BasicTypeRegistry     : Adding type registration materialized_clob -> org.hibernate.type.BasicTypeReference@49653791
2025-03-19T21:42:00.749-05:00 DEBUG 80480 --- [flight-booking] [           main] org.hibernate.type.BasicTypeRegistry     : Adding type registration materialized_clob_char_array -> org.hibernate.type.BasicTypeReference@45b7c97f
2025-03-19T21:42:00.749-05:00 DEBUG 80480 --- [flight-booking] [           main] org.hibernate.type.BasicTypeRegistry     : Adding type registration materialized_clob_character_array -> org.hibernate.type.BasicTypeReference@c212536
2025-03-19T21:42:00.749-05:00 DEBUG 80480 --- [flight-booking] [           main] org.hibernate.type.BasicTypeRegistry     : Adding type registration materialized_nclob -> org.hibernate.type.BasicTypeReference@7b377a53
2025-03-19T21:42:00.749-05:00 DEBUG 80480 --- [flight-booking] [           main] org.hibernate.type.BasicTypeRegistry     : Adding type registration materialized_nclob_character_array -> org.hibernate.type.BasicTypeReference@1b0e031b
2025-03-19T21:42:00.749-05:00 DEBUG 80480 --- [flight-booking] [           main] org.hibernate.type.BasicTypeRegistry     : Adding type registration materialized_nclob_char_array -> org.hibernate.type.BasicTypeReference@6009cd34
2025-03-19T21:42:00.750-05:00 DEBUG 80480 --- [flight-booking] [           main] org.hibernate.type.BasicTypeRegistry     : Adding type registration Duration -> org.hibernate.type.BasicTypeReference@65844c96
2025-03-19T21:42:00.750-05:00 DEBUG 80480 --- [flight-booking] [           main] org.hibernate.type.BasicTypeRegistry     : Adding type registration java.time.Duration -> org.hibernate.type.BasicTypeReference@65844c96
2025-03-19T21:42:00.750-05:00 DEBUG 80480 --- [flight-booking] [           main] org.hibernate.type.BasicTypeRegistry     : Adding type registration LocalDateTime -> org.hibernate.type.BasicTypeReference@25214797
2025-03-19T21:42:00.750-05:00 DEBUG 80480 --- [flight-booking] [           main] org.hibernate.type.BasicTypeRegistry     : Adding type registration java.time.LocalDateTime -> org.hibernate.type.BasicTypeReference@25214797
2025-03-19T21:42:00.750-05:00 DEBUG 80480 --- [flight-booking] [           main] org.hibernate.type.BasicTypeRegistry     : Adding type registration LocalDate -> org.hibernate.type.BasicTypeReference@4e5c8ef3
2025-03-19T21:42:00.750-05:00 DEBUG 80480 --- [flight-booking] [           main] org.hibernate.type.BasicTypeRegistry     : Adding type registration java.time.LocalDate -> org.hibernate.type.BasicTypeReference@4e5c8ef3
2025-03-19T21:42:00.750-05:00 DEBUG 80480 --- [flight-booking] [           main] org.hibernate.type.BasicTypeRegistry     : Adding type registration LocalTime -> org.hibernate.type.BasicTypeReference@60928a61
2025-03-19T21:42:00.751-05:00 DEBUG 80480 --- [flight-booking] [           main] org.hibernate.type.BasicTypeRegistry     : Adding type registration java.time.LocalTime -> org.hibernate.type.BasicTypeReference@60928a61
2025-03-19T21:42:00.751-05:00 DEBUG 80480 --- [flight-booking] [           main] org.hibernate.type.BasicTypeRegistry     : Adding type registration OffsetDateTime -> org.hibernate.type.BasicTypeReference@27358a19
2025-03-19T21:42:00.751-05:00 DEBUG 80480 --- [flight-booking] [           main] org.hibernate.type.BasicTypeRegistry     : Adding type registration java.time.OffsetDateTime -> org.hibernate.type.BasicTypeReference@27358a19
2025-03-19T21:42:00.751-05:00 DEBUG 80480 --- [flight-booking] [           main] org.hibernate.type.BasicTypeRegistry     : Adding type registration OffsetDateTimeWithTimezone -> org.hibernate.type.BasicTypeReference@8077c97
2025-03-19T21:42:00.751-05:00 DEBUG 80480 --- [flight-booking] [           main] org.hibernate.type.BasicTypeRegistry     : Adding type registration OffsetDateTimeWithoutTimezone -> org.hibernate.type.BasicTypeReference@22865072
2025-03-19T21:42:00.751-05:00 DEBUG 80480 --- [flight-booking] [           main] org.hibernate.type.BasicTypeRegistry     : Adding type registration OffsetTime -> org.hibernate.type.BasicTypeReference@563317c1
2025-03-19T21:42:00.751-05:00 DEBUG 80480 --- [flight-booking] [           main] org.hibernate.type.BasicTypeRegistry     : Adding type registration java.time.OffsetTime -> org.hibernate.type.BasicTypeReference@563317c1
2025-03-19T21:42:00.751-05:00 DEBUG 80480 --- [flight-booking] [           main] org.hibernate.type.BasicTypeRegistry     : Adding type registration OffsetTimeUtc -> org.hibernate.type.BasicTypeReference@5d5d3a5c
2025-03-19T21:42:00.752-05:00 DEBUG 80480 --- [flight-booking] [           main] org.hibernate.type.BasicTypeRegistry     : Adding type registration OffsetTimeWithTimezone -> org.hibernate.type.BasicTypeReference@6e0d16a4
2025-03-19T21:42:00.752-05:00 DEBUG 80480 --- [flight-booking] [           main] org.hibernate.type.BasicTypeRegistry     : Adding type registration OffsetTimeWithoutTimezone -> org.hibernate.type.BasicTypeReference@7e18ced7
2025-03-19T21:42:00.752-05:00 DEBUG 80480 --- [flight-booking] [           main] org.hibernate.type.BasicTypeRegistry     : Adding type registration ZonedDateTime -> org.hibernate.type.BasicTypeReference@305b43ca
2025-03-19T21:42:00.752-05:00 DEBUG 80480 --- [flight-booking] [           main] org.hibernate.type.BasicTypeRegistry     : Adding type registration java.time.ZonedDateTime -> org.hibernate.type.BasicTypeReference@305b43ca
2025-03-19T21:42:00.752-05:00 DEBUG 80480 --- [flight-booking] [           main] org.hibernate.type.BasicTypeRegistry     : Adding type registration ZonedDateTimeWithTimezone -> org.hibernate.type.BasicTypeReference@4601047
2025-03-19T21:42:00.752-05:00 DEBUG 80480 --- [flight-booking] [           main] org.hibernate.type.BasicTypeRegistry     : Adding type registration ZonedDateTimeWithoutTimezone -> org.hibernate.type.BasicTypeReference@25e8e59
2025-03-19T21:42:00.752-05:00 DEBUG 80480 --- [flight-booking] [           main] org.hibernate.type.BasicTypeRegistry     : Adding type registration date -> org.hibernate.type.BasicTypeReference@3a0896b3
2025-03-19T21:42:00.752-05:00 DEBUG 80480 --- [flight-booking] [           main] org.hibernate.type.BasicTypeRegistry     : Adding type registration java.sql.Date -> org.hibernate.type.BasicTypeReference@3a0896b3
2025-03-19T21:42:00.752-05:00 DEBUG 80480 --- [flight-booking] [           main] org.hibernate.type.BasicTypeRegistry     : Adding type registration time -> org.hibernate.type.BasicTypeReference@50a7c72b
2025-03-19T21:42:00.753-05:00 DEBUG 80480 --- [flight-booking] [           main] org.hibernate.type.BasicTypeRegistry     : Adding type registration java.sql.Time -> org.hibernate.type.BasicTypeReference@50a7c72b
2025-03-19T21:42:00.753-05:00 DEBUG 80480 --- [flight-booking] [           main] org.hibernate.type.BasicTypeRegistry     : Adding type registration timestamp -> org.hibernate.type.BasicTypeReference@54c11750
2025-03-19T21:42:00.753-05:00 DEBUG 80480 --- [flight-booking] [           main] org.hibernate.type.BasicTypeRegistry     : Adding type registration java.sql.Timestamp -> org.hibernate.type.BasicTypeReference@54c11750
2025-03-19T21:42:00.753-05:00 DEBUG 80480 --- [flight-booking] [           main] org.hibernate.type.BasicTypeRegistry     : Adding type registration java.util.Date -> org.hibernate.type.BasicTypeReference@54c11750
2025-03-19T21:42:00.753-05:00 DEBUG 80480 --- [flight-booking] [           main] org.hibernate.type.BasicTypeRegistry     : Adding type registration calendar -> org.hibernate.type.BasicTypeReference@221b77d7
2025-03-19T21:42:00.753-05:00 DEBUG 80480 --- [flight-booking] [           main] org.hibernate.type.BasicTypeRegistry     : Adding type registration java.util.Calendar -> org.hibernate.type.BasicTypeReference@221b77d7
2025-03-19T21:42:00.753-05:00 DEBUG 80480 --- [flight-booking] [           main] org.hibernate.type.BasicTypeRegistry     : Adding type registration java.util.GregorianCalendar -> org.hibernate.type.BasicTypeReference@221b77d7
2025-03-19T21:42:00.754-05:00 DEBUG 80480 --- [flight-booking] [           main] org.hibernate.type.BasicTypeRegistry     : Adding type registration calendar_date -> org.hibernate.type.BasicTypeReference@5cd8d029
2025-03-19T21:42:00.754-05:00 DEBUG 80480 --- [flight-booking] [           main] org.hibernate.type.BasicTypeRegistry     : Adding type registration calendar_time -> org.hibernate.type.BasicTypeReference@6e8f2094
2025-03-19T21:42:00.754-05:00 DEBUG 80480 --- [flight-booking] [           main] org.hibernate.type.BasicTypeRegistry     : Adding type registration instant -> org.hibernate.type.BasicTypeReference@1753475d
2025-03-19T21:42:00.754-05:00 DEBUG 80480 --- [flight-booking] [           main] org.hibernate.type.BasicTypeRegistry     : Adding type registration java.time.Instant -> org.hibernate.type.BasicTypeReference@1753475d
2025-03-19T21:42:00.754-05:00 DEBUG 80480 --- [flight-booking] [           main] org.hibernate.type.BasicTypeRegistry     : Adding type registration uuid -> org.hibernate.type.BasicTypeReference@d108406
2025-03-19T21:42:00.754-05:00 DEBUG 80480 --- [flight-booking] [           main] org.hibernate.type.BasicTypeRegistry     : Adding type registration java.util.UUID -> org.hibernate.type.BasicTypeReference@d108406
2025-03-19T21:42:00.754-05:00 DEBUG 80480 --- [flight-booking] [           main] org.hibernate.type.BasicTypeRegistry     : Adding type registration pg-uuid -> org.hibernate.type.BasicTypeReference@d108406
2025-03-19T21:42:00.754-05:00 DEBUG 80480 --- [flight-booking] [           main] org.hibernate.type.BasicTypeRegistry     : Adding type registration uuid-binary -> org.hibernate.type.BasicTypeReference@799c8758
2025-03-19T21:42:00.754-05:00 DEBUG 80480 --- [flight-booking] [           main] org.hibernate.type.BasicTypeRegistry     : Adding type registration uuid-char -> org.hibernate.type.BasicTypeReference@6e00837f
2025-03-19T21:42:00.755-05:00 DEBUG 80480 --- [flight-booking] [           main] org.hibernate.type.BasicTypeRegistry     : Adding type registration class -> org.hibernate.type.BasicTypeReference@63e4484d
2025-03-19T21:42:00.755-05:00 DEBUG 80480 --- [flight-booking] [           main] org.hibernate.type.BasicTypeRegistry     : Adding type registration java.lang.Class -> org.hibernate.type.BasicTypeReference@63e4484d
2025-03-19T21:42:00.755-05:00 DEBUG 80480 --- [flight-booking] [           main] org.hibernate.type.BasicTypeRegistry     : Adding type registration currency -> org.hibernate.type.BasicTypeReference@6a5dd083
2025-03-19T21:42:00.755-05:00 DEBUG 80480 --- [flight-booking] [           main] org.hibernate.type.BasicTypeRegistry     : Adding type registration Currency -> org.hibernate.type.BasicTypeReference@6a5dd083
2025-03-19T21:42:00.755-05:00 DEBUG 80480 --- [flight-booking] [           main] org.hibernate.type.BasicTypeRegistry     : Adding type registration java.util.Currency -> org.hibernate.type.BasicTypeReference@6a5dd083
2025-03-19T21:42:00.755-05:00 DEBUG 80480 --- [flight-booking] [           main] org.hibernate.type.BasicTypeRegistry     : Adding type registration locale -> org.hibernate.type.BasicTypeReference@77663cd7
2025-03-19T21:42:00.755-05:00 DEBUG 80480 --- [flight-booking] [           main] org.hibernate.type.BasicTypeRegistry     : Adding type registration java.util.Locale -> org.hibernate.type.BasicTypeReference@77663cd7
2025-03-19T21:42:00.756-05:00 DEBUG 80480 --- [flight-booking] [           main] org.hibernate.type.BasicTypeRegistry     : Adding type registration serializable -> org.hibernate.type.BasicTypeReference@1d17423f
2025-03-19T21:42:00.756-05:00 DEBUG 80480 --- [flight-booking] [           main] org.hibernate.type.BasicTypeRegistry     : Adding type registration java.io.Serializable -> org.hibernate.type.BasicTypeReference@1d17423f
2025-03-19T21:42:00.756-05:00 DEBUG 80480 --- [flight-booking] [           main] org.hibernate.type.BasicTypeRegistry     : Adding type registration timezone -> org.hibernate.type.BasicTypeReference@5c70d7f0
2025-03-19T21:42:00.756-05:00 DEBUG 80480 --- [flight-booking] [           main] org.hibernate.type.BasicTypeRegistry     : Adding type registration java.util.TimeZone -> org.hibernate.type.BasicTypeReference@5c70d7f0
2025-03-19T21:42:00.756-05:00 DEBUG 80480 --- [flight-booking] [           main] org.hibernate.type.BasicTypeRegistry     : Adding type registration ZoneOffset -> org.hibernate.type.BasicTypeReference@582dcd35
2025-03-19T21:42:00.756-05:00 DEBUG 80480 --- [flight-booking] [           main] org.hibernate.type.BasicTypeRegistry     : Adding type registration java.time.ZoneOffset -> org.hibernate.type.BasicTypeReference@582dcd35
2025-03-19T21:42:00.757-05:00 DEBUG 80480 --- [flight-booking] [           main] org.hibernate.type.BasicTypeRegistry     : Adding type registration url -> org.hibernate.type.BasicTypeReference@1e6bd263
2025-03-19T21:42:00.757-05:00 DEBUG 80480 --- [flight-booking] [           main] org.hibernate.type.BasicTypeRegistry     : Adding type registration java.net.URL -> org.hibernate.type.BasicTypeReference@1e6bd263
2025-03-19T21:42:00.757-05:00 DEBUG 80480 --- [flight-booking] [           main] org.hibernate.type.BasicTypeRegistry     : Adding type registration vector -> org.hibernate.type.BasicTypeReference@394a6d2b
2025-03-19T21:42:00.757-05:00 DEBUG 80480 --- [flight-booking] [           main] org.hibernate.type.BasicTypeRegistry     : Adding type registration float_vector -> org.hibernate.type.BasicTypeReference@635ff2a5
2025-03-19T21:42:00.757-05:00 DEBUG 80480 --- [flight-booking] [           main] org.hibernate.type.BasicTypeRegistry     : Adding type registration double_vector -> org.hibernate.type.BasicTypeReference@55adcf9e
2025-03-19T21:42:00.757-05:00 DEBUG 80480 --- [flight-booking] [           main] org.hibernate.type.BasicTypeRegistry     : Adding type registration byte_vector -> org.hibernate.type.BasicTypeReference@1515f782
2025-03-19T21:42:00.757-05:00 DEBUG 80480 --- [flight-booking] [           main] org.hibernate.type.BasicTypeRegistry     : Adding type registration row_version -> org.hibernate.type.BasicTypeReference@7f5ce33e
2025-03-19T21:42:00.765-05:00 DEBUG 80480 --- [flight-booking] [           main] org.hibernate.type.BasicTypeRegistry     : Adding type registration object -> org.hibernate.type.JavaObjectType@53bb71e5
2025-03-19T21:42:00.765-05:00 DEBUG 80480 --- [flight-booking] [           main] org.hibernate.type.BasicTypeRegistry     : Adding type registration java.lang.Object -> org.hibernate.type.JavaObjectType@53bb71e5
2025-03-19T21:42:00.767-05:00 DEBUG 80480 --- [flight-booking] [           main] org.hibernate.type.BasicTypeRegistry     : Adding type registration null -> org.hibernate.type.NullType@538b3c88
2025-03-19T21:42:00.767-05:00 DEBUG 80480 --- [flight-booking] [           main] org.hibernate.type.BasicTypeRegistry     : Adding type registration imm_date -> org.hibernate.type.BasicTypeReference@19b9f903
2025-03-19T21:42:00.767-05:00 DEBUG 80480 --- [flight-booking] [           main] org.hibernate.type.BasicTypeRegistry     : Adding type registration imm_time -> org.hibernate.type.BasicTypeReference@10e56da9
2025-03-19T21:42:00.767-05:00 DEBUG 80480 --- [flight-booking] [           main] org.hibernate.type.BasicTypeRegistry     : Adding type registration imm_timestamp -> org.hibernate.type.BasicTypeReference@28cb86b2
2025-03-19T21:42:00.767-05:00 DEBUG 80480 --- [flight-booking] [           main] org.hibernate.type.BasicTypeRegistry     : Adding type registration imm_calendar -> org.hibernate.type.BasicTypeReference@22ae905f
2025-03-19T21:42:00.768-05:00 DEBUG 80480 --- [flight-booking] [           main] org.hibernate.type.BasicTypeRegistry     : Adding type registration imm_calendar_date -> org.hibernate.type.BasicTypeReference@748904e8
2025-03-19T21:42:00.768-05:00 DEBUG 80480 --- [flight-booking] [           main] org.hibernate.type.BasicTypeRegistry     : Adding type registration imm_calendar_time -> org.hibernate.type.BasicTypeReference@4fbaa7f5
2025-03-19T21:42:00.768-05:00 DEBUG 80480 --- [flight-booking] [           main] org.hibernate.type.BasicTypeRegistry     : Adding type registration imm_binary -> org.hibernate.type.BasicTypeReference@3b3056a6
2025-03-19T21:42:00.768-05:00 DEBUG 80480 --- [flight-booking] [           main] org.hibernate.type.BasicTypeRegistry     : Adding type registration imm_serializable -> org.hibernate.type.BasicTypeReference@6d4a05f7
2025-03-19T21:42:00.773-05:00 DEBUG 80480 --- [flight-booking] [           main] o.h.boot.internal.BootstrapContextImpl   : Injecting JPA temp ClassLoader [org.springframework.instrument.classloading.SimpleThrowawayClassLoader@5cf0673d] into BootstrapContext; was [null]
2025-03-19T21:42:00.773-05:00 DEBUG 80480 --- [flight-booking] [           main] o.h.boot.internal.ClassLoaderAccessImpl  : ClassLoaderAccessImpl#injectTempClassLoader(org.springframework.instrument.classloading.SimpleThrowawayClassLoader@5cf0673d) [was null]
2025-03-19T21:42:00.774-05:00 DEBUG 80480 --- [flight-booking] [           main] o.h.boot.internal.BootstrapContextImpl   : Injecting ScanEnvironment [org.hibernate.jpa.boot.internal.StandardJpaScanEnvironmentImpl@7196a8f1] into BootstrapContext; was [null]
2025-03-19T21:42:00.774-05:00 DEBUG 80480 --- [flight-booking] [           main] o.h.boot.internal.BootstrapContextImpl   : Injecting ScanOptions [org.hibernate.boot.archive.scan.internal.StandardScanOptions@6a6da47a] into BootstrapContext; was [org.hibernate.boot.archive.scan.internal.StandardScanOptions@8f39224]
2025-03-19T21:42:00.801-05:00 DEBUG 80480 --- [flight-booking] [           main] o.h.j.b.i.PersistenceUnitInfoDescriptor  : Pushing class transformers for PU named 'default' on loading classloader jdk.internal.loader.ClassLoaders$AppClassLoader@18ff02e4
2025-03-19T21:42:01.114-05:00  INFO 80480 --- [flight-booking] [           main] o.s.o.j.p.SpringPersistenceUnitInfo      : No LoadTimeWeaver setup: ignoring JPA class transformer
2025-03-19T21:42:01.115-05:00 DEBUG 80480 --- [flight-booking] [           main] o.h.boot.internal.BootstrapContextImpl   : Injecting JPA temp ClassLoader [null] into BootstrapContext; was [org.springframework.instrument.classloading.SimpleThrowawayClassLoader@5cf0673d]
2025-03-19T21:42:01.115-05:00 DEBUG 80480 --- [flight-booking] [           main] o.h.boot.internal.ClassLoaderAccessImpl  : ClassLoaderAccessImpl#injectTempClassLoader(null) [was org.springframework.instrument.classloading.SimpleThrowawayClassLoader@5cf0673d]
2025-03-19T21:42:01.158-05:00  INFO 80480 --- [flight-booking] [           main] com.zaxxer.hikari.HikariDataSource       : HikariPool-1 - Starting...
2025-03-19T21:42:02.102-05:00  INFO 80480 --- [flight-booking] [           main] com.zaxxer.hikari.pool.HikariPool        : HikariPool-1 - Added connection com.mysql.cj.jdbc.ConnectionImpl@7538cfe6
2025-03-19T21:42:02.105-05:00  INFO 80480 --- [flight-booking] [           main] com.zaxxer.hikari.HikariDataSource       : HikariPool-1 - Start completed.
2025-03-19T21:42:02.115-05:00 DEBUG 80480 --- [flight-booking] [           main] o.h.e.j.e.i.JdbcEnvironmentInitiator     : Database ->
	   name : MySQL
	version : 9.1.0
	  major : 9
	  minor : 1
2025-03-19T21:42:02.115-05:00 DEBUG 80480 --- [flight-booking] [           main] o.h.e.j.e.i.JdbcEnvironmentInitiator     : Driver ->
	   name : MySQL Connector/J
	version : mysql-connector-j-8.0.33 (Revision: 7d6b0800528b6b25c68b52dc10d6c1c8429c100c)
	  major : 8
	  minor : 0
2025-03-19T21:42:02.115-05:00 DEBUG 80480 --- [flight-booking] [           main] o.h.e.j.e.i.JdbcEnvironmentInitiator     : JDBC version : 4.2
2025-03-19T21:42:02.276-05:00  WARN 80480 --- [flight-booking] [           main] org.hibernate.orm.deprecation            : HHH90000025: MySQLDialect does not need to be specified explicitly using 'hibernate.dialect' (remove the property setting and it will be selected by default)
2025-03-19T21:42:02.278-05:00 DEBUG 80480 --- [flight-booking] [           main] org.hibernate.orm.dialect                : HHH035001: Using dialect: org.hibernate.dialect.MySQLDialect, version: 9.1
2025-03-19T21:42:02.281-05:00 DEBUG 80480 --- [flight-booking] [           main] o.h.e.j.env.spi.IdentifierHelperBuilder  : JDBC driver metadata reported database stores quoted identifiers in more than one case
2025-03-19T21:42:02.282-05:00 DEBUG 80480 --- [flight-booking] [           main] o.h.e.j.env.spi.IdentifierHelperBuilder  : IdentifierCaseStrategy for both quoted and unquoted identifiers was set to the same strategy [MIXED]; that will likely lead to problems in schema update and validation if using quoted identifiers
2025-03-19T21:42:02.299-05:00  INFO 80480 --- [flight-booking] [           main] org.hibernate.orm.connections.pooling    : HHH10001005: Database info:
	Database JDBC URL [Connecting through datasource 'HikariDataSource (HikariPool-1)']
	Database driver: undefined/unknown
	Database version: 9.1
	Autocommit mode: undefined/unknown
	Isolation level: undefined/unknown
	Minimum pool size: undefined/unknown
	Maximum pool size: undefined/unknown
2025-03-19T21:42:02.309-05:00 DEBUG 80480 --- [flight-booking] [           main] o.h.t.d.sql.spi.DdlTypeRegistry          : addDescriptor(12, org.hibernate.type.descriptor.sql.internal.CapacityDependentDdlType@3a63d248) replaced previous registration(org.hibernate.type.descriptor.sql.internal.CapacityDependentDdlType@3c4ad54)
2025-03-19T21:42:02.309-05:00 DEBUG 80480 --- [flight-booking] [           main] o.h.t.d.sql.spi.DdlTypeRegistry          : addDescriptor(-9, org.hibernate.type.descriptor.sql.internal.CapacityDependentDdlType@4b22214d) replaced previous registration(org.hibernate.type.descriptor.sql.internal.CapacityDependentDdlType@498b611e)
2025-03-19T21:42:02.309-05:00 DEBUG 80480 --- [flight-booking] [           main] o.h.t.d.sql.spi.DdlTypeRegistry          : addDescriptor(-3, org.hibernate.type.descriptor.sql.internal.CapacityDependentDdlType@6dde1bf5) replaced previous registration(org.hibernate.type.descriptor.sql.internal.CapacityDependentDdlType@4b56b517)
2025-03-19T21:42:02.309-05:00 DEBUG 80480 --- [flight-booking] [           main] o.h.t.d.sql.spi.DdlTypeRegistry          : addDescriptor(4003, org.hibernate.type.descriptor.sql.internal.DdlTypeImpl@1124dd79) replaced previous registration(org.hibernate.type.descriptor.sql.internal.DdlTypeImpl@335cdd2)
2025-03-19T21:42:02.310-05:00 DEBUG 80480 --- [flight-booking] [           main] o.h.t.d.sql.spi.DdlTypeRegistry          : addDescriptor(4001, org.hibernate.type.descriptor.sql.internal.DdlTypeImpl@1ea96ff2) replaced previous registration(org.hibernate.type.descriptor.sql.internal.DdlTypeImpl@60a99f3d)
2025-03-19T21:42:02.310-05:00 DEBUG 80480 --- [flight-booking] [           main] o.h.t.d.sql.spi.DdlTypeRegistry          : addDescriptor(4002, org.hibernate.type.descriptor.sql.internal.DdlTypeImpl@57515944) replaced previous registration(org.hibernate.type.descriptor.sql.internal.DdlTypeImpl@7a274521)
2025-03-19T21:42:02.310-05:00 DEBUG 80480 --- [flight-booking] [           main] o.h.t.d.sql.spi.DdlTypeRegistry          : addDescriptor(2004, org.hibernate.type.descriptor.sql.internal.CapacityDependentDdlType@2fa47368) replaced previous registration(org.hibernate.type.descriptor.sql.internal.DdlTypeImpl@35841d6)
2025-03-19T21:42:02.310-05:00 DEBUG 80480 --- [flight-booking] [           main] o.h.t.d.sql.spi.DdlTypeRegistry          : addDescriptor(2005, org.hibernate.type.descriptor.sql.internal.CapacityDependentDdlType@5e9ea380) replaced previous registration(org.hibernate.type.descriptor.sql.internal.DdlTypeImpl@1e50eb3f)
2025-03-19T21:42:02.310-05:00 DEBUG 80480 --- [flight-booking] [           main] o.h.t.d.sql.spi.DdlTypeRegistry          : addDescriptor(2011, org.hibernate.type.descriptor.sql.internal.CapacityDependentDdlType@12e3f4ae) replaced previous registration(org.hibernate.type.descriptor.sql.internal.DdlTypeImpl@537451d5)
2025-03-19T21:42:02.312-05:00 DEBUG 80480 --- [flight-booking] [           main] o.h.t.d.jdbc.spi.JdbcTypeRegistry        : addDescriptor(NCharTypeDescriptor) replaced previous registration(CharTypeDescriptor)
2025-03-19T21:42:02.313-05:00 DEBUG 80480 --- [flight-booking] [           main] o.h.t.d.jdbc.spi.JdbcTypeRegistry        : addDescriptor(NVarcharTypeDescriptor) replaced previous registration(VarcharTypeDescriptor)
2025-03-19T21:42:02.313-05:00 DEBUG 80480 --- [flight-booking] [           main] o.h.t.d.jdbc.spi.JdbcTypeRegistry        : addDescriptor(LongNVarcharTypeDescriptor) replaced previous registration(LongVarcharTypeDescriptor)
2025-03-19T21:42:02.316-05:00 DEBUG 80480 --- [flight-booking] [           main] o.h.t.d.jdbc.spi.JdbcTypeRegistry        : addDescriptor(NClobTypeDescriptor(DEFAULT)) replaced previous registration(ClobTypeDescriptor(DEFAULT))
2025-03-19T21:42:02.319-05:00 DEBUG 80480 --- [flight-booking] [           main] org.hibernate.type.BasicTypeRegistry     : Adding type registration null -> org.hibernate.type.NullType@59c862af
2025-03-19T21:42:02.319-05:00 DEBUG 80480 --- [flight-booking] [           main] org.hibernate.type.BasicTypeRegistry     : Type registration key [null] overrode previous entry : `org.hibernate.type.NullType@538b3c88`
2025-03-19T21:42:02.324-05:00 DEBUG 80480 --- [flight-booking] [           main] org.hibernate.type.BasicTypeRegistry     : Adding type registration org.hibernate.type.DurationType -> basicType@1(java.time.Duration,3015)
2025-03-19T21:42:02.324-05:00 DEBUG 80480 --- [flight-booking] [           main] org.hibernate.type.BasicTypeRegistry     : Adding type registration Duration -> basicType@1(java.time.Duration,3015)
2025-03-19T21:42:02.324-05:00 DEBUG 80480 --- [flight-booking] [           main] org.hibernate.type.BasicTypeRegistry     : Adding type registration java.time.Duration -> basicType@1(java.time.Duration,3015)
2025-03-19T21:42:02.329-05:00 DEBUG 80480 --- [flight-booking] [           main] org.hibernate.type.BasicTypeRegistry     : Adding type registration org.hibernate.type.OffsetDateTimeType -> basicType@2(java.time.OffsetDateTime,3003)
2025-03-19T21:42:02.329-05:00 DEBUG 80480 --- [flight-booking] [           main] org.hibernate.type.BasicTypeRegistry     : Adding type registration OffsetDateTime -> basicType@2(java.time.OffsetDateTime,3003)
2025-03-19T21:42:02.330-05:00 DEBUG 80480 --- [flight-booking] [           main] org.hibernate.type.BasicTypeRegistry     : Adding type registration java.time.OffsetDateTime -> basicType@2(java.time.OffsetDateTime,3003)
2025-03-19T21:42:02.330-05:00 DEBUG 80480 --- [flight-booking] [           main] org.hibernate.type.BasicTypeRegistry     : Adding type registration org.hibernate.type.ZonedDateTimeType -> basicType@3(java.time.ZonedDateTime,3003)
2025-03-19T21:42:02.330-05:00 DEBUG 80480 --- [flight-booking] [           main] org.hibernate.type.BasicTypeRegistry     : Adding type registration ZonedDateTime -> basicType@3(java.time.ZonedDateTime,3003)
2025-03-19T21:42:02.330-05:00 DEBUG 80480 --- [flight-booking] [           main] org.hibernate.type.BasicTypeRegistry     : Adding type registration java.time.ZonedDateTime -> basicType@3(java.time.ZonedDateTime,3003)
2025-03-19T21:42:02.331-05:00 DEBUG 80480 --- [flight-booking] [           main] org.hibernate.type.BasicTypeRegistry     : Adding type registration org.hibernate.type.OffsetTimeType -> basicType@4(java.time.OffsetTime,3007)
2025-03-19T21:42:02.331-05:00 DEBUG 80480 --- [flight-booking] [           main] org.hibernate.type.BasicTypeRegistry     : Adding type registration OffsetTime -> basicType@4(java.time.OffsetTime,3007)
2025-03-19T21:42:02.332-05:00 DEBUG 80480 --- [flight-booking] [           main] org.hibernate.type.BasicTypeRegistry     : Adding type registration java.time.OffsetTime -> basicType@4(java.time.OffsetTime,3007)
2025-03-19T21:42:02.333-05:00 DEBUG 80480 --- [flight-booking] [           main] o.h.type.spi.TypeConfiguration$Scope     : Scoping TypeConfiguration [org.hibernate.type.spi.TypeConfiguration@74231642] to MetadataBuildingContext [org.hibernate.boot.internal.MetadataBuildingContextRootImpl@4a6facb0]
2025-03-19T21:42:02.386-05:00 DEBUG 80480 --- [flight-booking] [           main] o.h.boot.model.relational.Namespace      : Created database namespace [logicalName=Name{catalog=null, schema=null}, physicalName=Name{catalog=null, schema=null}]
2025-03-19T21:42:02.420-05:00 DEBUG 80480 --- [flight-booking] [           main] o.h.boot.model.internal.EntityBinder     : Binding entity from annotated class: edu.miu.cs.cs425.backend.domain.entity.Airline
2025-03-19T21:42:02.429-05:00 DEBUG 80480 --- [flight-booking] [           main] o.h.boot.model.internal.EntityBinder     : Import with entity name Airline
2025-03-19T21:42:02.438-05:00 DEBUG 80480 --- [flight-booking] [           main] o.h.boot.model.internal.EntityBinder     : Bind entity edu.miu.cs.cs425.backend.domain.entity.Airline on table airline
2025-03-19T21:42:02.449-05:00 DEBUG 80480 --- [flight-booking] [           main] o.h.boot.model.internal.AnnotatedColumn  : Binding column: AnnotatedDiscriminatorColumn(column='DTYPE')
2025-03-19T21:42:02.464-05:00 DEBUG 80480 --- [flight-booking] [           main] o.h.boot.model.internal.AnnotatedColumn  : Binding column: AnnotatedColumn()
2025-03-19T21:42:02.465-05:00 DEBUG 80480 --- [flight-booking] [           main] o.h.boot.internal.ClassLoaderAccessImpl  : Not known whether passed class name [edu.miu.cs.cs425.backend.domain.entity.Airline] is safe
2025-03-19T21:42:02.465-05:00 DEBUG 80480 --- [flight-booking] [           main] o.h.boot.internal.ClassLoaderAccessImpl  : No temp ClassLoader provided; using live ClassLoader for loading potentially unsafe class : edu.miu.cs.cs425.backend.domain.entity.Airline
2025-03-19T21:42:02.468-05:00 DEBUG 80480 --- [flight-booking] [           main] o.h.boot.model.internal.PropertyBinder   : MetadataSourceProcessor property code with lazy=false
2025-03-19T21:42:02.473-05:00 DEBUG 80480 --- [flight-booking] [           main] o.h.b.m.internal.AbstractPropertyHolder  : Attempting to locate auto-apply AttributeConverter for property [edu.miu.cs.cs425.backend.domain.entity.Airline:code]
2025-03-19T21:42:02.478-05:00 DEBUG 80480 --- [flight-booking] [           main] o.h.b.model.internal.BasicValueBinder    : building BasicValue for code
2025-03-19T21:42:02.481-05:00 DEBUG 80480 --- [flight-booking] [           main] org.hibernate.mapping.BasicValue         : Skipping column re-registration: airline.code
2025-03-19T21:42:02.482-05:00 DEBUG 80480 --- [flight-booking] [           main] o.h.boot.model.internal.PropertyBinder   : Building property code
2025-03-19T21:42:02.485-05:00 DEBUG 80480 --- [flight-booking] [           main] o.h.boot.model.internal.AnnotatedColumn  : Binding column: AnnotatedColumn()
2025-03-19T21:42:02.486-05:00 DEBUG 80480 --- [flight-booking] [           main] o.h.boot.model.internal.PropertyBinder   : MetadataSourceProcessor property logoUrl with lazy=false
2025-03-19T21:42:02.486-05:00 DEBUG 80480 --- [flight-booking] [           main] o.h.b.m.internal.AbstractPropertyHolder  : Attempting to locate auto-apply AttributeConverter for property [edu.miu.cs.cs425.backend.domain.entity.Airline:logoUrl]
2025-03-19T21:42:02.486-05:00 DEBUG 80480 --- [flight-booking] [           main] o.h.b.model.internal.BasicValueBinder    : building BasicValue for logoUrl
2025-03-19T21:42:02.486-05:00 DEBUG 80480 --- [flight-booking] [           main] org.hibernate.mapping.BasicValue         : Skipping column re-registration: airline.logo_url
2025-03-19T21:42:02.486-05:00 DEBUG 80480 --- [flight-booking] [           main] o.h.boot.model.internal.PropertyBinder   : Building property logoUrl
2025-03-19T21:42:02.487-05:00 DEBUG 80480 --- [flight-booking] [           main] o.h.boot.model.internal.AnnotatedColumn  : Binding column: AnnotatedColumn()
2025-03-19T21:42:02.487-05:00 DEBUG 80480 --- [flight-booking] [           main] o.h.boot.model.internal.PropertyBinder   : MetadataSourceProcessor property name with lazy=false
2025-03-19T21:42:02.487-05:00 DEBUG 80480 --- [flight-booking] [           main] o.h.b.m.internal.AbstractPropertyHolder  : Attempting to locate auto-apply AttributeConverter for property [edu.miu.cs.cs425.backend.domain.entity.Airline:name]
2025-03-19T21:42:02.487-05:00 DEBUG 80480 --- [flight-booking] [           main] o.h.b.model.internal.BasicValueBinder    : building BasicValue for name
2025-03-19T21:42:02.487-05:00 DEBUG 80480 --- [flight-booking] [           main] org.hibernate.mapping.BasicValue         : Skipping column re-registration: airline.name
2025-03-19T21:42:02.487-05:00 DEBUG 80480 --- [flight-booking] [           main] o.h.boot.model.internal.PropertyBinder   : Building property name
2025-03-19T21:42:02.489-05:00 DEBUG 80480 --- [flight-booking] [           main] o.h.b.r.c.i.ClassLoaderServiceImpl       : HHH000194: Package not found or no package-info.java: edu.miu.cs.cs425.backend.domain.entity
2025-03-19T21:42:02.494-05:00 DEBUG 80480 --- [flight-booking] [           main] o.h.boot.model.internal.EntityBinder     : Binding entity from annotated class: edu.miu.cs.cs425.backend.domain.entity.Airport
2025-03-19T21:42:02.495-05:00 DEBUG 80480 --- [flight-booking] [           main] o.h.boot.model.internal.EntityBinder     : Import with entity name Airport
2025-03-19T21:42:02.495-05:00 DEBUG 80480 --- [flight-booking] [           main] o.h.boot.model.internal.EntityBinder     : Bind entity edu.miu.cs.cs425.backend.domain.entity.Airport on table airport
2025-03-19T21:42:02.495-05:00 DEBUG 80480 --- [flight-booking] [           main] o.h.boot.model.internal.AnnotatedColumn  : Binding column: AnnotatedDiscriminatorColumn(column='DTYPE')
2025-03-19T21:42:02.496-05:00 DEBUG 80480 --- [flight-booking] [           main] o.h.boot.model.internal.AnnotatedColumn  : Binding column: AnnotatedColumn()
2025-03-19T21:42:02.496-05:00 DEBUG 80480 --- [flight-booking] [           main] o.h.boot.internal.ClassLoaderAccessImpl  : Not known whether passed class name [edu.miu.cs.cs425.backend.domain.entity.Airport] is safe
2025-03-19T21:42:02.497-05:00 DEBUG 80480 --- [flight-booking] [           main] o.h.boot.internal.ClassLoaderAccessImpl  : No temp ClassLoader provided; using live ClassLoader for loading potentially unsafe class : edu.miu.cs.cs425.backend.domain.entity.Airport
2025-03-19T21:42:02.497-05:00 DEBUG 80480 --- [flight-booking] [           main] o.h.boot.model.internal.PropertyBinder   : MetadataSourceProcessor property iataCode with lazy=false
2025-03-19T21:42:02.497-05:00 DEBUG 80480 --- [flight-booking] [           main] o.h.b.m.internal.AbstractPropertyHolder  : Attempting to locate auto-apply AttributeConverter for property [edu.miu.cs.cs425.backend.domain.entity.Airport:iataCode]
2025-03-19T21:42:02.497-05:00 DEBUG 80480 --- [flight-booking] [           main] o.h.b.model.internal.BasicValueBinder    : building BasicValue for iataCode
2025-03-19T21:42:02.497-05:00 DEBUG 80480 --- [flight-booking] [           main] org.hibernate.mapping.BasicValue         : Skipping column re-registration: airport.iata_code
2025-03-19T21:42:02.498-05:00 DEBUG 80480 --- [flight-booking] [           main] o.h.boot.model.internal.PropertyBinder   : Building property iataCode
2025-03-19T21:42:02.498-05:00 DEBUG 80480 --- [flight-booking] [           main] o.h.boot.model.internal.AnnotatedColumn  : Binding column: AnnotatedColumn()
2025-03-19T21:42:02.498-05:00 DEBUG 80480 --- [flight-booking] [           main] o.h.boot.model.internal.PropertyBinder   : MetadataSourceProcessor property city with lazy=false
2025-03-19T21:42:02.498-05:00 DEBUG 80480 --- [flight-booking] [           main] o.h.b.m.internal.AbstractPropertyHolder  : Attempting to locate auto-apply AttributeConverter for property [edu.miu.cs.cs425.backend.domain.entity.Airport:city]
2025-03-19T21:42:02.498-05:00 DEBUG 80480 --- [flight-booking] [           main] o.h.b.model.internal.BasicValueBinder    : building BasicValue for city
2025-03-19T21:42:02.498-05:00 DEBUG 80480 --- [flight-booking] [           main] org.hibernate.mapping.BasicValue         : Skipping column re-registration: airport.city
2025-03-19T21:42:02.499-05:00 DEBUG 80480 --- [flight-booking] [           main] o.h.boot.model.internal.PropertyBinder   : Building property city
2025-03-19T21:42:02.499-05:00 DEBUG 80480 --- [flight-booking] [           main] o.h.boot.model.internal.AnnotatedColumn  : Binding column: AnnotatedColumn()
2025-03-19T21:42:02.499-05:00 DEBUG 80480 --- [flight-booking] [           main] o.h.boot.model.internal.PropertyBinder   : MetadataSourceProcessor property country with lazy=false
2025-03-19T21:42:02.499-05:00 DEBUG 80480 --- [flight-booking] [           main] o.h.b.m.internal.AbstractPropertyHolder  : Attempting to locate auto-apply AttributeConverter for property [edu.miu.cs.cs425.backend.domain.entity.Airport:country]
2025-03-19T21:42:02.499-05:00 DEBUG 80480 --- [flight-booking] [           main] o.h.b.model.internal.BasicValueBinder    : building BasicValue for country
2025-03-19T21:42:02.499-05:00 DEBUG 80480 --- [flight-booking] [           main] org.hibernate.mapping.BasicValue         : Skipping column re-registration: airport.country
2025-03-19T21:42:02.500-05:00 DEBUG 80480 --- [flight-booking] [           main] o.h.boot.model.internal.PropertyBinder   : Building property country
2025-03-19T21:42:02.500-05:00 DEBUG 80480 --- [flight-booking] [           main] o.h.boot.model.internal.AnnotatedColumn  : Binding column: AnnotatedColumn()
2025-03-19T21:42:02.500-05:00 DEBUG 80480 --- [flight-booking] [           main] o.h.boot.model.internal.PropertyBinder   : MetadataSourceProcessor property name with lazy=false
2025-03-19T21:42:02.500-05:00 DEBUG 80480 --- [flight-booking] [           main] o.h.b.m.internal.AbstractPropertyHolder  : Attempting to locate auto-apply AttributeConverter for property [edu.miu.cs.cs425.backend.domain.entity.Airport:name]
2025-03-19T21:42:02.500-05:00 DEBUG 80480 --- [flight-booking] [           main] o.h.b.model.internal.BasicValueBinder    : building BasicValue for name
2025-03-19T21:42:02.500-05:00 DEBUG 80480 --- [flight-booking] [           main] org.hibernate.mapping.BasicValue         : Skipping column re-registration: airport.name
2025-03-19T21:42:02.500-05:00 DEBUG 80480 --- [flight-booking] [           main] o.h.boot.model.internal.PropertyBinder   : Building property name
2025-03-19T21:42:02.501-05:00 DEBUG 80480 --- [flight-booking] [           main] o.h.b.r.c.i.ClassLoaderServiceImpl       : HHH000194: Package not found or no package-info.java: edu.miu.cs.cs425.backend.domain.entity
2025-03-19T21:42:02.502-05:00 DEBUG 80480 --- [flight-booking] [           main] o.h.boot.model.internal.EntityBinder     : Binding entity from annotated class: edu.miu.cs.cs425.backend.domain.entity.Booking
2025-03-19T21:42:02.502-05:00 DEBUG 80480 --- [flight-booking] [           main] o.h.boot.model.internal.EntityBinder     : Import with entity name Booking
2025-03-19T21:42:02.502-05:00 DEBUG 80480 --- [flight-booking] [           main] o.h.boot.model.internal.EntityBinder     : Bind entity edu.miu.cs.cs425.backend.domain.entity.Booking on table bookings
2025-03-19T21:42:02.502-05:00 DEBUG 80480 --- [flight-booking] [           main] o.h.boot.model.internal.AnnotatedColumn  : Binding column: AnnotatedDiscriminatorColumn(column='DTYPE')
2025-03-19T21:42:02.515-05:00 DEBUG 80480 --- [flight-booking] [           main] o.h.boot.model.internal.AnnotatedColumn  : Binding column: AnnotatedColumn()
2025-03-19T21:42:02.515-05:00 DEBUG 80480 --- [flight-booking] [           main] o.h.boot.internal.ClassLoaderAccessImpl  : Not known whether passed class name [edu.miu.cs.cs425.backend.domain.entity.Booking] is safe
2025-03-19T21:42:02.515-05:00 DEBUG 80480 --- [flight-booking] [           main] o.h.boot.internal.ClassLoaderAccessImpl  : No temp ClassLoader provided; using live ClassLoader for loading potentially unsafe class : edu.miu.cs.cs425.backend.domain.entity.Booking
2025-03-19T21:42:02.516-05:00 DEBUG 80480 --- [flight-booking] [           main] o.h.boot.model.internal.PropertyBinder   : MetadataSourceProcessor property id with lazy=false
2025-03-19T21:42:02.517-05:00 DEBUG 80480 --- [flight-booking] [           main] o.h.b.m.internal.AbstractPropertyHolder  : Attempting to locate auto-apply AttributeConverter for property [edu.miu.cs.cs425.backend.domain.entity.Booking:id]
2025-03-19T21:42:02.517-05:00 DEBUG 80480 --- [flight-booking] [           main] o.h.b.model.internal.BasicValueBinder    : building BasicValue for id
2025-03-19T21:42:02.517-05:00 DEBUG 80480 --- [flight-booking] [           main] org.hibernate.mapping.BasicValue         : Skipping column re-registration: bookings.id
2025-03-19T21:42:02.517-05:00 DEBUG 80480 --- [flight-booking] [           main] o.h.boot.model.internal.PropertyBinder   : Building property id
2025-03-19T21:42:02.519-05:00 DEBUG 80480 --- [flight-booking] [           main] o.h.boot.model.internal.BinderHelper     : #makeIdGenerator(BasicValue([Column(id)]), id, identity, , ...)
2025-03-19T21:42:02.520-05:00 DEBUG 80480 --- [flight-booking] [           main] o.h.boot.model.internal.AnnotatedColumn  : Binding column: AnnotatedColumn()
2025-03-19T21:42:02.520-05:00 DEBUG 80480 --- [flight-booking] [           main] o.h.boot.model.internal.PropertyBinder   : MetadataSourceProcessor property createdAt with lazy=false
2025-03-19T21:42:02.520-05:00 DEBUG 80480 --- [flight-booking] [           main] o.h.b.m.internal.AbstractPropertyHolder  : Attempting to locate auto-apply AttributeConverter for property [edu.miu.cs.cs425.backend.domain.entity.Booking:createdAt]
2025-03-19T21:42:02.520-05:00 DEBUG 80480 --- [flight-booking] [           main] o.h.b.model.internal.BasicValueBinder    : building BasicValue for createdAt
2025-03-19T21:42:02.521-05:00 DEBUG 80480 --- [flight-booking] [           main] org.hibernate.mapping.BasicValue         : Skipping column re-registration: bookings.created_at
2025-03-19T21:42:02.521-05:00 DEBUG 80480 --- [flight-booking] [           main] o.h.boot.model.internal.PropertyBinder   : Building property createdAt
2025-03-19T21:42:02.521-05:00 DEBUG 80480 --- [flight-booking] [           main] o.h.boot.model.internal.AnnotatedColumn  : Binding column: AnnotatedColumn()
2025-03-19T21:42:02.521-05:00 DEBUG 80480 --- [flight-booking] [           main] o.h.boot.model.internal.PropertyBinder   : MetadataSourceProcessor property fareType with lazy=false
2025-03-19T21:42:02.521-05:00 DEBUG 80480 --- [flight-booking] [           main] o.h.b.m.internal.AbstractPropertyHolder  : Attempting to locate auto-apply AttributeConverter for property [edu.miu.cs.cs425.backend.domain.entity.Booking:fareType]
2025-03-19T21:42:02.521-05:00 DEBUG 80480 --- [flight-booking] [           main] o.h.b.model.internal.BasicValueBinder    : building BasicValue for fareType
2025-03-19T21:42:02.521-05:00 DEBUG 80480 --- [flight-booking] [           main] org.hibernate.mapping.BasicValue         : Skipping column re-registration: bookings.fare_type
2025-03-19T21:42:02.521-05:00 DEBUG 80480 --- [flight-booking] [           main] o.h.boot.model.internal.PropertyBinder   : Building property fareType
2025-03-19T21:42:02.524-05:00 DEBUG 80480 --- [flight-booking] [           main] o.h.boot.model.internal.AnnotatedColumn  : Binding column: AnnotatedJoinColumn(column='booking_id')
2025-03-19T21:42:02.524-05:00 DEBUG 80480 --- [flight-booking] [           main] o.h.boot.model.internal.AnnotatedColumn  : Binding column: AnnotatedColumn()
2025-03-19T21:42:02.552-05:00 DEBUG 80480 --- [flight-booking] [           main] o.h.boot.model.internal.AnnotatedColumn  : Binding column: IndexColumn(column='flightLegs_ORDER')
2025-03-19T21:42:02.554-05:00 DEBUG 80480 --- [flight-booking] [           main] o.h.boot.model.internal.AnnotatedColumn  : Binding column: AnnotatedColumn()
2025-03-19T21:42:02.555-05:00 DEBUG 80480 --- [flight-booking] [           main] o.h.boot.model.internal.AnnotatedColumn  : Binding column: AnnotatedColumn(column='flightLegs_KEY')
2025-03-19T21:42:02.555-05:00 DEBUG 80480 --- [flight-booking] [           main] o.h.boot.model.internal.AnnotatedColumn  : Binding column: AnnotatedJoinColumn(column='flightLegs_KEY')
2025-03-19T21:42:02.557-05:00 DEBUG 80480 --- [flight-booking] [           main] o.h.boot.model.internal.AnnotatedColumn  : Binding column: AnnotatedJoinColumn()
2025-03-19T21:42:02.557-05:00 DEBUG 80480 --- [flight-booking] [           main] o.h.boot.model.internal.AnnotatedColumn  : Binding column: AnnotatedJoinColumn()
2025-03-19T21:42:02.560-05:00 DEBUG 80480 --- [flight-booking] [           main] o.h.b.model.internal.CollectionBinder    : Collection role: edu.miu.cs.cs425.backend.domain.entity.Booking.flightLegs
2025-03-19T21:42:02.563-05:00 DEBUG 80480 --- [flight-booking] [           main] o.h.boot.model.internal.PropertyBinder   : Building property flightLegs
2025-03-19T21:42:02.563-05:00 DEBUG 80480 --- [flight-booking] [           main] o.h.boot.model.internal.AnnotatedColumn  : Binding column: AnnotatedJoinColumn(column='booking_id')
2025-03-19T21:42:02.564-05:00 DEBUG 80480 --- [flight-booking] [           main] o.h.boot.model.internal.AnnotatedColumn  : Binding column: AnnotatedColumn()
2025-03-19T21:42:02.564-05:00 DEBUG 80480 --- [flight-booking] [           main] o.h.boot.model.internal.AnnotatedColumn  : Binding column: IndexColumn(column='returnFlightLegs_ORDER')
2025-03-19T21:42:02.564-05:00 DEBUG 80480 --- [flight-booking] [           main] o.h.boot.model.internal.AnnotatedColumn  : Binding column: AnnotatedColumn()
2025-03-19T21:42:02.564-05:00 DEBUG 80480 --- [flight-booking] [           main] o.h.boot.model.internal.AnnotatedColumn  : Binding column: AnnotatedColumn(column='returnFlightLegs_KEY')
2025-03-19T21:42:02.564-05:00 DEBUG 80480 --- [flight-booking] [           main] o.h.boot.model.internal.AnnotatedColumn  : Binding column: AnnotatedJoinColumn(column='returnFlightLegs_KEY')
2025-03-19T21:42:02.565-05:00 DEBUG 80480 --- [flight-booking] [           main] o.h.boot.model.internal.AnnotatedColumn  : Binding column: AnnotatedJoinColumn()
2025-03-19T21:42:02.565-05:00 DEBUG 80480 --- [flight-booking] [           main] o.h.boot.model.internal.AnnotatedColumn  : Binding column: AnnotatedJoinColumn()
2025-03-19T21:42:02.565-05:00 DEBUG 80480 --- [flight-booking] [           main] o.h.b.model.internal.CollectionBinder    : Collection role: edu.miu.cs.cs425.backend.domain.entity.Booking.returnFlightLegs
2025-03-19T21:42:02.565-05:00 DEBUG 80480 --- [flight-booking] [           main] o.h.boot.model.internal.PropertyBinder   : Building property returnFlightLegs
2025-03-19T21:42:02.565-05:00 DEBUG 80480 --- [flight-booking] [           main] o.h.boot.model.internal.AnnotatedColumn  : Binding column: AnnotatedColumn()
2025-03-19T21:42:02.565-05:00 DEBUG 80480 --- [flight-booking] [           main] o.h.boot.model.internal.PropertyBinder   : MetadataSourceProcessor property selectedSeat with lazy=false
2025-03-19T21:42:02.565-05:00 DEBUG 80480 --- [flight-booking] [           main] o.h.b.m.internal.AbstractPropertyHolder  : Attempting to locate auto-apply AttributeConverter for property [edu.miu.cs.cs425.backend.domain.entity.Booking:selectedSeat]
2025-03-19T21:42:02.566-05:00 DEBUG 80480 --- [flight-booking] [           main] o.h.b.model.internal.BasicValueBinder    : building BasicValue for selectedSeat
2025-03-19T21:42:02.566-05:00 DEBUG 80480 --- [flight-booking] [           main] org.hibernate.mapping.BasicValue         : Skipping column re-registration: bookings.selected_seat
2025-03-19T21:42:02.566-05:00 DEBUG 80480 --- [flight-booking] [           main] o.h.boot.model.internal.PropertyBinder   : Building property selectedSeat
2025-03-19T21:42:02.566-05:00 DEBUG 80480 --- [flight-booking] [           main] o.h.boot.model.internal.AnnotatedColumn  : Binding column: AnnotatedColumn()
2025-03-19T21:42:02.567-05:00 DEBUG 80480 --- [flight-booking] [           main] o.h.boot.model.internal.PropertyBinder   : MetadataSourceProcessor property status with lazy=false
2025-03-19T21:42:02.567-05:00 DEBUG 80480 --- [flight-booking] [           main] o.h.b.m.internal.AbstractPropertyHolder  : Attempting to locate auto-apply AttributeConverter for property [edu.miu.cs.cs425.backend.domain.entity.Booking:status]
2025-03-19T21:42:02.567-05:00 DEBUG 80480 --- [flight-booking] [           main] o.h.b.model.internal.BasicValueBinder    : building BasicValue for status
2025-03-19T21:42:02.567-05:00 DEBUG 80480 --- [flight-booking] [           main] org.hibernate.mapping.BasicValue         : Skipping column re-registration: bookings.status
2025-03-19T21:42:02.567-05:00 DEBUG 80480 --- [flight-booking] [           main] o.h.boot.model.internal.PropertyBinder   : Building property status
2025-03-19T21:42:02.568-05:00 DEBUG 80480 --- [flight-booking] [           main] o.h.boot.model.internal.AnnotatedColumn  : Binding column: AnnotatedColumn()
2025-03-19T21:42:02.568-05:00 DEBUG 80480 --- [flight-booking] [           main] o.h.boot.model.internal.PropertyBinder   : MetadataSourceProcessor property totalPrice with lazy=false
2025-03-19T21:42:02.568-05:00 DEBUG 80480 --- [flight-booking] [           main] o.h.b.m.internal.AbstractPropertyHolder  : Attempting to locate auto-apply AttributeConverter for property [edu.miu.cs.cs425.backend.domain.entity.Booking:totalPrice]
2025-03-19T21:42:02.568-05:00 DEBUG 80480 --- [flight-booking] [           main] o.h.b.model.internal.BasicValueBinder    : building BasicValue for totalPrice
2025-03-19T21:42:02.568-05:00 DEBUG 80480 --- [flight-booking] [           main] org.hibernate.mapping.BasicValue         : Skipping column re-registration: bookings.total_price
2025-03-19T21:42:02.568-05:00 DEBUG 80480 --- [flight-booking] [           main] o.h.boot.model.internal.PropertyBinder   : Building property totalPrice
2025-03-19T21:42:02.569-05:00 DEBUG 80480 --- [flight-booking] [           main] o.h.boot.model.internal.AnnotatedColumn  : Binding column: AnnotatedColumn()
2025-03-19T21:42:02.569-05:00 DEBUG 80480 --- [flight-booking] [           main] o.h.boot.model.internal.PropertyBinder   : MetadataSourceProcessor property updatedAt with lazy=false
2025-03-19T21:42:02.569-05:00 DEBUG 80480 --- [flight-booking] [           main] o.h.b.m.internal.AbstractPropertyHolder  : Attempting to locate auto-apply AttributeConverter for property [edu.miu.cs.cs425.backend.domain.entity.Booking:updatedAt]
2025-03-19T21:42:02.569-05:00 DEBUG 80480 --- [flight-booking] [           main] o.h.b.model.internal.BasicValueBinder    : building BasicValue for updatedAt
2025-03-19T21:42:02.569-05:00 DEBUG 80480 --- [flight-booking] [           main] org.hibernate.mapping.BasicValue         : Skipping column re-registration: bookings.updated_at
2025-03-19T21:42:02.569-05:00 DEBUG 80480 --- [flight-booking] [           main] o.h.boot.model.internal.PropertyBinder   : Building property updatedAt
2025-03-19T21:42:02.570-05:00 DEBUG 80480 --- [flight-booking] [           main] o.h.boot.model.internal.AnnotatedColumn  : Binding column: AnnotatedColumn()
2025-03-19T21:42:02.580-05:00 DEBUG 80480 --- [flight-booking] [           main] o.h.boot.model.internal.AnnotatedColumn  : Binding column: AnnotatedColumn()
2025-03-19T21:42:02.580-05:00 DEBUG 80480 --- [flight-booking] [           main] o.h.boot.model.internal.PropertyBinder   : MetadataSourceProcessor property address with lazy=false
2025-03-19T21:42:02.581-05:00 DEBUG 80480 --- [flight-booking] [           main] o.h.b.m.internal.AbstractPropertyHolder  : Attempting to locate auto-apply AttributeConverter for property [edu.miu.cs.cs425.backend.domain.entity.Booking.userDetails:address]
2025-03-19T21:42:02.581-05:00 DEBUG 80480 --- [flight-booking] [           main] o.h.b.model.internal.BasicValueBinder    : building BasicValue for address
2025-03-19T21:42:02.581-05:00 DEBUG 80480 --- [flight-booking] [           main] org.hibernate.mapping.BasicValue         : Skipping column re-registration: bookings.address
2025-03-19T21:42:02.581-05:00 DEBUG 80480 --- [flight-booking] [           main] o.h.boot.model.internal.PropertyBinder   : Building property address
2025-03-19T21:42:02.582-05:00 DEBUG 80480 --- [flight-booking] [           main] o.h.boot.model.internal.AnnotatedColumn  : Binding column: AnnotatedColumn()
2025-03-19T21:42:02.582-05:00 DEBUG 80480 --- [flight-booking] [           main] o.h.boot.model.internal.PropertyBinder   : MetadataSourceProcessor property email with lazy=false
2025-03-19T21:42:02.582-05:00 DEBUG 80480 --- [flight-booking] [           main] o.h.b.m.internal.AbstractPropertyHolder  : Attempting to locate auto-apply AttributeConverter for property [edu.miu.cs.cs425.backend.domain.entity.Booking.userDetails:email]
2025-03-19T21:42:02.582-05:00 DEBUG 80480 --- [flight-booking] [           main] o.h.b.model.internal.BasicValueBinder    : building BasicValue for email
2025-03-19T21:42:02.582-05:00 DEBUG 80480 --- [flight-booking] [           main] org.hibernate.mapping.BasicValue         : Skipping column re-registration: bookings.email
2025-03-19T21:42:02.582-05:00 DEBUG 80480 --- [flight-booking] [           main] o.h.boot.model.internal.PropertyBinder   : Building property email
2025-03-19T21:42:02.583-05:00 DEBUG 80480 --- [flight-booking] [           main] o.h.boot.model.internal.AnnotatedColumn  : Binding column: AnnotatedColumn()
2025-03-19T21:42:02.583-05:00 DEBUG 80480 --- [flight-booking] [           main] o.h.boot.model.internal.PropertyBinder   : MetadataSourceProcessor property firstName with lazy=false
2025-03-19T21:42:02.583-05:00 DEBUG 80480 --- [flight-booking] [           main] o.h.b.m.internal.AbstractPropertyHolder  : Attempting to locate auto-apply AttributeConverter for property [edu.miu.cs.cs425.backend.domain.entity.Booking.userDetails:firstName]
2025-03-19T21:42:02.584-05:00 DEBUG 80480 --- [flight-booking] [           main] o.h.b.model.internal.BasicValueBinder    : building BasicValue for firstName
2025-03-19T21:42:02.584-05:00 DEBUG 80480 --- [flight-booking] [           main] org.hibernate.mapping.BasicValue         : Skipping column re-registration: bookings.first_name
2025-03-19T21:42:02.584-05:00 DEBUG 80480 --- [flight-booking] [           main] o.h.boot.model.internal.PropertyBinder   : Building property firstName
2025-03-19T21:42:02.584-05:00 DEBUG 80480 --- [flight-booking] [           main] o.h.boot.model.internal.AnnotatedColumn  : Binding column: AnnotatedColumn()
2025-03-19T21:42:02.584-05:00 DEBUG 80480 --- [flight-booking] [           main] o.h.boot.model.internal.PropertyBinder   : MetadataSourceProcessor property lastName with lazy=false
2025-03-19T21:42:02.584-05:00 DEBUG 80480 --- [flight-booking] [           main] o.h.b.m.internal.AbstractPropertyHolder  : Attempting to locate auto-apply AttributeConverter for property [edu.miu.cs.cs425.backend.domain.entity.Booking.userDetails:lastName]
2025-03-19T21:42:02.585-05:00 DEBUG 80480 --- [flight-booking] [           main] o.h.b.model.internal.BasicValueBinder    : building BasicValue for lastName
2025-03-19T21:42:02.585-05:00 DEBUG 80480 --- [flight-booking] [           main] org.hibernate.mapping.BasicValue         : Skipping column re-registration: bookings.last_name
2025-03-19T21:42:02.585-05:00 DEBUG 80480 --- [flight-booking] [           main] o.h.boot.model.internal.PropertyBinder   : Building property lastName
2025-03-19T21:42:02.586-05:00 DEBUG 80480 --- [flight-booking] [           main] o.h.boot.model.internal.AnnotatedColumn  : Binding column: AnnotatedColumn()
2025-03-19T21:42:02.586-05:00 DEBUG 80480 --- [flight-booking] [           main] o.h.boot.model.internal.PropertyBinder   : MetadataSourceProcessor property passportNumber with lazy=false
2025-03-19T21:42:02.586-05:00 DEBUG 80480 --- [flight-booking] [           main] o.h.b.m.internal.AbstractPropertyHolder  : Attempting to locate auto-apply AttributeConverter for property [edu.miu.cs.cs425.backend.domain.entity.Booking.userDetails:passportNumber]
2025-03-19T21:42:02.586-05:00 DEBUG 80480 --- [flight-booking] [           main] o.h.b.model.internal.BasicValueBinder    : building BasicValue for passportNumber
2025-03-19T21:42:02.586-05:00 DEBUG 80480 --- [flight-booking] [           main] org.hibernate.mapping.BasicValue         : Skipping column re-registration: bookings.passport_number
2025-03-19T21:42:02.586-05:00 DEBUG 80480 --- [flight-booking] [           main] o.h.boot.model.internal.PropertyBinder   : Building property passportNumber
2025-03-19T21:42:02.587-05:00 DEBUG 80480 --- [flight-booking] [           main] o.h.boot.model.internal.AnnotatedColumn  : Binding column: AnnotatedColumn()
2025-03-19T21:42:02.587-05:00 DEBUG 80480 --- [flight-booking] [           main] o.h.boot.model.internal.PropertyBinder   : MetadataSourceProcessor property phone with lazy=false
2025-03-19T21:42:02.587-05:00 DEBUG 80480 --- [flight-booking] [           main] o.h.b.m.internal.AbstractPropertyHolder  : Attempting to locate auto-apply AttributeConverter for property [edu.miu.cs.cs425.backend.domain.entity.Booking.userDetails:phone]
2025-03-19T21:42:02.587-05:00 DEBUG 80480 --- [flight-booking] [           main] o.h.b.model.internal.BasicValueBinder    : building BasicValue for phone
2025-03-19T21:42:02.587-05:00 DEBUG 80480 --- [flight-booking] [           main] org.hibernate.mapping.BasicValue         : Skipping column re-registration: bookings.phone
2025-03-19T21:42:02.587-05:00 DEBUG 80480 --- [flight-booking] [           main] o.h.boot.model.internal.PropertyBinder   : Building property phone
2025-03-19T21:42:02.588-05:00 DEBUG 80480 --- [flight-booking] [           main] o.h.boot.model.internal.PropertyBinder   : Building property userDetails
2025-03-19T21:42:02.588-05:00 DEBUG 80480 --- [flight-booking] [           main] o.h.boot.model.internal.AnnotatedColumn  : Binding column: AnnotatedColumn(column='user_id')
2025-03-19T21:42:02.589-05:00 DEBUG 80480 --- [flight-booking] [           main] o.h.boot.model.internal.PropertyBinder   : MetadataSourceProcessor property userId with lazy=false
2025-03-19T21:42:02.589-05:00 DEBUG 80480 --- [flight-booking] [           main] o.h.b.m.internal.AbstractPropertyHolder  : Attempting to locate auto-apply AttributeConverter for property [edu.miu.cs.cs425.backend.domain.entity.Booking:userId]
2025-03-19T21:42:02.589-05:00 DEBUG 80480 --- [flight-booking] [           main] o.h.b.model.internal.BasicValueBinder    : building BasicValue for userId
2025-03-19T21:42:02.589-05:00 DEBUG 80480 --- [flight-booking] [           main] org.hibernate.mapping.BasicValue         : Skipping column re-registration: bookings.user_id
2025-03-19T21:42:02.589-05:00 DEBUG 80480 --- [flight-booking] [           main] o.h.boot.model.internal.PropertyBinder   : Building property userId
2025-03-19T21:42:02.590-05:00 DEBUG 80480 --- [flight-booking] [           main] o.h.b.r.c.i.ClassLoaderServiceImpl       : HHH000194: Package not found or no package-info.java: edu.miu.cs.cs425.backend.domain.entity
2025-03-19T21:42:02.594-05:00 DEBUG 80480 --- [flight-booking] [           main] e.i.CallbackDefinitionResolverLegacyImpl : Adding onUpdate as PreUpdate callback for entity edu.miu.cs.cs425.backend.domain.entity.Booking
2025-03-19T21:42:02.595-05:00 DEBUG 80480 --- [flight-booking] [           main] e.i.CallbackDefinitionResolverLegacyImpl : Adding onCreate as PrePersist callback for entity edu.miu.cs.cs425.backend.domain.entity.Booking
2025-03-19T21:42:02.595-05:00 DEBUG 80480 --- [flight-booking] [           main] o.h.boot.model.internal.EntityBinder     : Binding entity from annotated class: edu.miu.cs.cs425.backend.domain.entity.Flight
2025-03-19T21:42:02.595-05:00 DEBUG 80480 --- [flight-booking] [           main] o.h.boot.model.internal.EntityBinder     : Import with entity name Flight
2025-03-19T21:42:02.596-05:00 DEBUG 80480 --- [flight-booking] [           main] o.h.boot.model.internal.EntityBinder     : Bind entity edu.miu.cs.cs425.backend.domain.entity.Flight on table flight
2025-03-19T21:42:02.596-05:00 DEBUG 80480 --- [flight-booking] [           main] o.h.boot.model.internal.AnnotatedColumn  : Binding column: AnnotatedDiscriminatorColumn(column='DTYPE')
2025-03-19T21:42:02.599-05:00 DEBUG 80480 --- [flight-booking] [           main] o.h.boot.model.internal.AnnotatedColumn  : Binding column: AnnotatedColumn()
2025-03-19T21:42:02.599-05:00 DEBUG 80480 --- [flight-booking] [           main] o.h.boot.internal.ClassLoaderAccessImpl  : Not known whether passed class name [edu.miu.cs.cs425.backend.domain.entity.Flight] is safe
2025-03-19T21:42:02.599-05:00 DEBUG 80480 --- [flight-booking] [           main] o.h.boot.internal.ClassLoaderAccessImpl  : No temp ClassLoader provided; using live ClassLoader for loading potentially unsafe class : edu.miu.cs.cs425.backend.domain.entity.Flight
2025-03-19T21:42:02.600-05:00 DEBUG 80480 --- [flight-booking] [           main] o.h.boot.model.internal.PropertyBinder   : MetadataSourceProcessor property id with lazy=false
2025-03-19T21:42:02.600-05:00 DEBUG 80480 --- [flight-booking] [           main] o.h.b.m.internal.AbstractPropertyHolder  : Attempting to locate auto-apply AttributeConverter for property [edu.miu.cs.cs425.backend.domain.entity.Flight:id]
2025-03-19T21:42:02.600-05:00 DEBUG 80480 --- [flight-booking] [           main] o.h.b.model.internal.BasicValueBinder    : building BasicValue for id
2025-03-19T21:42:02.600-05:00 DEBUG 80480 --- [flight-booking] [           main] org.hibernate.mapping.BasicValue         : Skipping column re-registration: flight.id
2025-03-19T21:42:02.600-05:00 DEBUG 80480 --- [flight-booking] [           main] o.h.boot.model.internal.PropertyBinder   : Building property id
2025-03-19T21:42:02.600-05:00 DEBUG 80480 --- [flight-booking] [           main] o.h.boot.model.internal.AnnotatedColumn  : Binding column: AnnotatedJoinColumn()
2025-03-19T21:42:02.601-05:00 DEBUG 80480 --- [flight-booking] [           main] o.h.boot.model.internal.AnnotatedColumn  : Binding column: AnnotatedColumn()
2025-03-19T21:42:02.606-05:00 DEBUG 80480 --- [flight-booking] [           main] o.h.boot.model.internal.PropertyBinder   : Building property airline
2025-03-19T21:42:02.606-05:00 DEBUG 80480 --- [flight-booking] [           main] o.h.boot.model.internal.AnnotatedColumn  : Binding column: AnnotatedColumn()
2025-03-19T21:42:02.606-05:00 DEBUG 80480 --- [flight-booking] [           main] o.h.boot.model.internal.PropertyBinder   : MetadataSourceProcessor property arrival with lazy=false
2025-03-19T21:42:02.606-05:00 DEBUG 80480 --- [flight-booking] [           main] o.h.b.m.internal.AbstractPropertyHolder  : Attempting to locate auto-apply AttributeConverter for property [edu.miu.cs.cs425.backend.domain.entity.Flight:arrival]
2025-03-19T21:42:02.606-05:00 DEBUG 80480 --- [flight-booking] [           main] o.h.b.model.internal.BasicValueBinder    : building BasicValue for arrival
2025-03-19T21:42:02.606-05:00 DEBUG 80480 --- [flight-booking] [           main] org.hibernate.mapping.BasicValue         : Skipping column re-registration: flight.arrival
2025-03-19T21:42:02.607-05:00 DEBUG 80480 --- [flight-booking] [           main] o.h.boot.model.internal.PropertyBinder   : Building property arrival
2025-03-19T21:42:02.607-05:00 DEBUG 80480 --- [flight-booking] [           main] o.h.boot.model.internal.AnnotatedColumn  : Binding column: AnnotatedColumn()
2025-03-19T21:42:02.607-05:00 DEBUG 80480 --- [flight-booking] [           main] o.h.boot.model.internal.PropertyBinder   : MetadataSourceProcessor property departure with lazy=false
2025-03-19T21:42:02.607-05:00 DEBUG 80480 --- [flight-booking] [           main] o.h.b.m.internal.AbstractPropertyHolder  : Attempting to locate auto-apply AttributeConverter for property [edu.miu.cs.cs425.backend.domain.entity.Flight:departure]
2025-03-19T21:42:02.607-05:00 DEBUG 80480 --- [flight-booking] [           main] o.h.b.model.internal.BasicValueBinder    : building BasicValue for departure
2025-03-19T21:42:02.607-05:00 DEBUG 80480 --- [flight-booking] [           main] org.hibernate.mapping.BasicValue         : Skipping column re-registration: flight.departure
2025-03-19T21:42:02.607-05:00 DEBUG 80480 --- [flight-booking] [           main] o.h.boot.model.internal.PropertyBinder   : Building property departure
2025-03-19T21:42:02.607-05:00 DEBUG 80480 --- [flight-booking] [           main] o.h.boot.model.internal.AnnotatedColumn  : Binding column: AnnotatedJoinColumn()
2025-03-19T21:42:02.608-05:00 DEBUG 80480 --- [flight-booking] [           main] o.h.boot.model.internal.AnnotatedColumn  : Binding column: AnnotatedColumn()
2025-03-19T21:42:02.608-05:00 DEBUG 80480 --- [flight-booking] [           main] o.h.boot.model.internal.PropertyBinder   : Building property destination
2025-03-19T21:42:02.608-05:00 DEBUG 80480 --- [flight-booking] [           main] o.h.boot.model.internal.AnnotatedColumn  : Binding column: AnnotatedColumn()
2025-03-19T21:42:02.608-05:00 DEBUG 80480 --- [flight-booking] [           main] o.h.boot.model.internal.PropertyBinder   : MetadataSourceProcessor property duration with lazy=false
2025-03-19T21:42:02.608-05:00 DEBUG 80480 --- [flight-booking] [           main] o.h.b.m.internal.AbstractPropertyHolder  : Attempting to locate auto-apply AttributeConverter for property [edu.miu.cs.cs425.backend.domain.entity.Flight:duration]
2025-03-19T21:42:02.608-05:00 DEBUG 80480 --- [flight-booking] [           main] o.h.b.model.internal.BasicValueBinder    : building BasicValue for duration
2025-03-19T21:42:02.608-05:00 DEBUG 80480 --- [flight-booking] [           main] org.hibernate.mapping.BasicValue         : Skipping column re-registration: flight.duration
2025-03-19T21:42:02.608-05:00 DEBUG 80480 --- [flight-booking] [           main] o.h.boot.model.internal.PropertyBinder   : Building property duration
2025-03-19T21:42:02.608-05:00 DEBUG 80480 --- [flight-booking] [           main] o.h.boot.model.internal.AnnotatedColumn  : Binding column: AnnotatedColumn()
2025-03-19T21:42:02.608-05:00 DEBUG 80480 --- [flight-booking] [           main] o.h.boot.model.internal.PropertyBinder   : MetadataSourceProcessor property flightNumber with lazy=false
2025-03-19T21:42:02.608-05:00 DEBUG 80480 --- [flight-booking] [           main] o.h.b.m.internal.AbstractPropertyHolder  : Attempting to locate auto-apply AttributeConverter for property [edu.miu.cs.cs425.backend.domain.entity.Flight:flightNumber]
2025-03-19T21:42:02.609-05:00 DEBUG 80480 --- [flight-booking] [           main] o.h.b.model.internal.BasicValueBinder    : building BasicValue for flightNumber
2025-03-19T21:42:02.609-05:00 DEBUG 80480 --- [flight-booking] [           main] org.hibernate.mapping.BasicValue         : Skipping column re-registration: flight.flight_number
2025-03-19T21:42:02.609-05:00 DEBUG 80480 --- [flight-booking] [           main] o.h.boot.model.internal.PropertyBinder   : Building property flightNumber
2025-03-19T21:42:02.609-05:00 DEBUG 80480 --- [flight-booking] [           main] o.h.boot.model.internal.AnnotatedColumn  : Binding column: AnnotatedJoinColumn()
2025-03-19T21:42:02.609-05:00 DEBUG 80480 --- [flight-booking] [           main] o.h.boot.model.internal.AnnotatedColumn  : Binding column: AnnotatedColumn()
2025-03-19T21:42:02.609-05:00 DEBUG 80480 --- [flight-booking] [           main] o.h.boot.model.internal.PropertyBinder   : Building property origin
2025-03-19T21:42:02.610-05:00 DEBUG 80480 --- [flight-booking] [           main] o.h.boot.model.internal.AnnotatedColumn  : Binding column: AnnotatedColumn()
2025-03-19T21:42:02.610-05:00 DEBUG 80480 --- [flight-booking] [           main] o.h.boot.model.internal.PropertyBinder   : MetadataSourceProcessor property price with lazy=false
2025-03-19T21:42:02.610-05:00 DEBUG 80480 --- [flight-booking] [           main] o.h.b.m.internal.AbstractPropertyHolder  : Attempting to locate auto-apply AttributeConverter for property [edu.miu.cs.cs425.backend.domain.entity.Flight:price]
2025-03-19T21:42:02.610-05:00 DEBUG 80480 --- [flight-booking] [           main] o.h.b.model.internal.BasicValueBinder    : building BasicValue for price
2025-03-19T21:42:02.610-05:00 DEBUG 80480 --- [flight-booking] [           main] org.hibernate.mapping.BasicValue         : Skipping column re-registration: flight.price
2025-03-19T21:42:02.610-05:00 DEBUG 80480 --- [flight-booking] [           main] o.h.boot.model.internal.PropertyBinder   : Building property price
2025-03-19T21:42:02.610-05:00 DEBUG 80480 --- [flight-booking] [           main] o.h.boot.model.internal.AnnotatedColumn  : Binding column: AnnotatedColumn()
2025-03-19T21:42:02.610-05:00 DEBUG 80480 --- [flight-booking] [           main] o.h.boot.model.internal.PropertyBinder   : MetadataSourceProcessor property seatsAvailable with lazy=false
2025-03-19T21:42:02.610-05:00 DEBUG 80480 --- [flight-booking] [           main] o.h.b.m.internal.AbstractPropertyHolder  : Attempting to locate auto-apply AttributeConverter for property [edu.miu.cs.cs425.backend.domain.entity.Flight:seatsAvailable]
2025-03-19T21:42:02.610-05:00 DEBUG 80480 --- [flight-booking] [           main] o.h.b.model.internal.BasicValueBinder    : building BasicValue for seatsAvailable
2025-03-19T21:42:02.610-05:00 DEBUG 80480 --- [flight-booking] [           main] org.hibernate.mapping.BasicValue         : Skipping column re-registration: flight.seats_available
2025-03-19T21:42:02.611-05:00 DEBUG 80480 --- [flight-booking] [           main] o.h.boot.model.internal.PropertyBinder   : Building property seatsAvailable
2025-03-19T21:42:02.611-05:00 DEBUG 80480 --- [flight-booking] [           main] o.h.b.r.c.i.ClassLoaderServiceImpl       : HHH000194: Package not found or no package-info.java: edu.miu.cs.cs425.backend.domain.entity
2025-03-19T21:42:02.612-05:00 DEBUG 80480 --- [flight-booking] [           main] o.h.boot.model.internal.EntityBinder     : Binding entity from annotated class: edu.miu.cs.cs425.backend.domain.entity.FlightLeg
2025-03-19T21:42:02.612-05:00 DEBUG 80480 --- [flight-booking] [           main] o.h.boot.model.internal.EntityBinder     : Import with entity name FlightLeg
2025-03-19T21:42:02.612-05:00 DEBUG 80480 --- [flight-booking] [           main] o.h.boot.model.internal.EntityBinder     : Bind entity edu.miu.cs.cs425.backend.domain.entity.FlightLeg on table flight_legs
2025-03-19T21:42:02.612-05:00 DEBUG 80480 --- [flight-booking] [           main] o.h.boot.model.internal.AnnotatedColumn  : Binding column: AnnotatedDiscriminatorColumn(column='DTYPE')
2025-03-19T21:42:02.613-05:00 DEBUG 80480 --- [flight-booking] [           main] o.h.boot.model.internal.AnnotatedColumn  : Binding column: AnnotatedColumn()
2025-03-19T21:42:02.613-05:00 DEBUG 80480 --- [flight-booking] [           main] o.h.boot.internal.ClassLoaderAccessImpl  : Not known whether passed class name [edu.miu.cs.cs425.backend.domain.entity.FlightLeg] is safe
2025-03-19T21:42:02.613-05:00 DEBUG 80480 --- [flight-booking] [           main] o.h.boot.internal.ClassLoaderAccessImpl  : No temp ClassLoader provided; using live ClassLoader for loading potentially unsafe class : edu.miu.cs.cs425.backend.domain.entity.FlightLeg
2025-03-19T21:42:02.613-05:00 DEBUG 80480 --- [flight-booking] [           main] o.h.boot.model.internal.PropertyBinder   : MetadataSourceProcessor property id with lazy=false
2025-03-19T21:42:02.613-05:00 DEBUG 80480 --- [flight-booking] [           main] o.h.b.m.internal.AbstractPropertyHolder  : Attempting to locate auto-apply AttributeConverter for property [edu.miu.cs.cs425.backend.domain.entity.FlightLeg:id]
2025-03-19T21:42:02.613-05:00 DEBUG 80480 --- [flight-booking] [           main] o.h.b.model.internal.BasicValueBinder    : building BasicValue for id
2025-03-19T21:42:02.613-05:00 DEBUG 80480 --- [flight-booking] [           main] org.hibernate.mapping.BasicValue         : Skipping column re-registration: flight_legs.id
2025-03-19T21:42:02.613-05:00 DEBUG 80480 --- [flight-booking] [           main] o.h.boot.model.internal.PropertyBinder   : Building property id
2025-03-19T21:42:02.613-05:00 DEBUG 80480 --- [flight-booking] [           main] o.h.boot.model.internal.BinderHelper     : #makeIdGenerator(BasicValue([Column(id)]), id, identity, , ...)
2025-03-19T21:42:02.614-05:00 DEBUG 80480 --- [flight-booking] [           main] o.h.boot.model.internal.AnnotatedColumn  : Binding column: AnnotatedJoinColumn(column='flight_id')
2025-03-19T21:42:02.614-05:00 DEBUG 80480 --- [flight-booking] [           main] o.h.boot.model.internal.AnnotatedColumn  : Binding column: AnnotatedColumn()
2025-03-19T21:42:02.614-05:00 DEBUG 80480 --- [flight-booking] [           main] o.h.boot.model.internal.PropertyBinder   : Building property flight
2025-03-19T21:42:02.614-05:00 DEBUG 80480 --- [flight-booking] [           main] o.h.boot.model.internal.AnnotatedColumn  : Binding column: AnnotatedColumn()
2025-03-19T21:42:02.615-05:00 DEBUG 80480 --- [flight-booking] [           main] o.h.boot.model.internal.PropertyBinder   : MetadataSourceProcessor property legNumber with lazy=false
2025-03-19T21:42:02.615-05:00 DEBUG 80480 --- [flight-booking] [           main] o.h.b.m.internal.AbstractPropertyHolder  : Attempting to locate auto-apply AttributeConverter for property [edu.miu.cs.cs425.backend.domain.entity.FlightLeg:legNumber]
2025-03-19T21:42:02.615-05:00 DEBUG 80480 --- [flight-booking] [           main] o.h.b.model.internal.BasicValueBinder    : building BasicValue for legNumber
2025-03-19T21:42:02.615-05:00 DEBUG 80480 --- [flight-booking] [           main] org.hibernate.mapping.BasicValue         : Skipping column re-registration: flight_legs.leg_number
2025-03-19T21:42:02.615-05:00 DEBUG 80480 --- [flight-booking] [           main] o.h.boot.model.internal.PropertyBinder   : Building property legNumber
2025-03-19T21:42:02.615-05:00 DEBUG 80480 --- [flight-booking] [           main] o.h.b.r.c.i.ClassLoaderServiceImpl       : HHH000194: Package not found or no package-info.java: edu.miu.cs.cs425.backend.domain.entity
2025-03-19T21:42:02.616-05:00 DEBUG 80480 --- [flight-booking] [           main] o.h.boot.model.internal.EntityBinder     : Binding entity from annotated class: edu.miu.cs.cs425.backend.domain.entity.Role
2025-03-19T21:42:02.616-05:00 DEBUG 80480 --- [flight-booking] [           main] o.h.boot.model.internal.EntityBinder     : Import with entity name Role
2025-03-19T21:42:02.616-05:00 DEBUG 80480 --- [flight-booking] [           main] o.h.boot.model.internal.EntityBinder     : Bind entity edu.miu.cs.cs425.backend.domain.entity.Role on table role
2025-03-19T21:42:02.617-05:00 DEBUG 80480 --- [flight-booking] [           main] o.h.boot.model.internal.AnnotatedColumn  : Binding column: AnnotatedDiscriminatorColumn(column='DTYPE')
2025-03-19T21:42:02.619-05:00 DEBUG 80480 --- [flight-booking] [           main] o.h.boot.model.internal.AnnotatedColumn  : Binding column: AnnotatedColumn()
2025-03-19T21:42:02.619-05:00 DEBUG 80480 --- [flight-booking] [           main] o.h.boot.internal.ClassLoaderAccessImpl  : Not known whether passed class name [edu.miu.cs.cs425.backend.domain.entity.Role] is safe
2025-03-19T21:42:02.619-05:00 DEBUG 80480 --- [flight-booking] [           main] o.h.boot.internal.ClassLoaderAccessImpl  : No temp ClassLoader provided; using live ClassLoader for loading potentially unsafe class : edu.miu.cs.cs425.backend.domain.entity.Role
2025-03-19T21:42:02.620-05:00 DEBUG 80480 --- [flight-booking] [           main] o.h.boot.model.internal.PropertyBinder   : MetadataSourceProcessor property id with lazy=false
2025-03-19T21:42:02.620-05:00 DEBUG 80480 --- [flight-booking] [           main] o.h.b.m.internal.AbstractPropertyHolder  : Attempting to locate auto-apply AttributeConverter for property [edu.miu.cs.cs425.backend.domain.entity.Role:id]
2025-03-19T21:42:02.620-05:00 DEBUG 80480 --- [flight-booking] [           main] o.h.b.model.internal.BasicValueBinder    : building BasicValue for id
2025-03-19T21:42:02.620-05:00 DEBUG 80480 --- [flight-booking] [           main] org.hibernate.mapping.BasicValue         : Skipping column re-registration: role.id
2025-03-19T21:42:02.620-05:00 DEBUG 80480 --- [flight-booking] [           main] o.h.boot.model.internal.PropertyBinder   : Building property id
2025-03-19T21:42:02.620-05:00 DEBUG 80480 --- [flight-booking] [           main] o.h.boot.model.internal.BinderHelper     : #makeIdGenerator(BasicValue([Column(id)]), id, identity, , ...)
2025-03-19T21:42:02.620-05:00 DEBUG 80480 --- [flight-booking] [           main] o.h.boot.model.internal.AnnotatedColumn  : Binding column: AnnotatedColumn()
2025-03-19T21:42:02.620-05:00 DEBUG 80480 --- [flight-booking] [           main] o.h.boot.model.internal.PropertyBinder   : MetadataSourceProcessor property name with lazy=false
2025-03-19T21:42:02.620-05:00 DEBUG 80480 --- [flight-booking] [           main] o.h.b.m.internal.AbstractPropertyHolder  : Attempting to locate auto-apply AttributeConverter for property [edu.miu.cs.cs425.backend.domain.entity.Role:name]
2025-03-19T21:42:02.620-05:00 DEBUG 80480 --- [flight-booking] [           main] o.h.b.model.internal.BasicValueBinder    : building BasicValue for name
2025-03-19T21:42:02.620-05:00 DEBUG 80480 --- [flight-booking] [           main] org.hibernate.mapping.BasicValue         : Skipping column re-registration: role.name
2025-03-19T21:42:02.621-05:00 DEBUG 80480 --- [flight-booking] [           main] o.h.boot.model.internal.PropertyBinder   : Building property name
2025-03-19T21:42:02.621-05:00 DEBUG 80480 --- [flight-booking] [           main] o.h.boot.model.internal.AnnotatedColumn  : Binding column: IndexColumn(column='users_ORDER')
2025-03-19T21:42:02.621-05:00 DEBUG 80480 --- [flight-booking] [           main] o.h.boot.model.internal.AnnotatedColumn  : Binding column: AnnotatedColumn()
2025-03-19T21:42:02.622-05:00 DEBUG 80480 --- [flight-booking] [           main] o.h.boot.model.internal.AnnotatedColumn  : Binding column: AnnotatedColumn(column='users_KEY')
2025-03-19T21:42:02.622-05:00 DEBUG 80480 --- [flight-booking] [           main] o.h.boot.model.internal.AnnotatedColumn  : Binding column: AnnotatedJoinColumn(column='users_KEY')
2025-03-19T21:42:02.622-05:00 DEBUG 80480 --- [flight-booking] [           main] o.h.boot.model.internal.AnnotatedColumn  : Binding column: AnnotatedJoinColumn()
2025-03-19T21:42:02.622-05:00 DEBUG 80480 --- [flight-booking] [           main] o.h.boot.model.internal.AnnotatedColumn  : Binding column: AnnotatedJoinColumn()
2025-03-19T21:42:02.623-05:00 DEBUG 80480 --- [flight-booking] [           main] o.h.b.model.internal.CollectionBinder    : Collection role: edu.miu.cs.cs425.backend.domain.entity.Role.users
2025-03-19T21:42:02.623-05:00 DEBUG 80480 --- [flight-booking] [           main] o.h.boot.model.internal.PropertyBinder   : Building property users
2025-03-19T21:42:02.624-05:00 DEBUG 80480 --- [flight-booking] [           main] o.h.b.r.c.i.ClassLoaderServiceImpl       : HHH000194: Package not found or no package-info.java: edu.miu.cs.cs425.backend.domain.entity
2025-03-19T21:42:02.624-05:00 DEBUG 80480 --- [flight-booking] [           main] o.h.boot.model.internal.EntityBinder     : Binding entity from annotated class: edu.miu.cs.cs425.backend.domain.entity.User
2025-03-19T21:42:02.625-05:00 DEBUG 80480 --- [flight-booking] [           main] o.h.boot.model.internal.EntityBinder     : Import with entity name User
2025-03-19T21:42:02.625-05:00 DEBUG 80480 --- [flight-booking] [           main] o.h.boot.model.internal.EntityBinder     : Bind entity edu.miu.cs.cs425.backend.domain.entity.User on table user
2025-03-19T21:42:02.625-05:00 DEBUG 80480 --- [flight-booking] [           main] o.h.boot.model.internal.AnnotatedColumn  : Binding column: AnnotatedDiscriminatorColumn(column='DTYPE')
2025-03-19T21:42:02.627-05:00 DEBUG 80480 --- [flight-booking] [           main] o.h.boot.model.internal.AnnotatedColumn  : Binding column: AnnotatedColumn()
2025-03-19T21:42:02.628-05:00 DEBUG 80480 --- [flight-booking] [           main] o.h.boot.internal.ClassLoaderAccessImpl  : Not known whether passed class name [edu.miu.cs.cs425.backend.domain.entity.User] is safe
2025-03-19T21:42:02.628-05:00 DEBUG 80480 --- [flight-booking] [           main] o.h.boot.internal.ClassLoaderAccessImpl  : No temp ClassLoader provided; using live ClassLoader for loading potentially unsafe class : edu.miu.cs.cs425.backend.domain.entity.User
2025-03-19T21:42:02.628-05:00 DEBUG 80480 --- [flight-booking] [           main] o.h.boot.model.internal.PropertyBinder   : MetadataSourceProcessor property id with lazy=false
2025-03-19T21:42:02.628-05:00 DEBUG 80480 --- [flight-booking] [           main] o.h.b.m.internal.AbstractPropertyHolder  : Attempting to locate auto-apply AttributeConverter for property [edu.miu.cs.cs425.backend.domain.entity.User:id]
2025-03-19T21:42:02.628-05:00 DEBUG 80480 --- [flight-booking] [           main] o.h.b.model.internal.BasicValueBinder    : building BasicValue for id
2025-03-19T21:42:02.628-05:00 DEBUG 80480 --- [flight-booking] [           main] org.hibernate.mapping.BasicValue         : Skipping column re-registration: user.id
2025-03-19T21:42:02.629-05:00 DEBUG 80480 --- [flight-booking] [           main] o.h.boot.model.internal.PropertyBinder   : Building property id
2025-03-19T21:42:02.629-05:00 DEBUG 80480 --- [flight-booking] [           main] o.h.boot.model.internal.AnnotatedColumn  : Binding column: AnnotatedColumn()
2025-03-19T21:42:02.629-05:00 DEBUG 80480 --- [flight-booking] [           main] o.h.boot.model.internal.PropertyBinder   : MetadataSourceProcessor property address with lazy=false
2025-03-19T21:42:02.629-05:00 DEBUG 80480 --- [flight-booking] [           main] o.h.b.m.internal.AbstractPropertyHolder  : Attempting to locate auto-apply AttributeConverter for property [edu.miu.cs.cs425.backend.domain.entity.User:address]
2025-03-19T21:42:02.629-05:00 DEBUG 80480 --- [flight-booking] [           main] o.h.b.model.internal.BasicValueBinder    : building BasicValue for address
2025-03-19T21:42:02.629-05:00 DEBUG 80480 --- [flight-booking] [           main] org.hibernate.mapping.BasicValue         : Skipping column re-registration: user.address
2025-03-19T21:42:02.629-05:00 DEBUG 80480 --- [flight-booking] [           main] o.h.boot.model.internal.PropertyBinder   : Building property address
2025-03-19T21:42:02.629-05:00 DEBUG 80480 --- [flight-booking] [           main] o.h.boot.model.internal.AnnotatedColumn  : Binding column: AnnotatedColumn()
2025-03-19T21:42:02.629-05:00 DEBUG 80480 --- [flight-booking] [           main] o.h.boot.model.internal.PropertyBinder   : MetadataSourceProcessor property avatar with lazy=false
2025-03-19T21:42:02.629-05:00 DEBUG 80480 --- [flight-booking] [           main] o.h.b.m.internal.AbstractPropertyHolder  : Attempting to locate auto-apply AttributeConverter for property [edu.miu.cs.cs425.backend.domain.entity.User:avatar]
2025-03-19T21:42:02.630-05:00 DEBUG 80480 --- [flight-booking] [           main] o.h.b.model.internal.BasicValueBinder    : building BasicValue for avatar
2025-03-19T21:42:02.630-05:00 DEBUG 80480 --- [flight-booking] [           main] org.hibernate.mapping.BasicValue         : Skipping column re-registration: user.avatar
2025-03-19T21:42:02.630-05:00 DEBUG 80480 --- [flight-booking] [           main] o.h.boot.model.internal.PropertyBinder   : Building property avatar
2025-03-19T21:42:02.630-05:00 DEBUG 80480 --- [flight-booking] [           main] o.h.boot.model.internal.AnnotatedColumn  : Binding column: AnnotatedColumn()
2025-03-19T21:42:02.630-05:00 DEBUG 80480 --- [flight-booking] [           main] o.h.boot.model.internal.PropertyBinder   : MetadataSourceProcessor property createdAt with lazy=false
2025-03-19T21:42:02.630-05:00 DEBUG 80480 --- [flight-booking] [           main] o.h.b.m.internal.AbstractPropertyHolder  : Attempting to locate auto-apply AttributeConverter for property [edu.miu.cs.cs425.backend.domain.entity.User:createdAt]
2025-03-19T21:42:02.630-05:00 DEBUG 80480 --- [flight-booking] [           main] o.h.b.model.internal.BasicValueBinder    : building BasicValue for createdAt
2025-03-19T21:42:02.630-05:00 DEBUG 80480 --- [flight-booking] [           main] org.hibernate.mapping.BasicValue         : Skipping column re-registration: user.created_at
2025-03-19T21:42:02.630-05:00 DEBUG 80480 --- [flight-booking] [           main] o.h.boot.model.internal.PropertyBinder   : Building property createdAt
2025-03-19T21:42:02.630-05:00 DEBUG 80480 --- [flight-booking] [           main] o.h.boot.model.internal.AnnotatedColumn  : Binding column: AnnotatedColumn()
2025-03-19T21:42:02.630-05:00 DEBUG 80480 --- [flight-booking] [           main] o.h.boot.model.internal.PropertyBinder   : MetadataSourceProcessor property email with lazy=false
2025-03-19T21:42:02.630-05:00 DEBUG 80480 --- [flight-booking] [           main] o.h.b.m.internal.AbstractPropertyHolder  : Attempting to locate auto-apply AttributeConverter for property [edu.miu.cs.cs425.backend.domain.entity.User:email]
2025-03-19T21:42:02.630-05:00 DEBUG 80480 --- [flight-booking] [           main] o.h.b.model.internal.BasicValueBinder    : building BasicValue for email
2025-03-19T21:42:02.630-05:00 DEBUG 80480 --- [flight-booking] [           main] org.hibernate.mapping.BasicValue         : Skipping column re-registration: user.email
2025-03-19T21:42:02.630-05:00 DEBUG 80480 --- [flight-booking] [           main] o.h.boot.model.internal.PropertyBinder   : Building property email
2025-03-19T21:42:02.630-05:00 DEBUG 80480 --- [flight-booking] [           main] o.h.boot.model.internal.AnnotatedColumn  : Binding column: AnnotatedColumn()
2025-03-19T21:42:02.630-05:00 DEBUG 80480 --- [flight-booking] [           main] o.h.boot.model.internal.PropertyBinder   : MetadataSourceProcessor property name with lazy=false
2025-03-19T21:42:02.630-05:00 DEBUG 80480 --- [flight-booking] [           main] o.h.b.m.internal.AbstractPropertyHolder  : Attempting to locate auto-apply AttributeConverter for property [edu.miu.cs.cs425.backend.domain.entity.User:name]
2025-03-19T21:42:02.631-05:00 DEBUG 80480 --- [flight-booking] [           main] o.h.b.model.internal.BasicValueBinder    : building BasicValue for name
2025-03-19T21:42:02.631-05:00 DEBUG 80480 --- [flight-booking] [           main] org.hibernate.mapping.BasicValue         : Skipping column re-registration: user.name
2025-03-19T21:42:02.631-05:00 DEBUG 80480 --- [flight-booking] [           main] o.h.boot.model.internal.PropertyBinder   : Building property name
2025-03-19T21:42:02.631-05:00 DEBUG 80480 --- [flight-booking] [           main] o.h.boot.model.internal.AnnotatedColumn  : Binding column: AnnotatedColumn()
2025-03-19T21:42:02.631-05:00 DEBUG 80480 --- [flight-booking] [           main] o.h.boot.model.internal.PropertyBinder   : MetadataSourceProcessor property password with lazy=false
2025-03-19T21:42:02.631-05:00 DEBUG 80480 --- [flight-booking] [           main] o.h.b.m.internal.AbstractPropertyHolder  : Attempting to locate auto-apply AttributeConverter for property [edu.miu.cs.cs425.backend.domain.entity.User:password]
2025-03-19T21:42:02.631-05:00 DEBUG 80480 --- [flight-booking] [           main] o.h.b.model.internal.BasicValueBinder    : building BasicValue for password
2025-03-19T21:42:02.631-05:00 DEBUG 80480 --- [flight-booking] [           main] org.hibernate.mapping.BasicValue         : Skipping column re-registration: user.password
2025-03-19T21:42:02.631-05:00 DEBUG 80480 --- [flight-booking] [           main] o.h.boot.model.internal.PropertyBinder   : Building property password
2025-03-19T21:42:02.631-05:00 DEBUG 80480 --- [flight-booking] [           main] o.h.boot.model.internal.AnnotatedColumn  : Binding column: AnnotatedColumn()
2025-03-19T21:42:02.631-05:00 DEBUG 80480 --- [flight-booking] [           main] o.h.boot.model.internal.PropertyBinder   : MetadataSourceProcessor property phone with lazy=false
2025-03-19T21:42:02.631-05:00 DEBUG 80480 --- [flight-booking] [           main] o.h.b.m.internal.AbstractPropertyHolder  : Attempting to locate auto-apply AttributeConverter for property [edu.miu.cs.cs425.backend.domain.entity.User:phone]
2025-03-19T21:42:02.631-05:00 DEBUG 80480 --- [flight-booking] [           main] o.h.b.model.internal.BasicValueBinder    : building BasicValue for phone
2025-03-19T21:42:02.631-05:00 DEBUG 80480 --- [flight-booking] [           main] org.hibernate.mapping.BasicValue         : Skipping column re-registration: user.phone
2025-03-19T21:42:02.631-05:00 DEBUG 80480 --- [flight-booking] [           main] o.h.boot.model.internal.PropertyBinder   : Building property phone
2025-03-19T21:42:02.631-05:00 DEBUG 80480 --- [flight-booking] [           main] o.h.boot.model.internal.AnnotatedColumn  : Binding column: IndexColumn(column='roles_ORDER')
2025-03-19T21:42:02.632-05:00 DEBUG 80480 --- [flight-booking] [           main] o.h.boot.model.internal.AnnotatedColumn  : Binding column: AnnotatedColumn()
2025-03-19T21:42:02.632-05:00 DEBUG 80480 --- [flight-booking] [           main] o.h.boot.model.internal.AnnotatedColumn  : Binding column: AnnotatedColumn(column='roles_KEY')
2025-03-19T21:42:02.632-05:00 DEBUG 80480 --- [flight-booking] [           main] o.h.boot.model.internal.AnnotatedColumn  : Binding column: AnnotatedJoinColumn(column='roles_KEY')
2025-03-19T21:42:02.632-05:00 DEBUG 80480 --- [flight-booking] [           main] o.h.boot.model.internal.AnnotatedColumn  : Binding column: AnnotatedJoinColumn(column='user_id')
2025-03-19T21:42:02.632-05:00 DEBUG 80480 --- [flight-booking] [           main] o.h.boot.model.internal.AnnotatedColumn  : Binding column: AnnotatedJoinColumn(column='role_id')
2025-03-19T21:42:02.632-05:00 DEBUG 80480 --- [flight-booking] [           main] o.h.b.model.internal.CollectionBinder    : Collection role: edu.miu.cs.cs425.backend.domain.entity.User.roles
2025-03-19T21:42:02.633-05:00 DEBUG 80480 --- [flight-booking] [           main] o.h.boot.model.internal.PropertyBinder   : Building property roles
2025-03-19T21:42:02.633-05:00 DEBUG 80480 --- [flight-booking] [           main] o.h.boot.model.internal.AnnotatedColumn  : Binding column: AnnotatedColumn()
2025-03-19T21:42:02.633-05:00 DEBUG 80480 --- [flight-booking] [           main] o.h.boot.model.internal.PropertyBinder   : MetadataSourceProcessor property updatedAt with lazy=false
2025-03-19T21:42:02.633-05:00 DEBUG 80480 --- [flight-booking] [           main] o.h.b.m.internal.AbstractPropertyHolder  : Attempting to locate auto-apply AttributeConverter for property [edu.miu.cs.cs425.backend.domain.entity.User:updatedAt]
2025-03-19T21:42:02.633-05:00 DEBUG 80480 --- [flight-booking] [           main] o.h.b.model.internal.BasicValueBinder    : building BasicValue for updatedAt
2025-03-19T21:42:02.633-05:00 DEBUG 80480 --- [flight-booking] [           main] org.hibernate.mapping.BasicValue         : Skipping column re-registration: user.updated_at
2025-03-19T21:42:02.633-05:00 DEBUG 80480 --- [flight-booking] [           main] o.h.boot.model.internal.PropertyBinder   : Building property updatedAt
2025-03-19T21:42:02.634-05:00 DEBUG 80480 --- [flight-booking] [           main] o.h.b.r.c.i.ClassLoaderServiceImpl       : HHH000194: Package not found or no package-info.java: edu.miu.cs.cs425.backend.domain.entity
2025-03-19T21:42:02.636-05:00 DEBUG 80480 --- [flight-booking] [           main] o.h.b.model.internal.BasicValueBinder    : Starting `BasicValueBinder#fillSimpleValue` for code
2025-03-19T21:42:02.638-05:00 DEBUG 80480 --- [flight-booking] [           main] o.h.b.model.internal.BasicValueBinder    : Starting `BasicValueBinder#fillSimpleValue` for logoUrl
2025-03-19T21:42:02.638-05:00 DEBUG 80480 --- [flight-booking] [           main] o.h.b.model.internal.BasicValueBinder    : Starting `BasicValueBinder#fillSimpleValue` for name
2025-03-19T21:42:02.638-05:00 DEBUG 80480 --- [flight-booking] [           main] o.h.b.model.internal.BasicValueBinder    : Starting `BasicValueBinder#fillSimpleValue` for iataCode
2025-03-19T21:42:02.638-05:00 DEBUG 80480 --- [flight-booking] [           main] o.h.b.model.internal.BasicValueBinder    : Starting `BasicValueBinder#fillSimpleValue` for city
2025-03-19T21:42:02.638-05:00 DEBUG 80480 --- [flight-booking] [           main] o.h.b.model.internal.BasicValueBinder    : Starting `BasicValueBinder#fillSimpleValue` for country
2025-03-19T21:42:02.639-05:00 DEBUG 80480 --- [flight-booking] [           main] o.h.b.model.internal.BasicValueBinder    : Starting `BasicValueBinder#fillSimpleValue` for name
2025-03-19T21:42:02.639-05:00 DEBUG 80480 --- [flight-booking] [           main] o.h.b.model.internal.BasicValueBinder    : Starting `BasicValueBinder#fillSimpleValue` for id
2025-03-19T21:42:02.639-05:00 DEBUG 80480 --- [flight-booking] [           main] o.h.b.model.internal.BasicValueBinder    : Starting `BasicValueBinder#fillSimpleValue` for createdAt
2025-03-19T21:42:02.639-05:00 DEBUG 80480 --- [flight-booking] [           main] o.h.b.model.internal.BasicValueBinder    : Starting `BasicValueBinder#fillSimpleValue` for fareType
2025-03-19T21:42:02.639-05:00 DEBUG 80480 --- [flight-booking] [           main] o.h.b.model.internal.BasicValueBinder    : Starting `BasicValueBinder#fillSimpleValue` for selectedSeat
2025-03-19T21:42:02.639-05:00 DEBUG 80480 --- [flight-booking] [           main] o.h.b.model.internal.BasicValueBinder    : Starting `BasicValueBinder#fillSimpleValue` for status
2025-03-19T21:42:02.641-05:00 DEBUG 80480 --- [flight-booking] [           main] o.h.b.model.internal.BasicValueBinder    : Starting `BasicValueBinder#fillSimpleValue` for totalPrice
2025-03-19T21:42:02.642-05:00 DEBUG 80480 --- [flight-booking] [           main] o.h.b.model.internal.BasicValueBinder    : Starting `BasicValueBinder#fillSimpleValue` for updatedAt
2025-03-19T21:42:02.642-05:00 DEBUG 80480 --- [flight-booking] [           main] o.h.b.model.internal.BasicValueBinder    : Starting `BasicValueBinder#fillSimpleValue` for address
2025-03-19T21:42:02.642-05:00 DEBUG 80480 --- [flight-booking] [           main] o.h.b.model.internal.BasicValueBinder    : Starting `BasicValueBinder#fillSimpleValue` for email
2025-03-19T21:42:02.642-05:00 DEBUG 80480 --- [flight-booking] [           main] o.h.b.model.internal.BasicValueBinder    : Starting `BasicValueBinder#fillSimpleValue` for firstName
2025-03-19T21:42:02.642-05:00 DEBUG 80480 --- [flight-booking] [           main] o.h.b.model.internal.BasicValueBinder    : Starting `BasicValueBinder#fillSimpleValue` for lastName
2025-03-19T21:42:02.642-05:00 DEBUG 80480 --- [flight-booking] [           main] o.h.b.model.internal.BasicValueBinder    : Starting `BasicValueBinder#fillSimpleValue` for passportNumber
2025-03-19T21:42:02.642-05:00 DEBUG 80480 --- [flight-booking] [           main] o.h.b.model.internal.BasicValueBinder    : Starting `BasicValueBinder#fillSimpleValue` for phone
2025-03-19T21:42:02.642-05:00 DEBUG 80480 --- [flight-booking] [           main] o.h.b.model.internal.BasicValueBinder    : Starting `BasicValueBinder#fillSimpleValue` for userId
2025-03-19T21:42:02.642-05:00 DEBUG 80480 --- [flight-booking] [           main] o.h.b.model.internal.BasicValueBinder    : Starting `BasicValueBinder#fillSimpleValue` for id
2025-03-19T21:42:02.642-05:00 DEBUG 80480 --- [flight-booking] [           main] o.h.b.model.internal.BasicValueBinder    : Starting `BasicValueBinder#fillSimpleValue` for arrival
2025-03-19T21:42:02.642-05:00 DEBUG 80480 --- [flight-booking] [           main] o.h.b.model.internal.BasicValueBinder    : Starting `BasicValueBinder#fillSimpleValue` for departure
2025-03-19T21:42:02.642-05:00 DEBUG 80480 --- [flight-booking] [           main] o.h.b.model.internal.BasicValueBinder    : Starting `BasicValueBinder#fillSimpleValue` for duration
2025-03-19T21:42:02.642-05:00 DEBUG 80480 --- [flight-booking] [           main] o.h.b.model.internal.BasicValueBinder    : Starting `BasicValueBinder#fillSimpleValue` for flightNumber
2025-03-19T21:42:02.642-05:00 DEBUG 80480 --- [flight-booking] [           main] o.h.b.model.internal.BasicValueBinder    : Starting `BasicValueBinder#fillSimpleValue` for price
2025-03-19T21:42:02.643-05:00 DEBUG 80480 --- [flight-booking] [           main] o.h.b.model.internal.BasicValueBinder    : Starting `BasicValueBinder#fillSimpleValue` for seatsAvailable
2025-03-19T21:42:02.643-05:00 DEBUG 80480 --- [flight-booking] [           main] o.h.b.model.internal.BasicValueBinder    : Starting `BasicValueBinder#fillSimpleValue` for id
2025-03-19T21:42:02.643-05:00 DEBUG 80480 --- [flight-booking] [           main] o.h.b.model.internal.BasicValueBinder    : Starting `BasicValueBinder#fillSimpleValue` for legNumber
2025-03-19T21:42:02.643-05:00 DEBUG 80480 --- [flight-booking] [           main] o.h.b.model.internal.BasicValueBinder    : Starting `BasicValueBinder#fillSimpleValue` for id
2025-03-19T21:42:02.643-05:00 DEBUG 80480 --- [flight-booking] [           main] o.h.b.model.internal.BasicValueBinder    : Starting `BasicValueBinder#fillSimpleValue` for name
2025-03-19T21:42:02.643-05:00 DEBUG 80480 --- [flight-booking] [           main] o.h.b.model.internal.BasicValueBinder    : Starting `BasicValueBinder#fillSimpleValue` for id
2025-03-19T21:42:02.643-05:00 DEBUG 80480 --- [flight-booking] [           main] o.h.b.model.internal.BasicValueBinder    : Starting `BasicValueBinder#fillSimpleValue` for address
2025-03-19T21:42:02.643-05:00 DEBUG 80480 --- [flight-booking] [           main] o.h.b.model.internal.BasicValueBinder    : Starting `BasicValueBinder#fillSimpleValue` for avatar
2025-03-19T21:42:02.643-05:00 DEBUG 80480 --- [flight-booking] [           main] o.h.b.model.internal.BasicValueBinder    : Starting `BasicValueBinder#fillSimpleValue` for createdAt
2025-03-19T21:42:02.643-05:00 DEBUG 80480 --- [flight-booking] [           main] o.h.b.model.internal.BasicValueBinder    : Starting `BasicValueBinder#fillSimpleValue` for email
2025-03-19T21:42:02.643-05:00 DEBUG 80480 --- [flight-booking] [           main] o.h.b.model.internal.BasicValueBinder    : Starting `BasicValueBinder#fillSimpleValue` for name
2025-03-19T21:42:02.643-05:00 DEBUG 80480 --- [flight-booking] [           main] o.h.b.model.internal.BasicValueBinder    : Starting `BasicValueBinder#fillSimpleValue` for password
2025-03-19T21:42:02.643-05:00 DEBUG 80480 --- [flight-booking] [           main] o.h.b.model.internal.BasicValueBinder    : Starting `BasicValueBinder#fillSimpleValue` for phone
2025-03-19T21:42:02.643-05:00 DEBUG 80480 --- [flight-booking] [           main] o.h.b.model.internal.BasicValueBinder    : Starting `BasicValueBinder#fillSimpleValue` for updatedAt
2025-03-19T21:42:02.656-05:00 DEBUG 80480 --- [flight-booking] [           main] org.hibernate.mapping.PrimaryKey         : Forcing column [code] to be non-null as it is part of the primary key for table [airline]
2025-03-19T21:42:02.657-05:00 DEBUG 80480 --- [flight-booking] [           main] org.hibernate.mapping.PrimaryKey         : Forcing column [iata_code] to be non-null as it is part of the primary key for table [airport]
2025-03-19T21:42:02.657-05:00 DEBUG 80480 --- [flight-booking] [           main] org.hibernate.mapping.PrimaryKey         : Forcing column [id] to be non-null as it is part of the primary key for table [bookings]
2025-03-19T21:42:02.657-05:00 DEBUG 80480 --- [flight-booking] [           main] org.hibernate.mapping.PrimaryKey         : Forcing column [id] to be non-null as it is part of the primary key for table [flight]
2025-03-19T21:42:02.657-05:00 DEBUG 80480 --- [flight-booking] [           main] org.hibernate.mapping.PrimaryKey         : Forcing column [id] to be non-null as it is part of the primary key for table [flight_legs]
2025-03-19T21:42:02.657-05:00 DEBUG 80480 --- [flight-booking] [           main] org.hibernate.mapping.PrimaryKey         : Forcing column [id] to be non-null as it is part of the primary key for table [role]
2025-03-19T21:42:02.657-05:00 DEBUG 80480 --- [flight-booking] [           main] org.hibernate.mapping.PrimaryKey         : Forcing column [id] to be non-null as it is part of the primary key for table [user]
2025-03-19T21:42:02.657-05:00 DEBUG 80480 --- [flight-booking] [           main] o.h.b.m.internal.CollectionSecondPass    : Second pass for collection: edu.miu.cs.cs425.backend.domain.entity.User.roles
2025-03-19T21:42:02.658-05:00 DEBUG 80480 --- [flight-booking] [           main] o.h.b.model.internal.CollectionBinder    : Binding a ManyToMany: edu.miu.cs.cs425.backend.domain.entity.User.roles
2025-03-19T21:42:02.661-05:00 DEBUG 80480 --- [flight-booking] [           main] o.h.b.r.c.i.ClassLoaderServiceImpl       : HHH000194: Package not found or no package-info.java: edu.miu.cs.cs425.backend.domain.entity
2025-03-19T21:42:02.669-05:00 DEBUG 80480 --- [flight-booking] [           main] org.hibernate.mapping.PrimaryKey         : Forcing column [user_id] to be non-null as it is part of the primary key for table [user_roles]
2025-03-19T21:42:02.669-05:00 DEBUG 80480 --- [flight-booking] [           main] org.hibernate.mapping.PrimaryKey         : Forcing column [role_id] to be non-null as it is part of the primary key for table [user_roles]
2025-03-19T21:42:02.670-05:00 DEBUG 80480 --- [flight-booking] [           main] o.h.b.m.internal.CollectionSecondPass    : Mapped collection key: user_id, element: role_id
2025-03-19T21:42:02.671-05:00 DEBUG 80480 --- [flight-booking] [           main] o.h.b.m.internal.CollectionSecondPass    : Second pass for collection: edu.miu.cs.cs425.backend.domain.entity.Booking.returnFlightLegs
2025-03-19T21:42:02.671-05:00 DEBUG 80480 --- [flight-booking] [           main] o.h.b.model.internal.CollectionBinder    : Binding a OneToMany: edu.miu.cs.cs425.backend.domain.entity.Booking.returnFlightLegs through a foreign key
2025-03-19T21:42:02.671-05:00 DEBUG 80480 --- [flight-booking] [           main] o.h.b.model.internal.CollectionBinder    : Mapping collection: edu.miu.cs.cs425.backend.domain.entity.Booking.returnFlightLegs -> flight_legs
2025-03-19T21:42:02.672-05:00 DEBUG 80480 --- [flight-booking] [           main] o.h.b.m.internal.CollectionSecondPass    : Mapped collection key: booking_id, one-to-many: edu.miu.cs.cs425.backend.domain.entity.FlightLeg
2025-03-19T21:42:02.672-05:00 DEBUG 80480 --- [flight-booking] [           main] o.h.b.m.internal.CollectionSecondPass    : Second pass for collection: edu.miu.cs.cs425.backend.domain.entity.Booking.flightLegs
2025-03-19T21:42:02.672-05:00 DEBUG 80480 --- [flight-booking] [           main] o.h.b.model.internal.CollectionBinder    : Binding a OneToMany: edu.miu.cs.cs425.backend.domain.entity.Booking.flightLegs through a foreign key
2025-03-19T21:42:02.672-05:00 DEBUG 80480 --- [flight-booking] [           main] o.h.b.model.internal.CollectionBinder    : Mapping collection: edu.miu.cs.cs425.backend.domain.entity.Booking.flightLegs -> flight_legs
2025-03-19T21:42:02.672-05:00 DEBUG 80480 --- [flight-booking] [           main] o.h.b.m.internal.CollectionSecondPass    : Mapped collection key: booking_id, one-to-many: edu.miu.cs.cs425.backend.domain.entity.FlightLeg
2025-03-19T21:42:02.700-05:00 DEBUG 80480 --- [flight-booking] [           main] o.h.b.m.internal.CollectionSecondPass    : Second pass for collection: edu.miu.cs.cs425.backend.domain.entity.Role.users
2025-03-19T21:42:02.701-05:00 DEBUG 80480 --- [flight-booking] [           main] o.h.b.model.internal.CollectionBinder    : Binding a ManyToMany: edu.miu.cs.cs425.backend.domain.entity.Role.users
2025-03-19T21:42:02.701-05:00 DEBUG 80480 --- [flight-booking] [           main] o.h.b.r.c.i.ClassLoaderServiceImpl       : HHH000194: Package not found or no package-info.java: edu.miu.cs.cs425.backend.domain.entity
2025-03-19T21:42:02.701-05:00 DEBUG 80480 --- [flight-booking] [           main] o.h.boot.model.internal.TableBinder      : Retrieving property edu.miu.cs.cs425.backend.domain.entity.User.roles
2025-03-19T21:42:02.702-05:00 DEBUG 80480 --- [flight-booking] [           main] o.h.b.m.internal.CollectionSecondPass    : Mapped collection key: role_id, element: user_id
2025-03-19T21:42:02.790-05:00 DEBUG 80480 --- [flight-booking] [           main] o.hibernate.internal.SessionFactoryImpl  : Building session factory
2025-03-19T21:42:02.845-05:00 DEBUG 80480 --- [flight-booking] [           main] .h.s.i.SessionFactoryServiceRegistryImpl : EventListenerRegistry access via ServiceRegistry is deprecated.  Use `sessionFactory.getEventEngine().getListenerRegistry()` instead
2025-03-19T21:42:02.846-05:00 DEBUG 80480 --- [flight-booking] [           main] o.hibernate.internal.SessionFactoryImpl  : Instantiating SessionFactory with settings: {hibernate.format_sql=true, java.specification.version=23, hibernate.resource.beans.container=org.springframework.orm.hibernate5.SpringBeanContainer@446f3a53, hibernate.connection.handling_mode=DELAYED_ACQUISITION_AND_HOLD, sun.jnu.encoding=UTF-8, hibernate.dialect=org.hibernate.dialect.MySQLDialect, hibernate.implicit_naming_strategy=org.springframework.boot.orm.jpa.hibernate.SpringImplicitNamingStrategy, java.class.path=/Users/mercelvubangsi/Documents/MY DOCS/MIU/STUDIES/CS425 SWE/PROJECT/new/backend/target/test-classes:/Users/mercelvubangsi/Documents/MY DOCS/MIU/STUDIES/CS425 SWE/PROJECT/new/backend/target/classes:/Users/mercelvubangsi/.m2/repository/org/springframework/boot/spring-boot-starter-web/3.4.3/spring-boot-starter-web-3.4.3.jar:/Users/mercelvubangsi/.m2/repository/org/springframework/boot/spring-boot-starter/3.4.3/spring-boot-starter-3.4.3.jar:/Users/mercelvubangsi/.m2/repository/org/springframework/boot/spring-boot/3.4.3/spring-boot-3.4.3.jar:/Users/mercelvubangsi/.m2/repository/org/springframework/boot/spring-boot-autoconfigure/3.4.3/spring-boot-autoconfigure-3.4.3.jar:/Users/mercelvubangsi/.m2/repository/org/springframework/boot/spring-boot-starter-logging/3.4.3/spring-boot-starter-logging-3.4.3.jar:/Users/mercelvubangsi/.m2/repository/ch/qos/logback/logback-classic/1.5.16/logback-classic-1.5.16.jar:/Users/mercelvubangsi/.m2/repository/ch/qos/logback/logback-core/1.5.16/logback-core-1.5.16.jar:/Users/mercelvubangsi/.m2/repository/org/apache/logging/log4j/log4j-to-slf4j/2.24.3/log4j-to-slf4j-2.24.3.jar:/Users/mercelvubangsi/.m2/repository/org/apache/logging/log4j/log4j-api/2.24.3/log4j-api-2.24.3.jar:/Users/mercelvubangsi/.m2/repository/org/slf4j/jul-to-slf4j/2.0.16/jul-to-slf4j-2.0.16.jar:/Users/mercelvubangsi/.m2/repository/jakarta/annotation/jakarta.annotation-api/2.1.1/jakarta.annotation-api-2.1.1.jar:/Users/mercelvubangsi/.m2/repository/org/yaml/snakeyaml/2.3/snakeyaml-2.3.jar:/Users/mercelvubangsi/.m2/repository/org/springframework/boot/spring-boot-starter-json/3.4.3/spring-boot-starter-json-3.4.3.jar:/Users/mercelvubangsi/.m2/repository/com/fasterxml/jackson/datatype/jackson-datatype-jdk8/2.18.2/jackson-datatype-jdk8-2.18.2.jar:/Users/mercelvubangsi/.m2/repository/com/fasterxml/jackson/datatype/jackson-datatype-jsr310/2.18.2/jackson-datatype-jsr310-2.18.2.jar:/Users/mercelvubangsi/.m2/repository/com/fasterxml/jackson/module/jackson-module-parameter-names/2.18.2/jackson-module-parameter-names-2.18.2.jar:/Users/mercelvubangsi/.m2/repository/org/springframework/boot/spring-boot-starter-tomcat/3.4.3/spring-boot-starter-tomcat-3.4.3.jar:/Users/mercelvubangsi/.m2/repository/org/apache/tomcat/embed/tomcat-embed-core/10.1.36/tomcat-embed-core-10.1.36.jar:/Users/mercelvubangsi/.m2/repository/org/apache/tomcat/embed/tomcat-embed-websocket/10.1.36/tomcat-embed-websocket-10.1.36.jar:/Users/mercelvubangsi/.m2/repository/org/springframework/spring-web/6.2.3/spring-web-6.2.3.jar:/Users/mercelvubangsi/.m2/repository/org/springframework/spring-beans/6.2.3/spring-beans-6.2.3.jar:/Users/mercelvubangsi/.m2/repository/io/micrometer/micrometer-observation/1.14.4/micrometer-observation-1.14.4.jar:/Users/mercelvubangsi/.m2/repository/io/micrometer/micrometer-commons/1.14.4/micrometer-commons-1.14.4.jar:/Users/mercelvubangsi/.m2/repository/org/springframework/spring-webmvc/6.2.3/spring-webmvc-6.2.3.jar:/Users/mercelvubangsi/.m2/repository/org/springframework/spring-context/6.2.3/spring-context-6.2.3.jar:/Users/mercelvubangsi/.m2/repository/org/springframework/spring-expression/6.2.3/spring-expression-6.2.3.jar:/Users/mercelvubangsi/.m2/repository/org/springframework/boot/spring-boot-starter-data-jpa/3.4.3/spring-boot-starter-data-jpa-3.4.3.jar:/Users/mercelvubangsi/.m2/repository/org/springframework/boot/spring-boot-starter-jdbc/3.4.3/spring-boot-starter-jdbc-3.4.3.jar:/Users/mercelvubangsi/.m2/repository/com/zaxxer/HikariCP/5.1.0/HikariCP-5.1.0.jar:/Users/mercelvubangsi/.m2/repository/org/springframework/spring-jdbc/6.2.3/spring-jdbc-6.2.3.jar:/Users/mercelvubangsi/.m2/repository/org/hibernate/orm/hibernate-core/6.6.8.Final/hibernate-core-6.6.8.Final.jar:/Users/mercelvubangsi/.m2/repository/jakarta/persistence/jakarta.persistence-api/3.1.0/jakarta.persistence-api-3.1.0.jar:/Users/mercelvubangsi/.m2/repository/jakarta/transaction/jakarta.transaction-api/2.0.1/jakarta.transaction-api-2.0.1.jar:/Users/mercelvubangsi/.m2/repository/org/jboss/logging/jboss-logging/3.6.1.Final/jboss-logging-3.6.1.Final.jar:/Users/mercelvubangsi/.m2/repository/org/hibernate/common/hibernate-commons-annotations/7.0.3.Final/hibernate-commons-annotations-7.0.3.Final.jar:/Users/mercelvubangsi/.m2/repository/io/smallrye/jandex/3.2.0/jandex-3.2.0.jar:/Users/mercelvubangsi/.m2/repository/com/fasterxml/classmate/1.7.0/classmate-1.7.0.jar:/Users/mercelvubangsi/.m2/repository/net/bytebuddy/byte-buddy/1.15.11/byte-buddy-1.15.11.jar:/Users/mercelvubangsi/.m2/repository/org/glassfish/jaxb/jaxb-runtime/4.0.5/jaxb-runtime-4.0.5.jar:/Users/mercelvubangsi/.m2/repository/org/glassfish/jaxb/jaxb-core/4.0.5/jaxb-core-4.0.5.jar:/Users/mercelvubangsi/.m2/repository/org/eclipse/angus/angus-activation/2.0.2/angus-activation-2.0.2.jar:/Users/mercelvubangsi/.m2/repository/org/glassfish/jaxb/txw2/4.0.5/txw2-4.0.5.jar:/Users/mercelvubangsi/.m2/repository/com/sun/istack/istack-commons-runtime/4.1.2/istack-commons-runtime-4.1.2.jar:/Users/mercelvubangsi/.m2/repository/jakarta/inject/jakarta.inject-api/2.0.1/jakarta.inject-api-2.0.1.jar:/Users/mercelvubangsi/.m2/repository/org/antlr/antlr4-runtime/4.13.0/antlr4-runtime-4.13.0.jar:/Users/mercelvubangsi/.m2/repository/org/springframework/data/spring-data-jpa/3.4.3/spring-data-jpa-3.4.3.jar:/Users/mercelvubangsi/.m2/repository/org/springframework/data/spring-data-commons/3.4.3/spring-data-commons-3.4.3.jar:/Users/mercelvubangsi/.m2/repository/org/springframework/spring-orm/6.2.3/spring-orm-6.2.3.jar:/Users/mercelvubangsi/.m2/repository/org/springframework/spring-tx/6.2.3/spring-tx-6.2.3.jar:/Users/mercelvubangsi/.m2/repository/org/slf4j/slf4j-api/2.0.16/slf4j-api-2.0.16.jar:/Users/mercelvubangsi/.m2/repository/org/springframework/spring-aspects/6.2.3/spring-aspects-6.2.3.jar:/Users/mercelvubangsi/.m2/repository/org/aspectj/aspectjweaver/1.9.22.1/aspectjweaver-1.9.22.1.jar:/Users/mercelvubangsi/.m2/repository/org/springframework/boot/spring-boot-starter-security/3.4.3/spring-boot-starter-security-3.4.3.jar:/Users/mercelvubangsi/.m2/repository/org/springframework/spring-aop/6.2.3/spring-aop-6.2.3.jar:/Users/mercelvubangsi/.m2/repository/org/springframework/security/spring-security-config/6.4.3/spring-security-config-6.4.3.jar:/Users/mercelvubangsi/.m2/repository/org/springframework/security/spring-security-core/6.4.3/spring-security-core-6.4.3.jar:/Users/mercelvubangsi/.m2/repository/org/springframework/security/spring-security-crypto/6.4.3/spring-security-crypto-6.4.3.jar:/Users/mercelvubangsi/.m2/repository/org/springframework/security/spring-security-web/6.4.3/spring-security-web-6.4.3.jar:/Users/mercelvubangsi/.m2/repository/com/mysql/mysql-connector-j/8.0.33/mysql-connector-j-8.0.33.jar:/Users/mercelvubangsi/.m2/repository/com/h2database/h2/2.3.232/h2-2.3.232.jar:/Users/mercelvubangsi/.m2/repository/com/auth0/java-jwt/4.4.0/java-jwt-4.4.0.jar:/Users/mercelvubangsi/.m2/repository/com/fasterxml/jackson/core/jackson-databind/2.18.2/jackson-databind-2.18.2.jar:/Users/mercelvubangsi/.m2/repository/com/fasterxml/jackson/core/jackson-annotations/2.18.2/jackson-annotations-2.18.2.jar:/Users/mercelvubangsi/.m2/repository/com/fasterxml/jackson/core/jackson-core/2.18.2/jackson-core-2.18.2.jar:/Users/mercelvubangsi/.m2/repository/org/springframework/boot/spring-boot-starter-validation/3.4.3/spring-boot-starter-validation-3.4.3.jar:/Users/mercelvubangsi/.m2/repository/org/apache/tomcat/embed/tomcat-embed-el/10.1.36/tomcat-embed-el-10.1.36.jar:/Users/mercelvubangsi/.m2/repository/org/hibernate/validator/hibernate-validator/8.0.2.Final/hibernate-validator-8.0.2.Final.jar:/Users/mercelvubangsi/.m2/repository/jakarta/validation/jakarta.validation-api/3.0.2/jakarta.validation-api-3.0.2.jar:/Users/mercelvubangsi/.m2/repository/org/springdoc/springdoc-openapi-starter-webmvc-ui/2.6.0/springdoc-openapi-starter-webmvc-ui-2.6.0.jar:/Users/mercelvubangsi/.m2/repository/org/springdoc/springdoc-openapi-starter-webmvc-api/2.6.0/springdoc-openapi-starter-webmvc-api-2.6.0.jar:/Users/mercelvubangsi/.m2/repository/org/springdoc/springdoc-openapi-starter-common/2.6.0/springdoc-openapi-starter-common-2.6.0.jar:/Users/mercelvubangsi/.m2/repository/io/swagger/core/v3/swagger-core-jakarta/2.2.22/swagger-core-jakarta-2.2.22.jar:/Users/mercelvubangsi/.m2/repository/org/apache/commons/commons-lang3/3.17.0/commons-lang3-3.17.0.jar:/Users/mercelvubangsi/.m2/repository/io/swagger/core/v3/swagger-annotations-jakarta/2.2.22/swagger-annotations-jakarta-2.2.22.jar:/Users/mercelvubangsi/.m2/repository/io/swagger/core/v3/swagger-models-jakarta/2.2.22/swagger-models-jakarta-2.2.22.jar:/Users/mercelvubangsi/.m2/repository/com/fasterxml/jackson/dataformat/jackson-dataformat-yaml/2.18.2/jackson-dataformat-yaml-2.18.2.jar:/Users/mercelvubangsi/.m2/repository/org/webjars/swagger-ui/5.17.14/swagger-ui-5.17.14.jar:/Users/mercelvubangsi/.m2/repository/org/mindrot/jbcrypt/0.4/jbcrypt-0.4.jar:/Users/mercelvubangsi/.m2/repository/org/projectlombok/lombok/1.18.36/lombok-1.18.36.jar:/Users/mercelvubangsi/.m2/repository/org/springframework/boot/spring-boot-starter-test/3.4.3/spring-boot-starter-test-3.4.3.jar:/Users/mercelvubangsi/.m2/repository/org/springframework/boot/spring-boot-test/3.4.3/spring-boot-test-3.4.3.jar:/Users/mercelvubangsi/.m2/repository/org/springframework/boot/spring-boot-test-autoconfigure/3.4.3/spring-boot-test-autoconfigure-3.4.3.jar:/Users/mercelvubangsi/.m2/repository/com/jayway/jsonpath/json-path/2.9.0/json-path-2.9.0.jar:/Users/mercelvubangsi/.m2/repository/jakarta/xml/bind/jakarta.xml.bind-api/4.0.2/jakarta.xml.bind-api-4.0.2.jar:/Users/mercelvubangsi/.m2/repository/jakarta/activation/jakarta.activation-api/2.1.3/jakarta.activation-api-2.1.3.jar:/Users/mercelvubangsi/.m2/repository/net/minidev/json-smart/2.5.2/json-smart-2.5.2.jar:/Users/mercelvubangsi/.m2/repository/net/minidev/accessors-smart/2.5.2/accessors-smart-2.5.2.jar:/Users/mercelvubangsi/.m2/repository/org/ow2/asm/asm/9.7.1/asm-9.7.1.jar:/Users/mercelvubangsi/.m2/repository/org/assertj/assertj-core/3.26.3/assertj-core-3.26.3.jar:/Users/mercelvubangsi/.m2/repository/org/awaitility/awaitility/4.2.2/awaitility-4.2.2.jar:/Users/mercelvubangsi/.m2/repository/org/hamcrest/hamcrest/2.2/hamcrest-2.2.jar:/Users/mercelvubangsi/.m2/repository/org/junit/jupiter/junit-jupiter/5.11.4/junit-jupiter-5.11.4.jar:/Users/mercelvubangsi/.m2/repository/org/junit/jupiter/junit-jupiter-api/5.11.4/junit-jupiter-api-5.11.4.jar:/Users/mercelvubangsi/.m2/repository/org/opentest4j/opentest4j/1.3.0/opentest4j-1.3.0.jar:/Users/mercelvubangsi/.m2/repository/org/junit/platform/junit-platform-commons/1.11.4/junit-platform-commons-1.11.4.jar:/Users/mercelvubangsi/.m2/repository/org/apiguardian/apiguardian-api/1.1.2/apiguardian-api-1.1.2.jar:/Users/mercelvubangsi/.m2/repository/org/junit/jupiter/junit-jupiter-params/5.11.4/junit-jupiter-params-5.11.4.jar:/Users/mercelvubangsi/.m2/repository/org/junit/jupiter/junit-jupiter-engine/5.11.4/junit-jupiter-engine-5.11.4.jar:/Users/mercelvubangsi/.m2/repository/org/junit/platform/junit-platform-engine/1.11.4/junit-platform-engine-1.11.4.jar:/Users/mercelvubangsi/.m2/repository/org/mockito/mockito-core/5.14.2/mockito-core-5.14.2.jar:/Users/mercelvubangsi/.m2/repository/net/bytebuddy/byte-buddy-agent/1.15.11/byte-buddy-agent-1.15.11.jar:/Users/mercelvubangsi/.m2/repository/org/objenesis/objenesis/3.3/objenesis-3.3.jar:/Users/mercelvubangsi/.m2/repository/org/mockito/mockito-junit-jupiter/5.14.2/mockito-junit-jupiter-5.14.2.jar:/Users/mercelvubangsi/.m2/repository/org/skyscreamer/jsonassert/1.5.3/jsonassert-1.5.3.jar:/Users/mercelvubangsi/.m2/repository/com/vaadin/external/google/android-json/0.0.20131108.vaadin1/android-json-0.0.20131108.vaadin1.jar:/Users/mercelvubangsi/.m2/repository/org/springframework/spring-core/6.2.3/spring-core-6.2.3.jar:/Users/mercelvubangsi/.m2/repository/org/springframework/spring-jcl/6.2.3/spring-jcl-6.2.3.jar:/Users/mercelvubangsi/.m2/repository/org/springframework/spring-test/6.2.3/spring-test-6.2.3.jar:/Users/mercelvubangsi/.m2/repository/org/xmlunit/xmlunit-core/2.10.0/xmlunit-core-2.10.0.jar:, java.vm.vendor=Homebrew, sun.arch.data.model=64, java.vendor.url=https://github.com/Homebrew/homebrew-core/issues, user.timezone=America/Chicago, jakarta.persistence.sharedCache.mode=UNSPECIFIED, org.jboss.logging.provider=slf4j, os.name=Mac OS X, java.vm.specification.version=23, APPLICATION_NAME=flight-booking, jakarta.persistence.nonJtaDataSource=HikariDataSource (HikariPool-1), sun.java.launcher=SUN_STANDARD, user.country=US, sun.boot.library.path=/usr/local/Cellar/openjdk/23.0.1/libexec/openjdk.jdk/Contents/Home/lib, sun.java.command=/Users/mercelvubangsi/Documents/MY DOCS/MIU/STUDIES/CS425 SWE/PROJECT/new/backend/target/surefire/surefirebooter-20250319214156615_3.jar /Users/mercelvubangsi/Documents/MY DOCS/MIU/STUDIES/CS425 SWE/PROJECT/new/backend/target/surefire 2025-03-19T21-41-56_494-jvmRun1 surefire-20250319214156615_1tmp surefire_0-20250319214156615_2tmp, javax.persistence.nonJtaDataSource=HikariDataSource (HikariPool-1), hibernate.transaction.jta.platform=org.hibernate.engine.transaction.jta.platform.internal.NoJtaPlatform@4c3fcbe7, http.nonProxyHosts=local|*.local|169.254/16|*.169.254/16, jdk.debug=release, surefire.test.class.path=/Users/mercelvubangsi/Documents/MY DOCS/MIU/STUDIES/CS425 SWE/PROJECT/new/backend/target/test-classes:/Users/mercelvubangsi/Documents/MY DOCS/MIU/STUDIES/CS425 SWE/PROJECT/new/backend/target/classes:/Users/mercelvubangsi/.m2/repository/org/springframework/boot/spring-boot-starter-web/3.4.3/spring-boot-starter-web-3.4.3.jar:/Users/mercelvubangsi/.m2/repository/org/springframework/boot/spring-boot-starter/3.4.3/spring-boot-starter-3.4.3.jar:/Users/mercelvubangsi/.m2/repository/org/springframework/boot/spring-boot/3.4.3/spring-boot-3.4.3.jar:/Users/mercelvubangsi/.m2/repository/org/springframework/boot/spring-boot-autoconfigure/3.4.3/spring-boot-autoconfigure-3.4.3.jar:/Users/mercelvubangsi/.m2/repository/org/springframework/boot/spring-boot-starter-logging/3.4.3/spring-boot-starter-logging-3.4.3.jar:/Users/mercelvubangsi/.m2/repository/ch/qos/logback/logback-classic/1.5.16/logback-classic-1.5.16.jar:/Users/mercelvubangsi/.m2/repository/ch/qos/logback/logback-core/1.5.16/logback-core-1.5.16.jar:/Users/mercelvubangsi/.m2/repository/org/apache/logging/log4j/log4j-to-slf4j/2.24.3/log4j-to-slf4j-2.24.3.jar:/Users/mercelvubangsi/.m2/repository/org/apache/logging/log4j/log4j-api/2.24.3/log4j-api-2.24.3.jar:/Users/mercelvubangsi/.m2/repository/org/slf4j/jul-to-slf4j/2.0.16/jul-to-slf4j-2.0.16.jar:/Users/mercelvubangsi/.m2/repository/jakarta/annotation/jakarta.annotation-api/2.1.1/jakarta.annotation-api-2.1.1.jar:/Users/mercelvubangsi/.m2/repository/org/yaml/snakeyaml/2.3/snakeyaml-2.3.jar:/Users/mercelvubangsi/.m2/repository/org/springframework/boot/spring-boot-starter-json/3.4.3/spring-boot-starter-json-3.4.3.jar:/Users/mercelvubangsi/.m2/repository/com/fasterxml/jackson/datatype/jackson-datatype-jdk8/2.18.2/jackson-datatype-jdk8-2.18.2.jar:/Users/mercelvubangsi/.m2/repository/com/fasterxml/jackson/datatype/jackson-datatype-jsr310/2.18.2/jackson-datatype-jsr310-2.18.2.jar:/Users/mercelvubangsi/.m2/repository/com/fasterxml/jackson/module/jackson-module-parameter-names/2.18.2/jackson-module-parameter-names-2.18.2.jar:/Users/mercelvubangsi/.m2/repository/org/springframework/boot/spring-boot-starter-tomcat/3.4.3/spring-boot-starter-tomcat-3.4.3.jar:/Users/mercelvubangsi/.m2/repository/org/apache/tomcat/embed/tomcat-embed-core/10.1.36/tomcat-embed-core-10.1.36.jar:/Users/mercelvubangsi/.m2/repository/org/apache/tomcat/embed/tomcat-embed-websocket/10.1.36/tomcat-embed-websocket-10.1.36.jar:/Users/mercelvubangsi/.m2/repository/org/springframework/spring-web/6.2.3/spring-web-6.2.3.jar:/Users/mercelvubangsi/.m2/repository/org/springframework/spring-beans/6.2.3/spring-beans-6.2.3.jar:/Users/mercelvubangsi/.m2/repository/io/micrometer/micrometer-observation/1.14.4/micrometer-observation-1.14.4.jar:/Users/mercelvubangsi/.m2/repository/io/micrometer/micrometer-commons/1.14.4/micrometer-commons-1.14.4.jar:/Users/mercelvubangsi/.m2/repository/org/springframework/spring-webmvc/6.2.3/spring-webmvc-6.2.3.jar:/Users/mercelvubangsi/.m2/repository/org/springframework/spring-context/6.2.3/spring-context-6.2.3.jar:/Users/mercelvubangsi/.m2/repository/org/springframework/spring-expression/6.2.3/spring-expression-6.2.3.jar:/Users/mercelvubangsi/.m2/repository/org/springframework/boot/spring-boot-starter-data-jpa/3.4.3/spring-boot-starter-data-jpa-3.4.3.jar:/Users/mercelvubangsi/.m2/repository/org/springframework/boot/spring-boot-starter-jdbc/3.4.3/spring-boot-starter-jdbc-3.4.3.jar:/Users/mercelvubangsi/.m2/repository/com/zaxxer/HikariCP/5.1.0/HikariCP-5.1.0.jar:/Users/mercelvubangsi/.m2/repository/org/springframework/spring-jdbc/6.2.3/spring-jdbc-6.2.3.jar:/Users/mercelvubangsi/.m2/repository/org/hibernate/orm/hibernate-core/6.6.8.Final/hibernate-core-6.6.8.Final.jar:/Users/mercelvubangsi/.m2/repository/jakarta/persistence/jakarta.persistence-api/3.1.0/jakarta.persistence-api-3.1.0.jar:/Users/mercelvubangsi/.m2/repository/jakarta/transaction/jakarta.transaction-api/2.0.1/jakarta.transaction-api-2.0.1.jar:/Users/mercelvubangsi/.m2/repository/org/jboss/logging/jboss-logging/3.6.1.Final/jboss-logging-3.6.1.Final.jar:/Users/mercelvubangsi/.m2/repository/org/hibernate/common/hibernate-commons-annotations/7.0.3.Final/hibernate-commons-annotations-7.0.3.Final.jar:/Users/mercelvubangsi/.m2/repository/io/smallrye/jandex/3.2.0/jandex-3.2.0.jar:/Users/mercelvubangsi/.m2/repository/com/fasterxml/classmate/1.7.0/classmate-1.7.0.jar:/Users/mercelvubangsi/.m2/repository/net/bytebuddy/byte-buddy/1.15.11/byte-buddy-1.15.11.jar:/Users/mercelvubangsi/.m2/repository/org/glassfish/jaxb/jaxb-runtime/4.0.5/jaxb-runtime-4.0.5.jar:/Users/mercelvubangsi/.m2/repository/org/glassfish/jaxb/jaxb-core/4.0.5/jaxb-core-4.0.5.jar:/Users/mercelvubangsi/.m2/repository/org/eclipse/angus/angus-activation/2.0.2/angus-activation-2.0.2.jar:/Users/mercelvubangsi/.m2/repository/org/glassfish/jaxb/txw2/4.0.5/txw2-4.0.5.jar:/Users/mercelvubangsi/.m2/repository/com/sun/istack/istack-commons-runtime/4.1.2/istack-commons-runtime-4.1.2.jar:/Users/mercelvubangsi/.m2/repository/jakarta/inject/jakarta.inject-api/2.0.1/jakarta.inject-api-2.0.1.jar:/Users/mercelvubangsi/.m2/repository/org/antlr/antlr4-runtime/4.13.0/antlr4-runtime-4.13.0.jar:/Users/mercelvubangsi/.m2/repository/org/springframework/data/spring-data-jpa/3.4.3/spring-data-jpa-3.4.3.jar:/Users/mercelvubangsi/.m2/repository/org/springframework/data/spring-data-commons/3.4.3/spring-data-commons-3.4.3.jar:/Users/mercelvubangsi/.m2/repository/org/springframework/spring-orm/6.2.3/spring-orm-6.2.3.jar:/Users/mercelvubangsi/.m2/repository/org/springframework/spring-tx/6.2.3/spring-tx-6.2.3.jar:/Users/mercelvubangsi/.m2/repository/org/slf4j/slf4j-api/2.0.16/slf4j-api-2.0.16.jar:/Users/mercelvubangsi/.m2/repository/org/springframework/spring-aspects/6.2.3/spring-aspects-6.2.3.jar:/Users/mercelvubangsi/.m2/repository/org/aspectj/aspectjweaver/1.9.22.1/aspectjweaver-1.9.22.1.jar:/Users/mercelvubangsi/.m2/repository/org/springframework/boot/spring-boot-starter-security/3.4.3/spring-boot-starter-security-3.4.3.jar:/Users/mercelvubangsi/.m2/repository/org/springframework/spring-aop/6.2.3/spring-aop-6.2.3.jar:/Users/mercelvubangsi/.m2/repository/org/springframework/security/spring-security-config/6.4.3/spring-security-config-6.4.3.jar:/Users/mercelvubangsi/.m2/repository/org/springframework/security/spring-security-core/6.4.3/spring-security-core-6.4.3.jar:/Users/mercelvubangsi/.m2/repository/org/springframework/security/spring-security-crypto/6.4.3/spring-security-crypto-6.4.3.jar:/Users/mercelvubangsi/.m2/repository/org/springframework/security/spring-security-web/6.4.3/spring-security-web-6.4.3.jar:/Users/mercelvubangsi/.m2/repository/com/mysql/mysql-connector-j/8.0.33/mysql-connector-j-8.0.33.jar:/Users/mercelvubangsi/.m2/repository/com/h2database/h2/2.3.232/h2-2.3.232.jar:/Users/mercelvubangsi/.m2/repository/com/auth0/java-jwt/4.4.0/java-jwt-4.4.0.jar:/Users/mercelvubangsi/.m2/repository/com/fasterxml/jackson/core/jackson-databind/2.18.2/jackson-databind-2.18.2.jar:/Users/mercelvubangsi/.m2/repository/com/fasterxml/jackson/core/jackson-annotations/2.18.2/jackson-annotations-2.18.2.jar:/Users/mercelvubangsi/.m2/repository/com/fasterxml/jackson/core/jackson-core/2.18.2/jackson-core-2.18.2.jar:/Users/mercelvubangsi/.m2/repository/org/springframework/boot/spring-boot-starter-validation/3.4.3/spring-boot-starter-validation-3.4.3.jar:/Users/mercelvubangsi/.m2/repository/org/apache/tomcat/embed/tomcat-embed-el/10.1.36/tomcat-embed-el-10.1.36.jar:/Users/mercelvubangsi/.m2/repository/org/hibernate/validator/hibernate-validator/8.0.2.Final/hibernate-validator-8.0.2.Final.jar:/Users/mercelvubangsi/.m2/repository/jakarta/validation/jakarta.validation-api/3.0.2/jakarta.validation-api-3.0.2.jar:/Users/mercelvubangsi/.m2/repository/org/springdoc/springdoc-openapi-starter-webmvc-ui/2.6.0/springdoc-openapi-starter-webmvc-ui-2.6.0.jar:/Users/mercelvubangsi/.m2/repository/org/springdoc/springdoc-openapi-starter-webmvc-api/2.6.0/springdoc-openapi-starter-webmvc-api-2.6.0.jar:/Users/mercelvubangsi/.m2/repository/org/springdoc/springdoc-openapi-starter-common/2.6.0/springdoc-openapi-starter-common-2.6.0.jar:/Users/mercelvubangsi/.m2/repository/io/swagger/core/v3/swagger-core-jakarta/2.2.22/swagger-core-jakarta-2.2.22.jar:/Users/mercelvubangsi/.m2/repository/org/apache/commons/commons-lang3/3.17.0/commons-lang3-3.17.0.jar:/Users/mercelvubangsi/.m2/repository/io/swagger/core/v3/swagger-annotations-jakarta/2.2.22/swagger-annotations-jakarta-2.2.22.jar:/Users/mercelvubangsi/.m2/repository/io/swagger/core/v3/swagger-models-jakarta/2.2.22/swagger-models-jakarta-2.2.22.jar:/Users/mercelvubangsi/.m2/repository/com/fasterxml/jackson/dataformat/jackson-dataformat-yaml/2.18.2/jackson-dataformat-yaml-2.18.2.jar:/Users/mercelvubangsi/.m2/repository/org/webjars/swagger-ui/5.17.14/swagger-ui-5.17.14.jar:/Users/mercelvubangsi/.m2/repository/org/mindrot/jbcrypt/0.4/jbcrypt-0.4.jar:/Users/mercelvubangsi/.m2/repository/org/projectlombok/lombok/1.18.36/lombok-1.18.36.jar:/Users/mercelvubangsi/.m2/repository/org/springframework/boot/spring-boot-starter-test/3.4.3/spring-boot-starter-test-3.4.3.jar:/Users/mercelvubangsi/.m2/repository/org/springframework/boot/spring-boot-test/3.4.3/spring-boot-test-3.4.3.jar:/Users/mercelvubangsi/.m2/repository/org/springframework/boot/spring-boot-test-autoconfigure/3.4.3/spring-boot-test-autoconfigure-3.4.3.jar:/Users/mercelvubangsi/.m2/repository/com/jayway/jsonpath/json-path/2.9.0/json-path-2.9.0.jar:/Users/mercelvubangsi/.m2/repository/jakarta/xml/bind/jakarta.xml.bind-api/4.0.2/jakarta.xml.bind-api-4.0.2.jar:/Users/mercelvubangsi/.m2/repository/jakarta/activation/jakarta.activation-api/2.1.3/jakarta.activation-api-2.1.3.jar:/Users/mercelvubangsi/.m2/repository/net/minidev/json-smart/2.5.2/json-smart-2.5.2.jar:/Users/mercelvubangsi/.m2/repository/net/minidev/accessors-smart/2.5.2/accessors-smart-2.5.2.jar:/Users/mercelvubangsi/.m2/repository/org/ow2/asm/asm/9.7.1/asm-9.7.1.jar:/Users/mercelvubangsi/.m2/repository/org/assertj/assertj-core/3.26.3/assertj-core-3.26.3.jar:/Users/mercelvubangsi/.m2/repository/org/awaitility/awaitility/4.2.2/awaitility-4.2.2.jar:/Users/mercelvubangsi/.m2/repository/org/hamcrest/hamcrest/2.2/hamcrest-2.2.jar:/Users/mercelvubangsi/.m2/repository/org/junit/jupiter/junit-jupiter/5.11.4/junit-jupiter-5.11.4.jar:/Users/mercelvubangsi/.m2/repository/org/junit/jupiter/junit-jupiter-api/5.11.4/junit-jupiter-api-5.11.4.jar:/Users/mercelvubangsi/.m2/repository/org/opentest4j/opentest4j/1.3.0/opentest4j-1.3.0.jar:/Users/mercelvubangsi/.m2/repository/org/junit/platform/junit-platform-commons/1.11.4/junit-platform-commons-1.11.4.jar:/Users/mercelvubangsi/.m2/repository/org/apiguardian/apiguardian-api/1.1.2/apiguardian-api-1.1.2.jar:/Users/mercelvubangsi/.m2/repository/org/junit/jupiter/junit-jupiter-params/5.11.4/junit-jupiter-params-5.11.4.jar:/Users/mercelvubangsi/.m2/repository/org/junit/jupiter/junit-jupiter-engine/5.11.4/junit-jupiter-engine-5.11.4.jar:/Users/mercelvubangsi/.m2/repository/org/junit/platform/junit-platform-engine/1.11.4/junit-platform-engine-1.11.4.jar:/Users/mercelvubangsi/.m2/repository/org/mockito/mockito-core/5.14.2/mockito-core-5.14.2.jar:/Users/mercelvubangsi/.m2/repository/net/bytebuddy/byte-buddy-agent/1.15.11/byte-buddy-agent-1.15.11.jar:/Users/mercelvubangsi/.m2/repository/org/objenesis/objenesis/3.3/objenesis-3.3.jar:/Users/mercelvubangsi/.m2/repository/org/mockito/mockito-junit-jupiter/5.14.2/mockito-junit-jupiter-5.14.2.jar:/Users/mercelvubangsi/.m2/repository/org/skyscreamer/jsonassert/1.5.3/jsonassert-1.5.3.jar:/Users/mercelvubangsi/.m2/repository/com/vaadin/external/google/android-json/0.0.20131108.vaadin1/android-json-0.0.20131108.vaadin1.jar:/Users/mercelvubangsi/.m2/repository/org/springframework/spring-core/6.2.3/spring-core-6.2.3.jar:/Users/mercelvubangsi/.m2/repository/org/springframework/spring-jcl/6.2.3/spring-jcl-6.2.3.jar:/Users/mercelvubangsi/.m2/repository/org/springframework/spring-test/6.2.3/spring-test-6.2.3.jar:/Users/mercelvubangsi/.m2/repository/org/xmlunit/xmlunit-core/2.10.0/xmlunit-core-2.10.0.jar:, sun.cpu.endian=little, hibernate.cdi.extensions=true, user.home=/Users/mercelvubangsi, user.language=en, java.specification.vendor=Oracle Corporation, java.version.date=2024-10-15, java.home=/usr/local/Cellar/openjdk/23.0.1/libexec/openjdk.jdk/Contents/Home, file.separator=/, basedir=/Users/mercelvubangsi/Documents/MY DOCS/MIU/STUDIES/CS425 SWE/PROJECT/new/backend, java.vm.compressedOopsMode=Zero based, line.separator=
, hibernate.persistenceUnitName=default, java.vm.specification.vendor=Oracle Corporation, java.specification.name=Java Platform API Specification, FILE_LOG_CHARSET=UTF-8, hibernate.transaction.coordinator_class=class org.hibernate.resource.transaction.backend.jdbc.internal.JdbcResourceLocalTransactionCoordinatorBuilderImpl, java.awt.headless=true, apple.awt.application.name=ForkedBooter, surefire.real.class.path=/Users/mercelvubangsi/Documents/MY DOCS/MIU/STUDIES/CS425 SWE/PROJECT/new/backend/target/surefire/surefirebooter-20250319214156615_3.jar, jakarta.persistence.validation.mode=AUTO, hibernate.hbm2ddl.auto=create, sun.management.compiler=HotSpot 64-Bit Tiered Compilers, ftp.nonProxyHosts=local|*.local|169.254/16|*.169.254/16, java.runtime.version=23.0.1, user.name=mercelvubangsi, stdout.encoding=UTF-8, path.separator=:, os.version=13.7.2, java.runtime.name=OpenJDK Runtime Environment, file.encoding=UTF-8, java.vm.name=OpenJDK 64-Bit Server VM, hibernate.show_sql=true, java.vendor.version=Homebrew, localRepository=/Users/mercelvubangsi/.m2/repository, java.vendor.url.bug=https://github.com/Homebrew/homebrew-core/issues, java.io.tmpdir=/var/folders/cs/h8q220ps5nb4znyn5h36865m0000gn/T/, java.version=23.0.1, hibernate.physical_naming_strategy=org.hibernate.boot.model.naming.CamelCaseToUnderscoresNamingStrategy, user.dir=/Users/mercelvubangsi/Documents/MY DOCS/MIU/STUDIES/CS425 SWE/PROJECT/new/backend, os.arch=x86_64, java.vm.specification.name=Java Virtual Machine Specification, PID=80480, CONSOLE_LOG_CHARSET=UTF-8, hibernate.boot.CfgXmlAccessService.key=org.hibernate.boot.registry.StandardServiceRegistryBuilder$1@1e592ef2, native.encoding=UTF-8, java.library.path=/Users/mercelvubangsi/Library/Java/Extensions:/Library/Java/Extensions:/Network/Library/Java/Extensions:/System/Library/Java/Extensions:/usr/lib/java:., stderr.encoding=UTF-8, java.vendor=Homebrew, java.vm.info=mixed mode, sharing, java.vm.version=23.0.1, sun.io.unicode.encoding=UnicodeBig, hibernate.archive.scanner=org.hibernate.boot.archive.scan.internal.DisabledScanner, hibernate.connection.datasource=HikariDataSource (HikariPool-1), socksNonProxyHosts=local|*.local|169.254/16|*.169.254/16, java.class.version=67.0, LOGGED_APPLICATION_NAME=[flight-booking] }
2025-03-19T21:42:02.851-05:00 DEBUG 80480 --- [flight-booking] [           main] o.hibernate.internal.SessionFactoryImpl  : Session factory constructed with filter configurations : {}
2025-03-19T21:42:02.856-05:00 DEBUG 80480 --- [flight-booking] [           main] o.h.v.i.xml.config.ValidationXmlParser   : Trying to load META-INF/validation.xml for XML based Validator configuration.
2025-03-19T21:42:02.856-05:00 DEBUG 80480 --- [flight-booking] [           main] o.h.v.i.xml.config.ResourceLoaderHelper  : Trying to load META-INF/validation.xml via TCCL
2025-03-19T21:42:02.856-05:00 DEBUG 80480 --- [flight-booking] [           main] o.h.v.i.xml.config.ResourceLoaderHelper  : Trying to load META-INF/validation.xml via Hibernate Validator's class loader
2025-03-19T21:42:02.856-05:00 DEBUG 80480 --- [flight-booking] [           main] o.h.v.i.xml.config.ValidationXmlParser   : No META-INF/validation.xml found. Using annotation based configuration only.
2025-03-19T21:42:02.856-05:00 DEBUG 80480 --- [flight-booking] [           main] o.h.v.i.e.resolver.TraversableResolvers  : Found jakarta.persistence.Persistence on classpath containing 'getPersistenceUtil'. Assuming JPA 2 environment. Trying to instantiate JPA aware TraversableResolver
2025-03-19T21:42:02.856-05:00 DEBUG 80480 --- [flight-booking] [           main] o.h.v.i.e.resolver.TraversableResolvers  : Instantiated JPA aware TraversableResolver of type org.hibernate.validator.internal.engine.resolver.JPATraversableResolver.
2025-03-19T21:42:02.859-05:00 DEBUG 80480 --- [flight-booking] [           main] .h.v.m.ResourceBundleMessageInterpolator : Loaded expression factory via original TCCL
2025-03-19T21:42:02.860-05:00 DEBUG 80480 --- [flight-booking] [           main] .i.e.ValidatorFactoryConfigurationHelper : HV000252: Using org.hibernate.validator.internal.engine.DefaultPropertyNodeNameProvider as property node name provider.
2025-03-19T21:42:02.861-05:00 DEBUG 80480 --- [flight-booking] [           main] .i.e.ValidatorFactoryConfigurationHelper : HV000234: Using org.hibernate.validator.messageinterpolation.ResourceBundleMessageInterpolator as ValidatorFactory-scoped message interpolator.
2025-03-19T21:42:02.861-05:00 DEBUG 80480 --- [flight-booking] [           main] .i.e.ValidatorFactoryConfigurationHelper : HV000234: Using org.hibernate.validator.internal.engine.resolver.JPATraversableResolver as ValidatorFactory-scoped traversable resolver.
2025-03-19T21:42:02.861-05:00 DEBUG 80480 --- [flight-booking] [           main] .i.e.ValidatorFactoryConfigurationHelper : HV000234: Using org.hibernate.validator.internal.util.ExecutableParameterNameProvider as ValidatorFactory-scoped parameter name provider.
2025-03-19T21:42:02.861-05:00 DEBUG 80480 --- [flight-booking] [           main] .i.e.ValidatorFactoryConfigurationHelper : HV000234: Using org.hibernate.validator.internal.engine.DefaultClockProvider as ValidatorFactory-scoped clock provider.
2025-03-19T21:42:02.861-05:00 DEBUG 80480 --- [flight-booking] [           main] .i.e.ValidatorFactoryConfigurationHelper : HV000234: Using org.hibernate.validator.internal.engine.scripting.DefaultScriptEvaluatorFactory as ValidatorFactory-scoped script evaluator factory.
2025-03-19T21:42:02.862-05:00 DEBUG 80480 --- [flight-booking] [           main] o.h.boot.internal.ClassLoaderAccessImpl  : Not known whether passed class name [edu.miu.cs.cs425.backend.domain.entity.Flight] is safe
2025-03-19T21:42:02.862-05:00 DEBUG 80480 --- [flight-booking] [           main] o.h.boot.internal.ClassLoaderAccessImpl  : No temp ClassLoader provided; using live ClassLoader for loading potentially unsafe class : edu.miu.cs.cs425.backend.domain.entity.Flight
2025-03-19T21:42:02.889-05:00 DEBUG 80480 --- [flight-booking] [           main] o.h.boot.internal.ClassLoaderAccessImpl  : Not known whether passed class name [edu.miu.cs.cs425.backend.domain.entity.Role] is safe
2025-03-19T21:42:02.890-05:00 DEBUG 80480 --- [flight-booking] [           main] o.h.boot.internal.ClassLoaderAccessImpl  : No temp ClassLoader provided; using live ClassLoader for loading potentially unsafe class : edu.miu.cs.cs425.backend.domain.entity.Role
2025-03-19T21:42:02.892-05:00 DEBUG 80480 --- [flight-booking] [           main] o.h.boot.internal.ClassLoaderAccessImpl  : Not known whether passed class name [edu.miu.cs.cs425.backend.domain.entity.Airline] is safe
2025-03-19T21:42:02.892-05:00 DEBUG 80480 --- [flight-booking] [           main] o.h.boot.internal.ClassLoaderAccessImpl  : No temp ClassLoader provided; using live ClassLoader for loading potentially unsafe class : edu.miu.cs.cs425.backend.domain.entity.Airline
2025-03-19T21:42:02.894-05:00 DEBUG 80480 --- [flight-booking] [           main] o.h.boot.internal.ClassLoaderAccessImpl  : Not known whether passed class name [edu.miu.cs.cs425.backend.domain.entity.FlightLeg] is safe
2025-03-19T21:42:02.894-05:00 DEBUG 80480 --- [flight-booking] [           main] o.h.boot.internal.ClassLoaderAccessImpl  : No temp ClassLoader provided; using live ClassLoader for loading potentially unsafe class : edu.miu.cs.cs425.backend.domain.entity.FlightLeg
2025-03-19T21:42:02.896-05:00 DEBUG 80480 --- [flight-booking] [           main] o.h.boot.internal.ClassLoaderAccessImpl  : Not known whether passed class name [edu.miu.cs.cs425.backend.domain.entity.Airport] is safe
2025-03-19T21:42:02.896-05:00 DEBUG 80480 --- [flight-booking] [           main] o.h.boot.internal.ClassLoaderAccessImpl  : No temp ClassLoader provided; using live ClassLoader for loading potentially unsafe class : edu.miu.cs.cs425.backend.domain.entity.Airport
2025-03-19T21:42:02.897-05:00 DEBUG 80480 --- [flight-booking] [           main] o.h.boot.internal.ClassLoaderAccessImpl  : Not known whether passed class name [edu.miu.cs.cs425.backend.domain.entity.Booking] is safe
2025-03-19T21:42:02.898-05:00 DEBUG 80480 --- [flight-booking] [           main] o.h.boot.internal.ClassLoaderAccessImpl  : No temp ClassLoader provided; using live ClassLoader for loading potentially unsafe class : edu.miu.cs.cs425.backend.domain.entity.Booking
2025-03-19T21:42:02.901-05:00 DEBUG 80480 --- [flight-booking] [           main] o.h.boot.internal.ClassLoaderAccessImpl  : Not known whether passed class name [edu.miu.cs.cs425.backend.domain.entity.User] is safe
2025-03-19T21:42:02.902-05:00 DEBUG 80480 --- [flight-booking] [           main] o.h.boot.internal.ClassLoaderAccessImpl  : No temp ClassLoader provided; using live ClassLoader for loading potentially unsafe class : edu.miu.cs.cs425.backend.domain.entity.User
2025-03-19T21:42:02.906-05:00 DEBUG 80480 --- [flight-booking] [           main] .h.s.i.SessionFactoryServiceRegistryImpl : EventListenerRegistry access via ServiceRegistry is deprecated.  Use `sessionFactory.getEventEngine().getListenerRegistry()` instead
2025-03-19T21:42:02.969-05:00 DEBUG 80480 --- [flight-booking] [           main] o.h.q.sqm.function.SqmFunctionRegistry   : Registered SqmFunctionTemplate [NamedSqmFunctionTemplate(max)] under max; prior registration was null
2025-03-19T21:42:02.969-05:00 DEBUG 80480 --- [flight-booking] [           main] o.h.q.sqm.function.SqmFunctionRegistry   : Registered SqmFunctionTemplate [NamedSqmFunctionTemplate(min)] under min; prior registration was null
2025-03-19T21:42:02.970-05:00 DEBUG 80480 --- [flight-booking] [           main] o.h.q.sqm.function.SqmFunctionRegistry   : Registered SqmFunctionTemplate [NamedSqmFunctionTemplate(sum)] under sum; prior registration was null
2025-03-19T21:42:02.972-05:00 DEBUG 80480 --- [flight-booking] [           main] o.h.q.sqm.function.SqmFunctionRegistry   : Registered SqmFunctionTemplate [NamedSqmFunctionTemplate(avg)] under avg; prior registration was null
2025-03-19T21:42:02.973-05:00 DEBUG 80480 --- [flight-booking] [           main] o.h.q.sqm.function.SqmFunctionRegistry   : Registered SqmFunctionTemplate [org.hibernate.dialect.function.CountFunction@ce0bbd5] under count; prior registration was null
2025-03-19T21:42:02.974-05:00 DEBUG 80480 --- [flight-booking] [           main] o.h.q.sqm.function.SqmFunctionRegistry   : Registered SqmFunctionTemplate [org.hibernate.dialect.function.EveryAnyEmulation@318511f0] under every; prior registration was null
2025-03-19T21:42:02.974-05:00 DEBUG 80480 --- [flight-booking] [           main] o.h.q.sqm.function.SqmFunctionRegistry   : Registered SqmFunctionTemplate [org.hibernate.dialect.function.EveryAnyEmulation@53564a4c] under any; prior registration was null
2025-03-19T21:42:02.974-05:00 DEBUG 80480 --- [flight-booking] [           main] o.h.q.sqm.function.SqmFunctionRegistry   : Registered SqmFunctionTemplate [NamedSqmFunctionTemplate(floor)] under floor; prior registration was null
2025-03-19T21:42:02.974-05:00 DEBUG 80480 --- [flight-booking] [           main] o.h.q.sqm.function.SqmFunctionRegistry   : Registered SqmFunctionTemplate [NamedSqmFunctionTemplate(ceiling)] under ceiling; prior registration was null
2025-03-19T21:42:02.974-05:00 DEBUG 80480 --- [flight-booking] [           main] o.h.q.sqm.function.SqmFunctionRegistry   : Registered SqmFunctionTemplate [NamedSqmFunctionTemplate(mod)] under mod; prior registration was null
2025-03-19T21:42:02.974-05:00 DEBUG 80480 --- [flight-booking] [           main] o.h.q.sqm.function.SqmFunctionRegistry   : Registered SqmFunctionTemplate [NamedSqmFunctionTemplate(abs)] under abs; prior registration was null
2025-03-19T21:42:02.974-05:00 DEBUG 80480 --- [flight-booking] [           main] o.h.q.sqm.function.SqmFunctionRegistry   : Registered SqmFunctionTemplate [NamedSqmFunctionTemplate(sign)] under sign; prior registration was null
2025-03-19T21:42:02.974-05:00 DEBUG 80480 --- [flight-booking] [           main] o.h.q.sqm.function.SqmFunctionRegistry   : Registered SqmFunctionTemplate [NamedSqmFunctionTemplate(sqrt)] under sqrt; prior registration was null
2025-03-19T21:42:02.974-05:00 DEBUG 80480 --- [flight-booking] [           main] o.h.q.sqm.function.SqmFunctionRegistry   : Registered SqmFunctionTemplate [NamedSqmFunctionTemplate(ln)] under ln; prior registration was null
2025-03-19T21:42:02.974-05:00 DEBUG 80480 --- [flight-booking] [           main] o.h.q.sqm.function.SqmFunctionRegistry   : Registered SqmFunctionTemplate [NamedSqmFunctionTemplate(exp)] under exp; prior registration was null
2025-03-19T21:42:02.974-05:00 DEBUG 80480 --- [flight-booking] [           main] o.h.q.sqm.function.SqmFunctionRegistry   : Registered SqmFunctionTemplate [NamedSqmFunctionTemplate(power)] under power; prior registration was null
2025-03-19T21:42:02.975-05:00 DEBUG 80480 --- [flight-booking] [           main] o.h.q.sqm.function.SqmFunctionRegistry   : Registered SqmFunctionTemplate [NamedSqmFunctionTemplate(round)] under round; prior registration was null
2025-03-19T21:42:02.975-05:00 DEBUG 80480 --- [flight-booking] [           main] o.h.q.sqm.function.SqmFunctionRegistry   : Registered SqmFunctionTemplate [NamedSqmFunctionTemplate(sin)] under sin; prior registration was null
2025-03-19T21:42:02.975-05:00 DEBUG 80480 --- [flight-booking] [           main] o.h.q.sqm.function.SqmFunctionRegistry   : Registered SqmFunctionTemplate [NamedSqmFunctionTemplate(cos)] under cos; prior registration was null
2025-03-19T21:42:02.975-05:00 DEBUG 80480 --- [flight-booking] [           main] o.h.q.sqm.function.SqmFunctionRegistry   : Registered SqmFunctionTemplate [NamedSqmFunctionTemplate(tan)] under tan; prior registration was null
2025-03-19T21:42:02.975-05:00 DEBUG 80480 --- [flight-booking] [           main] o.h.q.sqm.function.SqmFunctionRegistry   : Registered SqmFunctionTemplate [NamedSqmFunctionTemplate(asin)] under asin; prior registration was null
2025-03-19T21:42:02.975-05:00 DEBUG 80480 --- [flight-booking] [           main] o.h.q.sqm.function.SqmFunctionRegistry   : Registered SqmFunctionTemplate [NamedSqmFunctionTemplate(acos)] under acos; prior registration was null
2025-03-19T21:42:02.975-05:00 DEBUG 80480 --- [flight-booking] [           main] o.h.q.sqm.function.SqmFunctionRegistry   : Registered SqmFunctionTemplate [NamedSqmFunctionTemplate(atan)] under atan; prior registration was null
2025-03-19T21:42:02.975-05:00 DEBUG 80480 --- [flight-booking] [           main] o.h.q.sqm.function.SqmFunctionRegistry   : Registered SqmFunctionTemplate [NamedSqmFunctionTemplate(atan2)] under atan2; prior registration was null
2025-03-19T21:42:02.976-05:00 DEBUG 80480 --- [flight-booking] [           main] o.h.q.sqm.function.SqmFunctionRegistry   : Registered SqmFunctionTemplate [org.hibernate.query.sqm.function.PatternBasedSqmFunctionDescriptor@dcdb883] under sinh; prior registration was null
2025-03-19T21:42:02.976-05:00 DEBUG 80480 --- [flight-booking] [           main] o.h.q.sqm.function.SqmFunctionRegistry   : Registered SqmFunctionTemplate [org.hibernate.query.sqm.function.PatternBasedSqmFunctionDescriptor@39420d59] under cosh; prior registration was null
2025-03-19T21:42:02.976-05:00 DEBUG 80480 --- [flight-booking] [           main] o.h.q.sqm.function.SqmFunctionRegistry   : Registered SqmFunctionTemplate [org.hibernate.query.sqm.function.PatternBasedSqmFunctionDescriptor@4fbbd98c] under tanh; prior registration was null
2025-03-19T21:42:02.976-05:00 DEBUG 80480 --- [flight-booking] [           main] o.h.q.sqm.function.SqmFunctionRegistry   : Registered SqmFunctionTemplate [org.hibernate.query.sqm.function.PatternBasedSqmFunctionDescriptor@5dd227b7] under pi; prior registration was null
2025-03-19T21:42:02.976-05:00 DEBUG 80480 --- [flight-booking] [           main] o.h.q.sqm.function.SqmFunctionRegistry   : Registered SqmFunctionTemplate [org.hibernate.query.sqm.function.PatternBasedSqmFunctionDescriptor@3d3b852e] under log; prior registration was null
2025-03-19T21:42:02.977-05:00 DEBUG 80480 --- [flight-booking] [           main] o.h.q.sqm.function.SqmFunctionRegistry   : Registered SqmFunctionTemplate [NamedSqmFunctionTemplate(coalesce)] under coalesce; prior registration was null
2025-03-19T21:42:02.977-05:00 DEBUG 80480 --- [flight-booking] [           main] o.h.q.sqm.function.SqmFunctionRegistry   : Registered SqmFunctionTemplate [NamedSqmFunctionTemplate(nullif)] under nullif; prior registration was null
2025-03-19T21:42:02.977-05:00 DEBUG 80480 --- [flight-booking] [           main] o.h.q.sqm.function.SqmFunctionRegistry   : Registered SqmFunctionTemplate [NamedSqmFunctionTemplate(left)] under left; prior registration was null
2025-03-19T21:42:02.977-05:00 DEBUG 80480 --- [flight-booking] [           main] o.h.q.sqm.function.SqmFunctionRegistry   : Registered SqmFunctionTemplate [NamedSqmFunctionTemplate(right)] under right; prior registration was null
2025-03-19T21:42:02.977-05:00 DEBUG 80480 --- [flight-booking] [           main] o.h.q.sqm.function.SqmFunctionRegistry   : Registered SqmFunctionTemplate [NamedSqmFunctionTemplate(replace)] under replace; prior registration was null
2025-03-19T21:42:02.977-05:00 DEBUG 80480 --- [flight-booking] [           main] o.h.q.sqm.function.SqmFunctionRegistry   : Registered SqmFunctionTemplate [NamedSqmFunctionTemplate(concat)] under concat; prior registration was null
2025-03-19T21:42:02.977-05:00 DEBUG 80480 --- [flight-booking] [           main] o.h.q.sqm.function.SqmFunctionRegistry   : Registered SqmFunctionTemplate [NamedSqmFunctionTemplate(lower)] under lower; prior registration was null
2025-03-19T21:42:02.977-05:00 DEBUG 80480 --- [flight-booking] [           main] o.h.q.sqm.function.SqmFunctionRegistry   : Registered SqmFunctionTemplate [NamedSqmFunctionTemplate(upper)] under upper; prior registration was null
2025-03-19T21:42:02.977-05:00 DEBUG 80480 --- [flight-booking] [           main] o.h.q.sqm.function.SqmFunctionRegistry   : Registered SqmFunctionTemplate [NamedSqmFunctionTemplate(substring)] under substring; prior registration was null
2025-03-19T21:42:02.977-05:00 DEBUG 80480 --- [flight-booking] [           main] o.h.q.sqm.function.SqmFunctionRegistry   : Registered SqmFunctionTemplate [NamedSqmFunctionTemplate(locate)] under locate; prior registration was null
2025-03-19T21:42:02.977-05:00 DEBUG 80480 --- [flight-booking] [           main] o.h.q.sqm.function.SqmFunctionRegistry   : Registered SqmFunctionTemplate [NamedSqmFunctionTemplate(character_length)] under character_length; prior registration was null
2025-03-19T21:42:02.977-05:00 DEBUG 80480 --- [flight-booking] [           main] o.h.q.sqm.function.SqmFunctionRegistry   : Registering alternate key : length -> character_length
2025-03-19T21:42:02.978-05:00 DEBUG 80480 --- [flight-booking] [           main] o.h.q.sqm.function.SqmFunctionRegistry   : Registered SqmFunctionTemplate [org.hibernate.dialect.function.LocatePositionEmulation@1fa796a4] under position; prior registration was null
2025-03-19T21:42:02.980-05:00 DEBUG 80480 --- [flight-booking] [           main] o.h.q.sqm.function.SqmFunctionRegistry   : Registered SqmFunctionTemplate [org.hibernate.dialect.function.InsertSubstringOverlayEmulation@750c23a3] under overlay; prior registration was null
2025-03-19T21:42:02.981-05:00 DEBUG 80480 --- [flight-booking] [           main] o.h.q.sqm.function.SqmFunctionRegistry   : Registered SqmFunctionTemplate [org.hibernate.dialect.function.TrimFunction@49c4118b] under trim; prior registration was null
2025-03-19T21:42:02.983-05:00 DEBUG 80480 --- [flight-booking] [           main] o.h.q.sqm.function.SqmFunctionRegistry   : Registered SqmFunctionTemplate [org.hibernate.dialect.function.CastFunction@35b58254] under cast; prior registration was null
2025-03-19T21:42:02.983-05:00 DEBUG 80480 --- [flight-booking] [           main] o.h.q.sqm.function.SqmFunctionRegistry   : Registered SqmFunctionTemplate [org.hibernate.query.sqm.function.PatternBasedSqmFunctionDescriptor@73baf7f0] under collate; prior registration was null
2025-03-19T21:42:02.984-05:00 DEBUG 80480 --- [flight-booking] [           main] o.h.q.sqm.function.SqmFunctionRegistry   : Registered SqmFunctionTemplate [org.hibernate.dialect.function.ExtractFunction@2e1e7bc6] under extract; prior registration was null
2025-03-19T21:42:02.984-05:00 DEBUG 80480 --- [flight-booking] [           main] o.h.q.sqm.function.SqmFunctionRegistry   : Registered SqmFunctionTemplate [NamedSqmFunctionTemplate(least)] under least; prior registration was null
2025-03-19T21:42:02.984-05:00 DEBUG 80480 --- [flight-booking] [           main] o.h.q.sqm.function.SqmFunctionRegistry   : Registered SqmFunctionTemplate [NamedSqmFunctionTemplate(greatest)] under greatest; prior registration was null
2025-03-19T21:42:02.984-05:00 DEBUG 80480 --- [flight-booking] [           main] o.h.q.sqm.function.SqmFunctionRegistry   : Registered SqmFunctionTemplate [org.hibernate.dialect.function.CoalesceIfnullEmulation@374ba492] under ifnull; prior registration was null
2025-03-19T21:42:02.984-05:00 DEBUG 80480 --- [flight-booking] [           main] o.h.q.sqm.function.SqmFunctionRegistry   : Registered SqmFunctionTemplate [NamedSqmFunctionTemplate(lpad)] under lpad; prior registration was null
2025-03-19T21:42:02.984-05:00 DEBUG 80480 --- [flight-booking] [           main] o.h.q.sqm.function.SqmFunctionRegistry   : Registered SqmFunctionTemplate [NamedSqmFunctionTemplate(rpad)] under rpad; prior registration was null
2025-03-19T21:42:02.984-05:00 DEBUG 80480 --- [flight-booking] [           main] o.h.q.sqm.function.SqmFunctionRegistry   : Registered SqmFunctionTemplate [org.hibernate.dialect.function.LpadRpadPadEmulation@2e2cd42c] under pad; prior registration was null
2025-03-19T21:42:02.985-05:00 DEBUG 80480 --- [flight-booking] [           main] o.h.q.sqm.function.SqmFunctionRegistry   : Registered SqmFunctionTemplate [org.hibernate.dialect.function.CastStrEmulation@71cc0e35] under str; prior registration was null
2025-03-19T21:42:02.988-05:00 DEBUG 80480 --- [flight-booking] [           main] o.h.q.sqm.function.SqmFunctionRegistry   : Registered SqmFunctionTemplate [org.hibernate.dialect.function.FormatFunction@1860b107] under format; prior registration was null
2025-03-19T21:42:02.988-05:00 DEBUG 80480 --- [flight-booking] [           main] o.h.q.sqm.function.SqmFunctionRegistry   : Registered SqmFunctionTemplate [org.hibernate.dialect.function.TimestampaddFunction@570127fa] under timestampadd; prior registration was null
2025-03-19T21:42:02.989-05:00 DEBUG 80480 --- [flight-booking] [           main] o.h.q.sqm.function.SqmFunctionRegistry   : Registered SqmFunctionTemplate [org.hibernate.dialect.function.TimestampdiffFunction@143fe09c] under timestampdiff; prior registration was null
2025-03-19T21:42:02.989-05:00 DEBUG 80480 --- [flight-booking] [           main] o.h.q.sqm.function.SqmFunctionRegistry   : Registering alternate key : dateadd -> timestampadd
2025-03-19T21:42:02.989-05:00 DEBUG 80480 --- [flight-booking] [           main] o.h.q.sqm.function.SqmFunctionRegistry   : Registering alternate key : datediff -> timestampdiff
2025-03-19T21:42:02.989-05:00 DEBUG 80480 --- [flight-booking] [           main] o.h.q.sqm.function.SqmFunctionRegistry   : Registered SqmFunctionTemplate [org.hibernate.dialect.function.CurrentFunction@6b32b678] under current_date; prior registration was null
2025-03-19T21:42:02.989-05:00 DEBUG 80480 --- [flight-booking] [           main] o.h.q.sqm.function.SqmFunctionRegistry   : Registered SqmFunctionTemplate [org.hibernate.dialect.function.CurrentFunction@1b6683c4] under current_time; prior registration was null
2025-03-19T21:42:02.990-05:00 DEBUG 80480 --- [flight-booking] [           main] o.h.q.sqm.function.SqmFunctionRegistry   : Registered SqmFunctionTemplate [org.hibernate.dialect.function.CurrentFunction@69abeb14] under current_timestamp; prior registration was null
2025-03-19T21:42:02.990-05:00 DEBUG 80480 --- [flight-booking] [           main] o.h.q.sqm.function.SqmFunctionRegistry   : Registering alternate key : current date -> current_date
2025-03-19T21:42:02.990-05:00 DEBUG 80480 --- [flight-booking] [           main] o.h.q.sqm.function.SqmFunctionRegistry   : Registering alternate key : current time -> current_time
2025-03-19T21:42:02.990-05:00 DEBUG 80480 --- [flight-booking] [           main] o.h.q.sqm.function.SqmFunctionRegistry   : Registering alternate key : current timestamp -> current_timestamp
2025-03-19T21:42:02.990-05:00 DEBUG 80480 --- [flight-booking] [           main] o.h.q.sqm.function.SqmFunctionRegistry   : Registered SqmFunctionTemplate [org.hibernate.dialect.function.CurrentFunction@7db2b614] under local_date; prior registration was null
2025-03-19T21:42:02.990-05:00 DEBUG 80480 --- [flight-booking] [           main] o.h.q.sqm.function.SqmFunctionRegistry   : Registered SqmFunctionTemplate [org.hibernate.dialect.function.CurrentFunction@34d5eac] under local_time; prior registration was null
2025-03-19T21:42:02.990-05:00 DEBUG 80480 --- [flight-booking] [           main] o.h.q.sqm.function.SqmFunctionRegistry   : Registered SqmFunctionTemplate [org.hibernate.dialect.function.CurrentFunction@2c1a95a2] under local_datetime; prior registration was null
2025-03-19T21:42:02.990-05:00 DEBUG 80480 --- [flight-booking] [           main] o.h.q.sqm.function.SqmFunctionRegistry   : Registered SqmFunctionTemplate [org.hibernate.dialect.function.CurrentFunction@1adf387e] under offset_datetime; prior registration was null
2025-03-19T21:42:02.990-05:00 DEBUG 80480 --- [flight-booking] [           main] o.h.q.sqm.function.SqmFunctionRegistry   : Registering alternate key : local date -> local_date
2025-03-19T21:42:02.990-05:00 DEBUG 80480 --- [flight-booking] [           main] o.h.q.sqm.function.SqmFunctionRegistry   : Registering alternate key : local time -> local_time
2025-03-19T21:42:02.990-05:00 DEBUG 80480 --- [flight-booking] [           main] o.h.q.sqm.function.SqmFunctionRegistry   : Registering alternate key : local datetime -> local_datetime
2025-03-19T21:42:02.990-05:00 DEBUG 80480 --- [flight-booking] [           main] o.h.q.sqm.function.SqmFunctionRegistry   : Registering alternate key : offset datetime -> offset_datetime
2025-03-19T21:42:02.990-05:00 DEBUG 80480 --- [flight-booking] [           main] o.h.q.sqm.function.SqmFunctionRegistry   : Registered SqmFunctionTemplate [org.hibernate.dialect.function.CurrentFunction@72b53f27] under instant; prior registration was null
2025-03-19T21:42:02.990-05:00 DEBUG 80480 --- [flight-booking] [           main] o.h.q.sqm.function.SqmFunctionRegistry   : Registering alternate key : current_instant -> instant
2025-03-19T21:42:02.991-05:00 DEBUG 80480 --- [flight-booking] [           main] o.h.q.sqm.function.SqmFunctionRegistry   : Registered SqmFunctionTemplate [org.hibernate.dialect.function.SqlFunction@5b430541] under sql; prior registration was null
2025-03-19T21:42:02.991-05:00 DEBUG 80480 --- [flight-booking] [           main] o.h.q.sqm.function.SqmFunctionRegistry   : Registered SqmFunctionTemplate [NamedSqmFunctionTemplate(soundex)] under soundex; prior registration was null
2025-03-19T21:42:02.991-05:00 DEBUG 80480 --- [flight-booking] [           main] o.h.q.sqm.function.SqmFunctionRegistry   : Registered SqmFunctionTemplate [NamedSqmFunctionTemplate(radians)] under radians; prior registration was null
2025-03-19T21:42:02.991-05:00 DEBUG 80480 --- [flight-booking] [           main] o.h.q.sqm.function.SqmFunctionRegistry   : Registered SqmFunctionTemplate [NamedSqmFunctionTemplate(degrees)] under degrees; prior registration was null
2025-03-19T21:42:02.991-05:00 DEBUG 80480 --- [flight-booking] [           main] o.h.q.sqm.function.SqmFunctionRegistry   : Registered SqmFunctionTemplate [NamedSqmFunctionTemplate(cot)] under cot; prior registration was null
2025-03-19T21:42:02.991-05:00 DEBUG 80480 --- [flight-booking] [           main] o.h.q.sqm.function.SqmFunctionRegistry   : Registered SqmFunctionTemplate [NamedSqmFunctionTemplate(log)] under log; prior registration was org.hibernate.query.sqm.function.PatternBasedSqmFunctionDescriptor@3d3b852e
2025-03-19T21:42:02.991-05:00 DEBUG 80480 --- [flight-booking] [           main] o.h.q.sqm.function.SqmFunctionRegistry   : Registered SqmFunctionTemplate [NamedSqmFunctionTemplate(log2)] under log2; prior registration was null
2025-03-19T21:42:02.991-05:00 DEBUG 80480 --- [flight-booking] [           main] o.h.q.sqm.function.SqmFunctionRegistry   : Registered SqmFunctionTemplate [NamedSqmFunctionTemplate(log10)] under log10; prior registration was null
2025-03-19T21:42:02.991-05:00 DEBUG 80480 --- [flight-booking] [           main] o.h.q.sqm.function.SqmFunctionRegistry   : Registered SqmFunctionTemplate [NamedSqmFunctionTemplate(ltrim)] under ltrim; prior registration was null
2025-03-19T21:42:02.991-05:00 DEBUG 80480 --- [flight-booking] [           main] o.h.q.sqm.function.SqmFunctionRegistry   : Registered SqmFunctionTemplate [NamedSqmFunctionTemplate(rtrim)] under rtrim; prior registration was null
2025-03-19T21:42:02.991-05:00 DEBUG 80480 --- [flight-booking] [           main] o.h.q.sqm.function.SqmFunctionRegistry   : Registered SqmFunctionTemplate [NamedSqmFunctionTemplate(octet_length)] under octet_length; prior registration was null
2025-03-19T21:42:02.991-05:00 DEBUG 80480 --- [flight-booking] [           main] o.h.q.sqm.function.SqmFunctionRegistry   : Registered SqmFunctionTemplate [NamedSqmFunctionTemplate(reverse)] under reverse; prior registration was null
2025-03-19T21:42:02.991-05:00 DEBUG 80480 --- [flight-booking] [           main] o.h.q.sqm.function.SqmFunctionRegistry   : Registered SqmFunctionTemplate [NamedSqmFunctionTemplate(space)] under space; prior registration was null
2025-03-19T21:42:02.991-05:00 DEBUG 80480 --- [flight-booking] [           main] o.h.q.sqm.function.SqmFunctionRegistry   : Registered SqmFunctionTemplate [NamedSqmFunctionTemplate(repeat)] under repeat; prior registration was null
2025-03-19T21:42:02.992-05:00 DEBUG 80480 --- [flight-booking] [           main] o.h.q.sqm.function.SqmFunctionRegistry   : Registered SqmFunctionTemplate [org.hibernate.query.sqm.function.MultipatternSqmFunctionDescriptor@3ba8ef4e] under lpad; prior registration was NamedSqmFunctionTemplate(lpad)
2025-03-19T21:42:02.992-05:00 DEBUG 80480 --- [flight-booking] [           main] o.h.q.sqm.function.SqmFunctionRegistry   : Registered SqmFunctionTemplate [org.hibernate.query.sqm.function.MultipatternSqmFunctionDescriptor@6d0bcf8c] under rpad; prior registration was NamedSqmFunctionTemplate(rpad)
2025-03-19T21:42:02.992-05:00 DEBUG 80480 --- [flight-booking] [           main] o.h.q.sqm.function.SqmFunctionRegistry   : Registered SqmFunctionTemplate [NamedSqmFunctionTemplate(md5)] under md5; prior registration was null
2025-03-19T21:42:02.992-05:00 DEBUG 80480 --- [flight-booking] [           main] o.h.q.sqm.function.SqmFunctionRegistry   : Registered SqmFunctionTemplate [NamedSqmFunctionTemplate(day)] under day; prior registration was null
2025-03-19T21:42:02.992-05:00 DEBUG 80480 --- [flight-booking] [           main] o.h.q.sqm.function.SqmFunctionRegistry   : Registered SqmFunctionTemplate [NamedSqmFunctionTemplate(month)] under month; prior registration was null
2025-03-19T21:42:02.992-05:00 DEBUG 80480 --- [flight-booking] [           main] o.h.q.sqm.function.SqmFunctionRegistry   : Registered SqmFunctionTemplate [NamedSqmFunctionTemplate(year)] under year; prior registration was null
2025-03-19T21:42:02.992-05:00 DEBUG 80480 --- [flight-booking] [           main] o.h.q.sqm.function.SqmFunctionRegistry   : Registered SqmFunctionTemplate [NamedSqmFunctionTemplate(hour)] under hour; prior registration was null
2025-03-19T21:42:02.992-05:00 DEBUG 80480 --- [flight-booking] [           main] o.h.q.sqm.function.SqmFunctionRegistry   : Registered SqmFunctionTemplate [NamedSqmFunctionTemplate(minute)] under minute; prior registration was null
2025-03-19T21:42:02.992-05:00 DEBUG 80480 --- [flight-booking] [           main] o.h.q.sqm.function.SqmFunctionRegistry   : Registered SqmFunctionTemplate [NamedSqmFunctionTemplate(second)] under second; prior registration was null
2025-03-19T21:42:02.992-05:00 DEBUG 80480 --- [flight-booking] [           main] o.h.q.sqm.function.SqmFunctionRegistry   : Registered SqmFunctionTemplate [NamedSqmFunctionTemplate(microsecond)] under microsecond; prior registration was null
2025-03-19T21:42:02.992-05:00 DEBUG 80480 --- [flight-booking] [           main] o.h.q.sqm.function.SqmFunctionRegistry   : Registered SqmFunctionTemplate [NamedSqmFunctionTemplate(dayofweek)] under dayofweek; prior registration was null
2025-03-19T21:42:02.992-05:00 DEBUG 80480 --- [flight-booking] [           main] o.h.q.sqm.function.SqmFunctionRegistry   : Registered SqmFunctionTemplate [NamedSqmFunctionTemplate(dayofmonth)] under dayofmonth; prior registration was null
2025-03-19T21:42:02.992-05:00 DEBUG 80480 --- [flight-booking] [           main] o.h.q.sqm.function.SqmFunctionRegistry   : Registering alternate key : day -> dayofmonth
2025-03-19T21:42:02.992-05:00 DEBUG 80480 --- [flight-booking] [           main] o.h.q.sqm.function.SqmFunctionRegistry   : Registered SqmFunctionTemplate [NamedSqmFunctionTemplate(dayofyear)] under dayofyear; prior registration was null
2025-03-19T21:42:02.992-05:00 DEBUG 80480 --- [flight-booking] [           main] o.h.q.sqm.function.SqmFunctionRegistry   : Registered SqmFunctionTemplate [NamedSqmFunctionTemplate(week)] under week; prior registration was null
2025-03-19T21:42:02.992-05:00 DEBUG 80480 --- [flight-booking] [           main] o.h.q.sqm.function.SqmFunctionRegistry   : Registered SqmFunctionTemplate [NamedSqmFunctionTemplate(quarter)] under quarter; prior registration was null
2025-03-19T21:42:02.992-05:00 DEBUG 80480 --- [flight-booking] [           main] o.h.q.sqm.function.SqmFunctionRegistry   : Registered SqmFunctionTemplate [NamedSqmFunctionTemplate(monthname)] under monthname; prior registration was null
2025-03-19T21:42:02.992-05:00 DEBUG 80480 --- [flight-booking] [           main] o.h.q.sqm.function.SqmFunctionRegistry   : Registered SqmFunctionTemplate [NamedSqmFunctionTemplate(dayname)] under dayname; prior registration was null
2025-03-19T21:42:02.992-05:00 DEBUG 80480 --- [flight-booking] [           main] o.h.q.sqm.function.SqmFunctionRegistry   : Registered SqmFunctionTemplate [NamedSqmFunctionTemplate(last_day)] under last_day; prior registration was null
2025-03-19T21:42:02.993-05:00 DEBUG 80480 --- [flight-booking] [           main] o.h.q.sqm.function.SqmFunctionRegistry   : Registered SqmFunctionTemplate [NamedSqmFunctionTemplate(date)] under date; prior registration was null
2025-03-19T21:42:02.993-05:00 DEBUG 80480 --- [flight-booking] [           main] o.h.q.sqm.function.SqmFunctionRegistry   : Registered SqmFunctionTemplate [NamedSqmFunctionTemplate(timestamp)] under timestamp; prior registration was null
2025-03-19T21:42:02.993-05:00 DEBUG 80480 --- [flight-booking] [           main] o.h.q.sqm.function.SqmFunctionRegistry   : Registered SqmFunctionTemplate [NamedSqmFunctionTemplate(time)] under time; prior registration was null
2025-03-19T21:42:02.993-05:00 DEBUG 80480 --- [flight-booking] [           main] o.h.q.sqm.function.SqmFunctionRegistry   : Registered SqmFunctionTemplate [NamedSqmFunctionTemplate(utc_date)] under utc_date; prior registration was null
2025-03-19T21:42:02.993-05:00 DEBUG 80480 --- [flight-booking] [           main] o.h.q.sqm.function.SqmFunctionRegistry   : Registered SqmFunctionTemplate [NamedSqmFunctionTemplate(utc_time)] under utc_time; prior registration was null
2025-03-19T21:42:02.993-05:00 DEBUG 80480 --- [flight-booking] [           main] o.h.q.sqm.function.SqmFunctionRegistry   : Registered SqmFunctionTemplate [NamedSqmFunctionTemplate(utc_timestamp)] under utc_timestamp; prior registration was null
2025-03-19T21:42:02.993-05:00 DEBUG 80480 --- [flight-booking] [           main] o.h.q.sqm.function.SqmFunctionRegistry   : Registered SqmFunctionTemplate [NamedSqmFunctionTemplate(rand)] under rand; prior registration was null
2025-03-19T21:42:02.993-05:00 DEBUG 80480 --- [flight-booking] [           main] o.h.q.sqm.function.SqmFunctionRegistry   : Registered SqmFunctionTemplate [NamedSqmFunctionTemplate(crc32)] under crc32; prior registration was null
2025-03-19T21:42:02.993-05:00 DEBUG 80480 --- [flight-booking] [           main] o.h.q.sqm.function.SqmFunctionRegistry   : Registered SqmFunctionTemplate [NamedSqmFunctionTemplate(sha1)] under sha1; prior registration was null
2025-03-19T21:42:02.993-05:00 DEBUG 80480 --- [flight-booking] [           main] o.h.q.sqm.function.SqmFunctionRegistry   : Registered SqmFunctionTemplate [NamedSqmFunctionTemplate(sha2)] under sha2; prior registration was null
2025-03-19T21:42:02.993-05:00 DEBUG 80480 --- [flight-booking] [           main] o.h.q.sqm.function.SqmFunctionRegistry   : Registered SqmFunctionTemplate [NamedSqmFunctionTemplate(sha)] under sha; prior registration was null
2025-03-19T21:42:02.993-05:00 DEBUG 80480 --- [flight-booking] [           main] o.h.q.sqm.function.SqmFunctionRegistry   : Registered SqmFunctionTemplate [NamedSqmFunctionTemplate(bit_length)] under bit_length; prior registration was null
2025-03-19T21:42:02.993-05:00 DEBUG 80480 --- [flight-booking] [           main] o.h.q.sqm.function.SqmFunctionRegistry   : Registered SqmFunctionTemplate [NamedSqmFunctionTemplate(octet_length)] under octet_length; prior registration was NamedSqmFunctionTemplate(octet_length)
2025-03-19T21:42:02.993-05:00 DEBUG 80480 --- [flight-booking] [           main] o.h.q.sqm.function.SqmFunctionRegistry   : Registered SqmFunctionTemplate [NamedSqmFunctionTemplate(ascii)] under ascii; prior registration was null
2025-03-19T21:42:02.993-05:00 DEBUG 80480 --- [flight-booking] [           main] o.h.q.sqm.function.SqmFunctionRegistry   : Registered SqmFunctionTemplate [NamedSqmFunctionTemplate(instr)] under instr; prior registration was null
2025-03-19T21:42:02.993-05:00 DEBUG 80480 --- [flight-booking] [           main] o.h.q.sqm.function.SqmFunctionRegistry   : Registered SqmFunctionTemplate [NamedSqmFunctionTemplate(substr)] under substr; prior registration was null
2025-03-19T21:42:02.993-05:00 DEBUG 80480 --- [flight-booking] [           main] o.h.q.sqm.function.SqmFunctionRegistry   : Registered SqmFunctionTemplate [org.hibernate.query.sqm.function.PatternBasedSqmFunctionDescriptor@a1a72d4] under position; prior registration was org.hibernate.dialect.function.LocatePositionEmulation@1fa796a4
2025-03-19T21:42:02.993-05:00 DEBUG 80480 --- [flight-booking] [           main] o.h.q.sqm.function.SqmFunctionRegistry   : Registered SqmFunctionTemplate [NamedSqmFunctionTemplate(curtime)] under curtime; prior registration was null
2025-03-19T21:42:02.994-05:00 DEBUG 80480 --- [flight-booking] [           main] o.h.q.sqm.function.SqmFunctionRegistry   : Registered SqmFunctionTemplate [NamedSqmFunctionTemplate(curdate)] under curdate; prior registration was null
2025-03-19T21:42:02.994-05:00 DEBUG 80480 --- [flight-booking] [           main] o.h.q.sqm.function.SqmFunctionRegistry   : Registered SqmFunctionTemplate [NamedSqmFunctionTemplate(now)] under now; prior registration was null
2025-03-19T21:42:02.997-05:00 DEBUG 80480 --- [flight-booking] [           main] o.h.q.sqm.function.SqmFunctionRegistry   : Registered SqmFunctionTemplate [org.hibernate.dialect.function.TruncFunction@71b7e9c8] under trunc; prior registration was null
2025-03-19T21:42:02.998-05:00 DEBUG 80480 --- [flight-booking] [           main] o.h.q.sqm.function.SqmFunctionRegistry   : Registering alternate key : truncate -> trunc
2025-03-19T21:42:02.998-05:00 DEBUG 80480 --- [flight-booking] [           main] o.h.q.sqm.function.SqmFunctionRegistry   : Registered SqmFunctionTemplate [NamedSqmFunctionTemplate(insert)] under insert; prior registration was null
2025-03-19T21:42:02.998-05:00 DEBUG 80480 --- [flight-booking] [           main] o.h.q.sqm.function.SqmFunctionRegistry   : Registered SqmFunctionTemplate [org.hibernate.query.sqm.function.PatternBasedSqmFunctionDescriptor@55202ba6] under bitand; prior registration was null
2025-03-19T21:42:02.998-05:00 DEBUG 80480 --- [flight-booking] [           main] o.h.q.sqm.function.SqmFunctionRegistry   : Registered SqmFunctionTemplate [org.hibernate.query.sqm.function.PatternBasedSqmFunctionDescriptor@2ef1fc8a] under bitor; prior registration was null
2025-03-19T21:42:02.998-05:00 DEBUG 80480 --- [flight-booking] [           main] o.h.q.sqm.function.SqmFunctionRegistry   : Registered SqmFunctionTemplate [org.hibernate.query.sqm.function.PatternBasedSqmFunctionDescriptor@38874eb5] under bitxor; prior registration was null
2025-03-19T21:42:02.998-05:00 DEBUG 80480 --- [flight-booking] [           main] o.h.q.sqm.function.SqmFunctionRegistry   : Registered SqmFunctionTemplate [org.hibernate.query.sqm.function.PatternBasedSqmFunctionDescriptor@76b019c4] under bitnot; prior registration was null
2025-03-19T21:42:02.998-05:00 DEBUG 80480 --- [flight-booking] [           main] o.h.q.sqm.function.SqmFunctionRegistry   : Registered SqmFunctionTemplate [NamedSqmFunctionTemplate(bit_and)] under bit_and; prior registration was null
2025-03-19T21:42:02.998-05:00 DEBUG 80480 --- [flight-booking] [           main] o.h.q.sqm.function.SqmFunctionRegistry   : Registered SqmFunctionTemplate [NamedSqmFunctionTemplate(bit_or)] under bit_or; prior registration was null
2025-03-19T21:42:02.998-05:00 DEBUG 80480 --- [flight-booking] [           main] o.h.q.sqm.function.SqmFunctionRegistry   : Registered SqmFunctionTemplate [NamedSqmFunctionTemplate(stddev)] under stddev; prior registration was null
2025-03-19T21:42:02.998-05:00 DEBUG 80480 --- [flight-booking] [           main] o.h.q.sqm.function.SqmFunctionRegistry   : Registered SqmFunctionTemplate [NamedSqmFunctionTemplate(stddev_pop)] under stddev_pop; prior registration was null
2025-03-19T21:42:02.998-05:00 DEBUG 80480 --- [flight-booking] [           main] o.h.q.sqm.function.SqmFunctionRegistry   : Registered SqmFunctionTemplate [NamedSqmFunctionTemplate(stddev_samp)] under stddev_samp; prior registration was null
2025-03-19T21:42:02.998-05:00 DEBUG 80480 --- [flight-booking] [           main] o.h.q.sqm.function.SqmFunctionRegistry   : Registered SqmFunctionTemplate [NamedSqmFunctionTemplate(variance)] under variance; prior registration was null
2025-03-19T21:42:02.998-05:00 DEBUG 80480 --- [flight-booking] [           main] o.h.q.sqm.function.SqmFunctionRegistry   : Registered SqmFunctionTemplate [NamedSqmFunctionTemplate(var_pop)] under var_pop; prior registration was null
2025-03-19T21:42:02.998-05:00 DEBUG 80480 --- [flight-booking] [           main] o.h.q.sqm.function.SqmFunctionRegistry   : Registered SqmFunctionTemplate [NamedSqmFunctionTemplate(var_samp)] under var_samp; prior registration was null
2025-03-19T21:42:02.998-05:00 DEBUG 80480 --- [flight-booking] [           main] o.h.q.sqm.function.SqmFunctionRegistry   : Registered SqmFunctionTemplate [NamedSqmFunctionTemplate(datediff)] under datediff; prior registration was null
2025-03-19T21:42:02.998-05:00 DEBUG 80480 --- [flight-booking] [           main] o.h.q.sqm.function.SqmFunctionRegistry   : Registered SqmFunctionTemplate [NamedSqmFunctionTemplate(adddate)] under adddate; prior registration was null
2025-03-19T21:42:02.998-05:00 DEBUG 80480 --- [flight-booking] [           main] o.h.q.sqm.function.SqmFunctionRegistry   : Registered SqmFunctionTemplate [NamedSqmFunctionTemplate(subdate)] under subdate; prior registration was null
2025-03-19T21:42:02.998-05:00 DEBUG 80480 --- [flight-booking] [           main] o.h.q.sqm.function.SqmFunctionRegistry   : Registered SqmFunctionTemplate [NamedSqmFunctionTemplate(addtime)] under addtime; prior registration was null
2025-03-19T21:42:02.998-05:00 DEBUG 80480 --- [flight-booking] [           main] o.h.q.sqm.function.SqmFunctionRegistry   : Registered SqmFunctionTemplate [NamedSqmFunctionTemplate(subtime)] under subtime; prior registration was null
2025-03-19T21:42:02.998-05:00 DEBUG 80480 --- [flight-booking] [           main] o.h.q.sqm.function.SqmFunctionRegistry   : Registered SqmFunctionTemplate [org.hibernate.dialect.function.FormatFunction@221961af] under format; prior registration was org.hibernate.dialect.function.FormatFunction@1860b107
2025-03-19T21:42:02.998-05:00 DEBUG 80480 --- [flight-booking] [           main] o.h.q.sqm.function.SqmFunctionRegistry   : Registered SqmFunctionTemplate [NamedSqmFunctionTemplate(makedate)] under makedate; prior registration was null
2025-03-19T21:42:02.998-05:00 DEBUG 80480 --- [flight-booking] [           main] o.h.q.sqm.function.SqmFunctionRegistry   : Registered SqmFunctionTemplate [NamedSqmFunctionTemplate(maketime)] under maketime; prior registration was null
2025-03-19T21:42:02.998-05:00 DEBUG 80480 --- [flight-booking] [           main] o.h.q.sqm.function.SqmFunctionRegistry   : Registered SqmFunctionTemplate [NamedSqmFunctionTemplate(localtime)] under localtime; prior registration was null
2025-03-19T21:42:02.998-05:00 DEBUG 80480 --- [flight-booking] [           main] o.h.q.sqm.function.SqmFunctionRegistry   : Registered SqmFunctionTemplate [NamedSqmFunctionTemplate(localtimestamp)] under localtimestamp; prior registration was null
2025-03-19T21:42:02.998-05:00 DEBUG 80480 --- [flight-booking] [           main] o.h.q.sqm.function.SqmFunctionRegistry   : Registered SqmFunctionTemplate [NamedSqmFunctionTemplate(localtime)] under local_time; prior registration was org.hibernate.dialect.function.CurrentFunction@34d5eac
2025-03-19T21:42:02.998-05:00 DEBUG 80480 --- [flight-booking] [           main] o.h.q.sqm.function.SqmFunctionRegistry   : Registered SqmFunctionTemplate [NamedSqmFunctionTemplate(localtimestamp)] under local_datetime; prior registration was org.hibernate.dialect.function.CurrentFunction@2c1a95a2
2025-03-19T21:42:02.998-05:00 DEBUG 80480 --- [flight-booking] [           main] o.h.q.sqm.function.SqmFunctionRegistry   : Registered SqmFunctionTemplate [NamedSqmFunctionTemplate(localtime)] under localtime; prior registration was NamedSqmFunctionTemplate(localtime)
2025-03-19T21:42:02.999-05:00 DEBUG 80480 --- [flight-booking] [           main] o.h.q.sqm.function.SqmFunctionRegistry   : Registered SqmFunctionTemplate [org.hibernate.query.sqm.function.PatternBasedSqmFunctionDescriptor@32ddcca] under pi; prior registration was org.hibernate.query.sqm.function.PatternBasedSqmFunctionDescriptor@5dd227b7
2025-03-19T21:42:02.999-05:00 DEBUG 80480 --- [flight-booking] [           main] o.h.q.sqm.function.SqmFunctionRegistry   : Registered SqmFunctionTemplate [org.hibernate.query.sqm.function.PatternBasedSqmFunctionDescriptor@1ddc8fc] under chr; prior registration was null
2025-03-19T21:42:02.999-05:00 DEBUG 80480 --- [flight-booking] [           main] o.h.q.sqm.function.SqmFunctionRegistry   : Registering alternate key : char -> chr
2025-03-19T21:42:02.999-05:00 DEBUG 80480 --- [flight-booking] [           main] o.h.q.sqm.function.SqmFunctionRegistry   : Registered SqmFunctionTemplate [org.hibernate.query.sqm.function.PatternBasedSqmFunctionDescriptor@77d58f3a] under sysdate; prior registration was null
2025-03-19T21:42:02.999-05:00 DEBUG 80480 --- [flight-booking] [           main] o.h.q.sqm.function.SqmFunctionRegistry   : Registered SqmFunctionTemplate [NamedSqmFunctionTemplate(row_number)] under row_number; prior registration was null
2025-03-19T21:42:02.999-05:00 DEBUG 80480 --- [flight-booking] [           main] o.h.q.sqm.function.SqmFunctionRegistry   : Registered SqmFunctionTemplate [NamedSqmFunctionTemplate(lag)] under lag; prior registration was null
2025-03-19T21:42:02.999-05:00 DEBUG 80480 --- [flight-booking] [           main] o.h.q.sqm.function.SqmFunctionRegistry   : Registered SqmFunctionTemplate [NamedSqmFunctionTemplate(lead)] under lead; prior registration was null
2025-03-19T21:42:02.999-05:00 DEBUG 80480 --- [flight-booking] [           main] o.h.q.sqm.function.SqmFunctionRegistry   : Registered SqmFunctionTemplate [NamedSqmFunctionTemplate(first_value)] under first_value; prior registration was null
2025-03-19T21:42:02.999-05:00 DEBUG 80480 --- [flight-booking] [           main] o.h.q.sqm.function.SqmFunctionRegistry   : Registered SqmFunctionTemplate [NamedSqmFunctionTemplate(last_value)] under last_value; prior registration was null
2025-03-19T21:42:02.999-05:00 DEBUG 80480 --- [flight-booking] [           main] o.h.q.sqm.function.SqmFunctionRegistry   : Registered SqmFunctionTemplate [NamedSqmFunctionTemplate(nth_value)] under nth_value; prior registration was null
2025-03-19T21:42:03.001-05:00 DEBUG 80480 --- [flight-booking] [           main] o.h.q.sqm.function.SqmFunctionRegistry   : Registered SqmFunctionTemplate [org.hibernate.dialect.function.HypotheticalSetWindowEmulation@18bc1064] under rank; prior registration was null
2025-03-19T21:42:03.001-05:00 DEBUG 80480 --- [flight-booking] [           main] o.h.q.sqm.function.SqmFunctionRegistry   : Registered SqmFunctionTemplate [org.hibernate.dialect.function.HypotheticalSetWindowEmulation@3cab07dd] under dense_rank; prior registration was null
2025-03-19T21:42:03.001-05:00 DEBUG 80480 --- [flight-booking] [           main] o.h.q.sqm.function.SqmFunctionRegistry   : Registered SqmFunctionTemplate [org.hibernate.dialect.function.HypotheticalSetWindowEmulation@68f264bf] under percent_rank; prior registration was null
2025-03-19T21:42:03.001-05:00 DEBUG 80480 --- [flight-booking] [           main] o.h.q.sqm.function.SqmFunctionRegistry   : Registered SqmFunctionTemplate [org.hibernate.dialect.function.HypotheticalSetWindowEmulation@77988c45] under cume_dist; prior registration was null
2025-03-19T21:42:03.002-05:00 DEBUG 80480 --- [flight-booking] [           main] o.h.q.sqm.function.SqmFunctionRegistry   : Registered SqmFunctionTemplate [org.hibernate.dialect.function.ListaggGroupConcatEmulation@234bfc8c] under listagg; prior registration was null
2025-03-19T21:42:03.003-05:00 DEBUG 80480 --- [flight-booking] [           main] org.hibernate.HQL_FUNCTIONS              : abs(NUMERIC arg)
2025-03-19T21:42:03.004-05:00 DEBUG 80480 --- [flight-booking] [           main] org.hibernate.HQL_FUNCTIONS              : Double acos(NUMERIC arg)
2025-03-19T21:42:03.004-05:00 DEBUG 80480 --- [flight-booking] [           main] org.hibernate.HQL_FUNCTIONS              : adddate(DATE datetime, INTEGER days)
2025-03-19T21:42:03.004-05:00 DEBUG 80480 --- [flight-booking] [           main] org.hibernate.HQL_FUNCTIONS              : addtime(TIME datetime, TIME time)
2025-03-19T21:42:03.004-05:00 DEBUG 80480 --- [flight-booking] [           main] org.hibernate.HQL_FUNCTIONS              : Boolean any(BOOLEAN arg)
2025-03-19T21:42:03.004-05:00 DEBUG 80480 --- [flight-booking] [           main] org.hibernate.HQL_FUNCTIONS              : Integer ascii(STRING arg)
2025-03-19T21:42:03.004-05:00 DEBUG 80480 --- [flight-booking] [           main] org.hibernate.HQL_FUNCTIONS              : Double asin(NUMERIC arg)
2025-03-19T21:42:03.004-05:00 DEBUG 80480 --- [flight-booking] [           main] org.hibernate.HQL_FUNCTIONS              : Double atan(NUMERIC arg)
2025-03-19T21:42:03.004-05:00 DEBUG 80480 --- [flight-booking] [           main] org.hibernate.HQL_FUNCTIONS              : Double atan2(NUMERIC arg0, NUMERIC arg1)
2025-03-19T21:42:03.004-05:00 DEBUG 80480 --- [flight-booking] [           main] org.hibernate.HQL_FUNCTIONS              : avg(arg)
2025-03-19T21:42:03.004-05:00 DEBUG 80480 --- [flight-booking] [           main] org.hibernate.HQL_FUNCTIONS              : bit_and(arg)
2025-03-19T21:42:03.004-05:00 DEBUG 80480 --- [flight-booking] [           main] org.hibernate.HQL_FUNCTIONS              : Integer bit_length(STRING_OR_CLOB arg)
2025-03-19T21:42:03.004-05:00 DEBUG 80480 --- [flight-booking] [           main] org.hibernate.HQL_FUNCTIONS              : bit_or(arg)
2025-03-19T21:42:03.004-05:00 DEBUG 80480 --- [flight-booking] [           main] org.hibernate.HQL_FUNCTIONS              : bitand(arg0, arg1)
2025-03-19T21:42:03.004-05:00 DEBUG 80480 --- [flight-booking] [           main] org.hibernate.HQL_FUNCTIONS              : bitnot(arg)
2025-03-19T21:42:03.004-05:00 DEBUG 80480 --- [flight-booking] [           main] org.hibernate.HQL_FUNCTIONS              : bitor(arg0, arg1)
2025-03-19T21:42:03.004-05:00 DEBUG 80480 --- [flight-booking] [           main] org.hibernate.HQL_FUNCTIONS              : bitxor(arg0, arg1)
2025-03-19T21:42:03.004-05:00 DEBUG 80480 --- [flight-booking] [           main] org.hibernate.HQL_FUNCTIONS              : cast(arg as Type)
2025-03-19T21:42:03.004-05:00 DEBUG 80480 --- [flight-booking] [           main] org.hibernate.HQL_FUNCTIONS              : ceiling(NUMERIC arg)
2025-03-19T21:42:03.004-05:00 DEBUG 80480 --- [flight-booking] [           main] org.hibernate.HQL_FUNCTIONS              : Character char(INTEGER arg)
2025-03-19T21:42:03.004-05:00 DEBUG 80480 --- [flight-booking] [           main] org.hibernate.HQL_FUNCTIONS              : Integer character_length(STRING_OR_CLOB arg)
2025-03-19T21:42:03.004-05:00 DEBUG 80480 --- [flight-booking] [           main] org.hibernate.HQL_FUNCTIONS              : Character chr(INTEGER arg)
2025-03-19T21:42:03.004-05:00 DEBUG 80480 --- [flight-booking] [           main] org.hibernate.HQL_FUNCTIONS              : coalesce(arg0[, arg1[, ...]])
2025-03-19T21:42:03.005-05:00 DEBUG 80480 --- [flight-booking] [           main] org.hibernate.HQL_FUNCTIONS              : String collate(STRING string as COLLATION collation)
2025-03-19T21:42:03.005-05:00 DEBUG 80480 --- [flight-booking] [           main] org.hibernate.HQL_FUNCTIONS              : String concat(STRING string0[, STRING string1[, ...]])
2025-03-19T21:42:03.005-05:00 DEBUG 80480 --- [flight-booking] [           main] org.hibernate.HQL_FUNCTIONS              : Double cos(NUMERIC arg)
2025-03-19T21:42:03.005-05:00 DEBUG 80480 --- [flight-booking] [           main] org.hibernate.HQL_FUNCTIONS              : Double cosh(NUMERIC arg)
2025-03-19T21:42:03.005-05:00 DEBUG 80480 --- [flight-booking] [           main] org.hibernate.HQL_FUNCTIONS              : Double cot(NUMERIC arg)
2025-03-19T21:42:03.005-05:00 DEBUG 80480 --- [flight-booking] [           main] org.hibernate.HQL_FUNCTIONS              : Long count([distinct ]{arg|*})
2025-03-19T21:42:03.005-05:00 DEBUG 80480 --- [flight-booking] [           main] org.hibernate.HQL_FUNCTIONS              : Integer crc32(arg)
2025-03-19T21:42:03.005-05:00 DEBUG 80480 --- [flight-booking] [           main] org.hibernate.HQL_FUNCTIONS              : Double cume_dist([arg0[, ...]])
2025-03-19T21:42:03.005-05:00 DEBUG 80480 --- [flight-booking] [           main] org.hibernate.HQL_FUNCTIONS              : Date curdate()
2025-03-19T21:42:03.005-05:00 DEBUG 80480 --- [flight-booking] [           main] org.hibernate.HQL_FUNCTIONS              : Date current date
2025-03-19T21:42:03.005-05:00 DEBUG 80480 --- [flight-booking] [           main] org.hibernate.HQL_FUNCTIONS              : Time current time
2025-03-19T21:42:03.005-05:00 DEBUG 80480 --- [flight-booking] [           main] org.hibernate.HQL_FUNCTIONS              : Timestamp current timestamp
2025-03-19T21:42:03.005-05:00 DEBUG 80480 --- [flight-booking] [           main] org.hibernate.HQL_FUNCTIONS              : Date current_date
2025-03-19T21:42:03.005-05:00 DEBUG 80480 --- [flight-booking] [           main] org.hibernate.HQL_FUNCTIONS              : Instant current_instant
2025-03-19T21:42:03.005-05:00 DEBUG 80480 --- [flight-booking] [           main] org.hibernate.HQL_FUNCTIONS              : Time current_time
2025-03-19T21:42:03.005-05:00 DEBUG 80480 --- [flight-booking] [           main] org.hibernate.HQL_FUNCTIONS              : Timestamp current_timestamp
2025-03-19T21:42:03.005-05:00 DEBUG 80480 --- [flight-booking] [           main] org.hibernate.HQL_FUNCTIONS              : Time curtime()
2025-03-19T21:42:03.005-05:00 DEBUG 80480 --- [flight-booking] [           main] org.hibernate.HQL_FUNCTIONS              : Date date(arg)
2025-03-19T21:42:03.005-05:00 DEBUG 80480 --- [flight-booking] [           main] org.hibernate.HQL_FUNCTIONS              : dateadd(TEMPORAL_UNIT field, INTEGER magnitude, TEMPORAL datetime)
2025-03-19T21:42:03.005-05:00 DEBUG 80480 --- [flight-booking] [           main] org.hibernate.HQL_FUNCTIONS              : Integer datediff(DATE end, DATE start)
2025-03-19T21:42:03.005-05:00 DEBUG 80480 --- [flight-booking] [           main] org.hibernate.HQL_FUNCTIONS              : Integer day(DATE arg)
2025-03-19T21:42:03.005-05:00 DEBUG 80480 --- [flight-booking] [           main] org.hibernate.HQL_FUNCTIONS              : String dayname(DATE arg)
2025-03-19T21:42:03.005-05:00 DEBUG 80480 --- [flight-booking] [           main] org.hibernate.HQL_FUNCTIONS              : Integer dayofmonth(DATE arg)
2025-03-19T21:42:03.005-05:00 DEBUG 80480 --- [flight-booking] [           main] org.hibernate.HQL_FUNCTIONS              : Integer dayofweek(DATE arg)
2025-03-19T21:42:03.005-05:00 DEBUG 80480 --- [flight-booking] [           main] org.hibernate.HQL_FUNCTIONS              : Integer dayofyear(DATE arg)
2025-03-19T21:42:03.005-05:00 DEBUG 80480 --- [flight-booking] [           main] org.hibernate.HQL_FUNCTIONS              : Double degrees(NUMERIC arg)
2025-03-19T21:42:03.005-05:00 DEBUG 80480 --- [flight-booking] [           main] org.hibernate.HQL_FUNCTIONS              : Long dense_rank([arg0[, ...]])
2025-03-19T21:42:03.005-05:00 DEBUG 80480 --- [flight-booking] [           main] org.hibernate.HQL_FUNCTIONS              : Boolean every(BOOLEAN arg)
2025-03-19T21:42:03.005-05:00 DEBUG 80480 --- [flight-booking] [           main] org.hibernate.HQL_FUNCTIONS              : Double exp(NUMERIC arg)
2025-03-19T21:42:03.005-05:00 DEBUG 80480 --- [flight-booking] [           main] org.hibernate.HQL_FUNCTIONS              : extract(TEMPORAL_UNIT field from TEMPORAL arg)
2025-03-19T21:42:03.005-05:00 DEBUG 80480 --- [flight-booking] [           main] org.hibernate.HQL_FUNCTIONS              : first_valueANY value
2025-03-19T21:42:03.005-05:00 DEBUG 80480 --- [flight-booking] [           main] org.hibernate.HQL_FUNCTIONS              : floor(NUMERIC arg)
2025-03-19T21:42:03.005-05:00 DEBUG 80480 --- [flight-booking] [           main] org.hibernate.HQL_FUNCTIONS              : String format(TEMPORAL datetime as STRING pattern)
2025-03-19T21:42:03.005-05:00 DEBUG 80480 --- [flight-booking] [           main] org.hibernate.HQL_FUNCTIONS              : greatest(COMPARABLE arg0, COMPARABLE arg1[, arg2[, ...]])
2025-03-19T21:42:03.005-05:00 DEBUG 80480 --- [flight-booking] [           main] org.hibernate.HQL_FUNCTIONS              : Integer hour(TIME arg)
2025-03-19T21:42:03.005-05:00 DEBUG 80480 --- [flight-booking] [           main] org.hibernate.HQL_FUNCTIONS              : ifnull(arg0, arg1)
2025-03-19T21:42:03.005-05:00 DEBUG 80480 --- [flight-booking] [           main] org.hibernate.HQL_FUNCTIONS              : String insert(STRING string, INTEGER start, INTEGER length, STRING replacement)
2025-03-19T21:42:03.005-05:00 DEBUG 80480 --- [flight-booking] [           main] org.hibernate.HQL_FUNCTIONS              : Instant instant
2025-03-19T21:42:03.005-05:00 DEBUG 80480 --- [flight-booking] [           main] org.hibernate.HQL_FUNCTIONS              : Integer instr(STRING string, STRING pattern[, INTEGER start[, INTEGER occurrence]])
2025-03-19T21:42:03.006-05:00 DEBUG 80480 --- [flight-booking] [           main] org.hibernate.HQL_FUNCTIONS              : lagANY value[, INTEGER offset[, ANY default]]
2025-03-19T21:42:03.006-05:00 DEBUG 80480 --- [flight-booking] [           main] org.hibernate.HQL_FUNCTIONS              : Date last_day(DATE arg)
2025-03-19T21:42:03.006-05:00 DEBUG 80480 --- [flight-booking] [           main] org.hibernate.HQL_FUNCTIONS              : last_valueANY value
2025-03-19T21:42:03.006-05:00 DEBUG 80480 --- [flight-booking] [           main] org.hibernate.HQL_FUNCTIONS              : leadANY value[, INTEGER offset[, ANY default]]
2025-03-19T21:42:03.006-05:00 DEBUG 80480 --- [flight-booking] [           main] org.hibernate.HQL_FUNCTIONS              : least(COMPARABLE arg0, COMPARABLE arg1[, arg2[, ...]])
2025-03-19T21:42:03.006-05:00 DEBUG 80480 --- [flight-booking] [           main] org.hibernate.HQL_FUNCTIONS              : String left(STRING string, INTEGER length)
2025-03-19T21:42:03.006-05:00 DEBUG 80480 --- [flight-booking] [           main] org.hibernate.HQL_FUNCTIONS              : Integer length(STRING_OR_CLOB arg)
2025-03-19T21:42:03.006-05:00 DEBUG 80480 --- [flight-booking] [           main] org.hibernate.HQL_FUNCTIONS              : String listagg(STRING arg0, STRING arg1)
2025-03-19T21:42:03.006-05:00 DEBUG 80480 --- [flight-booking] [           main] org.hibernate.HQL_FUNCTIONS              : Double ln(NUMERIC arg)
2025-03-19T21:42:03.006-05:00 DEBUG 80480 --- [flight-booking] [           main] org.hibernate.HQL_FUNCTIONS              : LocalDate local date
2025-03-19T21:42:03.006-05:00 DEBUG 80480 --- [flight-booking] [           main] org.hibernate.HQL_FUNCTIONS              : LocalDateTime local datetime
2025-03-19T21:42:03.006-05:00 DEBUG 80480 --- [flight-booking] [           main] org.hibernate.HQL_FUNCTIONS              : LocalTime local time
2025-03-19T21:42:03.006-05:00 DEBUG 80480 --- [flight-booking] [           main] org.hibernate.HQL_FUNCTIONS              : LocalDate local_date
2025-03-19T21:42:03.006-05:00 DEBUG 80480 --- [flight-booking] [           main] org.hibernate.HQL_FUNCTIONS              : LocalDateTime local_datetime
2025-03-19T21:42:03.006-05:00 DEBUG 80480 --- [flight-booking] [           main] org.hibernate.HQL_FUNCTIONS              : LocalTime local_time
2025-03-19T21:42:03.006-05:00 DEBUG 80480 --- [flight-booking] [           main] org.hibernate.HQL_FUNCTIONS              : Timestamp localtime
2025-03-19T21:42:03.006-05:00 DEBUG 80480 --- [flight-booking] [           main] org.hibernate.HQL_FUNCTIONS              : Timestamp localtimestamp
2025-03-19T21:42:03.006-05:00 DEBUG 80480 --- [flight-booking] [           main] org.hibernate.HQL_FUNCTIONS              : Integer locate(STRING pattern, STRING string[, INTEGER start])
2025-03-19T21:42:03.006-05:00 DEBUG 80480 --- [flight-booking] [           main] org.hibernate.HQL_FUNCTIONS              : Double log(NUMERIC arg0[, NUMERIC arg1])
2025-03-19T21:42:03.006-05:00 DEBUG 80480 --- [flight-booking] [           main] org.hibernate.HQL_FUNCTIONS              : Double log10(NUMERIC arg)
2025-03-19T21:42:03.006-05:00 DEBUG 80480 --- [flight-booking] [           main] org.hibernate.HQL_FUNCTIONS              : Double log2(NUMERIC arg)
2025-03-19T21:42:03.006-05:00 DEBUG 80480 --- [flight-booking] [           main] org.hibernate.HQL_FUNCTIONS              : String lower(STRING string)
2025-03-19T21:42:03.006-05:00 DEBUG 80480 --- [flight-booking] [           main] org.hibernate.HQL_FUNCTIONS              : String lpad(string, length[, padding])
2025-03-19T21:42:03.006-05:00 DEBUG 80480 --- [flight-booking] [           main] org.hibernate.HQL_FUNCTIONS              : String ltrim(STRING string[, STRING characters])
2025-03-19T21:42:03.006-05:00 DEBUG 80480 --- [flight-booking] [           main] org.hibernate.HQL_FUNCTIONS              : Date makedate(INTEGER year, INTEGER dayofyear)
2025-03-19T21:42:03.006-05:00 DEBUG 80480 --- [flight-booking] [           main] org.hibernate.HQL_FUNCTIONS              : Time maketime(INTEGER hour, INTEGER min, INTEGER sec)
2025-03-19T21:42:03.006-05:00 DEBUG 80480 --- [flight-booking] [           main] org.hibernate.HQL_FUNCTIONS              : max(COMPARABLE arg)
2025-03-19T21:42:03.006-05:00 DEBUG 80480 --- [flight-booking] [           main] org.hibernate.HQL_FUNCTIONS              : String md5(arg)
2025-03-19T21:42:03.006-05:00 DEBUG 80480 --- [flight-booking] [           main] org.hibernate.HQL_FUNCTIONS              : Integer microsecond(TIME arg)
2025-03-19T21:42:03.006-05:00 DEBUG 80480 --- [flight-booking] [           main] org.hibernate.HQL_FUNCTIONS              : min(COMPARABLE arg)
2025-03-19T21:42:03.006-05:00 DEBUG 80480 --- [flight-booking] [           main] org.hibernate.HQL_FUNCTIONS              : Integer minute(TIME arg)
2025-03-19T21:42:03.006-05:00 DEBUG 80480 --- [flight-booking] [           main] org.hibernate.HQL_FUNCTIONS              : Integer mod(INTEGER arg0, INTEGER arg1)
2025-03-19T21:42:03.006-05:00 DEBUG 80480 --- [flight-booking] [           main] org.hibernate.HQL_FUNCTIONS              : Integer month(DATE arg)
2025-03-19T21:42:03.006-05:00 DEBUG 80480 --- [flight-booking] [           main] org.hibernate.HQL_FUNCTIONS              : String monthname(DATE arg)
2025-03-19T21:42:03.006-05:00 DEBUG 80480 --- [flight-booking] [           main] org.hibernate.HQL_FUNCTIONS              : Timestamp now()
2025-03-19T21:42:03.006-05:00 DEBUG 80480 --- [flight-booking] [           main] org.hibernate.HQL_FUNCTIONS              : nth_valueANY value, INTEGER nth
2025-03-19T21:42:03.006-05:00 DEBUG 80480 --- [flight-booking] [           main] org.hibernate.HQL_FUNCTIONS              : nullif(arg0, arg1)
2025-03-19T21:42:03.006-05:00 DEBUG 80480 --- [flight-booking] [           main] org.hibernate.HQL_FUNCTIONS              : Integer octet_length(STRING_OR_CLOB arg)
2025-03-19T21:42:03.006-05:00 DEBUG 80480 --- [flight-booking] [           main] org.hibernate.HQL_FUNCTIONS              : OffsetDateTime offset datetime
2025-03-19T21:42:03.006-05:00 DEBUG 80480 --- [flight-booking] [           main] org.hibernate.HQL_FUNCTIONS              : OffsetDateTime offset_datetime
2025-03-19T21:42:03.006-05:00 DEBUG 80480 --- [flight-booking] [           main] org.hibernate.HQL_FUNCTIONS              : String overlay(STRING string placing STRING replacement from INTEGER start[ for INTEGER length])
2025-03-19T21:42:03.006-05:00 DEBUG 80480 --- [flight-booking] [           main] org.hibernate.HQL_FUNCTIONS              : String pad(STRING string with INTEGER length {leading|trailing}[ STRING character])
2025-03-19T21:42:03.006-05:00 DEBUG 80480 --- [flight-booking] [           main] org.hibernate.HQL_FUNCTIONS              : Double percent_rank([arg0[, ...]])
2025-03-19T21:42:03.006-05:00 DEBUG 80480 --- [flight-booking] [           main] org.hibernate.HQL_FUNCTIONS              : Double pi
2025-03-19T21:42:03.006-05:00 DEBUG 80480 --- [flight-booking] [           main] org.hibernate.HQL_FUNCTIONS              : Integer position(STRING pattern in STRING string)
2025-03-19T21:42:03.006-05:00 DEBUG 80480 --- [flight-booking] [           main] org.hibernate.HQL_FUNCTIONS              : Double power(NUMERIC arg0, NUMERIC arg1)
2025-03-19T21:42:03.007-05:00 DEBUG 80480 --- [flight-booking] [           main] org.hibernate.HQL_FUNCTIONS              : Integer quarter(DATE arg)
2025-03-19T21:42:03.007-05:00 DEBUG 80480 --- [flight-booking] [           main] org.hibernate.HQL_FUNCTIONS              : Double radians(NUMERIC arg)
2025-03-19T21:42:03.007-05:00 DEBUG 80480 --- [flight-booking] [           main] org.hibernate.HQL_FUNCTIONS              : Double rand([INTEGER seed])
2025-03-19T21:42:03.007-05:00 DEBUG 80480 --- [flight-booking] [           main] org.hibernate.HQL_FUNCTIONS              : Long rank([arg0[, ...]])
2025-03-19T21:42:03.007-05:00 DEBUG 80480 --- [flight-booking] [           main] org.hibernate.HQL_FUNCTIONS              : String repeat(STRING string, INTEGER times)
2025-03-19T21:42:03.007-05:00 DEBUG 80480 --- [flight-booking] [           main] org.hibernate.HQL_FUNCTIONS              : String replace(STRING string, STRING pattern, STRING replacement)
2025-03-19T21:42:03.007-05:00 DEBUG 80480 --- [flight-booking] [           main] org.hibernate.HQL_FUNCTIONS              : String reverse(STRING arg)
2025-03-19T21:42:03.007-05:00 DEBUG 80480 --- [flight-booking] [           main] org.hibernate.HQL_FUNCTIONS              : String right(STRING string, INTEGER length)
2025-03-19T21:42:03.007-05:00 DEBUG 80480 --- [flight-booking] [           main] org.hibernate.HQL_FUNCTIONS              : round(NUMERIC number[, INTEGER places])
2025-03-19T21:42:03.007-05:00 DEBUG 80480 --- [flight-booking] [           main] org.hibernate.HQL_FUNCTIONS              : Long row_number()
2025-03-19T21:42:03.007-05:00 DEBUG 80480 --- [flight-booking] [           main] org.hibernate.HQL_FUNCTIONS              : String rpad(string, length[, padding])
2025-03-19T21:42:03.007-05:00 DEBUG 80480 --- [flight-booking] [           main] org.hibernate.HQL_FUNCTIONS              : String rtrim(STRING string[, STRING characters])
2025-03-19T21:42:03.007-05:00 DEBUG 80480 --- [flight-booking] [           main] org.hibernate.HQL_FUNCTIONS              : Integer second(TIME arg)
2025-03-19T21:42:03.007-05:00 DEBUG 80480 --- [flight-booking] [           main] org.hibernate.HQL_FUNCTIONS              : String sha(arg)
2025-03-19T21:42:03.007-05:00 DEBUG 80480 --- [flight-booking] [           main] org.hibernate.HQL_FUNCTIONS              : String sha1(arg)
2025-03-19T21:42:03.007-05:00 DEBUG 80480 --- [flight-booking] [           main] org.hibernate.HQL_FUNCTIONS              : String sha2(arg0, arg1)
2025-03-19T21:42:03.007-05:00 DEBUG 80480 --- [flight-booking] [           main] org.hibernate.HQL_FUNCTIONS              : Integer sign(NUMERIC arg)
2025-03-19T21:42:03.007-05:00 DEBUG 80480 --- [flight-booking] [           main] org.hibernate.HQL_FUNCTIONS              : Double sin(NUMERIC arg)
2025-03-19T21:42:03.007-05:00 DEBUG 80480 --- [flight-booking] [           main] org.hibernate.HQL_FUNCTIONS              : Double sinh(NUMERIC arg)
2025-03-19T21:42:03.007-05:00 DEBUG 80480 --- [flight-booking] [           main] org.hibernate.HQL_FUNCTIONS              : String soundex(arg)
2025-03-19T21:42:03.007-05:00 DEBUG 80480 --- [flight-booking] [           main] org.hibernate.HQL_FUNCTIONS              : String space(INTEGER arg)
2025-03-19T21:42:03.007-05:00 DEBUG 80480 --- [flight-booking] [           main] org.hibernate.HQL_FUNCTIONS              : Object sql
2025-03-19T21:42:03.007-05:00 DEBUG 80480 --- [flight-booking] [           main] org.hibernate.HQL_FUNCTIONS              : Double sqrt(NUMERIC arg)
2025-03-19T21:42:03.007-05:00 DEBUG 80480 --- [flight-booking] [           main] org.hibernate.HQL_FUNCTIONS              : Double stddev(NUMERIC arg)
2025-03-19T21:42:03.007-05:00 DEBUG 80480 --- [flight-booking] [           main] org.hibernate.HQL_FUNCTIONS              : Double stddev_pop(NUMERIC arg)
2025-03-19T21:42:03.007-05:00 DEBUG 80480 --- [flight-booking] [           main] org.hibernate.HQL_FUNCTIONS              : Double stddev_samp(NUMERIC arg)
2025-03-19T21:42:03.007-05:00 DEBUG 80480 --- [flight-booking] [           main] org.hibernate.HQL_FUNCTIONS              : String str(arg)
2025-03-19T21:42:03.007-05:00 DEBUG 80480 --- [flight-booking] [           main] org.hibernate.HQL_FUNCTIONS              : subdate(DATE datetime, INTEGER days)
2025-03-19T21:42:03.007-05:00 DEBUG 80480 --- [flight-booking] [           main] org.hibernate.HQL_FUNCTIONS              : String substr(STRING string, INTEGER start[, INTEGER length])
2025-03-19T21:42:03.007-05:00 DEBUG 80480 --- [flight-booking] [           main] org.hibernate.HQL_FUNCTIONS              : String substring(STRING string{ from|,} INTEGER start[{ for|,} INTEGER length])
2025-03-19T21:42:03.007-05:00 DEBUG 80480 --- [flight-booking] [           main] org.hibernate.HQL_FUNCTIONS              : subtime(TIME datetime, TIME time)
2025-03-19T21:42:03.007-05:00 DEBUG 80480 --- [flight-booking] [           main] org.hibernate.HQL_FUNCTIONS              : sum(arg)
2025-03-19T21:42:03.007-05:00 DEBUG 80480 --- [flight-booking] [           main] org.hibernate.HQL_FUNCTIONS              : Timestamp sysdate()
2025-03-19T21:42:03.007-05:00 DEBUG 80480 --- [flight-booking] [           main] org.hibernate.HQL_FUNCTIONS              : Double tan(NUMERIC arg)
2025-03-19T21:42:03.007-05:00 DEBUG 80480 --- [flight-booking] [           main] org.hibernate.HQL_FUNCTIONS              : Double tanh(NUMERIC arg)
2025-03-19T21:42:03.007-05:00 DEBUG 80480 --- [flight-booking] [           main] org.hibernate.HQL_FUNCTIONS              : String time(arg)
2025-03-19T21:42:03.007-05:00 DEBUG 80480 --- [flight-booking] [           main] org.hibernate.HQL_FUNCTIONS              : Timestamp timestamp(arg0[, arg1])
2025-03-19T21:42:03.007-05:00 DEBUG 80480 --- [flight-booking] [           main] org.hibernate.HQL_FUNCTIONS              : timestampadd(TEMPORAL_UNIT field, INTEGER magnitude, TEMPORAL datetime)
2025-03-19T21:42:03.008-05:00 DEBUG 80480 --- [flight-booking] [           main] org.hibernate.HQL_FUNCTIONS              : Long|Double timestampdiff(TEMPORAL_UNIT field, TEMPORAL start, TEMPORAL end)
2025-03-19T21:42:03.008-05:00 DEBUG 80480 --- [flight-booking] [           main] org.hibernate.HQL_FUNCTIONS              : String trim([[{leading|trailing|both} ][STRING arg0 ]from] STRING arg1)
2025-03-19T21:42:03.008-05:00 DEBUG 80480 --- [flight-booking] [           main] org.hibernate.HQL_FUNCTIONS              : trunc( ... )
2025-03-19T21:42:03.008-05:00 DEBUG 80480 --- [flight-booking] [           main] org.hibernate.HQL_FUNCTIONS              : truncate( ... )
2025-03-19T21:42:03.008-05:00 DEBUG 80480 --- [flight-booking] [           main] org.hibernate.HQL_FUNCTIONS              : String upper(STRING string)
2025-03-19T21:42:03.008-05:00 DEBUG 80480 --- [flight-booking] [           main] org.hibernate.HQL_FUNCTIONS              : Date utc_date
2025-03-19T21:42:03.008-05:00 DEBUG 80480 --- [flight-booking] [           main] org.hibernate.HQL_FUNCTIONS              : Time utc_time
2025-03-19T21:42:03.008-05:00 DEBUG 80480 --- [flight-booking] [           main] org.hibernate.HQL_FUNCTIONS              : Timestamp utc_timestamp
2025-03-19T21:42:03.008-05:00 DEBUG 80480 --- [flight-booking] [           main] org.hibernate.HQL_FUNCTIONS              : Double var_pop(NUMERIC arg)
2025-03-19T21:42:03.008-05:00 DEBUG 80480 --- [flight-booking] [           main] org.hibernate.HQL_FUNCTIONS              : Double var_samp(NUMERIC arg)
2025-03-19T21:42:03.008-05:00 DEBUG 80480 --- [flight-booking] [           main] org.hibernate.HQL_FUNCTIONS              : Double variance(NUMERIC arg)
2025-03-19T21:42:03.008-05:00 DEBUG 80480 --- [flight-booking] [           main] org.hibernate.HQL_FUNCTIONS              : Integer week(DATE arg)
2025-03-19T21:42:03.008-05:00 DEBUG 80480 --- [flight-booking] [           main] org.hibernate.HQL_FUNCTIONS              : Integer year(DATE arg)
2025-03-19T21:42:03.014-05:00 DEBUG 80480 --- [flight-booking] [           main] org.hibernate.orm.query.plan.cache       : Starting QueryInterpretationCache(2048)
2025-03-19T21:42:03.106-05:00 DEBUG 80480 --- [flight-booking] [           main] .h.s.i.SessionFactoryServiceRegistryImpl : EventListenerRegistry access via ServiceRegistry is deprecated.  Use `sessionFactory.getEventEngine().getListenerRegistry()` instead
2025-03-19T21:42:03.108-05:00 DEBUG 80480 --- [flight-booking] [           main] h.e.i.EntityCopyObserverFactoryInitiator : Configured EntityCopyObserver strategy: disallow
2025-03-19T21:42:03.215-05:00 DEBUG 80480 --- [flight-booking] [           main] org.hibernate.ormbytecode.interceptor    : To-one property `edu.miu.cs.cs425.backend.domain.entity.Flight#airline` was mapped with LAZY + NO_PROXY but the class was not enhanced
2025-03-19T21:42:03.218-05:00 DEBUG 80480 --- [flight-booking] [           main] org.hibernate.ormbytecode.interceptor    : To-one property `edu.miu.cs.cs425.backend.domain.entity.Flight#airline` was mapped with LAZY + NO_PROXY but the class was not enhanced
2025-03-19T21:42:03.223-05:00 DEBUG 80480 --- [flight-booking] [           main] org.hibernate.ormbytecode.interceptor    : To-one property `edu.miu.cs.cs425.backend.domain.entity.Flight#destination` was mapped with LAZY + NO_PROXY but the class was not enhanced
2025-03-19T21:42:03.223-05:00 DEBUG 80480 --- [flight-booking] [           main] org.hibernate.ormbytecode.interceptor    : To-one property `edu.miu.cs.cs425.backend.domain.entity.Flight#destination` was mapped with LAZY + NO_PROXY but the class was not enhanced
2025-03-19T21:42:03.223-05:00 DEBUG 80480 --- [flight-booking] [           main] org.hibernate.ormbytecode.interceptor    : To-one property `edu.miu.cs.cs425.backend.domain.entity.Flight#origin` was mapped with LAZY + NO_PROXY but the class was not enhanced
2025-03-19T21:42:03.223-05:00 DEBUG 80480 --- [flight-booking] [           main] org.hibernate.ormbytecode.interceptor    : To-one property `edu.miu.cs.cs425.backend.domain.entity.Flight#origin` was mapped with LAZY + NO_PROXY but the class was not enhanced
2025-03-19T21:42:03.224-05:00 DEBUG 80480 --- [flight-booking] [           main] o.h.boot.internal.ClassLoaderAccessImpl  : Not known whether passed class name [edu.miu.cs.cs425.backend.domain.entity.Flight] is safe
2025-03-19T21:42:03.224-05:00 DEBUG 80480 --- [flight-booking] [           main] o.h.boot.internal.ClassLoaderAccessImpl  : No temp ClassLoader provided; using live ClassLoader for loading potentially unsafe class : edu.miu.cs.cs425.backend.domain.entity.Flight
2025-03-19T21:42:03.445-05:00 DEBUG 80480 --- [flight-booking] [           main] o.h.b.i.bytebuddy.BytecodeProviderImpl   : HHH000513: Unable to create the ReflectionOptimizer for [edu.miu.cs.cs425.backend.domain.entity.Flight]: private accessor [airline]
2025-03-19T21:42:03.450-05:00 DEBUG 80480 --- [flight-booking] [           main] org.hibernate.ormbytecode.interceptor    : To-one property `edu.miu.cs.cs425.backend.domain.entity.Flight#airline` was mapped with LAZY + NO_PROXY but the class was not enhanced
2025-03-19T21:42:03.451-05:00 DEBUG 80480 --- [flight-booking] [           main] org.hibernate.ormbytecode.interceptor    : To-one property `edu.miu.cs.cs425.backend.domain.entity.Flight#destination` was mapped with LAZY + NO_PROXY but the class was not enhanced
2025-03-19T21:42:03.451-05:00 DEBUG 80480 --- [flight-booking] [           main] org.hibernate.ormbytecode.interceptor    : To-one property `edu.miu.cs.cs425.backend.domain.entity.Flight#origin` was mapped with LAZY + NO_PROXY but the class was not enhanced
2025-03-19T21:42:03.482-05:00 DEBUG 80480 --- [flight-booking] [           main] o.h.boot.internal.ClassLoaderAccessImpl  : Not known whether passed class name [edu.miu.cs.cs425.backend.domain.entity.Role] is safe
2025-03-19T21:42:03.482-05:00 DEBUG 80480 --- [flight-booking] [           main] o.h.boot.internal.ClassLoaderAccessImpl  : No temp ClassLoader provided; using live ClassLoader for loading potentially unsafe class : edu.miu.cs.cs425.backend.domain.entity.Role
2025-03-19T21:42:03.509-05:00 DEBUG 80480 --- [flight-booking] [           main] o.h.b.i.bytebuddy.BytecodeProviderImpl   : HHH000513: Unable to create the ReflectionOptimizer for [edu.miu.cs.cs425.backend.domain.entity.Role]: private accessor [name]
2025-03-19T21:42:03.510-05:00 DEBUG 80480 --- [flight-booking] [           main] o.h.boot.internal.ClassLoaderAccessImpl  : Not known whether passed class name [edu.miu.cs.cs425.backend.domain.entity.Airline] is safe
2025-03-19T21:42:03.510-05:00 DEBUG 80480 --- [flight-booking] [           main] o.h.boot.internal.ClassLoaderAccessImpl  : No temp ClassLoader provided; using live ClassLoader for loading potentially unsafe class : edu.miu.cs.cs425.backend.domain.entity.Airline
2025-03-19T21:42:03.527-05:00 DEBUG 80480 --- [flight-booking] [           main] o.h.b.i.bytebuddy.BytecodeProviderImpl   : HHH000513: Unable to create the ReflectionOptimizer for [edu.miu.cs.cs425.backend.domain.entity.Airline]: private accessor [logoUrl]
2025-03-19T21:42:03.528-05:00 DEBUG 80480 --- [flight-booking] [           main] org.hibernate.ormbytecode.interceptor    : To-one property `edu.miu.cs.cs425.backend.domain.entity.FlightLeg#flight` was mapped with LAZY + NO_PROXY but the class was not enhanced
2025-03-19T21:42:03.528-05:00 DEBUG 80480 --- [flight-booking] [           main] org.hibernate.ormbytecode.interceptor    : To-one property `edu.miu.cs.cs425.backend.domain.entity.FlightLeg#flight` was mapped with LAZY + NO_PROXY but the class was not enhanced
2025-03-19T21:42:03.528-05:00 DEBUG 80480 --- [flight-booking] [           main] o.h.boot.internal.ClassLoaderAccessImpl  : Not known whether passed class name [edu.miu.cs.cs425.backend.domain.entity.FlightLeg] is safe
2025-03-19T21:42:03.528-05:00 DEBUG 80480 --- [flight-booking] [           main] o.h.boot.internal.ClassLoaderAccessImpl  : No temp ClassLoader provided; using live ClassLoader for loading potentially unsafe class : edu.miu.cs.cs425.backend.domain.entity.FlightLeg
2025-03-19T21:42:03.548-05:00 DEBUG 80480 --- [flight-booking] [           main] o.h.b.i.bytebuddy.BytecodeProviderImpl   : HHH000513: Unable to create the ReflectionOptimizer for [edu.miu.cs.cs425.backend.domain.entity.FlightLeg]: private accessor [flight]
2025-03-19T21:42:03.548-05:00 DEBUG 80480 --- [flight-booking] [           main] org.hibernate.ormbytecode.interceptor    : To-one property `edu.miu.cs.cs425.backend.domain.entity.FlightLeg#flight` was mapped with LAZY + NO_PROXY but the class was not enhanced
2025-03-19T21:42:03.549-05:00 DEBUG 80480 --- [flight-booking] [           main] o.h.boot.internal.ClassLoaderAccessImpl  : Not known whether passed class name [edu.miu.cs.cs425.backend.domain.entity.Airport] is safe
2025-03-19T21:42:03.549-05:00 DEBUG 80480 --- [flight-booking] [           main] o.h.boot.internal.ClassLoaderAccessImpl  : No temp ClassLoader provided; using live ClassLoader for loading potentially unsafe class : edu.miu.cs.cs425.backend.domain.entity.Airport
2025-03-19T21:42:03.567-05:00 DEBUG 80480 --- [flight-booking] [           main] o.h.b.i.bytebuddy.BytecodeProviderImpl   : HHH000513: Unable to create the ReflectionOptimizer for [edu.miu.cs.cs425.backend.domain.entity.Airport]: private accessor [city]
2025-03-19T21:42:03.570-05:00 DEBUG 80480 --- [flight-booking] [           main] o.h.boot.internal.ClassLoaderAccessImpl  : Not known whether passed class name [edu.miu.cs.cs425.backend.domain.entity.Booking] is safe
2025-03-19T21:42:03.571-05:00 DEBUG 80480 --- [flight-booking] [           main] o.h.boot.internal.ClassLoaderAccessImpl  : No temp ClassLoader provided; using live ClassLoader for loading potentially unsafe class : edu.miu.cs.cs425.backend.domain.entity.Booking
2025-03-19T21:42:03.593-05:00 DEBUG 80480 --- [flight-booking] [           main] o.h.b.i.bytebuddy.BytecodeProviderImpl   : HHH000513: Unable to create the ReflectionOptimizer for [edu.miu.cs.cs425.backend.domain.entity.Booking]: private accessor [createdAt]
2025-03-19T21:42:03.595-05:00 DEBUG 80480 --- [flight-booking] [           main] o.h.boot.internal.ClassLoaderAccessImpl  : Not known whether passed class name [edu.miu.cs.cs425.backend.domain.entity.User] is safe
2025-03-19T21:42:03.595-05:00 DEBUG 80480 --- [flight-booking] [           main] o.h.boot.internal.ClassLoaderAccessImpl  : No temp ClassLoader provided; using live ClassLoader for loading potentially unsafe class : edu.miu.cs.cs425.backend.domain.entity.User
2025-03-19T21:42:03.614-05:00 DEBUG 80480 --- [flight-booking] [           main] o.h.b.i.bytebuddy.BytecodeProviderImpl   : HHH000513: Unable to create the ReflectionOptimizer for [edu.miu.cs.cs425.backend.domain.entity.User]: private accessor [address]
2025-03-19T21:42:03.638-05:00 DEBUG 80480 --- [flight-booking] [           main] org.hibernate.orm.jdbc.mutation          : Skipping collection inserts - edu.miu.cs.cs425.backend.domain.entity.Role.users
2025-03-19T21:42:03.638-05:00 DEBUG 80480 --- [flight-booking] [           main] org.hibernate.orm.jdbc.mutation          : Skipping collection row updates - edu.miu.cs.cs425.backend.domain.entity.Role.users
2025-03-19T21:42:03.638-05:00 DEBUG 80480 --- [flight-booking] [           main] org.hibernate.orm.jdbc.mutation          : Skipping collection row deletions - edu.miu.cs.cs425.backend.domain.entity.Role.users
2025-03-19T21:42:03.638-05:00 DEBUG 80480 --- [flight-booking] [           main] org.hibernate.orm.jdbc.mutation          : Skipping collection removals - edu.miu.cs.cs425.backend.domain.entity.Role.users
2025-03-19T21:42:03.639-05:00 DEBUG 80480 --- [flight-booking] [           main] org.hibernate.orm.jdbc.mutation          : Skipping collection row updates - edu.miu.cs.cs425.backend.domain.entity.User.roles
2025-03-19T21:42:03.691-05:00 DEBUG 80480 --- [flight-booking] [           main] o.hibernate.orm.model.mapping.creation   : Starting post-init callbacks
2025-03-19T21:42:03.691-05:00 DEBUG 80480 --- [flight-booking] [           main] o.hibernate.orm.model.mapping.creation   : Starting PostInitCallbackEntry : To-one key - NavigableRole[edu.miu.cs.cs425.backend.domain.entity.Flight.airline]
2025-03-19T21:42:03.696-05:00 DEBUG 80480 --- [flight-booking] [           main] o.hibernate.orm.model.mapping.creation   : Starting PostInitCallbackEntry : To-one key - NavigableRole[edu.miu.cs.cs425.backend.domain.entity.Flight.destination]
2025-03-19T21:42:03.696-05:00 DEBUG 80480 --- [flight-booking] [           main] o.hibernate.orm.model.mapping.creation   : Starting PostInitCallbackEntry : To-one key - NavigableRole[edu.miu.cs.cs425.backend.domain.entity.Flight.origin]
2025-03-19T21:42:03.696-05:00 DEBUG 80480 --- [flight-booking] [           main] o.hibernate.orm.model.mapping.creation   : Starting PostInitCallbackEntry : Entity(edu.miu.cs.cs425.backend.domain.entity.Flight) `staticFetchableList` generator
2025-03-19T21:42:03.697-05:00 DEBUG 80480 --- [flight-booking] [           main] o.hibernate.orm.model.mapping.creation   : Starting PostInitCallbackEntry : PluralAttributeMapping( NavigableRole[edu.miu.cs.cs425.backend.domain.entity.Role.users#{element}]) - element descriptor
2025-03-19T21:42:03.697-05:00 DEBUG 80480 --- [flight-booking] [           main] o.hibernate.orm.model.mapping.creation   : Starting PostInitCallbackEntry : PluralAttributeMapping(edu.miu.cs.cs425.backend.domain.entity.Role.users)#finishInitialization
2025-03-19T21:42:03.697-05:00 DEBUG 80480 --- [flight-booking] [           main] o.hibernate.orm.model.mapping.creation   : Starting PostInitCallbackEntry : PluralAttributeMapping(edu.miu.cs.cs425.backend.domain.entity.Role.users) - key descriptor
2025-03-19T21:42:03.697-05:00 DEBUG 80480 --- [flight-booking] [           main] o.hibernate.orm.model.mapping.creation   : Starting PostInitCallbackEntry : Entity(edu.miu.cs.cs425.backend.domain.entity.Role) `staticFetchableList` generator
2025-03-19T21:42:03.697-05:00 DEBUG 80480 --- [flight-booking] [           main] o.hibernate.orm.model.mapping.creation   : Starting PostInitCallbackEntry : Entity(edu.miu.cs.cs425.backend.domain.entity.Airline) `staticFetchableList` generator
2025-03-19T21:42:03.697-05:00 DEBUG 80480 --- [flight-booking] [           main] o.hibernate.orm.model.mapping.creation   : Starting PostInitCallbackEntry : To-one key - NavigableRole[edu.miu.cs.cs425.backend.domain.entity.FlightLeg.flight]
2025-03-19T21:42:03.697-05:00 DEBUG 80480 --- [flight-booking] [           main] o.hibernate.orm.model.mapping.creation   : Starting PostInitCallbackEntry : Entity(edu.miu.cs.cs425.backend.domain.entity.FlightLeg) `staticFetchableList` generator
2025-03-19T21:42:03.697-05:00 DEBUG 80480 --- [flight-booking] [           main] o.hibernate.orm.model.mapping.creation   : Starting PostInitCallbackEntry : Entity(edu.miu.cs.cs425.backend.domain.entity.Airport) `staticFetchableList` generator
2025-03-19T21:42:03.697-05:00 DEBUG 80480 --- [flight-booking] [           main] o.hibernate.orm.model.mapping.creation   : Starting PostInitCallbackEntry : PluralAttributeMapping( NavigableRole[edu.miu.cs.cs425.backend.domain.entity.Booking.flightLegs#{element}]) - element descriptor
2025-03-19T21:42:03.697-05:00 DEBUG 80480 --- [flight-booking] [           main] o.hibernate.orm.model.mapping.creation   : Starting PostInitCallbackEntry : PluralAttributeMapping(edu.miu.cs.cs425.backend.domain.entity.Booking.flightLegs)#finishInitialization
2025-03-19T21:42:03.697-05:00 DEBUG 80480 --- [flight-booking] [           main] o.hibernate.orm.model.mapping.creation   : Starting PostInitCallbackEntry : PluralAttributeMapping(edu.miu.cs.cs425.backend.domain.entity.Booking.flightLegs) - key descriptor
2025-03-19T21:42:03.697-05:00 DEBUG 80480 --- [flight-booking] [           main] o.hibernate.orm.model.mapping.creation   : Starting PostInitCallbackEntry : PluralAttributeMapping( NavigableRole[edu.miu.cs.cs425.backend.domain.entity.Booking.returnFlightLegs#{element}]) - element descriptor
2025-03-19T21:42:03.697-05:00 DEBUG 80480 --- [flight-booking] [           main] o.hibernate.orm.model.mapping.creation   : Starting PostInitCallbackEntry : PluralAttributeMapping(edu.miu.cs.cs425.backend.domain.entity.Booking.returnFlightLegs)#finishInitialization
2025-03-19T21:42:03.697-05:00 DEBUG 80480 --- [flight-booking] [           main] o.hibernate.orm.model.mapping.creation   : Starting PostInitCallbackEntry : PluralAttributeMapping(edu.miu.cs.cs425.backend.domain.entity.Booking.returnFlightLegs) - key descriptor
2025-03-19T21:42:03.697-05:00 DEBUG 80480 --- [flight-booking] [           main] o.hibernate.orm.model.mapping.creation   : Starting PostInitCallbackEntry : EmbeddableMappingType(edu.miu.cs.cs425.backend.domain.entity.Booking.userDetails)#finishInitialization
2025-03-19T21:42:03.698-05:00 DEBUG 80480 --- [flight-booking] [           main] o.hibernate.orm.model.mapping.creation   : Starting PostInitCallbackEntry : Entity(edu.miu.cs.cs425.backend.domain.entity.Booking) `staticFetchableList` generator
2025-03-19T21:42:03.698-05:00 DEBUG 80480 --- [flight-booking] [           main] o.hibernate.orm.model.mapping.creation   : Starting PostInitCallbackEntry : PluralAttributeMapping( NavigableRole[edu.miu.cs.cs425.backend.domain.entity.User.roles#{element}]) - element descriptor
2025-03-19T21:42:03.698-05:00 DEBUG 80480 --- [flight-booking] [           main] o.hibernate.orm.model.mapping.creation   : Starting PostInitCallbackEntry : PluralAttributeMapping(edu.miu.cs.cs425.backend.domain.entity.User.roles)#finishInitialization
2025-03-19T21:42:03.698-05:00 DEBUG 80480 --- [flight-booking] [           main] o.hibernate.orm.model.mapping.creation   : Starting PostInitCallbackEntry : PluralAttributeMapping(edu.miu.cs.cs425.backend.domain.entity.User.roles) - key descriptor
2025-03-19T21:42:03.698-05:00 DEBUG 80480 --- [flight-booking] [           main] o.hibernate.orm.model.mapping.creation   : Starting PostInitCallbackEntry : Entity(edu.miu.cs.cs425.backend.domain.entity.User) `staticFetchableList` generator
2025-03-19T21:42:03.698-05:00 DEBUG 80480 --- [flight-booking] [           main] o.hibernate.orm.model.mapping.creation   : Starting PostInitCallbackEntry : PluralAttributeMapping( NavigableRole[edu.miu.cs.cs425.backend.domain.entity.Role.users#{element}]) - element descriptor
2025-03-19T21:42:03.698-05:00 DEBUG 80480 --- [flight-booking] [           main] o.hibernate.orm.model.mapping.creation   : Starting PostInitCallbackEntry : PluralAttributeMapping( NavigableRole[edu.miu.cs.cs425.backend.domain.entity.Booking.flightLegs#{element}]) - element descriptor
2025-03-19T21:42:03.698-05:00 DEBUG 80480 --- [flight-booking] [           main] o.hibernate.orm.model.mapping.creation   : Starting PostInitCallbackEntry : PluralAttributeMapping( NavigableRole[edu.miu.cs.cs425.backend.domain.entity.Booking.returnFlightLegs#{element}]) - element descriptor
2025-03-19T21:42:03.698-05:00 DEBUG 80480 --- [flight-booking] [           main] o.hibernate.orm.model.mapping.creation   : Starting PostInitCallbackEntry : EmbeddableMappingType(edu.miu.cs.cs425.backend.domain.entity.Booking.userDetails)#initColumnMappings
2025-03-19T21:42:03.794-05:00 DEBUG 80480 --- [flight-booking] [           main] org.hibernate.orm.sql.ast.create         : Created new SQL alias : f1_0
2025-03-19T21:42:03.796-05:00 DEBUG 80480 --- [flight-booking] [           main] org.hibernate.orm.sql.ast.create         : Registration of TableGroup [StandardTableGroup(edu.miu.cs.cs425.backend.domain.entity.Flight)] with identifierForTableGroup [edu.miu.cs.cs425.backend.domain.entity.Flight] for NavigablePath [edu.miu.cs.cs425.backend.domain.entity.Flight] 
2025-03-19T21:42:03.808-05:00 DEBUG 80480 --- [flight-booking] [           main] org.hibernate.orm.sql.ast.create         : Registration of TableGroup [org.hibernate.sql.ast.tree.from.LazyTableGroup@33a58fcb] with identifierForTableGroup [edu.miu.cs.cs425.backend.domain.entity.Flight.airline] for NavigablePath [edu.miu.cs.cs425.backend.domain.entity.Flight.airline] 
2025-03-19T21:42:03.810-05:00 DEBUG 80480 --- [flight-booking] [           main] org.hibernate.orm.sql.ast.create         : Created new SQL alias : a1_0
2025-03-19T21:42:03.815-05:00 DEBUG 80480 --- [flight-booking] [           main] org.hibernate.orm.sql.ast.create         : Registration of TableGroup [org.hibernate.sql.ast.tree.from.LazyTableGroup@30b29f55] with identifierForTableGroup [edu.miu.cs.cs425.backend.domain.entity.Flight.destination] for NavigablePath [edu.miu.cs.cs425.backend.domain.entity.Flight.destination] 
2025-03-19T21:42:03.815-05:00 DEBUG 80480 --- [flight-booking] [           main] org.hibernate.orm.sql.ast.create         : Created new SQL alias : d1_0
2025-03-19T21:42:03.815-05:00 DEBUG 80480 --- [flight-booking] [           main] org.hibernate.orm.sql.ast.create         : Registration of TableGroup [org.hibernate.sql.ast.tree.from.LazyTableGroup@550e7ef6] with identifierForTableGroup [edu.miu.cs.cs425.backend.domain.entity.Flight.origin] for NavigablePath [edu.miu.cs.cs425.backend.domain.entity.Flight.origin] 
2025-03-19T21:42:03.815-05:00 DEBUG 80480 --- [flight-booking] [           main] org.hibernate.orm.sql.ast.create         : Created new SQL alias : o1_0
2025-03-19T21:42:03.820-05:00 DEBUG 80480 --- [flight-booking] [           main] org.hibernate.orm.results.graph.AST      : DomainResult Graph:
 \-EntityResultImpl [edu.miu.cs.cs425.backend.domain.entity.Flight]
 |  +-EntityFetchJoinedImpl [edu.miu.cs.cs425.backend.domain.entity.Flight.airline]
 |  |  +-BasicFetch [edu.miu.cs.cs425.backend.domain.entity.Flight.airline.logoUrl]
 |  |  \-BasicFetch [edu.miu.cs.cs425.backend.domain.entity.Flight.airline.name]
 |  +-BasicFetch [edu.miu.cs.cs425.backend.domain.entity.Flight.arrival]
 |  +-BasicFetch [edu.miu.cs.cs425.backend.domain.entity.Flight.departure]
 |  +-EntityFetchJoinedImpl [edu.miu.cs.cs425.backend.domain.entity.Flight.destination]
 |  |  +-BasicFetch [edu.miu.cs.cs425.backend.domain.entity.Flight.destination.city]
 |  |  +-BasicFetch [edu.miu.cs.cs425.backend.domain.entity.Flight.destination.country]
 |  |  \-BasicFetch [edu.miu.cs.cs425.backend.domain.entity.Flight.destination.name]
 |  +-BasicFetch [edu.miu.cs.cs425.backend.domain.entity.Flight.duration]
 |  +-BasicFetch [edu.miu.cs.cs425.backend.domain.entity.Flight.flightNumber]
 |  +-EntityFetchJoinedImpl [edu.miu.cs.cs425.backend.domain.entity.Flight.origin]
 |  |  +-BasicFetch [edu.miu.cs.cs425.backend.domain.entity.Flight.origin.city]
 |  |  +-BasicFetch [edu.miu.cs.cs425.backend.domain.entity.Flight.origin.country]
 |  |  \-BasicFetch [edu.miu.cs.cs425.backend.domain.entity.Flight.origin.name]
 |  +-BasicFetch [edu.miu.cs.cs425.backend.domain.entity.Flight.price]
 |  \-BasicFetch [edu.miu.cs.cs425.backend.domain.entity.Flight.seatsAvailable]

2025-03-19T21:42:03.822-05:00 DEBUG 80480 --- [flight-booking] [           main] org.hibernate.orm.sql.ast.tree           : SQL AST Tree:
    SelectStatement {
      FromClause {
        StandardTableGroup (f1 : edu.miu.cs.cs425.backend.domain.entity.Flight) {
          primaryTableReference : flight as f1_0
          TableGroupJoins {
            left  join LazyTableGroup (a1 : edu.miu.cs.cs425.backend.domain.entity.Flight.airline) {
              primaryTableReference : airline as a1_0
            }
            left  join LazyTableGroup (d1 : edu.miu.cs.cs425.backend.domain.entity.Flight.destination) {
              primaryTableReference : airport as d1_0
            }
            left  join LazyTableGroup (o1 : edu.miu.cs.cs425.backend.domain.entity.Flight.origin) {
              primaryTableReference : airport as o1_0
            }
          }
        }
      }
    }

2025-03-19T21:42:03.833-05:00 DEBUG 80480 --- [flight-booking] [           main] o.h.p.entity.AbstractEntityPersister     : Static SQL for entity: edu.miu.cs.cs425.backend.domain.entity.Flight
2025-03-19T21:42:03.833-05:00 DEBUG 80480 --- [flight-booking] [           main] o.h.p.entity.AbstractEntityPersister     :  Version select: select id from flight where id=?
2025-03-19T21:42:03.834-05:00 DEBUG 80480 --- [flight-booking] [           main] o.h.p.entity.AbstractEntityPersister     :  Insert (0): insert into flight (airline_code,arrival,departure,destination_iata_code,duration,flight_number,origin_iata_code,price,seats_available,id) values (?,?,?,?,?,?,?,?,?,?)
2025-03-19T21:42:03.834-05:00 DEBUG 80480 --- [flight-booking] [           main] o.h.p.entity.AbstractEntityPersister     :  Update (0): update flight set airline_code=?,arrival=?,departure=?,destination_iata_code=?,duration=?,flight_number=?,origin_iata_code=?,price=?,seats_available=? where id=?
2025-03-19T21:42:03.834-05:00 DEBUG 80480 --- [flight-booking] [           main] o.h.p.entity.AbstractEntityPersister     :  Delete (0): delete from flight where id=?
2025-03-19T21:42:03.834-05:00 DEBUG 80480 --- [flight-booking] [           main] org.hibernate.orm.sql.ast.create         : Created new SQL alias : r1_0
2025-03-19T21:42:03.834-05:00 DEBUG 80480 --- [flight-booking] [           main] org.hibernate.orm.sql.ast.create         : Registration of TableGroup [StandardTableGroup(edu.miu.cs.cs425.backend.domain.entity.Role)] with identifierForTableGroup [edu.miu.cs.cs425.backend.domain.entity.Role] for NavigablePath [edu.miu.cs.cs425.backend.domain.entity.Role] 
2025-03-19T21:42:03.835-05:00 DEBUG 80480 --- [flight-booking] [           main] org.hibernate.orm.sql.ast.create         : Created new SQL alias : u1_0
2025-03-19T21:42:03.837-05:00 DEBUG 80480 --- [flight-booking] [           main] org.hibernate.orm.sql.ast.create         : Registration of TableGroup [CollectionTableGroup(edu.miu.cs.cs425.backend.domain.entity.Role.users)] with identifierForTableGroup [edu.miu.cs.cs425.backend.domain.entity.Role.users] for NavigablePath [edu.miu.cs.cs425.backend.domain.entity.Role.users] 
2025-03-19T21:42:03.838-05:00 DEBUG 80480 --- [flight-booking] [           main] org.hibernate.orm.sql.ast.create         : Registration of TableGroup [org.hibernate.sql.ast.tree.from.LazyTableGroup@6a4238ff] with identifierForTableGroup [edu.miu.cs.cs425.backend.domain.entity.Role.users.{element}] for NavigablePath [edu.miu.cs.cs425.backend.domain.entity.Role.users.{element}] 
2025-03-19T21:42:03.838-05:00 DEBUG 80480 --- [flight-booking] [           main] org.hibernate.orm.sql.ast.create         : Created new SQL alias : u1_1
2025-03-19T21:42:03.841-05:00 DEBUG 80480 --- [flight-booking] [           main] org.hibernate.orm.results.graph.AST      : DomainResult Graph:
 \-EntityResultImpl [edu.miu.cs.cs425.backend.domain.entity.Role]
 |  +-BasicFetch [edu.miu.cs.cs425.backend.domain.entity.Role.name]
 |  \-EagerCollectionFetch [edu.miu.cs.cs425.backend.domain.entity.Role.users]
 |  |  \-EntityFetchJoinedImpl [edu.miu.cs.cs425.backend.domain.entity.Role.users.{element}]
 |  |  |  +-BasicFetch [edu.miu.cs.cs425.backend.domain.entity.Role.users.{element}.address]
 |  |  |  +-BasicFetch [edu.miu.cs.cs425.backend.domain.entity.Role.users.{element}.avatar]
 |  |  |  +-BasicFetch [edu.miu.cs.cs425.backend.domain.entity.Role.users.{element}.createdAt]
 |  |  |  +-BasicFetch [edu.miu.cs.cs425.backend.domain.entity.Role.users.{element}.email]
 |  |  |  +-BasicFetch [edu.miu.cs.cs425.backend.domain.entity.Role.users.{element}.name]
 |  |  |  +-BasicFetch [edu.miu.cs.cs425.backend.domain.entity.Role.users.{element}.password]
 |  |  |  +-BasicFetch [edu.miu.cs.cs425.backend.domain.entity.Role.users.{element}.phone]
 |  |  |  +-SelectEagerCollectionFetch [edu.miu.cs.cs425.backend.domain.entity.Role.users.{element}.roles]
 |  |  |  \-BasicFetch [edu.miu.cs.cs425.backend.domain.entity.Role.users.{element}.updatedAt]

2025-03-19T21:42:03.841-05:00 DEBUG 80480 --- [flight-booking] [           main] org.hibernate.orm.sql.ast.tree           : SQL AST Tree:
    SelectStatement {
      FromClause {
        StandardTableGroup (r1 : edu.miu.cs.cs425.backend.domain.entity.Role) {
          primaryTableReference : role as r1_0
          TableGroupJoins {
            left  join CollectionTableGroup (u1 : edu.miu.cs.cs425.backend.domain.entity.Role.users) {
              primaryTableReference : user_roles as u1_0
              TableGroupJoins {
                left  join LazyTableGroup (u1 : edu.miu.cs.cs425.backend.domain.entity.Role.users.{element}) {
                  primaryTableReference : user as u1_1
                }
              }
            }
          }
        }
      }
    }

2025-03-19T21:42:03.841-05:00 DEBUG 80480 --- [flight-booking] [           main] o.h.p.entity.AbstractEntityPersister     : Static SQL for entity: edu.miu.cs.cs425.backend.domain.entity.Role
2025-03-19T21:42:03.841-05:00 DEBUG 80480 --- [flight-booking] [           main] o.h.p.entity.AbstractEntityPersister     :  Version select: select id from role where id=?
2025-03-19T21:42:03.841-05:00 DEBUG 80480 --- [flight-booking] [           main] o.h.p.entity.AbstractEntityPersister     :  Insert (0): insert into role (name) values (?)
2025-03-19T21:42:03.841-05:00 DEBUG 80480 --- [flight-booking] [           main] o.h.p.entity.AbstractEntityPersister     :  Update (0): update role set name=? where id=?
2025-03-19T21:42:03.841-05:00 DEBUG 80480 --- [flight-booking] [           main] o.h.p.entity.AbstractEntityPersister     :  Delete (0): delete from role where id=?
2025-03-19T21:42:03.841-05:00 DEBUG 80480 --- [flight-booking] [           main] org.hibernate.orm.sql.ast.create         : Created new SQL alias : a1_0
2025-03-19T21:42:03.841-05:00 DEBUG 80480 --- [flight-booking] [           main] org.hibernate.orm.sql.ast.create         : Registration of TableGroup [StandardTableGroup(edu.miu.cs.cs425.backend.domain.entity.Airline)] with identifierForTableGroup [edu.miu.cs.cs425.backend.domain.entity.Airline] for NavigablePath [edu.miu.cs.cs425.backend.domain.entity.Airline] 
2025-03-19T21:42:03.841-05:00 DEBUG 80480 --- [flight-booking] [           main] org.hibernate.orm.results.graph.AST      : DomainResult Graph:
 \-EntityResultImpl [edu.miu.cs.cs425.backend.domain.entity.Airline]
 |  +-BasicFetch [edu.miu.cs.cs425.backend.domain.entity.Airline.logoUrl]
 |  \-BasicFetch [edu.miu.cs.cs425.backend.domain.entity.Airline.name]

2025-03-19T21:42:03.841-05:00 DEBUG 80480 --- [flight-booking] [           main] org.hibernate.orm.sql.ast.tree           : SQL AST Tree:
    SelectStatement {
      FromClause {
        StandardTableGroup (a1 : edu.miu.cs.cs425.backend.domain.entity.Airline) {
          primaryTableReference : airline as a1_0
        }
      }
    }

2025-03-19T21:42:03.842-05:00 DEBUG 80480 --- [flight-booking] [           main] o.h.p.entity.AbstractEntityPersister     : Static SQL for entity: edu.miu.cs.cs425.backend.domain.entity.Airline
2025-03-19T21:42:03.842-05:00 DEBUG 80480 --- [flight-booking] [           main] o.h.p.entity.AbstractEntityPersister     :  Version select: select code from airline where code=?
2025-03-19T21:42:03.842-05:00 DEBUG 80480 --- [flight-booking] [           main] o.h.p.entity.AbstractEntityPersister     :  Insert (0): insert into airline (logo_url,name,code) values (?,?,?)
2025-03-19T21:42:03.842-05:00 DEBUG 80480 --- [flight-booking] [           main] o.h.p.entity.AbstractEntityPersister     :  Update (0): update airline set logo_url=?,name=? where code=?
2025-03-19T21:42:03.842-05:00 DEBUG 80480 --- [flight-booking] [           main] o.h.p.entity.AbstractEntityPersister     :  Delete (0): delete from airline where code=?
2025-03-19T21:42:03.842-05:00 DEBUG 80480 --- [flight-booking] [           main] org.hibernate.orm.sql.ast.create         : Created new SQL alias : fl1_0
2025-03-19T21:42:03.842-05:00 DEBUG 80480 --- [flight-booking] [           main] org.hibernate.orm.sql.ast.create         : Registration of TableGroup [StandardTableGroup(edu.miu.cs.cs425.backend.domain.entity.FlightLeg)] with identifierForTableGroup [edu.miu.cs.cs425.backend.domain.entity.FlightLeg] for NavigablePath [edu.miu.cs.cs425.backend.domain.entity.FlightLeg] 
2025-03-19T21:42:03.842-05:00 DEBUG 80480 --- [flight-booking] [           main] org.hibernate.orm.sql.ast.create         : Registration of TableGroup [org.hibernate.sql.ast.tree.from.LazyTableGroup@80b70fd] with identifierForTableGroup [edu.miu.cs.cs425.backend.domain.entity.FlightLeg.flight] for NavigablePath [edu.miu.cs.cs425.backend.domain.entity.FlightLeg.flight] 
2025-03-19T21:42:03.842-05:00 DEBUG 80480 --- [flight-booking] [           main] org.hibernate.orm.sql.ast.create         : Created new SQL alias : f1_0
2025-03-19T21:42:03.842-05:00 DEBUG 80480 --- [flight-booking] [           main] org.hibernate.orm.sql.ast.create         : Registration of TableGroup [org.hibernate.sql.ast.tree.from.LazyTableGroup@c76762] with identifierForTableGroup [edu.miu.cs.cs425.backend.domain.entity.FlightLeg.flight.airline] for NavigablePath [edu.miu.cs.cs425.backend.domain.entity.FlightLeg.flight.airline] 
2025-03-19T21:42:03.842-05:00 DEBUG 80480 --- [flight-booking] [           main] org.hibernate.orm.sql.ast.create         : Created new SQL alias : a1_0
2025-03-19T21:42:03.842-05:00 DEBUG 80480 --- [flight-booking] [           main] org.hibernate.orm.sql.ast.create         : Registration of TableGroup [org.hibernate.sql.ast.tree.from.LazyTableGroup@5318731f] with identifierForTableGroup [edu.miu.cs.cs425.backend.domain.entity.FlightLeg.flight.destination] for NavigablePath [edu.miu.cs.cs425.backend.domain.entity.FlightLeg.flight.destination] 
2025-03-19T21:42:03.843-05:00 DEBUG 80480 --- [flight-booking] [           main] org.hibernate.orm.sql.ast.create         : Created new SQL alias : d1_0
2025-03-19T21:42:03.843-05:00 DEBUG 80480 --- [flight-booking] [           main] org.hibernate.orm.sql.ast.create         : Registration of TableGroup [org.hibernate.sql.ast.tree.from.LazyTableGroup@2db82155] with identifierForTableGroup [edu.miu.cs.cs425.backend.domain.entity.FlightLeg.flight.origin] for NavigablePath [edu.miu.cs.cs425.backend.domain.entity.FlightLeg.flight.origin] 
2025-03-19T21:42:03.843-05:00 DEBUG 80480 --- [flight-booking] [           main] org.hibernate.orm.sql.ast.create         : Created new SQL alias : o1_0
2025-03-19T21:42:03.843-05:00 DEBUG 80480 --- [flight-booking] [           main] org.hibernate.orm.results.graph.AST      : DomainResult Graph:
 \-EntityResultImpl [edu.miu.cs.cs425.backend.domain.entity.FlightLeg]
 |  +-EntityFetchJoinedImpl [edu.miu.cs.cs425.backend.domain.entity.FlightLeg.flight]
 |  |  +-EntityFetchJoinedImpl [edu.miu.cs.cs425.backend.domain.entity.FlightLeg.flight.airline]
 |  |  |  +-BasicFetch [edu.miu.cs.cs425.backend.domain.entity.FlightLeg.flight.airline.logoUrl]
 |  |  |  \-BasicFetch [edu.miu.cs.cs425.backend.domain.entity.FlightLeg.flight.airline.name]
 |  |  +-BasicFetch [edu.miu.cs.cs425.backend.domain.entity.FlightLeg.flight.arrival]
 |  |  +-BasicFetch [edu.miu.cs.cs425.backend.domain.entity.FlightLeg.flight.departure]
 |  |  +-EntityFetchJoinedImpl [edu.miu.cs.cs425.backend.domain.entity.FlightLeg.flight.destination]
 |  |  |  +-BasicFetch [edu.miu.cs.cs425.backend.domain.entity.FlightLeg.flight.destination.city]
 |  |  |  +-BasicFetch [edu.miu.cs.cs425.backend.domain.entity.FlightLeg.flight.destination.country]
 |  |  |  \-BasicFetch [edu.miu.cs.cs425.backend.domain.entity.FlightLeg.flight.destination.name]
 |  |  +-BasicFetch [edu.miu.cs.cs425.backend.domain.entity.FlightLeg.flight.duration]
 |  |  +-BasicFetch [edu.miu.cs.cs425.backend.domain.entity.FlightLeg.flight.flightNumber]
 |  |  +-EntityFetchJoinedImpl [edu.miu.cs.cs425.backend.domain.entity.FlightLeg.flight.origin]
 |  |  |  +-BasicFetch [edu.miu.cs.cs425.backend.domain.entity.FlightLeg.flight.origin.city]
 |  |  |  +-BasicFetch [edu.miu.cs.cs425.backend.domain.entity.FlightLeg.flight.origin.country]
 |  |  |  \-BasicFetch [edu.miu.cs.cs425.backend.domain.entity.FlightLeg.flight.origin.name]
 |  |  +-BasicFetch [edu.miu.cs.cs425.backend.domain.entity.FlightLeg.flight.price]
 |  |  \-BasicFetch [edu.miu.cs.cs425.backend.domain.entity.FlightLeg.flight.seatsAvailable]
 |  \-BasicFetch [edu.miu.cs.cs425.backend.domain.entity.FlightLeg.legNumber]

2025-03-19T21:42:03.843-05:00 DEBUG 80480 --- [flight-booking] [           main] org.hibernate.orm.sql.ast.tree           : SQL AST Tree:
    SelectStatement {
      FromClause {
        StandardTableGroup (fl1 : edu.miu.cs.cs425.backend.domain.entity.FlightLeg) {
          primaryTableReference : flight_legs as fl1_0
          TableGroupJoins {
             join LazyTableGroup (f1 : edu.miu.cs.cs425.backend.domain.entity.FlightLeg.flight) {
              primaryTableReference : flight as f1_0
              TableGroupJoins {
                left  join LazyTableGroup (a1 : edu.miu.cs.cs425.backend.domain.entity.FlightLeg.flight.airline) {
                  primaryTableReference : airline as a1_0
                }
                left  join LazyTableGroup (d1 : edu.miu.cs.cs425.backend.domain.entity.FlightLeg.flight.destination) {
                  primaryTableReference : airport as d1_0
                }
                left  join LazyTableGroup (o1 : edu.miu.cs.cs425.backend.domain.entity.FlightLeg.flight.origin) {
                  primaryTableReference : airport as o1_0
                }
              }
            }
          }
        }
      }
    }

2025-03-19T21:42:03.843-05:00 DEBUG 80480 --- [flight-booking] [           main] o.h.p.entity.AbstractEntityPersister     : Static SQL for entity: edu.miu.cs.cs425.backend.domain.entity.FlightLeg
2025-03-19T21:42:03.843-05:00 DEBUG 80480 --- [flight-booking] [           main] o.h.p.entity.AbstractEntityPersister     :  Version select: select id from flight_legs where id=?
2025-03-19T21:42:03.843-05:00 DEBUG 80480 --- [flight-booking] [           main] o.h.p.entity.AbstractEntityPersister     :  Insert (0): insert into flight_legs (flight_id,leg_number) values (?,?)
2025-03-19T21:42:03.843-05:00 DEBUG 80480 --- [flight-booking] [           main] o.h.p.entity.AbstractEntityPersister     :  Update (0): update flight_legs set flight_id=?,leg_number=? where id=?
2025-03-19T21:42:03.843-05:00 DEBUG 80480 --- [flight-booking] [           main] o.h.p.entity.AbstractEntityPersister     :  Delete (0): delete from flight_legs where id=?
2025-03-19T21:42:03.843-05:00 DEBUG 80480 --- [flight-booking] [           main] org.hibernate.orm.sql.ast.create         : Created new SQL alias : a1_0
2025-03-19T21:42:03.843-05:00 DEBUG 80480 --- [flight-booking] [           main] org.hibernate.orm.sql.ast.create         : Registration of TableGroup [StandardTableGroup(edu.miu.cs.cs425.backend.domain.entity.Airport)] with identifierForTableGroup [edu.miu.cs.cs425.backend.domain.entity.Airport] for NavigablePath [edu.miu.cs.cs425.backend.domain.entity.Airport] 
2025-03-19T21:42:03.844-05:00 DEBUG 80480 --- [flight-booking] [           main] org.hibernate.orm.results.graph.AST      : DomainResult Graph:
 \-EntityResultImpl [edu.miu.cs.cs425.backend.domain.entity.Airport]
 |  +-BasicFetch [edu.miu.cs.cs425.backend.domain.entity.Airport.city]
 |  +-BasicFetch [edu.miu.cs.cs425.backend.domain.entity.Airport.country]
 |  \-BasicFetch [edu.miu.cs.cs425.backend.domain.entity.Airport.name]

2025-03-19T21:42:03.844-05:00 DEBUG 80480 --- [flight-booking] [           main] org.hibernate.orm.sql.ast.tree           : SQL AST Tree:
    SelectStatement {
      FromClause {
        StandardTableGroup (a1 : edu.miu.cs.cs425.backend.domain.entity.Airport) {
          primaryTableReference : airport as a1_0
        }
      }
    }

2025-03-19T21:42:03.844-05:00 DEBUG 80480 --- [flight-booking] [           main] o.h.p.entity.AbstractEntityPersister     : Static SQL for entity: edu.miu.cs.cs425.backend.domain.entity.Airport
2025-03-19T21:42:03.844-05:00 DEBUG 80480 --- [flight-booking] [           main] o.h.p.entity.AbstractEntityPersister     :  Version select: select iata_code from airport where iata_code=?
2025-03-19T21:42:03.844-05:00 DEBUG 80480 --- [flight-booking] [           main] o.h.p.entity.AbstractEntityPersister     :  Insert (0): insert into airport (city,country,name,iata_code) values (?,?,?,?)
2025-03-19T21:42:03.844-05:00 DEBUG 80480 --- [flight-booking] [           main] o.h.p.entity.AbstractEntityPersister     :  Update (0): update airport set city=?,country=?,name=? where iata_code=?
2025-03-19T21:42:03.844-05:00 DEBUG 80480 --- [flight-booking] [           main] o.h.p.entity.AbstractEntityPersister     :  Delete (0): delete from airport where iata_code=?
2025-03-19T21:42:03.844-05:00 DEBUG 80480 --- [flight-booking] [           main] org.hibernate.orm.sql.ast.create         : Created new SQL alias : b1_0
2025-03-19T21:42:03.844-05:00 DEBUG 80480 --- [flight-booking] [           main] org.hibernate.orm.sql.ast.create         : Registration of TableGroup [StandardTableGroup(edu.miu.cs.cs425.backend.domain.entity.Booking)] with identifierForTableGroup [edu.miu.cs.cs425.backend.domain.entity.Booking] for NavigablePath [edu.miu.cs.cs425.backend.domain.entity.Booking] 
2025-03-19T21:42:03.846-05:00 DEBUG 80480 --- [flight-booking] [           main] org.hibernate.orm.sql.ast.create         : Registration of TableGroup [StandardVirtualTableGroup(edu.miu.cs.cs425.backend.domain.entity.Booking.userDetails)] with identifierForTableGroup [edu.miu.cs.cs425.backend.domain.entity.Booking.userDetails] for NavigablePath [edu.miu.cs.cs425.backend.domain.entity.Booking.userDetails] 
2025-03-19T21:42:03.847-05:00 DEBUG 80480 --- [flight-booking] [           main] org.hibernate.orm.results.graph.AST      : DomainResult Graph:
 \-EntityResultImpl [edu.miu.cs.cs425.backend.domain.entity.Booking]
 |  +-BasicFetch [edu.miu.cs.cs425.backend.domain.entity.Booking.createdAt]
 |  +-BasicFetch [edu.miu.cs.cs425.backend.domain.entity.Booking.fareType]
 |  +-DelayedCollectionFetch [edu.miu.cs.cs425.backend.domain.entity.Booking.flightLegs]
 |  +-DelayedCollectionFetch [edu.miu.cs.cs425.backend.domain.entity.Booking.returnFlightLegs]
 |  +-BasicFetch [edu.miu.cs.cs425.backend.domain.entity.Booking.selectedSeat]
 |  +-BasicFetch [edu.miu.cs.cs425.backend.domain.entity.Booking.status]
 |  +-BasicFetch [edu.miu.cs.cs425.backend.domain.entity.Booking.totalPrice]
 |  +-BasicFetch [edu.miu.cs.cs425.backend.domain.entity.Booking.updatedAt]
 |  +-EmbeddableFetchImpl [edu.miu.cs.cs425.backend.domain.entity.Booking.userDetails]
 |  |  +-BasicFetch [edu.miu.cs.cs425.backend.domain.entity.Booking.userDetails.address]
 |  |  +-BasicFetch [edu.miu.cs.cs425.backend.domain.entity.Booking.userDetails.email]
 |  |  +-BasicFetch [edu.miu.cs.cs425.backend.domain.entity.Booking.userDetails.firstName]
 |  |  +-BasicFetch [edu.miu.cs.cs425.backend.domain.entity.Booking.userDetails.lastName]
 |  |  +-BasicFetch [edu.miu.cs.cs425.backend.domain.entity.Booking.userDetails.passportNumber]
 |  |  \-BasicFetch [edu.miu.cs.cs425.backend.domain.entity.Booking.userDetails.phone]
 |  \-BasicFetch [edu.miu.cs.cs425.backend.domain.entity.Booking.userId]

2025-03-19T21:42:03.847-05:00 DEBUG 80480 --- [flight-booking] [           main] org.hibernate.orm.sql.ast.tree           : SQL AST Tree:
    SelectStatement {
      FromClause {
        StandardTableGroup (b1 : edu.miu.cs.cs425.backend.domain.entity.Booking) {
          primaryTableReference : bookings as b1_0
          TableGroupJoins {
             join StandardVirtualTableGroup (null : edu.miu.cs.cs425.backend.domain.entity.Booking.userDetails) {
              primaryTableReference : bookings as b1_0
            }
          }
        }
      }
    }

2025-03-19T21:42:03.847-05:00 DEBUG 80480 --- [flight-booking] [           main] o.h.p.entity.AbstractEntityPersister     : Static SQL for entity: edu.miu.cs.cs425.backend.domain.entity.Booking
2025-03-19T21:42:03.847-05:00 DEBUG 80480 --- [flight-booking] [           main] o.h.p.entity.AbstractEntityPersister     :  Version select: select id from bookings where id=?
2025-03-19T21:42:03.847-05:00 DEBUG 80480 --- [flight-booking] [           main] o.h.p.entity.AbstractEntityPersister     :  Insert (0): insert into bookings (created_at,fare_type,selected_seat,status,total_price,updated_at,address,email,first_name,last_name,passport_number,phone,user_id) values (?,?,?,?,?,?,?,?,?,?,?,?,?)
2025-03-19T21:42:03.847-05:00 DEBUG 80480 --- [flight-booking] [           main] o.h.p.entity.AbstractEntityPersister     :  Update (0): update bookings set created_at=?,fare_type=?,selected_seat=?,status=?,total_price=?,updated_at=?,address=?,email=?,first_name=?,last_name=?,passport_number=?,phone=?,user_id=? where id=?
2025-03-19T21:42:03.847-05:00 DEBUG 80480 --- [flight-booking] [           main] o.h.p.entity.AbstractEntityPersister     :  Delete (0): delete from bookings where id=?
2025-03-19T21:42:03.847-05:00 DEBUG 80480 --- [flight-booking] [           main] org.hibernate.orm.sql.ast.create         : Created new SQL alias : u1_0
2025-03-19T21:42:03.847-05:00 DEBUG 80480 --- [flight-booking] [           main] org.hibernate.orm.sql.ast.create         : Registration of TableGroup [StandardTableGroup(edu.miu.cs.cs425.backend.domain.entity.User)] with identifierForTableGroup [edu.miu.cs.cs425.backend.domain.entity.User] for NavigablePath [edu.miu.cs.cs425.backend.domain.entity.User] 
2025-03-19T21:42:03.847-05:00 DEBUG 80480 --- [flight-booking] [           main] org.hibernate.orm.sql.ast.create         : Created new SQL alias : r1_0
2025-03-19T21:42:03.848-05:00 DEBUG 80480 --- [flight-booking] [           main] org.hibernate.orm.sql.ast.create         : Registration of TableGroup [CollectionTableGroup(edu.miu.cs.cs425.backend.domain.entity.User.roles)] with identifierForTableGroup [edu.miu.cs.cs425.backend.domain.entity.User.roles] for NavigablePath [edu.miu.cs.cs425.backend.domain.entity.User.roles] 
2025-03-19T21:42:03.848-05:00 DEBUG 80480 --- [flight-booking] [           main] org.hibernate.orm.sql.ast.create         : Registration of TableGroup [org.hibernate.sql.ast.tree.from.LazyTableGroup@6b7e4db6] with identifierForTableGroup [edu.miu.cs.cs425.backend.domain.entity.User.roles.{element}] for NavigablePath [edu.miu.cs.cs425.backend.domain.entity.User.roles.{element}] 
2025-03-19T21:42:03.848-05:00 DEBUG 80480 --- [flight-booking] [           main] org.hibernate.orm.sql.ast.create         : Created new SQL alias : r1_1
2025-03-19T21:42:03.848-05:00 DEBUG 80480 --- [flight-booking] [           main] org.hibernate.orm.results.graph.AST      : DomainResult Graph:
 \-EntityResultImpl [edu.miu.cs.cs425.backend.domain.entity.User]
 |  +-BasicFetch [edu.miu.cs.cs425.backend.domain.entity.User.address]
 |  +-BasicFetch [edu.miu.cs.cs425.backend.domain.entity.User.avatar]
 |  +-BasicFetch [edu.miu.cs.cs425.backend.domain.entity.User.createdAt]
 |  +-BasicFetch [edu.miu.cs.cs425.backend.domain.entity.User.email]
 |  +-BasicFetch [edu.miu.cs.cs425.backend.domain.entity.User.name]
 |  +-BasicFetch [edu.miu.cs.cs425.backend.domain.entity.User.password]
 |  +-BasicFetch [edu.miu.cs.cs425.backend.domain.entity.User.phone]
 |  +-EagerCollectionFetch [edu.miu.cs.cs425.backend.domain.entity.User.roles]
 |  |  \-EntityFetchJoinedImpl [edu.miu.cs.cs425.backend.domain.entity.User.roles.{element}]
 |  |  |  +-BasicFetch [edu.miu.cs.cs425.backend.domain.entity.User.roles.{element}.name]
 |  |  |  \-SelectEagerCollectionFetch [edu.miu.cs.cs425.backend.domain.entity.User.roles.{element}.users]
 |  \-BasicFetch [edu.miu.cs.cs425.backend.domain.entity.User.updatedAt]

2025-03-19T21:42:03.848-05:00 DEBUG 80480 --- [flight-booking] [           main] org.hibernate.orm.sql.ast.tree           : SQL AST Tree:
    SelectStatement {
      FromClause {
        StandardTableGroup (u1 : edu.miu.cs.cs425.backend.domain.entity.User) {
          primaryTableReference : user as u1_0
          TableGroupJoins {
            left  join CollectionTableGroup (r1 : edu.miu.cs.cs425.backend.domain.entity.User.roles) {
              primaryTableReference : user_roles as r1_0
              TableGroupJoins {
                left  join LazyTableGroup (r1 : edu.miu.cs.cs425.backend.domain.entity.User.roles.{element}) {
                  primaryTableReference : role as r1_1
                }
              }
            }
          }
        }
      }
    }

2025-03-19T21:42:03.848-05:00 DEBUG 80480 --- [flight-booking] [           main] o.h.p.entity.AbstractEntityPersister     : Static SQL for entity: edu.miu.cs.cs425.backend.domain.entity.User
2025-03-19T21:42:03.848-05:00 DEBUG 80480 --- [flight-booking] [           main] o.h.p.entity.AbstractEntityPersister     :  Version select: select id from user where id=?
2025-03-19T21:42:03.848-05:00 DEBUG 80480 --- [flight-booking] [           main] o.h.p.entity.AbstractEntityPersister     :  Insert (0): insert into user (address,avatar,created_at,email,name,password,phone,updated_at,id) values (?,?,?,?,?,?,?,?,?)
2025-03-19T21:42:03.848-05:00 DEBUG 80480 --- [flight-booking] [           main] o.h.p.entity.AbstractEntityPersister     :  Update (0): update user set address=?,avatar=?,created_at=?,email=?,name=?,password=?,phone=?,updated_at=? where id=?
2025-03-19T21:42:03.848-05:00 DEBUG 80480 --- [flight-booking] [           main] o.h.p.entity.AbstractEntityPersister     :  Delete (0): delete from user where id=?
2025-03-19T21:42:03.850-05:00 DEBUG 80480 --- [flight-booking] [           main] org.hibernate.orm.sql.ast.create         : Created new SQL alias : fl1_0
2025-03-19T21:42:03.850-05:00 DEBUG 80480 --- [flight-booking] [           main] org.hibernate.orm.sql.ast.create         : Registration of TableGroup [org.hibernate.sql.ast.tree.from.OneToManyTableGroup@28b47211] with identifierForTableGroup [edu.miu.cs.cs425.backend.domain.entity.Booking.flightLegs] for NavigablePath [edu.miu.cs.cs425.backend.domain.entity.Booking.flightLegs] 
2025-03-19T21:42:03.850-05:00 DEBUG 80480 --- [flight-booking] [           main] org.hibernate.orm.sql.ast.create         : Registration of TableGroup [StandardTableGroup(edu.miu.cs.cs425.backend.domain.entity.Booking.flightLegs.{element})] with identifierForTableGroup [edu.miu.cs.cs425.backend.domain.entity.Booking.flightLegs.{element}] for NavigablePath [edu.miu.cs.cs425.backend.domain.entity.Booking.flightLegs.{element}] 
2025-03-19T21:42:03.851-05:00 DEBUG 80480 --- [flight-booking] [           main] org.hibernate.orm.sql.ast.create         : Registration of TableGroup [org.hibernate.sql.ast.tree.from.LazyTableGroup@7bbd944e] with identifierForTableGroup [edu.miu.cs.cs425.backend.domain.entity.Booking.flightLegs.{element}.flight] for NavigablePath [edu.miu.cs.cs425.backend.domain.entity.Booking.flightLegs.{element}.flight] 
2025-03-19T21:42:03.851-05:00 DEBUG 80480 --- [flight-booking] [           main] org.hibernate.orm.sql.ast.create         : Created new SQL alias : f1_0
2025-03-19T21:42:03.851-05:00 DEBUG 80480 --- [flight-booking] [           main] org.hibernate.orm.sql.ast.create         : Registration of TableGroup [org.hibernate.sql.ast.tree.from.LazyTableGroup@22e253c7] with identifierForTableGroup [edu.miu.cs.cs425.backend.domain.entity.Booking.flightLegs.{element}.flight.airline] for NavigablePath [edu.miu.cs.cs425.backend.domain.entity.Booking.flightLegs.{element}.flight.airline] 
2025-03-19T21:42:03.851-05:00 DEBUG 80480 --- [flight-booking] [           main] org.hibernate.orm.sql.ast.create         : Created new SQL alias : a1_0
2025-03-19T21:42:03.851-05:00 DEBUG 80480 --- [flight-booking] [           main] org.hibernate.orm.sql.ast.create         : Registration of TableGroup [org.hibernate.sql.ast.tree.from.LazyTableGroup@2480acc3] with identifierForTableGroup [edu.miu.cs.cs425.backend.domain.entity.Booking.flightLegs.{element}.flight.destination] for NavigablePath [edu.miu.cs.cs425.backend.domain.entity.Booking.flightLegs.{element}.flight.destination] 
2025-03-19T21:42:03.851-05:00 DEBUG 80480 --- [flight-booking] [           main] org.hibernate.orm.sql.ast.create         : Created new SQL alias : d1_0
2025-03-19T21:42:03.851-05:00 DEBUG 80480 --- [flight-booking] [           main] org.hibernate.orm.sql.ast.create         : Registration of TableGroup [org.hibernate.sql.ast.tree.from.LazyTableGroup@4fe3199d] with identifierForTableGroup [edu.miu.cs.cs425.backend.domain.entity.Booking.flightLegs.{element}.flight.origin] for NavigablePath [edu.miu.cs.cs425.backend.domain.entity.Booking.flightLegs.{element}.flight.origin] 
2025-03-19T21:42:03.851-05:00 DEBUG 80480 --- [flight-booking] [           main] org.hibernate.orm.sql.ast.create         : Created new SQL alias : o1_0
2025-03-19T21:42:03.853-05:00 DEBUG 80480 --- [flight-booking] [           main] org.hibernate.orm.results.graph.AST      : DomainResult Graph:
 \-CollectionDomainResult [edu.miu.cs.cs425.backend.domain.entity.Booking.flightLegs]

2025-03-19T21:42:03.853-05:00 DEBUG 80480 --- [flight-booking] [           main] org.hibernate.orm.sql.ast.tree           : SQL AST Tree:
    SelectStatement {
      FromClause {
        OneToManyTableGroup (fl1 : edu.miu.cs.cs425.backend.domain.entity.Booking.flightLegs) {
          primaryTableReference : flight_legs as fl1_0
          TableGroupJoins {
            left  join LazyTableGroup (f1 : edu.miu.cs.cs425.backend.domain.entity.Booking.flightLegs.{element}.flight) {
              primaryTableReference : flight as f1_0
              TableGroupJoins {
                left  join LazyTableGroup (a1 : edu.miu.cs.cs425.backend.domain.entity.Booking.flightLegs.{element}.flight.airline) {
                  primaryTableReference : airline as a1_0
                }
                left  join LazyTableGroup (d1 : edu.miu.cs.cs425.backend.domain.entity.Booking.flightLegs.{element}.flight.destination) {
                  primaryTableReference : airport as d1_0
                }
                left  join LazyTableGroup (o1 : edu.miu.cs.cs425.backend.domain.entity.Booking.flightLegs.{element}.flight.origin) {
                  primaryTableReference : airport as o1_0
                }
              }
            }
          }
        }
      }
    }

2025-03-19T21:42:03.853-05:00 DEBUG 80480 --- [flight-booking] [           main] org.hibernate.orm.jdbc.mutation          : Static SQL for collection: edu.miu.cs.cs425.backend.domain.entity.Booking.flightLegs
2025-03-19T21:42:03.854-05:00 DEBUG 80480 --- [flight-booking] [           main] org.hibernate.orm.jdbc.mutation          :  Row insert: update flight_legs set booking_id=? where id=?
2025-03-19T21:42:03.855-05:00 DEBUG 80480 --- [flight-booking] [           main] org.hibernate.orm.jdbc.mutation          :  Row delete: update flight_legs set booking_id=null where booking_id=? and id=?
2025-03-19T21:42:03.855-05:00 DEBUG 80480 --- [flight-booking] [           main] org.hibernate.orm.jdbc.mutation          :  One-shot delete: update flight_legs set booking_id=null where booking_id=?
2025-03-19T21:42:03.855-05:00 DEBUG 80480 --- [flight-booking] [           main] org.hibernate.orm.sql.ast.create         : Created new SQL alias : u1_0
2025-03-19T21:42:03.855-05:00 DEBUG 80480 --- [flight-booking] [           main] org.hibernate.orm.sql.ast.create         : Registration of TableGroup [CollectionTableGroup(edu.miu.cs.cs425.backend.domain.entity.Role.users)] with identifierForTableGroup [edu.miu.cs.cs425.backend.domain.entity.Role.users] for NavigablePath [edu.miu.cs.cs425.backend.domain.entity.Role.users] 
2025-03-19T21:42:03.855-05:00 DEBUG 80480 --- [flight-booking] [           main] org.hibernate.orm.sql.ast.create         : Registration of TableGroup [org.hibernate.sql.ast.tree.from.LazyTableGroup@9e4388d] with identifierForTableGroup [edu.miu.cs.cs425.backend.domain.entity.Role.users.{element}] for NavigablePath [edu.miu.cs.cs425.backend.domain.entity.Role.users.{element}] 
2025-03-19T21:42:03.855-05:00 DEBUG 80480 --- [flight-booking] [           main] org.hibernate.orm.sql.ast.create         : Created new SQL alias : u1_1
2025-03-19T21:42:03.856-05:00 DEBUG 80480 --- [flight-booking] [           main] org.hibernate.orm.results.graph.AST      : DomainResult Graph:
 \-CollectionDomainResult [edu.miu.cs.cs425.backend.domain.entity.Role.users]

2025-03-19T21:42:03.856-05:00 DEBUG 80480 --- [flight-booking] [           main] org.hibernate.orm.sql.ast.tree           : SQL AST Tree:
    SelectStatement {
      FromClause {
        CollectionTableGroup (u1 : edu.miu.cs.cs425.backend.domain.entity.Role.users) {
          primaryTableReference : user_roles as u1_0
          TableGroupJoins {
             join LazyTableGroup (u1 : edu.miu.cs.cs425.backend.domain.entity.Role.users.{element}) {
              primaryTableReference : user as u1_1
            }
          }
        }
      }
    }

2025-03-19T21:42:03.856-05:00 DEBUG 80480 --- [flight-booking] [           main] org.hibernate.orm.jdbc.mutation          : Static SQL for collection: edu.miu.cs.cs425.backend.domain.entity.Role.users
2025-03-19T21:42:03.856-05:00 DEBUG 80480 --- [flight-booking] [           main] org.hibernate.orm.sql.ast.create         : Created new SQL alias : r1_0
2025-03-19T21:42:03.856-05:00 DEBUG 80480 --- [flight-booking] [           main] org.hibernate.orm.sql.ast.create         : Registration of TableGroup [CollectionTableGroup(edu.miu.cs.cs425.backend.domain.entity.User.roles)] with identifierForTableGroup [edu.miu.cs.cs425.backend.domain.entity.User.roles] for NavigablePath [edu.miu.cs.cs425.backend.domain.entity.User.roles] 
2025-03-19T21:42:03.856-05:00 DEBUG 80480 --- [flight-booking] [           main] org.hibernate.orm.sql.ast.create         : Registration of TableGroup [org.hibernate.sql.ast.tree.from.LazyTableGroup@21399e53] with identifierForTableGroup [edu.miu.cs.cs425.backend.domain.entity.User.roles.{element}] for NavigablePath [edu.miu.cs.cs425.backend.domain.entity.User.roles.{element}] 
2025-03-19T21:42:03.856-05:00 DEBUG 80480 --- [flight-booking] [           main] org.hibernate.orm.sql.ast.create         : Created new SQL alias : r1_1
2025-03-19T21:42:03.856-05:00 DEBUG 80480 --- [flight-booking] [           main] org.hibernate.orm.results.graph.AST      : DomainResult Graph:
 \-CollectionDomainResult [edu.miu.cs.cs425.backend.domain.entity.User.roles]

2025-03-19T21:42:03.856-05:00 DEBUG 80480 --- [flight-booking] [           main] org.hibernate.orm.sql.ast.tree           : SQL AST Tree:
    SelectStatement {
      FromClause {
        CollectionTableGroup (r1 : edu.miu.cs.cs425.backend.domain.entity.User.roles) {
          primaryTableReference : user_roles as r1_0
          TableGroupJoins {
             join LazyTableGroup (r1 : edu.miu.cs.cs425.backend.domain.entity.User.roles.{element}) {
              primaryTableReference : role as r1_1
            }
          }
        }
      }
    }

2025-03-19T21:42:03.856-05:00 DEBUG 80480 --- [flight-booking] [           main] org.hibernate.orm.jdbc.mutation          : Static SQL for collection: edu.miu.cs.cs425.backend.domain.entity.User.roles
2025-03-19T21:42:03.857-05:00 DEBUG 80480 --- [flight-booking] [           main] org.hibernate.orm.jdbc.mutation          :  Row insert: insert into user_roles (user_id,role_id) values (?,?)
2025-03-19T21:42:03.858-05:00 DEBUG 80480 --- [flight-booking] [           main] org.hibernate.orm.jdbc.mutation          :  Row delete: delete from user_roles where user_id=? and role_id=?
2025-03-19T21:42:03.858-05:00 DEBUG 80480 --- [flight-booking] [           main] org.hibernate.orm.jdbc.mutation          :  One-shot delete: delete from user_roles where user_id=?
2025-03-19T21:42:03.858-05:00 DEBUG 80480 --- [flight-booking] [           main] org.hibernate.orm.sql.ast.create         : Created new SQL alias : rfl1_0
2025-03-19T21:42:03.858-05:00 DEBUG 80480 --- [flight-booking] [           main] org.hibernate.orm.sql.ast.create         : Registration of TableGroup [org.hibernate.sql.ast.tree.from.OneToManyTableGroup@79e28671] with identifierForTableGroup [edu.miu.cs.cs425.backend.domain.entity.Booking.returnFlightLegs] for NavigablePath [edu.miu.cs.cs425.backend.domain.entity.Booking.returnFlightLegs] 
2025-03-19T21:42:03.858-05:00 DEBUG 80480 --- [flight-booking] [           main] org.hibernate.orm.sql.ast.create         : Registration of TableGroup [StandardTableGroup(edu.miu.cs.cs425.backend.domain.entity.Booking.returnFlightLegs.{element})] with identifierForTableGroup [edu.miu.cs.cs425.backend.domain.entity.Booking.returnFlightLegs.{element}] for NavigablePath [edu.miu.cs.cs425.backend.domain.entity.Booking.returnFlightLegs.{element}] 
2025-03-19T21:42:03.858-05:00 DEBUG 80480 --- [flight-booking] [           main] org.hibernate.orm.sql.ast.create         : Registration of TableGroup [org.hibernate.sql.ast.tree.from.LazyTableGroup@ad6255e] with identifierForTableGroup [edu.miu.cs.cs425.backend.domain.entity.Booking.returnFlightLegs.{element}.flight] for NavigablePath [edu.miu.cs.cs425.backend.domain.entity.Booking.returnFlightLegs.{element}.flight] 
2025-03-19T21:42:03.858-05:00 DEBUG 80480 --- [flight-booking] [           main] org.hibernate.orm.sql.ast.create         : Created new SQL alias : f1_0
2025-03-19T21:42:03.858-05:00 DEBUG 80480 --- [flight-booking] [           main] org.hibernate.orm.sql.ast.create         : Registration of TableGroup [org.hibernate.sql.ast.tree.from.LazyTableGroup@81a56b2] with identifierForTableGroup [edu.miu.cs.cs425.backend.domain.entity.Booking.returnFlightLegs.{element}.flight.airline] for NavigablePath [edu.miu.cs.cs425.backend.domain.entity.Booking.returnFlightLegs.{element}.flight.airline] 
2025-03-19T21:42:03.858-05:00 DEBUG 80480 --- [flight-booking] [           main] org.hibernate.orm.sql.ast.create         : Created new SQL alias : a1_0
2025-03-19T21:42:03.859-05:00 DEBUG 80480 --- [flight-booking] [           main] org.hibernate.orm.sql.ast.create         : Registration of TableGroup [org.hibernate.sql.ast.tree.from.LazyTableGroup@488c6c98] with identifierForTableGroup [edu.miu.cs.cs425.backend.domain.entity.Booking.returnFlightLegs.{element}.flight.destination] for NavigablePath [edu.miu.cs.cs425.backend.domain.entity.Booking.returnFlightLegs.{element}.flight.destination] 
2025-03-19T21:42:03.859-05:00 DEBUG 80480 --- [flight-booking] [           main] org.hibernate.orm.sql.ast.create         : Created new SQL alias : d1_0
2025-03-19T21:42:03.859-05:00 DEBUG 80480 --- [flight-booking] [           main] org.hibernate.orm.sql.ast.create         : Registration of TableGroup [org.hibernate.sql.ast.tree.from.LazyTableGroup@2530baf6] with identifierForTableGroup [edu.miu.cs.cs425.backend.domain.entity.Booking.returnFlightLegs.{element}.flight.origin] for NavigablePath [edu.miu.cs.cs425.backend.domain.entity.Booking.returnFlightLegs.{element}.flight.origin] 
2025-03-19T21:42:03.859-05:00 DEBUG 80480 --- [flight-booking] [           main] org.hibernate.orm.sql.ast.create         : Created new SQL alias : o1_0
2025-03-19T21:42:03.860-05:00 DEBUG 80480 --- [flight-booking] [           main] org.hibernate.orm.results.graph.AST      : DomainResult Graph:
 \-CollectionDomainResult [edu.miu.cs.cs425.backend.domain.entity.Booking.returnFlightLegs]

2025-03-19T21:42:03.860-05:00 DEBUG 80480 --- [flight-booking] [           main] org.hibernate.orm.sql.ast.tree           : SQL AST Tree:
    SelectStatement {
      FromClause {
        OneToManyTableGroup (rfl1 : edu.miu.cs.cs425.backend.domain.entity.Booking.returnFlightLegs) {
          primaryTableReference : flight_legs as rfl1_0
          TableGroupJoins {
            left  join LazyTableGroup (f1 : edu.miu.cs.cs425.backend.domain.entity.Booking.returnFlightLegs.{element}.flight) {
              primaryTableReference : flight as f1_0
              TableGroupJoins {
                left  join LazyTableGroup (a1 : edu.miu.cs.cs425.backend.domain.entity.Booking.returnFlightLegs.{element}.flight.airline) {
                  primaryTableReference : airline as a1_0
                }
                left  join LazyTableGroup (d1 : edu.miu.cs.cs425.backend.domain.entity.Booking.returnFlightLegs.{element}.flight.destination) {
                  primaryTableReference : airport as d1_0
                }
                left  join LazyTableGroup (o1 : edu.miu.cs.cs425.backend.domain.entity.Booking.returnFlightLegs.{element}.flight.origin) {
                  primaryTableReference : airport as o1_0
                }
              }
            }
          }
        }
      }
    }

2025-03-19T21:42:03.861-05:00 DEBUG 80480 --- [flight-booking] [           main] org.hibernate.orm.jdbc.mutation          : Static SQL for collection: edu.miu.cs.cs425.backend.domain.entity.Booking.returnFlightLegs
2025-03-19T21:42:03.861-05:00 DEBUG 80480 --- [flight-booking] [           main] org.hibernate.orm.jdbc.mutation          :  Row insert: update flight_legs set booking_id=? where id=?
2025-03-19T21:42:03.861-05:00 DEBUG 80480 --- [flight-booking] [           main] org.hibernate.orm.jdbc.mutation          :  Row delete: update flight_legs set booking_id=null where booking_id=? and id=?
2025-03-19T21:42:03.861-05:00 DEBUG 80480 --- [flight-booking] [           main] org.hibernate.orm.jdbc.mutation          :  One-shot delete: update flight_legs set booking_id=null where booking_id=?
2025-03-19T21:42:03.895-05:00  INFO 80480 --- [flight-booking] [           main] o.h.e.t.j.p.i.JtaPlatformInitiator       : HHH000489: No JTA platform available (set 'hibernate.transaction.jta.platform' to enable JTA platform integration)
2025-03-19T21:42:03.895-05:00 DEBUG 80480 --- [flight-booking] [           main] o.h.type.spi.TypeConfiguration$Scope     : Scoping TypeConfiguration [org.hibernate.type.spi.TypeConfiguration@74231642] to SessionFactoryImplementor [org.hibernate.internal.SessionFactoryImpl@3545c913]
2025-03-19T21:42:03.896-05:00 DEBUG 80480 --- [flight-booking] [           main] o.h.query.named.NamedObjectRepository    : Checking 0 named HQL queries
2025-03-19T21:42:03.896-05:00 DEBUG 80480 --- [flight-booking] [           main] o.h.query.named.NamedObjectRepository    : Checking 0 named SQL queries
2025-03-19T21:42:03.911-05:00 DEBUG 80480 --- [flight-booking] [           main] org.hibernate.SQL                        : 
    alter table flight 
       drop 
       foreign key FK1m4wjbo1sbsbjns2gu8i4m8no
Hibernate: 
    alter table flight 
       drop 
       foreign key FK1m4wjbo1sbsbjns2gu8i4m8no
2025-03-19T21:42:04.671-05:00 DEBUG 80480 --- [flight-booking] [           main] org.hibernate.SQL                        : 
    alter table flight 
       drop 
       foreign key FKjkq2h7wspal8nck45awoqwmmx
Hibernate: 
    alter table flight 
       drop 
       foreign key FKjkq2h7wspal8nck45awoqwmmx
2025-03-19T21:42:04.715-05:00 DEBUG 80480 --- [flight-booking] [           main] org.hibernate.SQL                        : 
    alter table flight 
       drop 
       foreign key FKaooum636fcj9lcmekobk2cbrl
Hibernate: 
    alter table flight 
       drop 
       foreign key FKaooum636fcj9lcmekobk2cbrl
2025-03-19T21:42:04.747-05:00 DEBUG 80480 --- [flight-booking] [           main] org.hibernate.SQL                        : 
    alter table flight_legs 
       drop 
       foreign key FKokbbd4x2yqwvc5ojfa2m2dbis
Hibernate: 
    alter table flight_legs 
       drop 
       foreign key FKokbbd4x2yqwvc5ojfa2m2dbis
2025-03-19T21:42:04.763-05:00 DEBUG 80480 --- [flight-booking] [           main] org.hibernate.SQL                        : 
    alter table flight_legs 
       drop 
       foreign key FKnhkrkcjpyadvh668v7w3iyg73
Hibernate: 
    alter table flight_legs 
       drop 
       foreign key FKnhkrkcjpyadvh668v7w3iyg73
2025-03-19T21:42:04.781-05:00 DEBUG 80480 --- [flight-booking] [           main] org.hibernate.SQL                        : 
    alter table user_roles 
       drop 
       foreign key FKrhfovtciq1l558cw6udg0h0d3
Hibernate: 
    alter table user_roles 
       drop 
       foreign key FKrhfovtciq1l558cw6udg0h0d3
2025-03-19T21:42:04.794-05:00 DEBUG 80480 --- [flight-booking] [           main] org.hibernate.SQL                        : 
    alter table user_roles 
       drop 
       foreign key FK55itppkw3i07do3h7qoclqd4k
Hibernate: 
    alter table user_roles 
       drop 
       foreign key FK55itppkw3i07do3h7qoclqd4k
2025-03-19T21:42:04.823-05:00 DEBUG 80480 --- [flight-booking] [           main] org.hibernate.SQL                        : 
    drop table if exists airline
Hibernate: 
    drop table if exists airline
2025-03-19T21:42:04.845-05:00 DEBUG 80480 --- [flight-booking] [           main] org.hibernate.SQL                        : 
    drop table if exists airport
Hibernate: 
    drop table if exists airport
2025-03-19T21:42:04.852-05:00 DEBUG 80480 --- [flight-booking] [           main] org.hibernate.SQL                        : 
    drop table if exists bookings
Hibernate: 
    drop table if exists bookings
2025-03-19T21:42:04.859-05:00 DEBUG 80480 --- [flight-booking] [           main] org.hibernate.SQL                        : 
    drop table if exists flight
Hibernate: 
    drop table if exists flight
2025-03-19T21:42:04.875-05:00 DEBUG 80480 --- [flight-booking] [           main] org.hibernate.SQL                        : 
    drop table if exists flight_legs
Hibernate: 
    drop table if exists flight_legs
2025-03-19T21:42:04.881-05:00 DEBUG 80480 --- [flight-booking] [           main] org.hibernate.SQL                        : 
    drop table if exists role
Hibernate: 
    drop table if exists role
2025-03-19T21:42:04.888-05:00 DEBUG 80480 --- [flight-booking] [           main] org.hibernate.SQL                        : 
    drop table if exists user
Hibernate: 
    drop table if exists user
2025-03-19T21:42:04.898-05:00 DEBUG 80480 --- [flight-booking] [           main] org.hibernate.SQL                        : 
    drop table if exists user_roles
Hibernate: 
    drop table if exists user_roles
2025-03-19T21:42:04.915-05:00 DEBUG 80480 --- [flight-booking] [           main] org.hibernate.SQL                        : 
    create table airline (
        code varchar(255) not null,
        logo_url varchar(255),
        name varchar(255),
        primary key (code)
    ) engine=InnoDB
Hibernate: 
    create table airline (
        code varchar(255) not null,
        logo_url varchar(255),
        name varchar(255),
        primary key (code)
    ) engine=InnoDB
2025-03-19T21:42:04.973-05:00 DEBUG 80480 --- [flight-booking] [           main] org.hibernate.SQL                        : 
    create table airport (
        city varchar(255),
        country varchar(255),
        iata_code varchar(255) not null,
        name varchar(255),
        primary key (iata_code)
    ) engine=InnoDB
Hibernate: 
    create table airport (
        city varchar(255),
        country varchar(255),
        iata_code varchar(255) not null,
        name varchar(255),
        primary key (iata_code)
    ) engine=InnoDB
2025-03-19T21:42:05.024-05:00 DEBUG 80480 --- [flight-booking] [           main] org.hibernate.SQL                        : 
    create table bookings (
        total_price float(53) not null,
        created_at datetime(6) not null,
        id bigint not null auto_increment,
        updated_at datetime(6),
        address varchar(255),
        email varchar(255),
        fare_type varchar(255),
        first_name varchar(255),
        last_name varchar(255),
        passport_number varchar(255),
        phone varchar(255),
        selected_seat varchar(255),
        user_id varchar(255) not null,
        status enum ('CANCELLED','CONFIRMED','PENDING') not null,
        primary key (id)
    ) engine=InnoDB
Hibernate: 
    create table bookings (
        total_price float(53) not null,
        created_at datetime(6) not null,
        id bigint not null auto_increment,
        updated_at datetime(6),
        address varchar(255),
        email varchar(255),
        fare_type varchar(255),
        first_name varchar(255),
        last_name varchar(255),
        passport_number varchar(255),
        phone varchar(255),
        selected_seat varchar(255),
        user_id varchar(255) not null,
        status enum ('CANCELLED','CONFIRMED','PENDING') not null,
        primary key (id)
    ) engine=InnoDB
2025-03-19T21:42:05.082-05:00 DEBUG 80480 --- [flight-booking] [           main] org.hibernate.SQL                        : 
    create table flight (
        duration integer not null,
        price float(53) not null,
        seats_available integer not null,
        arrival datetime(6),
        departure datetime(6),
        airline_code varchar(255),
        destination_iata_code varchar(255),
        flight_number varchar(255),
        id varchar(255) not null,
        origin_iata_code varchar(255),
        primary key (id)
    ) engine=InnoDB
Hibernate: 
    create table flight (
        duration integer not null,
        price float(53) not null,
        seats_available integer not null,
        arrival datetime(6),
        departure datetime(6),
        airline_code varchar(255),
        destination_iata_code varchar(255),
        flight_number varchar(255),
        id varchar(255) not null,
        origin_iata_code varchar(255),
        primary key (id)
    ) engine=InnoDB
2025-03-19T21:42:05.095-05:00 DEBUG 80480 --- [flight-booking] [           main] org.hibernate.SQL                        : 
    create table flight_legs (
        leg_number integer not null,
        booking_id bigint,
        id bigint not null auto_increment,
        flight_id varchar(255) not null,
        primary key (id)
    ) engine=InnoDB
Hibernate: 
    create table flight_legs (
        leg_number integer not null,
        booking_id bigint,
        id bigint not null auto_increment,
        flight_id varchar(255) not null,
        primary key (id)
    ) engine=InnoDB
2025-03-19T21:42:05.131-05:00 DEBUG 80480 --- [flight-booking] [           main] org.hibernate.SQL                        : 
    create table role (
        id bigint not null auto_increment,
        name varchar(255),
        primary key (id)
    ) engine=InnoDB
Hibernate: 
    create table role (
        id bigint not null auto_increment,
        name varchar(255),
        primary key (id)
    ) engine=InnoDB
2025-03-19T21:42:05.261-05:00 DEBUG 80480 --- [flight-booking] [           main] org.hibernate.SQL                        : 
    create table user (
        created_at datetime(6),
        updated_at datetime(6),
        address varchar(255),
        avatar varchar(255),
        email varchar(255),
        id varchar(255) not null,
        name varchar(255),
        password varchar(255),
        phone varchar(255),
        primary key (id)
    ) engine=InnoDB
Hibernate: 
    create table user (
        created_at datetime(6),
        updated_at datetime(6),
        address varchar(255),
        avatar varchar(255),
        email varchar(255),
        id varchar(255) not null,
        name varchar(255),
        password varchar(255),
        phone varchar(255),
        primary key (id)
    ) engine=InnoDB
2025-03-19T21:42:05.269-05:00 DEBUG 80480 --- [flight-booking] [           main] org.hibernate.SQL                        : 
    create table user_roles (
        role_id bigint not null,
        user_id varchar(255) not null,
        primary key (role_id, user_id)
    ) engine=InnoDB
Hibernate: 
    create table user_roles (
        role_id bigint not null,
        user_id varchar(255) not null,
        primary key (role_id, user_id)
    ) engine=InnoDB
2025-03-19T21:42:05.278-05:00 DEBUG 80480 --- [flight-booking] [           main] org.hibernate.SQL                        : 
    alter table flight 
       add constraint FK1m4wjbo1sbsbjns2gu8i4m8no 
       foreign key (airline_code) 
       references airline (code)
Hibernate: 
    alter table flight 
       add constraint FK1m4wjbo1sbsbjns2gu8i4m8no 
       foreign key (airline_code) 
       references airline (code)
2025-03-19T21:42:05.358-05:00 DEBUG 80480 --- [flight-booking] [           main] org.hibernate.SQL                        : 
    alter table flight 
       add constraint FKjkq2h7wspal8nck45awoqwmmx 
       foreign key (destination_iata_code) 
       references airport (iata_code)
Hibernate: 
    alter table flight 
       add constraint FKjkq2h7wspal8nck45awoqwmmx 
       foreign key (destination_iata_code) 
       references airport (iata_code)
2025-03-19T21:42:05.435-05:00 DEBUG 80480 --- [flight-booking] [           main] org.hibernate.SQL                        : 
    alter table flight 
       add constraint FKaooum636fcj9lcmekobk2cbrl 
       foreign key (origin_iata_code) 
       references airport (iata_code)
Hibernate: 
    alter table flight 
       add constraint FKaooum636fcj9lcmekobk2cbrl 
       foreign key (origin_iata_code) 
       references airport (iata_code)
2025-03-19T21:42:05.476-05:00 DEBUG 80480 --- [flight-booking] [           main] org.hibernate.SQL                        : 
    alter table flight_legs 
       add constraint FKokbbd4x2yqwvc5ojfa2m2dbis 
       foreign key (flight_id) 
       references flight (id)
Hibernate: 
    alter table flight_legs 
       add constraint FKokbbd4x2yqwvc5ojfa2m2dbis 
       foreign key (flight_id) 
       references flight (id)
2025-03-19T21:42:05.501-05:00 DEBUG 80480 --- [flight-booking] [           main] org.hibernate.SQL                        : 
    alter table flight_legs 
       add constraint FKnhkrkcjpyadvh668v7w3iyg73 
       foreign key (booking_id) 
       references bookings (id)
Hibernate: 
    alter table flight_legs 
       add constraint FKnhkrkcjpyadvh668v7w3iyg73 
       foreign key (booking_id) 
       references bookings (id)
2025-03-19T21:42:05.536-05:00 DEBUG 80480 --- [flight-booking] [           main] org.hibernate.SQL                        : 
    alter table user_roles 
       add constraint FKrhfovtciq1l558cw6udg0h0d3 
       foreign key (role_id) 
       references role (id)
Hibernate: 
    alter table user_roles 
       add constraint FKrhfovtciq1l558cw6udg0h0d3 
       foreign key (role_id) 
       references role (id)
2025-03-19T21:42:05.566-05:00 DEBUG 80480 --- [flight-booking] [           main] org.hibernate.SQL                        : 
    alter table user_roles 
       add constraint FK55itppkw3i07do3h7qoclqd4k 
       foreign key (user_id) 
       references user (id)
Hibernate: 
    alter table user_roles 
       add constraint FK55itppkw3i07do3h7qoclqd4k 
       foreign key (user_id) 
       references user (id)
2025-03-19T21:42:05.663-05:00 DEBUG 80480 --- [flight-booking] [           main] o.h.internal.SessionFactoryRegistry      : Initializing SessionFactoryRegistry : org.hibernate.internal.SessionFactoryRegistry@4fe8e318
2025-03-19T21:42:05.663-05:00 DEBUG 80480 --- [flight-booking] [           main] o.h.internal.SessionFactoryRegistry      : Registering SessionFactory: 61f1518b-6e77-4621-b0d2-bbde67a289ad (<unnamed>)
2025-03-19T21:42:05.663-05:00 DEBUG 80480 --- [flight-booking] [           main] o.h.internal.SessionFactoryRegistry      : Not binding SessionFactory to JNDI, no JNDI name configured
2025-03-19T21:42:05.664-05:00 DEBUG 80480 --- [flight-booking] [           main] o.hibernate.internal.SessionFactoryImpl  : Instantiated SessionFactory
2025-03-19T21:42:05.664-05:00  INFO 80480 --- [flight-booking] [           main] j.LocalContainerEntityManagerFactoryBean : Initialized JPA EntityManagerFactory for persistence unit 'default'
2025-03-19T21:42:05.820-05:00 DEBUG 80480 --- [flight-booking] [           main] o.h.stat.internal.StatisticsInitiator    : Statistics initialized [enabled=false]
2025-03-19T21:42:05.953-05:00 DEBUG 80480 --- [flight-booking] [           main] cResourceLocalTransactionCoordinatorImpl : JDBC transaction marked for rollback-only (exception provided for stack trace)

java.lang.Exception: exception just for purpose of providing stack trace
	at org.hibernate.resource.transaction.backend.jdbc.internal.JdbcResourceLocalTransactionCoordinatorImpl$TransactionDriverControlImpl.markRollbackOnly(JdbcResourceLocalTransactionCoordinatorImpl.java:309) ~[hibernate-core-6.6.8.Final.jar:6.6.8.Final]
	at org.hibernate.internal.AbstractSharedSessionContract.buildNamedQuery(AbstractSharedSessionContract.java:1141) ~[hibernate-core-6.6.8.Final.jar:6.6.8.Final]
	at org.hibernate.internal.AbstractSharedSessionContract.createNamedQuery(AbstractSharedSessionContract.java:1019) ~[hibernate-core-6.6.8.Final.jar:6.6.8.Final]
	at org.hibernate.internal.AbstractSharedSessionContract.createNamedQuery(AbstractSharedSessionContract.java:143) ~[hibernate-core-6.6.8.Final.jar:6.6.8.Final]
	at java.base/jdk.internal.reflect.DirectMethodHandleAccessor.invoke(DirectMethodHandleAccessor.java:103) ~[na:na]
	at java.base/java.lang.reflect.Method.invoke(Method.java:580) ~[na:na]
	at org.springframework.orm.jpa.ExtendedEntityManagerCreator$ExtendedEntityManagerInvocationHandler.invoke(ExtendedEntityManagerCreator.java:364) ~[spring-orm-6.2.3.jar:6.2.3]
	at jdk.proxy2/jdk.proxy2.$Proxy140.createNamedQuery(Unknown Source) ~[na:na]
	at org.springframework.data.jpa.repository.query.NamedQuery.hasNamedQuery(NamedQuery.java:114) ~[spring-data-jpa-3.4.3.jar:3.4.3]
	at org.springframework.data.jpa.repository.query.NamedQuery.lookupFrom(NamedQuery.java:140) ~[spring-data-jpa-3.4.3.jar:3.4.3]
	at org.springframework.data.jpa.repository.query.JpaQueryLookupStrategy$DeclaredQueryLookupStrategy.resolveQuery(JpaQueryLookupStrategy.java:184) ~[spring-data-jpa-3.4.3.jar:3.4.3]
	at org.springframework.data.jpa.repository.query.JpaQueryLookupStrategy$CreateIfNotFoundQueryLookupStrategy.resolveQuery(JpaQueryLookupStrategy.java:256) ~[spring-data-jpa-3.4.3.jar:3.4.3]
	at org.springframework.data.jpa.repository.query.JpaQueryLookupStrategy$AbstractQueryLookupStrategy.resolveQuery(JpaQueryLookupStrategy.java:99) ~[spring-data-jpa-3.4.3.jar:3.4.3]
	at org.springframework.data.repository.core.support.QueryExecutorMethodInterceptor.lookupQuery(QueryExecutorMethodInterceptor.java:116) ~[spring-data-commons-3.4.3.jar:3.4.3]
	at org.springframework.data.repository.core.support.QueryExecutorMethodInterceptor.mapMethodsToQuery(QueryExecutorMethodInterceptor.java:104) ~[spring-data-commons-3.4.3.jar:3.4.3]
	at org.springframework.data.repository.core.support.QueryExecutorMethodInterceptor.lambda$new$0(QueryExecutorMethodInterceptor.java:92) ~[spring-data-commons-3.4.3.jar:3.4.3]
	at java.base/java.util.Optional.map(Optional.java:260) ~[na:na]
	at org.springframework.data.repository.core.support.QueryExecutorMethodInterceptor.<init>(QueryExecutorMethodInterceptor.java:92) ~[spring-data-commons-3.4.3.jar:3.4.3]
	at org.springframework.data.repository.core.support.RepositoryFactorySupport.getRepository(RepositoryFactorySupport.java:440) ~[spring-data-commons-3.4.3.jar:3.4.3]
	at org.springframework.data.repository.core.support.RepositoryFactoryBeanSupport.lambda$afterPropertiesSet$4(RepositoryFactoryBeanSupport.java:350) ~[spring-data-commons-3.4.3.jar:3.4.3]
	at org.springframework.data.util.Lazy.getNullable(Lazy.java:135) ~[spring-data-commons-3.4.3.jar:3.4.3]
	at org.springframework.data.util.Lazy.get(Lazy.java:113) ~[spring-data-commons-3.4.3.jar:3.4.3]
	at org.springframework.data.repository.core.support.RepositoryFactoryBeanSupport.afterPropertiesSet(RepositoryFactoryBeanSupport.java:356) ~[spring-data-commons-3.4.3.jar:3.4.3]
	at org.springframework.data.jpa.repository.support.JpaRepositoryFactoryBean.afterPropertiesSet(JpaRepositoryFactoryBean.java:132) ~[spring-data-jpa-3.4.3.jar:3.4.3]
	at org.springframework.beans.factory.support.AbstractAutowireCapableBeanFactory.invokeInitMethods(AbstractAutowireCapableBeanFactory.java:1859) ~[spring-beans-6.2.3.jar:6.2.3]
	at org.springframework.beans.factory.support.AbstractAutowireCapableBeanFactory.initializeBean(AbstractAutowireCapableBeanFactory.java:1808) ~[spring-beans-6.2.3.jar:6.2.3]
	at org.springframework.beans.factory.support.AbstractAutowireCapableBeanFactory.doCreateBean(AbstractAutowireCapableBeanFactory.java:601) ~[spring-beans-6.2.3.jar:6.2.3]
	at org.springframework.beans.factory.support.AbstractAutowireCapableBeanFactory.createBean(AbstractAutowireCapableBeanFactory.java:523) ~[spring-beans-6.2.3.jar:6.2.3]
	at org.springframework.beans.factory.support.AbstractBeanFactory.lambda$doGetBean$0(AbstractBeanFactory.java:339) ~[spring-beans-6.2.3.jar:6.2.3]
	at org.springframework.beans.factory.support.DefaultSingletonBeanRegistry.getSingleton(DefaultSingletonBeanRegistry.java:346) ~[spring-beans-6.2.3.jar:6.2.3]
	at org.springframework.beans.factory.support.AbstractBeanFactory.doGetBean(AbstractBeanFactory.java:337) ~[spring-beans-6.2.3.jar:6.2.3]
	at org.springframework.beans.factory.support.AbstractBeanFactory.getBean(AbstractBeanFactory.java:202) ~[spring-beans-6.2.3.jar:6.2.3]
	at org.springframework.beans.factory.support.DefaultListableBeanFactory.doResolveDependency(DefaultListableBeanFactory.java:1606) ~[spring-beans-6.2.3.jar:6.2.3]
	at org.springframework.beans.factory.support.DefaultListableBeanFactory.resolveDependency(DefaultListableBeanFactory.java:1552) ~[spring-beans-6.2.3.jar:6.2.3]
	at org.springframework.beans.factory.support.ConstructorResolver.resolveAutowiredArgument(ConstructorResolver.java:913) ~[spring-beans-6.2.3.jar:6.2.3]
	at org.springframework.beans.factory.support.ConstructorResolver.createArgumentArray(ConstructorResolver.java:791) ~[spring-beans-6.2.3.jar:6.2.3]
	at org.springframework.beans.factory.support.ConstructorResolver.autowireConstructor(ConstructorResolver.java:240) ~[spring-beans-6.2.3.jar:6.2.3]
	at org.springframework.beans.factory.support.AbstractAutowireCapableBeanFactory.autowireConstructor(AbstractAutowireCapableBeanFactory.java:1381) ~[spring-beans-6.2.3.jar:6.2.3]
	at org.springframework.beans.factory.support.AbstractAutowireCapableBeanFactory.createBeanInstance(AbstractAutowireCapableBeanFactory.java:1218) ~[spring-beans-6.2.3.jar:6.2.3]
	at org.springframework.beans.factory.support.AbstractAutowireCapableBeanFactory.doCreateBean(AbstractAutowireCapableBeanFactory.java:563) ~[spring-beans-6.2.3.jar:6.2.3]
	at org.springframework.beans.factory.support.AbstractAutowireCapableBeanFactory.createBean(AbstractAutowireCapableBeanFactory.java:523) ~[spring-beans-6.2.3.jar:6.2.3]
	at org.springframework.beans.factory.support.AbstractBeanFactory.lambda$doGetBean$0(AbstractBeanFactory.java:339) ~[spring-beans-6.2.3.jar:6.2.3]
	at org.springframework.beans.factory.support.DefaultSingletonBeanRegistry.getSingleton(DefaultSingletonBeanRegistry.java:346) ~[spring-beans-6.2.3.jar:6.2.3]
	at org.springframework.beans.factory.support.AbstractBeanFactory.doGetBean(AbstractBeanFactory.java:337) ~[spring-beans-6.2.3.jar:6.2.3]
	at org.springframework.beans.factory.support.AbstractBeanFactory.getBean(AbstractBeanFactory.java:202) ~[spring-beans-6.2.3.jar:6.2.3]
	at org.springframework.beans.factory.support.DefaultListableBeanFactory.instantiateSingleton(DefaultListableBeanFactory.java:1155) ~[spring-beans-6.2.3.jar:6.2.3]
	at org.springframework.beans.factory.support.DefaultListableBeanFactory.preInstantiateSingleton(DefaultListableBeanFactory.java:1121) ~[spring-beans-6.2.3.jar:6.2.3]
	at org.springframework.beans.factory.support.DefaultListableBeanFactory.preInstantiateSingletons(DefaultListableBeanFactory.java:1056) ~[spring-beans-6.2.3.jar:6.2.3]
	at org.springframework.context.support.AbstractApplicationContext.finishBeanFactoryInitialization(AbstractApplicationContext.java:987) ~[spring-context-6.2.3.jar:6.2.3]
	at org.springframework.context.support.AbstractApplicationContext.refresh(AbstractApplicationContext.java:627) ~[spring-context-6.2.3.jar:6.2.3]
	at org.springframework.boot.SpringApplication.refresh(SpringApplication.java:752) ~[spring-boot-3.4.3.jar:3.4.3]
	at org.springframework.boot.SpringApplication.refreshContext(SpringApplication.java:439) ~[spring-boot-3.4.3.jar:3.4.3]
	at org.springframework.boot.SpringApplication.run(SpringApplication.java:318) ~[spring-boot-3.4.3.jar:3.4.3]
	at org.springframework.boot.test.context.SpringBootContextLoader.lambda$loadContext$3(SpringBootContextLoader.java:137) ~[spring-boot-test-3.4.3.jar:3.4.3]
	at org.springframework.util.function.ThrowingSupplier.get(ThrowingSupplier.java:58) ~[spring-core-6.2.3.jar:6.2.3]
	at org.springframework.util.function.ThrowingSupplier.get(ThrowingSupplier.java:46) ~[spring-core-6.2.3.jar:6.2.3]
	at org.springframework.boot.SpringApplication.withHook(SpringApplication.java:1461) ~[spring-boot-3.4.3.jar:3.4.3]
	at org.springframework.boot.test.context.SpringBootContextLoader$ContextLoaderHook.run(SpringBootContextLoader.java:553) ~[spring-boot-test-3.4.3.jar:3.4.3]
	at org.springframework.boot.test.context.SpringBootContextLoader.loadContext(SpringBootContextLoader.java:137) ~[spring-boot-test-3.4.3.jar:3.4.3]
	at org.springframework.boot.test.context.SpringBootContextLoader.loadContext(SpringBootContextLoader.java:108) ~[spring-boot-test-3.4.3.jar:3.4.3]
	at org.springframework.test.context.cache.DefaultCacheAwareContextLoaderDelegate.loadContextInternal(DefaultCacheAwareContextLoaderDelegate.java:225) ~[spring-test-6.2.3.jar:6.2.3]
	at org.springframework.test.context.cache.DefaultCacheAwareContextLoaderDelegate.loadContext(DefaultCacheAwareContextLoaderDelegate.java:152) ~[spring-test-6.2.3.jar:6.2.3]
	at org.springframework.test.context.support.DefaultTestContext.getApplicationContext(DefaultTestContext.java:130) ~[spring-test-6.2.3.jar:6.2.3]
	at org.springframework.test.context.web.ServletTestExecutionListener.setUpRequestContextIfNecessary(ServletTestExecutionListener.java:200) ~[spring-test-6.2.3.jar:6.2.3]
	at org.springframework.test.context.web.ServletTestExecutionListener.prepareTestInstance(ServletTestExecutionListener.java:139) ~[spring-test-6.2.3.jar:6.2.3]
	at org.springframework.test.context.TestContextManager.prepareTestInstance(TestContextManager.java:260) ~[spring-test-6.2.3.jar:6.2.3]
	at org.springframework.test.context.junit.jupiter.SpringExtension.postProcessTestInstance(SpringExtension.java:160) ~[spring-test-6.2.3.jar:6.2.3]
	at org.junit.jupiter.engine.descriptor.ClassBasedTestDescriptor.lambda$invokeTestInstancePostProcessors$11(ClassBasedTestDescriptor.java:378) ~[junit-jupiter-engine-5.11.4.jar:5.11.4]
	at org.junit.jupiter.engine.descriptor.ClassBasedTestDescriptor.executeAndMaskThrowable(ClassBasedTestDescriptor.java:383) ~[junit-jupiter-engine-5.11.4.jar:5.11.4]
	at org.junit.jupiter.engine.descriptor.ClassBasedTestDescriptor.lambda$invokeTestInstancePostProcessors$12(ClassBasedTestDescriptor.java:378) ~[junit-jupiter-engine-5.11.4.jar:5.11.4]
	at java.base/java.util.stream.ForEachOps$ForEachOp$OfRef.accept(ForEachOps.java:184) ~[na:na]
	at java.base/java.util.stream.ReferencePipeline$3$1.accept(ReferencePipeline.java:215) ~[na:na]
	at java.base/java.util.stream.ReferencePipeline$2$1.accept(ReferencePipeline.java:197) ~[na:na]
	at java.base/java.util.stream.ReferencePipeline$3$1.accept(ReferencePipeline.java:215) ~[na:na]
	at java.base/java.util.ArrayList$ArrayListSpliterator.forEachRemaining(ArrayList.java:1709) ~[na:na]
	at java.base/java.util.stream.AbstractPipeline.copyInto(AbstractPipeline.java:570) ~[na:na]
	at java.base/java.util.stream.AbstractPipeline.wrapAndCopyInto(AbstractPipeline.java:560) ~[na:na]
	at java.base/java.util.stream.ForEachOps$ForEachOp.evaluateSequential(ForEachOps.java:151) ~[na:na]
	at java.base/java.util.stream.ForEachOps$ForEachOp$OfRef.evaluateSequential(ForEachOps.java:174) ~[na:na]
	at java.base/java.util.stream.AbstractPipeline.evaluate(AbstractPipeline.java:265) ~[na:na]
	at java.base/java.util.stream.ReferencePipeline.forEach(ReferencePipeline.java:636) ~[na:na]
	at org.junit.jupiter.engine.descriptor.ClassBasedTestDescriptor.invokeTestInstancePostProcessors(ClassBasedTestDescriptor.java:377) ~[junit-jupiter-engine-5.11.4.jar:5.11.4]
	at org.junit.jupiter.engine.descriptor.ClassBasedTestDescriptor.lambda$instantiateAndPostProcessTestInstance$7(ClassBasedTestDescriptor.java:290) ~[junit-jupiter-engine-5.11.4.jar:5.11.4]
	at org.junit.platform.engine.support.hierarchical.ThrowableCollector.execute(ThrowableCollector.java:73) ~[junit-platform-engine-1.11.4.jar:1.11.4]
	at org.junit.jupiter.engine.descriptor.ClassBasedTestDescriptor.instantiateAndPostProcessTestInstance(ClassBasedTestDescriptor.java:289) ~[junit-jupiter-engine-5.11.4.jar:5.11.4]
	at org.junit.jupiter.engine.descriptor.ClassBasedTestDescriptor.lambda$testInstancesProvider$5(ClassBasedTestDescriptor.java:279) ~[junit-jupiter-engine-5.11.4.jar:5.11.4]
	at java.base/java.util.Optional.orElseGet(Optional.java:364) ~[na:na]
	at org.junit.jupiter.engine.descriptor.ClassBasedTestDescriptor.lambda$testInstancesProvider$6(ClassBasedTestDescriptor.java:278) ~[junit-jupiter-engine-5.11.4.jar:5.11.4]
	at org.junit.jupiter.engine.execution.TestInstancesProvider.getTestInstances(TestInstancesProvider.java:31) ~[junit-jupiter-engine-5.11.4.jar:5.11.4]
	at org.junit.jupiter.engine.descriptor.TestMethodTestDescriptor.lambda$prepare$1(TestMethodTestDescriptor.java:105) ~[junit-jupiter-engine-5.11.4.jar:5.11.4]
	at org.junit.platform.engine.support.hierarchical.ThrowableCollector.execute(ThrowableCollector.java:73) ~[junit-platform-engine-1.11.4.jar:1.11.4]
	at org.junit.jupiter.engine.descriptor.TestMethodTestDescriptor.prepare(TestMethodTestDescriptor.java:104) ~[junit-jupiter-engine-5.11.4.jar:5.11.4]
	at org.junit.jupiter.engine.descriptor.TestMethodTestDescriptor.prepare(TestMethodTestDescriptor.java:68) ~[junit-jupiter-engine-5.11.4.jar:5.11.4]
	at org.junit.platform.engine.support.hierarchical.NodeTestTask.lambda$prepare$2(NodeTestTask.java:128) ~[junit-platform-engine-1.11.4.jar:1.11.4]
	at org.junit.platform.engine.support.hierarchical.ThrowableCollector.execute(ThrowableCollector.java:73) ~[junit-platform-engine-1.11.4.jar:1.11.4]
	at org.junit.platform.engine.support.hierarchical.NodeTestTask.prepare(NodeTestTask.java:128) ~[junit-platform-engine-1.11.4.jar:1.11.4]
	at org.junit.platform.engine.support.hierarchical.NodeTestTask.execute(NodeTestTask.java:95) ~[junit-platform-engine-1.11.4.jar:1.11.4]
	at java.base/java.util.ArrayList.forEach(ArrayList.java:1597) ~[na:na]
	at org.junit.platform.engine.support.hierarchical.SameThreadHierarchicalTestExecutorService.invokeAll(SameThreadHierarchicalTestExecutorService.java:41) ~[junit-platform-engine-1.11.4.jar:1.11.4]
	at org.junit.platform.engine.support.hierarchical.NodeTestTask.lambda$executeRecursively$6(NodeTestTask.java:160) ~[junit-platform-engine-1.11.4.jar:1.11.4]
	at org.junit.platform.engine.support.hierarchical.ThrowableCollector.execute(ThrowableCollector.java:73) ~[junit-platform-engine-1.11.4.jar:1.11.4]
	at org.junit.platform.engine.support.hierarchical.NodeTestTask.lambda$executeRecursively$8(NodeTestTask.java:146) ~[junit-platform-engine-1.11.4.jar:1.11.4]
	at org.junit.platform.engine.support.hierarchical.Node.around(Node.java:137) ~[junit-platform-engine-1.11.4.jar:1.11.4]
	at org.junit.platform.engine.support.hierarchical.NodeTestTask.lambda$executeRecursively$9(NodeTestTask.java:144) ~[junit-platform-engine-1.11.4.jar:1.11.4]
	at org.junit.platform.engine.support.hierarchical.ThrowableCollector.execute(ThrowableCollector.java:73) ~[junit-platform-engine-1.11.4.jar:1.11.4]
	at org.junit.platform.engine.support.hierarchical.NodeTestTask.executeRecursively(NodeTestTask.java:143) ~[junit-platform-engine-1.11.4.jar:1.11.4]
	at org.junit.platform.engine.support.hierarchical.NodeTestTask.execute(NodeTestTask.java:100) ~[junit-platform-engine-1.11.4.jar:1.11.4]
	at java.base/java.util.ArrayList.forEach(ArrayList.java:1597) ~[na:na]
	at org.junit.platform.engine.support.hierarchical.SameThreadHierarchicalTestExecutorService.invokeAll(SameThreadHierarchicalTestExecutorService.java:41) ~[junit-platform-engine-1.11.4.jar:1.11.4]
	at org.junit.platform.engine.support.hierarchical.NodeTestTask.lambda$executeRecursively$6(NodeTestTask.java:160) ~[junit-platform-engine-1.11.4.jar:1.11.4]
	at org.junit.platform.engine.support.hierarchical.ThrowableCollector.execute(ThrowableCollector.java:73) ~[junit-platform-engine-1.11.4.jar:1.11.4]
	at org.junit.platform.engine.support.hierarchical.NodeTestTask.lambda$executeRecursively$8(NodeTestTask.java:146) ~[junit-platform-engine-1.11.4.jar:1.11.4]
	at org.junit.platform.engine.support.hierarchical.Node.around(Node.java:137) ~[junit-platform-engine-1.11.4.jar:1.11.4]
	at org.junit.platform.engine.support.hierarchical.NodeTestTask.lambda$executeRecursively$9(NodeTestTask.java:144) ~[junit-platform-engine-1.11.4.jar:1.11.4]
	at org.junit.platform.engine.support.hierarchical.ThrowableCollector.execute(ThrowableCollector.java:73) ~[junit-platform-engine-1.11.4.jar:1.11.4]
	at org.junit.platform.engine.support.hierarchical.NodeTestTask.executeRecursively(NodeTestTask.java:143) ~[junit-platform-engine-1.11.4.jar:1.11.4]
	at org.junit.platform.engine.support.hierarchical.NodeTestTask.execute(NodeTestTask.java:100) ~[junit-platform-engine-1.11.4.jar:1.11.4]
	at org.junit.platform.engine.support.hierarchical.SameThreadHierarchicalTestExecutorService.submit(SameThreadHierarchicalTestExecutorService.java:35) ~[junit-platform-engine-1.11.4.jar:1.11.4]
	at org.junit.platform.engine.support.hierarchical.HierarchicalTestExecutor.execute(HierarchicalTestExecutor.java:57) ~[junit-platform-engine-1.11.4.jar:1.11.4]
	at org.junit.platform.engine.support.hierarchical.HierarchicalTestEngine.execute(HierarchicalTestEngine.java:54) ~[junit-platform-engine-1.11.4.jar:1.11.4]
	at org.junit.platform.launcher.core.EngineExecutionOrchestrator.execute(EngineExecutionOrchestrator.java:198) ~[junit-platform-launcher-1.11.4.jar:1.11.4]
	at org.junit.platform.launcher.core.EngineExecutionOrchestrator.execute(EngineExecutionOrchestrator.java:169) ~[junit-platform-launcher-1.11.4.jar:1.11.4]
	at org.junit.platform.launcher.core.EngineExecutionOrchestrator.execute(EngineExecutionOrchestrator.java:93) ~[junit-platform-launcher-1.11.4.jar:1.11.4]
	at org.junit.platform.launcher.core.EngineExecutionOrchestrator.lambda$execute$0(EngineExecutionOrchestrator.java:58) ~[junit-platform-launcher-1.11.4.jar:1.11.4]
	at org.junit.platform.launcher.core.EngineExecutionOrchestrator.withInterceptedStreams(EngineExecutionOrchestrator.java:141) ~[junit-platform-launcher-1.11.4.jar:1.11.4]
	at org.junit.platform.launcher.core.EngineExecutionOrchestrator.execute(EngineExecutionOrchestrator.java:57) ~[junit-platform-launcher-1.11.4.jar:1.11.4]
	at org.junit.platform.launcher.core.DefaultLauncher.execute(DefaultLauncher.java:103) ~[junit-platform-launcher-1.11.4.jar:1.11.4]
	at org.junit.platform.launcher.core.DefaultLauncher.execute(DefaultLauncher.java:85) ~[junit-platform-launcher-1.11.4.jar:1.11.4]
	at org.junit.platform.launcher.core.DelegatingLauncher.execute(DelegatingLauncher.java:47) ~[junit-platform-launcher-1.11.4.jar:1.11.4]
	at org.apache.maven.surefire.junitplatform.LazyLauncher.execute(LazyLauncher.java:56) ~[surefire-junit-platform-3.5.2.jar:3.5.2]
	at org.apache.maven.surefire.junitplatform.JUnitPlatformProvider.execute(JUnitPlatformProvider.java:184) ~[surefire-junit-platform-3.5.2.jar:3.5.2]
	at org.apache.maven.surefire.junitplatform.JUnitPlatformProvider.invokeAllTests(JUnitPlatformProvider.java:148) ~[surefire-junit-platform-3.5.2.jar:3.5.2]
	at org.apache.maven.surefire.junitplatform.JUnitPlatformProvider.invoke(JUnitPlatformProvider.java:122) ~[surefire-junit-platform-3.5.2.jar:3.5.2]
	at org.apache.maven.surefire.booter.ForkedBooter.runSuitesInProcess(ForkedBooter.java:385) ~[surefire-booter-3.5.2.jar:3.5.2]
	at org.apache.maven.surefire.booter.ForkedBooter.execute(ForkedBooter.java:162) ~[surefire-booter-3.5.2.jar:3.5.2]
	at org.apache.maven.surefire.booter.ForkedBooter.run(ForkedBooter.java:507) ~[surefire-booter-3.5.2.jar:3.5.2]
	at org.apache.maven.surefire.booter.ForkedBooter.main(ForkedBooter.java:495) ~[surefire-booter-3.5.2.jar:3.5.2]

2025-03-19T21:42:06.050-05:00 DEBUG 80480 --- [flight-booking] [           main] cResourceLocalTransactionCoordinatorImpl : JDBC transaction marked for rollback-only (exception provided for stack trace)

java.lang.Exception: exception just for purpose of providing stack trace
	at org.hibernate.resource.transaction.backend.jdbc.internal.JdbcResourceLocalTransactionCoordinatorImpl$TransactionDriverControlImpl.markRollbackOnly(JdbcResourceLocalTransactionCoordinatorImpl.java:309) ~[hibernate-core-6.6.8.Final.jar:6.6.8.Final]
	at org.hibernate.internal.AbstractSharedSessionContract.buildNamedQuery(AbstractSharedSessionContract.java:1141) ~[hibernate-core-6.6.8.Final.jar:6.6.8.Final]
	at org.hibernate.internal.AbstractSharedSessionContract.createNamedQuery(AbstractSharedSessionContract.java:1019) ~[hibernate-core-6.6.8.Final.jar:6.6.8.Final]
	at org.hibernate.internal.AbstractSharedSessionContract.createNamedQuery(AbstractSharedSessionContract.java:143) ~[hibernate-core-6.6.8.Final.jar:6.6.8.Final]
	at java.base/jdk.internal.reflect.DirectMethodHandleAccessor.invoke(DirectMethodHandleAccessor.java:103) ~[na:na]
	at java.base/java.lang.reflect.Method.invoke(Method.java:580) ~[na:na]
	at org.springframework.orm.jpa.ExtendedEntityManagerCreator$ExtendedEntityManagerInvocationHandler.invoke(ExtendedEntityManagerCreator.java:364) ~[spring-orm-6.2.3.jar:6.2.3]
	at jdk.proxy2/jdk.proxy2.$Proxy140.createNamedQuery(Unknown Source) ~[na:na]
	at org.springframework.data.jpa.repository.query.NamedQuery.hasNamedQuery(NamedQuery.java:114) ~[spring-data-jpa-3.4.3.jar:3.4.3]
	at org.springframework.data.jpa.repository.query.NamedQuery.lookupFrom(NamedQuery.java:140) ~[spring-data-jpa-3.4.3.jar:3.4.3]
	at org.springframework.data.jpa.repository.query.JpaQueryLookupStrategy$DeclaredQueryLookupStrategy.resolveQuery(JpaQueryLookupStrategy.java:184) ~[spring-data-jpa-3.4.3.jar:3.4.3]
	at org.springframework.data.jpa.repository.query.JpaQueryLookupStrategy$CreateIfNotFoundQueryLookupStrategy.resolveQuery(JpaQueryLookupStrategy.java:256) ~[spring-data-jpa-3.4.3.jar:3.4.3]
	at org.springframework.data.jpa.repository.query.JpaQueryLookupStrategy$AbstractQueryLookupStrategy.resolveQuery(JpaQueryLookupStrategy.java:99) ~[spring-data-jpa-3.4.3.jar:3.4.3]
	at org.springframework.data.repository.core.support.QueryExecutorMethodInterceptor.lookupQuery(QueryExecutorMethodInterceptor.java:116) ~[spring-data-commons-3.4.3.jar:3.4.3]
	at org.springframework.data.repository.core.support.QueryExecutorMethodInterceptor.mapMethodsToQuery(QueryExecutorMethodInterceptor.java:104) ~[spring-data-commons-3.4.3.jar:3.4.3]
	at org.springframework.data.repository.core.support.QueryExecutorMethodInterceptor.lambda$new$0(QueryExecutorMethodInterceptor.java:92) ~[spring-data-commons-3.4.3.jar:3.4.3]
	at java.base/java.util.Optional.map(Optional.java:260) ~[na:na]
	at org.springframework.data.repository.core.support.QueryExecutorMethodInterceptor.<init>(QueryExecutorMethodInterceptor.java:92) ~[spring-data-commons-3.4.3.jar:3.4.3]
	at org.springframework.data.repository.core.support.RepositoryFactorySupport.getRepository(RepositoryFactorySupport.java:440) ~[spring-data-commons-3.4.3.jar:3.4.3]
	at org.springframework.data.repository.core.support.RepositoryFactoryBeanSupport.lambda$afterPropertiesSet$4(RepositoryFactoryBeanSupport.java:350) ~[spring-data-commons-3.4.3.jar:3.4.3]
	at org.springframework.data.util.Lazy.getNullable(Lazy.java:135) ~[spring-data-commons-3.4.3.jar:3.4.3]
	at org.springframework.data.util.Lazy.get(Lazy.java:113) ~[spring-data-commons-3.4.3.jar:3.4.3]
	at org.springframework.data.repository.core.support.RepositoryFactoryBeanSupport.afterPropertiesSet(RepositoryFactoryBeanSupport.java:356) ~[spring-data-commons-3.4.3.jar:3.4.3]
	at org.springframework.data.jpa.repository.support.JpaRepositoryFactoryBean.afterPropertiesSet(JpaRepositoryFactoryBean.java:132) ~[spring-data-jpa-3.4.3.jar:3.4.3]
	at org.springframework.beans.factory.support.AbstractAutowireCapableBeanFactory.invokeInitMethods(AbstractAutowireCapableBeanFactory.java:1859) ~[spring-beans-6.2.3.jar:6.2.3]
	at org.springframework.beans.factory.support.AbstractAutowireCapableBeanFactory.initializeBean(AbstractAutowireCapableBeanFactory.java:1808) ~[spring-beans-6.2.3.jar:6.2.3]
	at org.springframework.beans.factory.support.AbstractAutowireCapableBeanFactory.doCreateBean(AbstractAutowireCapableBeanFactory.java:601) ~[spring-beans-6.2.3.jar:6.2.3]
	at org.springframework.beans.factory.support.AbstractAutowireCapableBeanFactory.createBean(AbstractAutowireCapableBeanFactory.java:523) ~[spring-beans-6.2.3.jar:6.2.3]
	at org.springframework.beans.factory.support.AbstractBeanFactory.lambda$doGetBean$0(AbstractBeanFactory.java:339) ~[spring-beans-6.2.3.jar:6.2.3]
	at org.springframework.beans.factory.support.DefaultSingletonBeanRegistry.getSingleton(DefaultSingletonBeanRegistry.java:346) ~[spring-beans-6.2.3.jar:6.2.3]
	at org.springframework.beans.factory.support.AbstractBeanFactory.doGetBean(AbstractBeanFactory.java:337) ~[spring-beans-6.2.3.jar:6.2.3]
	at org.springframework.beans.factory.support.AbstractBeanFactory.getBean(AbstractBeanFactory.java:202) ~[spring-beans-6.2.3.jar:6.2.3]
	at org.springframework.beans.factory.support.DefaultListableBeanFactory.doResolveDependency(DefaultListableBeanFactory.java:1606) ~[spring-beans-6.2.3.jar:6.2.3]
	at org.springframework.beans.factory.support.DefaultListableBeanFactory.resolveDependency(DefaultListableBeanFactory.java:1552) ~[spring-beans-6.2.3.jar:6.2.3]
	at org.springframework.beans.factory.support.ConstructorResolver.resolveAutowiredArgument(ConstructorResolver.java:913) ~[spring-beans-6.2.3.jar:6.2.3]
	at org.springframework.beans.factory.support.ConstructorResolver.createArgumentArray(ConstructorResolver.java:791) ~[spring-beans-6.2.3.jar:6.2.3]
	at org.springframework.beans.factory.support.ConstructorResolver.autowireConstructor(ConstructorResolver.java:240) ~[spring-beans-6.2.3.jar:6.2.3]
	at org.springframework.beans.factory.support.AbstractAutowireCapableBeanFactory.autowireConstructor(AbstractAutowireCapableBeanFactory.java:1381) ~[spring-beans-6.2.3.jar:6.2.3]
	at org.springframework.beans.factory.support.AbstractAutowireCapableBeanFactory.createBeanInstance(AbstractAutowireCapableBeanFactory.java:1218) ~[spring-beans-6.2.3.jar:6.2.3]
	at org.springframework.beans.factory.support.AbstractAutowireCapableBeanFactory.doCreateBean(AbstractAutowireCapableBeanFactory.java:563) ~[spring-beans-6.2.3.jar:6.2.3]
	at org.springframework.beans.factory.support.AbstractAutowireCapableBeanFactory.createBean(AbstractAutowireCapableBeanFactory.java:523) ~[spring-beans-6.2.3.jar:6.2.3]
	at org.springframework.beans.factory.support.AbstractBeanFactory.lambda$doGetBean$0(AbstractBeanFactory.java:339) ~[spring-beans-6.2.3.jar:6.2.3]
	at org.springframework.beans.factory.support.DefaultSingletonBeanRegistry.getSingleton(DefaultSingletonBeanRegistry.java:346) ~[spring-beans-6.2.3.jar:6.2.3]
	at org.springframework.beans.factory.support.AbstractBeanFactory.doGetBean(AbstractBeanFactory.java:337) ~[spring-beans-6.2.3.jar:6.2.3]
	at org.springframework.beans.factory.support.AbstractBeanFactory.getBean(AbstractBeanFactory.java:202) ~[spring-beans-6.2.3.jar:6.2.3]
	at org.springframework.beans.factory.support.DefaultListableBeanFactory.instantiateSingleton(DefaultListableBeanFactory.java:1155) ~[spring-beans-6.2.3.jar:6.2.3]
	at org.springframework.beans.factory.support.DefaultListableBeanFactory.preInstantiateSingleton(DefaultListableBeanFactory.java:1121) ~[spring-beans-6.2.3.jar:6.2.3]
	at org.springframework.beans.factory.support.DefaultListableBeanFactory.preInstantiateSingletons(DefaultListableBeanFactory.java:1056) ~[spring-beans-6.2.3.jar:6.2.3]
	at org.springframework.context.support.AbstractApplicationContext.finishBeanFactoryInitialization(AbstractApplicationContext.java:987) ~[spring-context-6.2.3.jar:6.2.3]
	at org.springframework.context.support.AbstractApplicationContext.refresh(AbstractApplicationContext.java:627) ~[spring-context-6.2.3.jar:6.2.3]
	at org.springframework.boot.SpringApplication.refresh(SpringApplication.java:752) ~[spring-boot-3.4.3.jar:3.4.3]
	at org.springframework.boot.SpringApplication.refreshContext(SpringApplication.java:439) ~[spring-boot-3.4.3.jar:3.4.3]
	at org.springframework.boot.SpringApplication.run(SpringApplication.java:318) ~[spring-boot-3.4.3.jar:3.4.3]
	at org.springframework.boot.test.context.SpringBootContextLoader.lambda$loadContext$3(SpringBootContextLoader.java:137) ~[spring-boot-test-3.4.3.jar:3.4.3]
	at org.springframework.util.function.ThrowingSupplier.get(ThrowingSupplier.java:58) ~[spring-core-6.2.3.jar:6.2.3]
	at org.springframework.util.function.ThrowingSupplier.get(ThrowingSupplier.java:46) ~[spring-core-6.2.3.jar:6.2.3]
	at org.springframework.boot.SpringApplication.withHook(SpringApplication.java:1461) ~[spring-boot-3.4.3.jar:3.4.3]
	at org.springframework.boot.test.context.SpringBootContextLoader$ContextLoaderHook.run(SpringBootContextLoader.java:553) ~[spring-boot-test-3.4.3.jar:3.4.3]
	at org.springframework.boot.test.context.SpringBootContextLoader.loadContext(SpringBootContextLoader.java:137) ~[spring-boot-test-3.4.3.jar:3.4.3]
	at org.springframework.boot.test.context.SpringBootContextLoader.loadContext(SpringBootContextLoader.java:108) ~[spring-boot-test-3.4.3.jar:3.4.3]
	at org.springframework.test.context.cache.DefaultCacheAwareContextLoaderDelegate.loadContextInternal(DefaultCacheAwareContextLoaderDelegate.java:225) ~[spring-test-6.2.3.jar:6.2.3]
	at org.springframework.test.context.cache.DefaultCacheAwareContextLoaderDelegate.loadContext(DefaultCacheAwareContextLoaderDelegate.java:152) ~[spring-test-6.2.3.jar:6.2.3]
	at org.springframework.test.context.support.DefaultTestContext.getApplicationContext(DefaultTestContext.java:130) ~[spring-test-6.2.3.jar:6.2.3]
	at org.springframework.test.context.web.ServletTestExecutionListener.setUpRequestContextIfNecessary(ServletTestExecutionListener.java:200) ~[spring-test-6.2.3.jar:6.2.3]
	at org.springframework.test.context.web.ServletTestExecutionListener.prepareTestInstance(ServletTestExecutionListener.java:139) ~[spring-test-6.2.3.jar:6.2.3]
	at org.springframework.test.context.TestContextManager.prepareTestInstance(TestContextManager.java:260) ~[spring-test-6.2.3.jar:6.2.3]
	at org.springframework.test.context.junit.jupiter.SpringExtension.postProcessTestInstance(SpringExtension.java:160) ~[spring-test-6.2.3.jar:6.2.3]
	at org.junit.jupiter.engine.descriptor.ClassBasedTestDescriptor.lambda$invokeTestInstancePostProcessors$11(ClassBasedTestDescriptor.java:378) ~[junit-jupiter-engine-5.11.4.jar:5.11.4]
	at org.junit.jupiter.engine.descriptor.ClassBasedTestDescriptor.executeAndMaskThrowable(ClassBasedTestDescriptor.java:383) ~[junit-jupiter-engine-5.11.4.jar:5.11.4]
	at org.junit.jupiter.engine.descriptor.ClassBasedTestDescriptor.lambda$invokeTestInstancePostProcessors$12(ClassBasedTestDescriptor.java:378) ~[junit-jupiter-engine-5.11.4.jar:5.11.4]
	at java.base/java.util.stream.ForEachOps$ForEachOp$OfRef.accept(ForEachOps.java:184) ~[na:na]
	at java.base/java.util.stream.ReferencePipeline$3$1.accept(ReferencePipeline.java:215) ~[na:na]
	at java.base/java.util.stream.ReferencePipeline$2$1.accept(ReferencePipeline.java:197) ~[na:na]
	at java.base/java.util.stream.ReferencePipeline$3$1.accept(ReferencePipeline.java:215) ~[na:na]
	at java.base/java.util.ArrayList$ArrayListSpliterator.forEachRemaining(ArrayList.java:1709) ~[na:na]
	at java.base/java.util.stream.AbstractPipeline.copyInto(AbstractPipeline.java:570) ~[na:na]
	at java.base/java.util.stream.AbstractPipeline.wrapAndCopyInto(AbstractPipeline.java:560) ~[na:na]
	at java.base/java.util.stream.ForEachOps$ForEachOp.evaluateSequential(ForEachOps.java:151) ~[na:na]
	at java.base/java.util.stream.ForEachOps$ForEachOp$OfRef.evaluateSequential(ForEachOps.java:174) ~[na:na]
	at java.base/java.util.stream.AbstractPipeline.evaluate(AbstractPipeline.java:265) ~[na:na]
	at java.base/java.util.stream.ReferencePipeline.forEach(ReferencePipeline.java:636) ~[na:na]
	at org.junit.jupiter.engine.descriptor.ClassBasedTestDescriptor.invokeTestInstancePostProcessors(ClassBasedTestDescriptor.java:377) ~[junit-jupiter-engine-5.11.4.jar:5.11.4]
	at org.junit.jupiter.engine.descriptor.ClassBasedTestDescriptor.lambda$instantiateAndPostProcessTestInstance$7(ClassBasedTestDescriptor.java:290) ~[junit-jupiter-engine-5.11.4.jar:5.11.4]
	at org.junit.platform.engine.support.hierarchical.ThrowableCollector.execute(ThrowableCollector.java:73) ~[junit-platform-engine-1.11.4.jar:1.11.4]
	at org.junit.jupiter.engine.descriptor.ClassBasedTestDescriptor.instantiateAndPostProcessTestInstance(ClassBasedTestDescriptor.java:289) ~[junit-jupiter-engine-5.11.4.jar:5.11.4]
	at org.junit.jupiter.engine.descriptor.ClassBasedTestDescriptor.lambda$testInstancesProvider$5(ClassBasedTestDescriptor.java:279) ~[junit-jupiter-engine-5.11.4.jar:5.11.4]
	at java.base/java.util.Optional.orElseGet(Optional.java:364) ~[na:na]
	at org.junit.jupiter.engine.descriptor.ClassBasedTestDescriptor.lambda$testInstancesProvider$6(ClassBasedTestDescriptor.java:278) ~[junit-jupiter-engine-5.11.4.jar:5.11.4]
	at org.junit.jupiter.engine.execution.TestInstancesProvider.getTestInstances(TestInstancesProvider.java:31) ~[junit-jupiter-engine-5.11.4.jar:5.11.4]
	at org.junit.jupiter.engine.descriptor.TestMethodTestDescriptor.lambda$prepare$1(TestMethodTestDescriptor.java:105) ~[junit-jupiter-engine-5.11.4.jar:5.11.4]
	at org.junit.platform.engine.support.hierarchical.ThrowableCollector.execute(ThrowableCollector.java:73) ~[junit-platform-engine-1.11.4.jar:1.11.4]
	at org.junit.jupiter.engine.descriptor.TestMethodTestDescriptor.prepare(TestMethodTestDescriptor.java:104) ~[junit-jupiter-engine-5.11.4.jar:5.11.4]
	at org.junit.jupiter.engine.descriptor.TestMethodTestDescriptor.prepare(TestMethodTestDescriptor.java:68) ~[junit-jupiter-engine-5.11.4.jar:5.11.4]
	at org.junit.platform.engine.support.hierarchical.NodeTestTask.lambda$prepare$2(NodeTestTask.java:128) ~[junit-platform-engine-1.11.4.jar:1.11.4]
	at org.junit.platform.engine.support.hierarchical.ThrowableCollector.execute(ThrowableCollector.java:73) ~[junit-platform-engine-1.11.4.jar:1.11.4]
	at org.junit.platform.engine.support.hierarchical.NodeTestTask.prepare(NodeTestTask.java:128) ~[junit-platform-engine-1.11.4.jar:1.11.4]
	at org.junit.platform.engine.support.hierarchical.NodeTestTask.execute(NodeTestTask.java:95) ~[junit-platform-engine-1.11.4.jar:1.11.4]
	at java.base/java.util.ArrayList.forEach(ArrayList.java:1597) ~[na:na]
	at org.junit.platform.engine.support.hierarchical.SameThreadHierarchicalTestExecutorService.invokeAll(SameThreadHierarchicalTestExecutorService.java:41) ~[junit-platform-engine-1.11.4.jar:1.11.4]
	at org.junit.platform.engine.support.hierarchical.NodeTestTask.lambda$executeRecursively$6(NodeTestTask.java:160) ~[junit-platform-engine-1.11.4.jar:1.11.4]
	at org.junit.platform.engine.support.hierarchical.ThrowableCollector.execute(ThrowableCollector.java:73) ~[junit-platform-engine-1.11.4.jar:1.11.4]
	at org.junit.platform.engine.support.hierarchical.NodeTestTask.lambda$executeRecursively$8(NodeTestTask.java:146) ~[junit-platform-engine-1.11.4.jar:1.11.4]
	at org.junit.platform.engine.support.hierarchical.Node.around(Node.java:137) ~[junit-platform-engine-1.11.4.jar:1.11.4]
	at org.junit.platform.engine.support.hierarchical.NodeTestTask.lambda$executeRecursively$9(NodeTestTask.java:144) ~[junit-platform-engine-1.11.4.jar:1.11.4]
	at org.junit.platform.engine.support.hierarchical.ThrowableCollector.execute(ThrowableCollector.java:73) ~[junit-platform-engine-1.11.4.jar:1.11.4]
	at org.junit.platform.engine.support.hierarchical.NodeTestTask.executeRecursively(NodeTestTask.java:143) ~[junit-platform-engine-1.11.4.jar:1.11.4]
	at org.junit.platform.engine.support.hierarchical.NodeTestTask.execute(NodeTestTask.java:100) ~[junit-platform-engine-1.11.4.jar:1.11.4]
	at java.base/java.util.ArrayList.forEach(ArrayList.java:1597) ~[na:na]
	at org.junit.platform.engine.support.hierarchical.SameThreadHierarchicalTestExecutorService.invokeAll(SameThreadHierarchicalTestExecutorService.java:41) ~[junit-platform-engine-1.11.4.jar:1.11.4]
	at org.junit.platform.engine.support.hierarchical.NodeTestTask.lambda$executeRecursively$6(NodeTestTask.java:160) ~[junit-platform-engine-1.11.4.jar:1.11.4]
	at org.junit.platform.engine.support.hierarchical.ThrowableCollector.execute(ThrowableCollector.java:73) ~[junit-platform-engine-1.11.4.jar:1.11.4]
	at org.junit.platform.engine.support.hierarchical.NodeTestTask.lambda$executeRecursively$8(NodeTestTask.java:146) ~[junit-platform-engine-1.11.4.jar:1.11.4]
	at org.junit.platform.engine.support.hierarchical.Node.around(Node.java:137) ~[junit-platform-engine-1.11.4.jar:1.11.4]
	at org.junit.platform.engine.support.hierarchical.NodeTestTask.lambda$executeRecursively$9(NodeTestTask.java:144) ~[junit-platform-engine-1.11.4.jar:1.11.4]
	at org.junit.platform.engine.support.hierarchical.ThrowableCollector.execute(ThrowableCollector.java:73) ~[junit-platform-engine-1.11.4.jar:1.11.4]
	at org.junit.platform.engine.support.hierarchical.NodeTestTask.executeRecursively(NodeTestTask.java:143) ~[junit-platform-engine-1.11.4.jar:1.11.4]
	at org.junit.platform.engine.support.hierarchical.NodeTestTask.execute(NodeTestTask.java:100) ~[junit-platform-engine-1.11.4.jar:1.11.4]
	at org.junit.platform.engine.support.hierarchical.SameThreadHierarchicalTestExecutorService.submit(SameThreadHierarchicalTestExecutorService.java:35) ~[junit-platform-engine-1.11.4.jar:1.11.4]
	at org.junit.platform.engine.support.hierarchical.HierarchicalTestExecutor.execute(HierarchicalTestExecutor.java:57) ~[junit-platform-engine-1.11.4.jar:1.11.4]
	at org.junit.platform.engine.support.hierarchical.HierarchicalTestEngine.execute(HierarchicalTestEngine.java:54) ~[junit-platform-engine-1.11.4.jar:1.11.4]
	at org.junit.platform.launcher.core.EngineExecutionOrchestrator.execute(EngineExecutionOrchestrator.java:198) ~[junit-platform-launcher-1.11.4.jar:1.11.4]
	at org.junit.platform.launcher.core.EngineExecutionOrchestrator.execute(EngineExecutionOrchestrator.java:169) ~[junit-platform-launcher-1.11.4.jar:1.11.4]
	at org.junit.platform.launcher.core.EngineExecutionOrchestrator.execute(EngineExecutionOrchestrator.java:93) ~[junit-platform-launcher-1.11.4.jar:1.11.4]
	at org.junit.platform.launcher.core.EngineExecutionOrchestrator.lambda$execute$0(EngineExecutionOrchestrator.java:58) ~[junit-platform-launcher-1.11.4.jar:1.11.4]
	at org.junit.platform.launcher.core.EngineExecutionOrchestrator.withInterceptedStreams(EngineExecutionOrchestrator.java:141) ~[junit-platform-launcher-1.11.4.jar:1.11.4]
	at org.junit.platform.launcher.core.EngineExecutionOrchestrator.execute(EngineExecutionOrchestrator.java:57) ~[junit-platform-launcher-1.11.4.jar:1.11.4]
	at org.junit.platform.launcher.core.DefaultLauncher.execute(DefaultLauncher.java:103) ~[junit-platform-launcher-1.11.4.jar:1.11.4]
	at org.junit.platform.launcher.core.DefaultLauncher.execute(DefaultLauncher.java:85) ~[junit-platform-launcher-1.11.4.jar:1.11.4]
	at org.junit.platform.launcher.core.DelegatingLauncher.execute(DelegatingLauncher.java:47) ~[junit-platform-launcher-1.11.4.jar:1.11.4]
	at org.apache.maven.surefire.junitplatform.LazyLauncher.execute(LazyLauncher.java:56) ~[surefire-junit-platform-3.5.2.jar:3.5.2]
	at org.apache.maven.surefire.junitplatform.JUnitPlatformProvider.execute(JUnitPlatformProvider.java:184) ~[surefire-junit-platform-3.5.2.jar:3.5.2]
	at org.apache.maven.surefire.junitplatform.JUnitPlatformProvider.invokeAllTests(JUnitPlatformProvider.java:148) ~[surefire-junit-platform-3.5.2.jar:3.5.2]
	at org.apache.maven.surefire.junitplatform.JUnitPlatformProvider.invoke(JUnitPlatformProvider.java:122) ~[surefire-junit-platform-3.5.2.jar:3.5.2]
	at org.apache.maven.surefire.booter.ForkedBooter.runSuitesInProcess(ForkedBooter.java:385) ~[surefire-booter-3.5.2.jar:3.5.2]
	at org.apache.maven.surefire.booter.ForkedBooter.execute(ForkedBooter.java:162) ~[surefire-booter-3.5.2.jar:3.5.2]
	at org.apache.maven.surefire.booter.ForkedBooter.run(ForkedBooter.java:507) ~[surefire-booter-3.5.2.jar:3.5.2]
	at org.apache.maven.surefire.booter.ForkedBooter.main(ForkedBooter.java:495) ~[surefire-booter-3.5.2.jar:3.5.2]

2025-03-19T21:42:06.066-05:00 DEBUG 80480 --- [flight-booking] [           main] cResourceLocalTransactionCoordinatorImpl : JDBC transaction marked for rollback-only (exception provided for stack trace)

java.lang.Exception: exception just for purpose of providing stack trace
	at org.hibernate.resource.transaction.backend.jdbc.internal.JdbcResourceLocalTransactionCoordinatorImpl$TransactionDriverControlImpl.markRollbackOnly(JdbcResourceLocalTransactionCoordinatorImpl.java:309) ~[hibernate-core-6.6.8.Final.jar:6.6.8.Final]
	at org.hibernate.internal.AbstractSharedSessionContract.buildNamedQuery(AbstractSharedSessionContract.java:1141) ~[hibernate-core-6.6.8.Final.jar:6.6.8.Final]
	at org.hibernate.internal.AbstractSharedSessionContract.createNamedQuery(AbstractSharedSessionContract.java:1019) ~[hibernate-core-6.6.8.Final.jar:6.6.8.Final]
	at org.hibernate.internal.AbstractSharedSessionContract.createNamedQuery(AbstractSharedSessionContract.java:143) ~[hibernate-core-6.6.8.Final.jar:6.6.8.Final]
	at java.base/jdk.internal.reflect.DirectMethodHandleAccessor.invoke(DirectMethodHandleAccessor.java:103) ~[na:na]
	at java.base/java.lang.reflect.Method.invoke(Method.java:580) ~[na:na]
	at org.springframework.orm.jpa.ExtendedEntityManagerCreator$ExtendedEntityManagerInvocationHandler.invoke(ExtendedEntityManagerCreator.java:364) ~[spring-orm-6.2.3.jar:6.2.3]
	at jdk.proxy2/jdk.proxy2.$Proxy140.createNamedQuery(Unknown Source) ~[na:na]
	at org.springframework.data.jpa.repository.query.NamedQuery.hasNamedQuery(NamedQuery.java:114) ~[spring-data-jpa-3.4.3.jar:3.4.3]
	at org.springframework.data.jpa.repository.query.JpaQueryLookupStrategy$DeclaredQueryLookupStrategy.getCountQuery(JpaQueryLookupStrategy.java:208) ~[spring-data-jpa-3.4.3.jar:3.4.3]
	at org.springframework.data.jpa.repository.query.JpaQueryLookupStrategy$DeclaredQueryLookupStrategy.resolveQuery(JpaQueryLookupStrategy.java:175) ~[spring-data-jpa-3.4.3.jar:3.4.3]
	at org.springframework.data.jpa.repository.query.JpaQueryLookupStrategy$CreateIfNotFoundQueryLookupStrategy.resolveQuery(JpaQueryLookupStrategy.java:256) ~[spring-data-jpa-3.4.3.jar:3.4.3]
	at org.springframework.data.jpa.repository.query.JpaQueryLookupStrategy$AbstractQueryLookupStrategy.resolveQuery(JpaQueryLookupStrategy.java:99) ~[spring-data-jpa-3.4.3.jar:3.4.3]
	at org.springframework.data.repository.core.support.QueryExecutorMethodInterceptor.lookupQuery(QueryExecutorMethodInterceptor.java:116) ~[spring-data-commons-3.4.3.jar:3.4.3]
	at org.springframework.data.repository.core.support.QueryExecutorMethodInterceptor.mapMethodsToQuery(QueryExecutorMethodInterceptor.java:104) ~[spring-data-commons-3.4.3.jar:3.4.3]
	at org.springframework.data.repository.core.support.QueryExecutorMethodInterceptor.lambda$new$0(QueryExecutorMethodInterceptor.java:92) ~[spring-data-commons-3.4.3.jar:3.4.3]
	at java.base/java.util.Optional.map(Optional.java:260) ~[na:na]
	at org.springframework.data.repository.core.support.QueryExecutorMethodInterceptor.<init>(QueryExecutorMethodInterceptor.java:92) ~[spring-data-commons-3.4.3.jar:3.4.3]
	at org.springframework.data.repository.core.support.RepositoryFactorySupport.getRepository(RepositoryFactorySupport.java:440) ~[spring-data-commons-3.4.3.jar:3.4.3]
	at org.springframework.data.repository.core.support.RepositoryFactoryBeanSupport.lambda$afterPropertiesSet$4(RepositoryFactoryBeanSupport.java:350) ~[spring-data-commons-3.4.3.jar:3.4.3]
	at org.springframework.data.util.Lazy.getNullable(Lazy.java:135) ~[spring-data-commons-3.4.3.jar:3.4.3]
	at org.springframework.data.util.Lazy.get(Lazy.java:113) ~[spring-data-commons-3.4.3.jar:3.4.3]
	at org.springframework.data.repository.core.support.RepositoryFactoryBeanSupport.afterPropertiesSet(RepositoryFactoryBeanSupport.java:356) ~[spring-data-commons-3.4.3.jar:3.4.3]
	at org.springframework.data.jpa.repository.support.JpaRepositoryFactoryBean.afterPropertiesSet(JpaRepositoryFactoryBean.java:132) ~[spring-data-jpa-3.4.3.jar:3.4.3]
	at org.springframework.beans.factory.support.AbstractAutowireCapableBeanFactory.invokeInitMethods(AbstractAutowireCapableBeanFactory.java:1859) ~[spring-beans-6.2.3.jar:6.2.3]
	at org.springframework.beans.factory.support.AbstractAutowireCapableBeanFactory.initializeBean(AbstractAutowireCapableBeanFactory.java:1808) ~[spring-beans-6.2.3.jar:6.2.3]
	at org.springframework.beans.factory.support.AbstractAutowireCapableBeanFactory.doCreateBean(AbstractAutowireCapableBeanFactory.java:601) ~[spring-beans-6.2.3.jar:6.2.3]
	at org.springframework.beans.factory.support.AbstractAutowireCapableBeanFactory.createBean(AbstractAutowireCapableBeanFactory.java:523) ~[spring-beans-6.2.3.jar:6.2.3]
	at org.springframework.beans.factory.support.AbstractBeanFactory.lambda$doGetBean$0(AbstractBeanFactory.java:339) ~[spring-beans-6.2.3.jar:6.2.3]
	at org.springframework.beans.factory.support.DefaultSingletonBeanRegistry.getSingleton(DefaultSingletonBeanRegistry.java:346) ~[spring-beans-6.2.3.jar:6.2.3]
	at org.springframework.beans.factory.support.AbstractBeanFactory.doGetBean(AbstractBeanFactory.java:337) ~[spring-beans-6.2.3.jar:6.2.3]
	at org.springframework.beans.factory.support.AbstractBeanFactory.getBean(AbstractBeanFactory.java:202) ~[spring-beans-6.2.3.jar:6.2.3]
	at org.springframework.beans.factory.support.DefaultListableBeanFactory.doResolveDependency(DefaultListableBeanFactory.java:1606) ~[spring-beans-6.2.3.jar:6.2.3]
	at org.springframework.beans.factory.support.DefaultListableBeanFactory.resolveDependency(DefaultListableBeanFactory.java:1552) ~[spring-beans-6.2.3.jar:6.2.3]
	at org.springframework.beans.factory.support.ConstructorResolver.resolveAutowiredArgument(ConstructorResolver.java:913) ~[spring-beans-6.2.3.jar:6.2.3]
	at org.springframework.beans.factory.support.ConstructorResolver.createArgumentArray(ConstructorResolver.java:791) ~[spring-beans-6.2.3.jar:6.2.3]
	at org.springframework.beans.factory.support.ConstructorResolver.autowireConstructor(ConstructorResolver.java:240) ~[spring-beans-6.2.3.jar:6.2.3]
	at org.springframework.beans.factory.support.AbstractAutowireCapableBeanFactory.autowireConstructor(AbstractAutowireCapableBeanFactory.java:1381) ~[spring-beans-6.2.3.jar:6.2.3]
	at org.springframework.beans.factory.support.AbstractAutowireCapableBeanFactory.createBeanInstance(AbstractAutowireCapableBeanFactory.java:1218) ~[spring-beans-6.2.3.jar:6.2.3]
	at org.springframework.beans.factory.support.AbstractAutowireCapableBeanFactory.doCreateBean(AbstractAutowireCapableBeanFactory.java:563) ~[spring-beans-6.2.3.jar:6.2.3]
	at org.springframework.beans.factory.support.AbstractAutowireCapableBeanFactory.createBean(AbstractAutowireCapableBeanFactory.java:523) ~[spring-beans-6.2.3.jar:6.2.3]
	at org.springframework.beans.factory.support.AbstractBeanFactory.lambda$doGetBean$0(AbstractBeanFactory.java:339) ~[spring-beans-6.2.3.jar:6.2.3]
	at org.springframework.beans.factory.support.DefaultSingletonBeanRegistry.getSingleton(DefaultSingletonBeanRegistry.java:346) ~[spring-beans-6.2.3.jar:6.2.3]
	at org.springframework.beans.factory.support.AbstractBeanFactory.doGetBean(AbstractBeanFactory.java:337) ~[spring-beans-6.2.3.jar:6.2.3]
	at org.springframework.beans.factory.support.AbstractBeanFactory.getBean(AbstractBeanFactory.java:202) ~[spring-beans-6.2.3.jar:6.2.3]
	at org.springframework.beans.factory.support.DefaultListableBeanFactory.instantiateSingleton(DefaultListableBeanFactory.java:1155) ~[spring-beans-6.2.3.jar:6.2.3]
	at org.springframework.beans.factory.support.DefaultListableBeanFactory.preInstantiateSingleton(DefaultListableBeanFactory.java:1121) ~[spring-beans-6.2.3.jar:6.2.3]
	at org.springframework.beans.factory.support.DefaultListableBeanFactory.preInstantiateSingletons(DefaultListableBeanFactory.java:1056) ~[spring-beans-6.2.3.jar:6.2.3]
	at org.springframework.context.support.AbstractApplicationContext.finishBeanFactoryInitialization(AbstractApplicationContext.java:987) ~[spring-context-6.2.3.jar:6.2.3]
	at org.springframework.context.support.AbstractApplicationContext.refresh(AbstractApplicationContext.java:627) ~[spring-context-6.2.3.jar:6.2.3]
	at org.springframework.boot.SpringApplication.refresh(SpringApplication.java:752) ~[spring-boot-3.4.3.jar:3.4.3]
	at org.springframework.boot.SpringApplication.refreshContext(SpringApplication.java:439) ~[spring-boot-3.4.3.jar:3.4.3]
	at org.springframework.boot.SpringApplication.run(SpringApplication.java:318) ~[spring-boot-3.4.3.jar:3.4.3]
	at org.springframework.boot.test.context.SpringBootContextLoader.lambda$loadContext$3(SpringBootContextLoader.java:137) ~[spring-boot-test-3.4.3.jar:3.4.3]
	at org.springframework.util.function.ThrowingSupplier.get(ThrowingSupplier.java:58) ~[spring-core-6.2.3.jar:6.2.3]
	at org.springframework.util.function.ThrowingSupplier.get(ThrowingSupplier.java:46) ~[spring-core-6.2.3.jar:6.2.3]
	at org.springframework.boot.SpringApplication.withHook(SpringApplication.java:1461) ~[spring-boot-3.4.3.jar:3.4.3]
	at org.springframework.boot.test.context.SpringBootContextLoader$ContextLoaderHook.run(SpringBootContextLoader.java:553) ~[spring-boot-test-3.4.3.jar:3.4.3]
	at org.springframework.boot.test.context.SpringBootContextLoader.loadContext(SpringBootContextLoader.java:137) ~[spring-boot-test-3.4.3.jar:3.4.3]
	at org.springframework.boot.test.context.SpringBootContextLoader.loadContext(SpringBootContextLoader.java:108) ~[spring-boot-test-3.4.3.jar:3.4.3]
	at org.springframework.test.context.cache.DefaultCacheAwareContextLoaderDelegate.loadContextInternal(DefaultCacheAwareContextLoaderDelegate.java:225) ~[spring-test-6.2.3.jar:6.2.3]
	at org.springframework.test.context.cache.DefaultCacheAwareContextLoaderDelegate.loadContext(DefaultCacheAwareContextLoaderDelegate.java:152) ~[spring-test-6.2.3.jar:6.2.3]
	at org.springframework.test.context.support.DefaultTestContext.getApplicationContext(DefaultTestContext.java:130) ~[spring-test-6.2.3.jar:6.2.3]
	at org.springframework.test.context.web.ServletTestExecutionListener.setUpRequestContextIfNecessary(ServletTestExecutionListener.java:200) ~[spring-test-6.2.3.jar:6.2.3]
	at org.springframework.test.context.web.ServletTestExecutionListener.prepareTestInstance(ServletTestExecutionListener.java:139) ~[spring-test-6.2.3.jar:6.2.3]
	at org.springframework.test.context.TestContextManager.prepareTestInstance(TestContextManager.java:260) ~[spring-test-6.2.3.jar:6.2.3]
	at org.springframework.test.context.junit.jupiter.SpringExtension.postProcessTestInstance(SpringExtension.java:160) ~[spring-test-6.2.3.jar:6.2.3]
	at org.junit.jupiter.engine.descriptor.ClassBasedTestDescriptor.lambda$invokeTestInstancePostProcessors$11(ClassBasedTestDescriptor.java:378) ~[junit-jupiter-engine-5.11.4.jar:5.11.4]
	at org.junit.jupiter.engine.descriptor.ClassBasedTestDescriptor.executeAndMaskThrowable(ClassBasedTestDescriptor.java:383) ~[junit-jupiter-engine-5.11.4.jar:5.11.4]
	at org.junit.jupiter.engine.descriptor.ClassBasedTestDescriptor.lambda$invokeTestInstancePostProcessors$12(ClassBasedTestDescriptor.java:378) ~[junit-jupiter-engine-5.11.4.jar:5.11.4]
	at java.base/java.util.stream.ForEachOps$ForEachOp$OfRef.accept(ForEachOps.java:184) ~[na:na]
	at java.base/java.util.stream.ReferencePipeline$3$1.accept(ReferencePipeline.java:215) ~[na:na]
	at java.base/java.util.stream.ReferencePipeline$2$1.accept(ReferencePipeline.java:197) ~[na:na]
	at java.base/java.util.stream.ReferencePipeline$3$1.accept(ReferencePipeline.java:215) ~[na:na]
	at java.base/java.util.ArrayList$ArrayListSpliterator.forEachRemaining(ArrayList.java:1709) ~[na:na]
	at java.base/java.util.stream.AbstractPipeline.copyInto(AbstractPipeline.java:570) ~[na:na]
	at java.base/java.util.stream.AbstractPipeline.wrapAndCopyInto(AbstractPipeline.java:560) ~[na:na]
	at java.base/java.util.stream.ForEachOps$ForEachOp.evaluateSequential(ForEachOps.java:151) ~[na:na]
	at java.base/java.util.stream.ForEachOps$ForEachOp$OfRef.evaluateSequential(ForEachOps.java:174) ~[na:na]
	at java.base/java.util.stream.AbstractPipeline.evaluate(AbstractPipeline.java:265) ~[na:na]
	at java.base/java.util.stream.ReferencePipeline.forEach(ReferencePipeline.java:636) ~[na:na]
	at org.junit.jupiter.engine.descriptor.ClassBasedTestDescriptor.invokeTestInstancePostProcessors(ClassBasedTestDescriptor.java:377) ~[junit-jupiter-engine-5.11.4.jar:5.11.4]
	at org.junit.jupiter.engine.descriptor.ClassBasedTestDescriptor.lambda$instantiateAndPostProcessTestInstance$7(ClassBasedTestDescriptor.java:290) ~[junit-jupiter-engine-5.11.4.jar:5.11.4]
	at org.junit.platform.engine.support.hierarchical.ThrowableCollector.execute(ThrowableCollector.java:73) ~[junit-platform-engine-1.11.4.jar:1.11.4]
	at org.junit.jupiter.engine.descriptor.ClassBasedTestDescriptor.instantiateAndPostProcessTestInstance(ClassBasedTestDescriptor.java:289) ~[junit-jupiter-engine-5.11.4.jar:5.11.4]
	at org.junit.jupiter.engine.descriptor.ClassBasedTestDescriptor.lambda$testInstancesProvider$5(ClassBasedTestDescriptor.java:279) ~[junit-jupiter-engine-5.11.4.jar:5.11.4]
	at java.base/java.util.Optional.orElseGet(Optional.java:364) ~[na:na]
	at org.junit.jupiter.engine.descriptor.ClassBasedTestDescriptor.lambda$testInstancesProvider$6(ClassBasedTestDescriptor.java:278) ~[junit-jupiter-engine-5.11.4.jar:5.11.4]
	at org.junit.jupiter.engine.execution.TestInstancesProvider.getTestInstances(TestInstancesProvider.java:31) ~[junit-jupiter-engine-5.11.4.jar:5.11.4]
	at org.junit.jupiter.engine.descriptor.TestMethodTestDescriptor.lambda$prepare$1(TestMethodTestDescriptor.java:105) ~[junit-jupiter-engine-5.11.4.jar:5.11.4]
	at org.junit.platform.engine.support.hierarchical.ThrowableCollector.execute(ThrowableCollector.java:73) ~[junit-platform-engine-1.11.4.jar:1.11.4]
	at org.junit.jupiter.engine.descriptor.TestMethodTestDescriptor.prepare(TestMethodTestDescriptor.java:104) ~[junit-jupiter-engine-5.11.4.jar:5.11.4]
	at org.junit.jupiter.engine.descriptor.TestMethodTestDescriptor.prepare(TestMethodTestDescriptor.java:68) ~[junit-jupiter-engine-5.11.4.jar:5.11.4]
	at org.junit.platform.engine.support.hierarchical.NodeTestTask.lambda$prepare$2(NodeTestTask.java:128) ~[junit-platform-engine-1.11.4.jar:1.11.4]
	at org.junit.platform.engine.support.hierarchical.ThrowableCollector.execute(ThrowableCollector.java:73) ~[junit-platform-engine-1.11.4.jar:1.11.4]
	at org.junit.platform.engine.support.hierarchical.NodeTestTask.prepare(NodeTestTask.java:128) ~[junit-platform-engine-1.11.4.jar:1.11.4]
	at org.junit.platform.engine.support.hierarchical.NodeTestTask.execute(NodeTestTask.java:95) ~[junit-platform-engine-1.11.4.jar:1.11.4]
	at java.base/java.util.ArrayList.forEach(ArrayList.java:1597) ~[na:na]
	at org.junit.platform.engine.support.hierarchical.SameThreadHierarchicalTestExecutorService.invokeAll(SameThreadHierarchicalTestExecutorService.java:41) ~[junit-platform-engine-1.11.4.jar:1.11.4]
	at org.junit.platform.engine.support.hierarchical.NodeTestTask.lambda$executeRecursively$6(NodeTestTask.java:160) ~[junit-platform-engine-1.11.4.jar:1.11.4]
	at org.junit.platform.engine.support.hierarchical.ThrowableCollector.execute(ThrowableCollector.java:73) ~[junit-platform-engine-1.11.4.jar:1.11.4]
	at org.junit.platform.engine.support.hierarchical.NodeTestTask.lambda$executeRecursively$8(NodeTestTask.java:146) ~[junit-platform-engine-1.11.4.jar:1.11.4]
	at org.junit.platform.engine.support.hierarchical.Node.around(Node.java:137) ~[junit-platform-engine-1.11.4.jar:1.11.4]
	at org.junit.platform.engine.support.hierarchical.NodeTestTask.lambda$executeRecursively$9(NodeTestTask.java:144) ~[junit-platform-engine-1.11.4.jar:1.11.4]
	at org.junit.platform.engine.support.hierarchical.ThrowableCollector.execute(ThrowableCollector.java:73) ~[junit-platform-engine-1.11.4.jar:1.11.4]
	at org.junit.platform.engine.support.hierarchical.NodeTestTask.executeRecursively(NodeTestTask.java:143) ~[junit-platform-engine-1.11.4.jar:1.11.4]
	at org.junit.platform.engine.support.hierarchical.NodeTestTask.execute(NodeTestTask.java:100) ~[junit-platform-engine-1.11.4.jar:1.11.4]
	at java.base/java.util.ArrayList.forEach(ArrayList.java:1597) ~[na:na]
	at org.junit.platform.engine.support.hierarchical.SameThreadHierarchicalTestExecutorService.invokeAll(SameThreadHierarchicalTestExecutorService.java:41) ~[junit-platform-engine-1.11.4.jar:1.11.4]
	at org.junit.platform.engine.support.hierarchical.NodeTestTask.lambda$executeRecursively$6(NodeTestTask.java:160) ~[junit-platform-engine-1.11.4.jar:1.11.4]
	at org.junit.platform.engine.support.hierarchical.ThrowableCollector.execute(ThrowableCollector.java:73) ~[junit-platform-engine-1.11.4.jar:1.11.4]
	at org.junit.platform.engine.support.hierarchical.NodeTestTask.lambda$executeRecursively$8(NodeTestTask.java:146) ~[junit-platform-engine-1.11.4.jar:1.11.4]
	at org.junit.platform.engine.support.hierarchical.Node.around(Node.java:137) ~[junit-platform-engine-1.11.4.jar:1.11.4]
	at org.junit.platform.engine.support.hierarchical.NodeTestTask.lambda$executeRecursively$9(NodeTestTask.java:144) ~[junit-platform-engine-1.11.4.jar:1.11.4]
	at org.junit.platform.engine.support.hierarchical.ThrowableCollector.execute(ThrowableCollector.java:73) ~[junit-platform-engine-1.11.4.jar:1.11.4]
	at org.junit.platform.engine.support.hierarchical.NodeTestTask.executeRecursively(NodeTestTask.java:143) ~[junit-platform-engine-1.11.4.jar:1.11.4]
	at org.junit.platform.engine.support.hierarchical.NodeTestTask.execute(NodeTestTask.java:100) ~[junit-platform-engine-1.11.4.jar:1.11.4]
	at org.junit.platform.engine.support.hierarchical.SameThreadHierarchicalTestExecutorService.submit(SameThreadHierarchicalTestExecutorService.java:35) ~[junit-platform-engine-1.11.4.jar:1.11.4]
	at org.junit.platform.engine.support.hierarchical.HierarchicalTestExecutor.execute(HierarchicalTestExecutor.java:57) ~[junit-platform-engine-1.11.4.jar:1.11.4]
	at org.junit.platform.engine.support.hierarchical.HierarchicalTestEngine.execute(HierarchicalTestEngine.java:54) ~[junit-platform-engine-1.11.4.jar:1.11.4]
	at org.junit.platform.launcher.core.EngineExecutionOrchestrator.execute(EngineExecutionOrchestrator.java:198) ~[junit-platform-launcher-1.11.4.jar:1.11.4]
	at org.junit.platform.launcher.core.EngineExecutionOrchestrator.execute(EngineExecutionOrchestrator.java:169) ~[junit-platform-launcher-1.11.4.jar:1.11.4]
	at org.junit.platform.launcher.core.EngineExecutionOrchestrator.execute(EngineExecutionOrchestrator.java:93) ~[junit-platform-launcher-1.11.4.jar:1.11.4]
	at org.junit.platform.launcher.core.EngineExecutionOrchestrator.lambda$execute$0(EngineExecutionOrchestrator.java:58) ~[junit-platform-launcher-1.11.4.jar:1.11.4]
	at org.junit.platform.launcher.core.EngineExecutionOrchestrator.withInterceptedStreams(EngineExecutionOrchestrator.java:141) ~[junit-platform-launcher-1.11.4.jar:1.11.4]
	at org.junit.platform.launcher.core.EngineExecutionOrchestrator.execute(EngineExecutionOrchestrator.java:57) ~[junit-platform-launcher-1.11.4.jar:1.11.4]
	at org.junit.platform.launcher.core.DefaultLauncher.execute(DefaultLauncher.java:103) ~[junit-platform-launcher-1.11.4.jar:1.11.4]
	at org.junit.platform.launcher.core.DefaultLauncher.execute(DefaultLauncher.java:85) ~[junit-platform-launcher-1.11.4.jar:1.11.4]
	at org.junit.platform.launcher.core.DelegatingLauncher.execute(DelegatingLauncher.java:47) ~[junit-platform-launcher-1.11.4.jar:1.11.4]
	at org.apache.maven.surefire.junitplatform.LazyLauncher.execute(LazyLauncher.java:56) ~[surefire-junit-platform-3.5.2.jar:3.5.2]
	at org.apache.maven.surefire.junitplatform.JUnitPlatformProvider.execute(JUnitPlatformProvider.java:184) ~[surefire-junit-platform-3.5.2.jar:3.5.2]
	at org.apache.maven.surefire.junitplatform.JUnitPlatformProvider.invokeAllTests(JUnitPlatformProvider.java:148) ~[surefire-junit-platform-3.5.2.jar:3.5.2]
	at org.apache.maven.surefire.junitplatform.JUnitPlatformProvider.invoke(JUnitPlatformProvider.java:122) ~[surefire-junit-platform-3.5.2.jar:3.5.2]
	at org.apache.maven.surefire.booter.ForkedBooter.runSuitesInProcess(ForkedBooter.java:385) ~[surefire-booter-3.5.2.jar:3.5.2]
	at org.apache.maven.surefire.booter.ForkedBooter.execute(ForkedBooter.java:162) ~[surefire-booter-3.5.2.jar:3.5.2]
	at org.apache.maven.surefire.booter.ForkedBooter.run(ForkedBooter.java:507) ~[surefire-booter-3.5.2.jar:3.5.2]
	at org.apache.maven.surefire.booter.ForkedBooter.main(ForkedBooter.java:495) ~[surefire-booter-3.5.2.jar:3.5.2]

2025-03-19T21:42:06.086-05:00  INFO 80480 --- [flight-booking] [           main] o.s.d.j.r.query.QueryEnhancerFactory     : Hibernate is in classpath; If applicable, HQL parser will be used.
2025-03-19T21:42:06.554-05:00 DEBUG 80480 --- [flight-booking] [           main] org.hibernate.orm.query.hql              : HQL : SELECT f FROM Flight f WHERE (:originIataCode IS NULL OR f.origin.iataCode = :originIataCode) AND (:destinationIataCode IS NULL OR f.destination.iataCode = :destinationIataCode) AND f.departure BETWEEN :startDateTime AND :endDateTime
2025-03-19T21:42:06.905-05:00 DEBUG 80480 --- [flight-booking] [           main] org.hibernate.orm.query.sqm.creation     : Applying inferable type to SqmExpression [SqmNamedParameter(originIataCode)] : null -> SqmBasicValuedSimplePath(edu.miu.cs.cs425.backend.domain.entity.Flight(f).origin.iataCode)
2025-03-19T21:42:06.906-05:00 DEBUG 80480 --- [flight-booking] [           main] org.hibernate.orm.query.sqm.creation     : Applying inferable type to SqmExpression [SqmNamedParameter(destinationIataCode)] : null -> SqmBasicValuedSimplePath(edu.miu.cs.cs425.backend.domain.entity.Flight(f).destination.iataCode)
2025-03-19T21:42:06.906-05:00 DEBUG 80480 --- [flight-booking] [           main] org.hibernate.orm.query.sqm.creation     : Applying inferable type to SqmExpression [SqmNamedParameter(startDateTime)] : null -> SqmBasicValuedSimplePath(edu.miu.cs.cs425.backend.domain.entity.Flight(f).departure)
2025-03-19T21:42:06.906-05:00 DEBUG 80480 --- [flight-booking] [           main] org.hibernate.orm.query.sqm.creation     : Applying inferable type to SqmExpression [SqmNamedParameter(endDateTime)] : null -> SqmBasicValuedSimplePath(edu.miu.cs.cs425.backend.domain.entity.Flight(f).departure)
2025-03-19T21:42:06.917-05:00 DEBUG 80480 --- [flight-booking] [           main] org.hibernate.orm.query.sqm.ast          : SqmStatement Tree :
    -> [select]
      -> [query-spec]
        -> [select]
          -> [selection]
            -> [root] - `edu.miu.cs.cs425.backend.domain.entity.Flight(f)`
            <- [root] - `edu.miu.cs.cs425.backend.domain.entity.Flight(f)`
          <- [selection]
        <- [select]
        -> [from]
          -> [root] - `edu.miu.cs.cs425.backend.domain.entity.Flight(f)`
          <- [root] - `edu.miu.cs.cs425.backend.domain.entity.Flight(f)`
        <- [from]
        -> [where]
          -> [and]
            -> [grouped]
                -> [or]
                  -> [is-null]
                      :originIataCode
                  <- [is-null]
                  -> [EQUAL]
                      -> [basic-path] - `edu.miu.cs.cs425.backend.domain.entity.Flight(f).origin.iataCode`
                      :originIataCode
                  <- [EQUAL]
                <- [or]
            <- [grouped]
            -> [grouped]
                -> [or]
                  -> [is-null]
                      :destinationIataCode
                  <- [is-null]
                  -> [EQUAL]
                      -> [basic-path] - `edu.miu.cs.cs425.backend.domain.entity.Flight(f).destination.iataCode`
                      :destinationIataCode
                  <- [EQUAL]
                <- [or]
            <- [grouped]
            -> [is-between]
              -> [basic-path] - `edu.miu.cs.cs425.backend.domain.entity.Flight(f).departure`
              :startDateTime
              :endDateTime
            <- [is-between]
          <- [and]
        <- [where]
      <- [query-spec]
    <- [select]

2025-03-19T21:42:06.947-05:00 DEBUG 80480 --- [flight-booking] [           main] cResourceLocalTransactionCoordinatorImpl : JDBC transaction marked for rollback-only (exception provided for stack trace)

java.lang.Exception: exception just for purpose of providing stack trace
	at org.hibernate.resource.transaction.backend.jdbc.internal.JdbcResourceLocalTransactionCoordinatorImpl$TransactionDriverControlImpl.markRollbackOnly(JdbcResourceLocalTransactionCoordinatorImpl.java:309) ~[hibernate-core-6.6.8.Final.jar:6.6.8.Final]
	at org.hibernate.internal.AbstractSharedSessionContract.buildNamedQuery(AbstractSharedSessionContract.java:1141) ~[hibernate-core-6.6.8.Final.jar:6.6.8.Final]
	at org.hibernate.internal.AbstractSharedSessionContract.createNamedQuery(AbstractSharedSessionContract.java:1019) ~[hibernate-core-6.6.8.Final.jar:6.6.8.Final]
	at org.hibernate.internal.AbstractSharedSessionContract.createNamedQuery(AbstractSharedSessionContract.java:143) ~[hibernate-core-6.6.8.Final.jar:6.6.8.Final]
	at java.base/jdk.internal.reflect.DirectMethodHandleAccessor.invoke(DirectMethodHandleAccessor.java:103) ~[na:na]
	at java.base/java.lang.reflect.Method.invoke(Method.java:580) ~[na:na]
	at org.springframework.orm.jpa.ExtendedEntityManagerCreator$ExtendedEntityManagerInvocationHandler.invoke(ExtendedEntityManagerCreator.java:364) ~[spring-orm-6.2.3.jar:6.2.3]
	at jdk.proxy2/jdk.proxy2.$Proxy140.createNamedQuery(Unknown Source) ~[na:na]
	at org.springframework.data.jpa.repository.query.NamedQuery.hasNamedQuery(NamedQuery.java:114) ~[spring-data-jpa-3.4.3.jar:3.4.3]
	at org.springframework.data.jpa.repository.query.NamedQuery.lookupFrom(NamedQuery.java:140) ~[spring-data-jpa-3.4.3.jar:3.4.3]
	at org.springframework.data.jpa.repository.query.JpaQueryLookupStrategy$DeclaredQueryLookupStrategy.resolveQuery(JpaQueryLookupStrategy.java:184) ~[spring-data-jpa-3.4.3.jar:3.4.3]
	at org.springframework.data.jpa.repository.query.JpaQueryLookupStrategy$CreateIfNotFoundQueryLookupStrategy.resolveQuery(JpaQueryLookupStrategy.java:256) ~[spring-data-jpa-3.4.3.jar:3.4.3]
	at org.springframework.data.jpa.repository.query.JpaQueryLookupStrategy$AbstractQueryLookupStrategy.resolveQuery(JpaQueryLookupStrategy.java:99) ~[spring-data-jpa-3.4.3.jar:3.4.3]
	at org.springframework.data.repository.core.support.QueryExecutorMethodInterceptor.lookupQuery(QueryExecutorMethodInterceptor.java:116) ~[spring-data-commons-3.4.3.jar:3.4.3]
	at org.springframework.data.repository.core.support.QueryExecutorMethodInterceptor.mapMethodsToQuery(QueryExecutorMethodInterceptor.java:104) ~[spring-data-commons-3.4.3.jar:3.4.3]
	at org.springframework.data.repository.core.support.QueryExecutorMethodInterceptor.lambda$new$0(QueryExecutorMethodInterceptor.java:92) ~[spring-data-commons-3.4.3.jar:3.4.3]
	at java.base/java.util.Optional.map(Optional.java:260) ~[na:na]
	at org.springframework.data.repository.core.support.QueryExecutorMethodInterceptor.<init>(QueryExecutorMethodInterceptor.java:92) ~[spring-data-commons-3.4.3.jar:3.4.3]
	at org.springframework.data.repository.core.support.RepositoryFactorySupport.getRepository(RepositoryFactorySupport.java:440) ~[spring-data-commons-3.4.3.jar:3.4.3]
	at org.springframework.data.repository.core.support.RepositoryFactoryBeanSupport.lambda$afterPropertiesSet$4(RepositoryFactoryBeanSupport.java:350) ~[spring-data-commons-3.4.3.jar:3.4.3]
	at org.springframework.data.util.Lazy.getNullable(Lazy.java:135) ~[spring-data-commons-3.4.3.jar:3.4.3]
	at org.springframework.data.util.Lazy.get(Lazy.java:113) ~[spring-data-commons-3.4.3.jar:3.4.3]
	at org.springframework.data.repository.core.support.RepositoryFactoryBeanSupport.afterPropertiesSet(RepositoryFactoryBeanSupport.java:356) ~[spring-data-commons-3.4.3.jar:3.4.3]
	at org.springframework.data.jpa.repository.support.JpaRepositoryFactoryBean.afterPropertiesSet(JpaRepositoryFactoryBean.java:132) ~[spring-data-jpa-3.4.3.jar:3.4.3]
	at org.springframework.beans.factory.support.AbstractAutowireCapableBeanFactory.invokeInitMethods(AbstractAutowireCapableBeanFactory.java:1859) ~[spring-beans-6.2.3.jar:6.2.3]
	at org.springframework.beans.factory.support.AbstractAutowireCapableBeanFactory.initializeBean(AbstractAutowireCapableBeanFactory.java:1808) ~[spring-beans-6.2.3.jar:6.2.3]
	at org.springframework.beans.factory.support.AbstractAutowireCapableBeanFactory.doCreateBean(AbstractAutowireCapableBeanFactory.java:601) ~[spring-beans-6.2.3.jar:6.2.3]
	at org.springframework.beans.factory.support.AbstractAutowireCapableBeanFactory.createBean(AbstractAutowireCapableBeanFactory.java:523) ~[spring-beans-6.2.3.jar:6.2.3]
	at org.springframework.beans.factory.support.AbstractBeanFactory.lambda$doGetBean$0(AbstractBeanFactory.java:339) ~[spring-beans-6.2.3.jar:6.2.3]
	at org.springframework.beans.factory.support.DefaultSingletonBeanRegistry.getSingleton(DefaultSingletonBeanRegistry.java:346) ~[spring-beans-6.2.3.jar:6.2.3]
	at org.springframework.beans.factory.support.AbstractBeanFactory.doGetBean(AbstractBeanFactory.java:337) ~[spring-beans-6.2.3.jar:6.2.3]
	at org.springframework.beans.factory.support.AbstractBeanFactory.getBean(AbstractBeanFactory.java:202) ~[spring-beans-6.2.3.jar:6.2.3]
	at org.springframework.beans.factory.support.DefaultListableBeanFactory.doResolveDependency(DefaultListableBeanFactory.java:1606) ~[spring-beans-6.2.3.jar:6.2.3]
	at org.springframework.beans.factory.support.DefaultListableBeanFactory.resolveDependency(DefaultListableBeanFactory.java:1552) ~[spring-beans-6.2.3.jar:6.2.3]
	at org.springframework.beans.factory.support.ConstructorResolver.resolveAutowiredArgument(ConstructorResolver.java:913) ~[spring-beans-6.2.3.jar:6.2.3]
	at org.springframework.beans.factory.support.ConstructorResolver.createArgumentArray(ConstructorResolver.java:791) ~[spring-beans-6.2.3.jar:6.2.3]
	at org.springframework.beans.factory.support.ConstructorResolver.autowireConstructor(ConstructorResolver.java:240) ~[spring-beans-6.2.3.jar:6.2.3]
	at org.springframework.beans.factory.support.AbstractAutowireCapableBeanFactory.autowireConstructor(AbstractAutowireCapableBeanFactory.java:1381) ~[spring-beans-6.2.3.jar:6.2.3]
	at org.springframework.beans.factory.support.AbstractAutowireCapableBeanFactory.createBeanInstance(AbstractAutowireCapableBeanFactory.java:1218) ~[spring-beans-6.2.3.jar:6.2.3]
	at org.springframework.beans.factory.support.AbstractAutowireCapableBeanFactory.doCreateBean(AbstractAutowireCapableBeanFactory.java:563) ~[spring-beans-6.2.3.jar:6.2.3]
	at org.springframework.beans.factory.support.AbstractAutowireCapableBeanFactory.createBean(AbstractAutowireCapableBeanFactory.java:523) ~[spring-beans-6.2.3.jar:6.2.3]
	at org.springframework.beans.factory.support.AbstractBeanFactory.lambda$doGetBean$0(AbstractBeanFactory.java:339) ~[spring-beans-6.2.3.jar:6.2.3]
	at org.springframework.beans.factory.support.DefaultSingletonBeanRegistry.getSingleton(DefaultSingletonBeanRegistry.java:346) ~[spring-beans-6.2.3.jar:6.2.3]
	at org.springframework.beans.factory.support.AbstractBeanFactory.doGetBean(AbstractBeanFactory.java:337) ~[spring-beans-6.2.3.jar:6.2.3]
	at org.springframework.beans.factory.support.AbstractBeanFactory.getBean(AbstractBeanFactory.java:202) ~[spring-beans-6.2.3.jar:6.2.3]
	at org.springframework.beans.factory.support.DefaultListableBeanFactory.instantiateSingleton(DefaultListableBeanFactory.java:1155) ~[spring-beans-6.2.3.jar:6.2.3]
	at org.springframework.beans.factory.support.DefaultListableBeanFactory.preInstantiateSingleton(DefaultListableBeanFactory.java:1121) ~[spring-beans-6.2.3.jar:6.2.3]
	at org.springframework.beans.factory.support.DefaultListableBeanFactory.preInstantiateSingletons(DefaultListableBeanFactory.java:1056) ~[spring-beans-6.2.3.jar:6.2.3]
	at org.springframework.context.support.AbstractApplicationContext.finishBeanFactoryInitialization(AbstractApplicationContext.java:987) ~[spring-context-6.2.3.jar:6.2.3]
	at org.springframework.context.support.AbstractApplicationContext.refresh(AbstractApplicationContext.java:627) ~[spring-context-6.2.3.jar:6.2.3]
	at org.springframework.boot.SpringApplication.refresh(SpringApplication.java:752) ~[spring-boot-3.4.3.jar:3.4.3]
	at org.springframework.boot.SpringApplication.refreshContext(SpringApplication.java:439) ~[spring-boot-3.4.3.jar:3.4.3]
	at org.springframework.boot.SpringApplication.run(SpringApplication.java:318) ~[spring-boot-3.4.3.jar:3.4.3]
	at org.springframework.boot.test.context.SpringBootContextLoader.lambda$loadContext$3(SpringBootContextLoader.java:137) ~[spring-boot-test-3.4.3.jar:3.4.3]
	at org.springframework.util.function.ThrowingSupplier.get(ThrowingSupplier.java:58) ~[spring-core-6.2.3.jar:6.2.3]
	at org.springframework.util.function.ThrowingSupplier.get(ThrowingSupplier.java:46) ~[spring-core-6.2.3.jar:6.2.3]
	at org.springframework.boot.SpringApplication.withHook(SpringApplication.java:1461) ~[spring-boot-3.4.3.jar:3.4.3]
	at org.springframework.boot.test.context.SpringBootContextLoader$ContextLoaderHook.run(SpringBootContextLoader.java:553) ~[spring-boot-test-3.4.3.jar:3.4.3]
	at org.springframework.boot.test.context.SpringBootContextLoader.loadContext(SpringBootContextLoader.java:137) ~[spring-boot-test-3.4.3.jar:3.4.3]
	at org.springframework.boot.test.context.SpringBootContextLoader.loadContext(SpringBootContextLoader.java:108) ~[spring-boot-test-3.4.3.jar:3.4.3]
	at org.springframework.test.context.cache.DefaultCacheAwareContextLoaderDelegate.loadContextInternal(DefaultCacheAwareContextLoaderDelegate.java:225) ~[spring-test-6.2.3.jar:6.2.3]
	at org.springframework.test.context.cache.DefaultCacheAwareContextLoaderDelegate.loadContext(DefaultCacheAwareContextLoaderDelegate.java:152) ~[spring-test-6.2.3.jar:6.2.3]
	at org.springframework.test.context.support.DefaultTestContext.getApplicationContext(DefaultTestContext.java:130) ~[spring-test-6.2.3.jar:6.2.3]
	at org.springframework.test.context.web.ServletTestExecutionListener.setUpRequestContextIfNecessary(ServletTestExecutionListener.java:200) ~[spring-test-6.2.3.jar:6.2.3]
	at org.springframework.test.context.web.ServletTestExecutionListener.prepareTestInstance(ServletTestExecutionListener.java:139) ~[spring-test-6.2.3.jar:6.2.3]
	at org.springframework.test.context.TestContextManager.prepareTestInstance(TestContextManager.java:260) ~[spring-test-6.2.3.jar:6.2.3]
	at org.springframework.test.context.junit.jupiter.SpringExtension.postProcessTestInstance(SpringExtension.java:160) ~[spring-test-6.2.3.jar:6.2.3]
	at org.junit.jupiter.engine.descriptor.ClassBasedTestDescriptor.lambda$invokeTestInstancePostProcessors$11(ClassBasedTestDescriptor.java:378) ~[junit-jupiter-engine-5.11.4.jar:5.11.4]
	at org.junit.jupiter.engine.descriptor.ClassBasedTestDescriptor.executeAndMaskThrowable(ClassBasedTestDescriptor.java:383) ~[junit-jupiter-engine-5.11.4.jar:5.11.4]
	at org.junit.jupiter.engine.descriptor.ClassBasedTestDescriptor.lambda$invokeTestInstancePostProcessors$12(ClassBasedTestDescriptor.java:378) ~[junit-jupiter-engine-5.11.4.jar:5.11.4]
	at java.base/java.util.stream.ForEachOps$ForEachOp$OfRef.accept(ForEachOps.java:184) ~[na:na]
	at java.base/java.util.stream.ReferencePipeline$3$1.accept(ReferencePipeline.java:215) ~[na:na]
	at java.base/java.util.stream.ReferencePipeline$2$1.accept(ReferencePipeline.java:197) ~[na:na]
	at java.base/java.util.stream.ReferencePipeline$3$1.accept(ReferencePipeline.java:215) ~[na:na]
	at java.base/java.util.ArrayList$ArrayListSpliterator.forEachRemaining(ArrayList.java:1709) ~[na:na]
	at java.base/java.util.stream.AbstractPipeline.copyInto(AbstractPipeline.java:570) ~[na:na]
	at java.base/java.util.stream.AbstractPipeline.wrapAndCopyInto(AbstractPipeline.java:560) ~[na:na]
	at java.base/java.util.stream.ForEachOps$ForEachOp.evaluateSequential(ForEachOps.java:151) ~[na:na]
	at java.base/java.util.stream.ForEachOps$ForEachOp$OfRef.evaluateSequential(ForEachOps.java:174) ~[na:na]
	at java.base/java.util.stream.AbstractPipeline.evaluate(AbstractPipeline.java:265) ~[na:na]
	at java.base/java.util.stream.ReferencePipeline.forEach(ReferencePipeline.java:636) ~[na:na]
	at org.junit.jupiter.engine.descriptor.ClassBasedTestDescriptor.invokeTestInstancePostProcessors(ClassBasedTestDescriptor.java:377) ~[junit-jupiter-engine-5.11.4.jar:5.11.4]
	at org.junit.jupiter.engine.descriptor.ClassBasedTestDescriptor.lambda$instantiateAndPostProcessTestInstance$7(ClassBasedTestDescriptor.java:290) ~[junit-jupiter-engine-5.11.4.jar:5.11.4]
	at org.junit.platform.engine.support.hierarchical.ThrowableCollector.execute(ThrowableCollector.java:73) ~[junit-platform-engine-1.11.4.jar:1.11.4]
	at org.junit.jupiter.engine.descriptor.ClassBasedTestDescriptor.instantiateAndPostProcessTestInstance(ClassBasedTestDescriptor.java:289) ~[junit-jupiter-engine-5.11.4.jar:5.11.4]
	at org.junit.jupiter.engine.descriptor.ClassBasedTestDescriptor.lambda$testInstancesProvider$5(ClassBasedTestDescriptor.java:279) ~[junit-jupiter-engine-5.11.4.jar:5.11.4]
	at java.base/java.util.Optional.orElseGet(Optional.java:364) ~[na:na]
	at org.junit.jupiter.engine.descriptor.ClassBasedTestDescriptor.lambda$testInstancesProvider$6(ClassBasedTestDescriptor.java:278) ~[junit-jupiter-engine-5.11.4.jar:5.11.4]
	at org.junit.jupiter.engine.execution.TestInstancesProvider.getTestInstances(TestInstancesProvider.java:31) ~[junit-jupiter-engine-5.11.4.jar:5.11.4]
	at org.junit.jupiter.engine.descriptor.TestMethodTestDescriptor.lambda$prepare$1(TestMethodTestDescriptor.java:105) ~[junit-jupiter-engine-5.11.4.jar:5.11.4]
	at org.junit.platform.engine.support.hierarchical.ThrowableCollector.execute(ThrowableCollector.java:73) ~[junit-platform-engine-1.11.4.jar:1.11.4]
	at org.junit.jupiter.engine.descriptor.TestMethodTestDescriptor.prepare(TestMethodTestDescriptor.java:104) ~[junit-jupiter-engine-5.11.4.jar:5.11.4]
	at org.junit.jupiter.engine.descriptor.TestMethodTestDescriptor.prepare(TestMethodTestDescriptor.java:68) ~[junit-jupiter-engine-5.11.4.jar:5.11.4]
	at org.junit.platform.engine.support.hierarchical.NodeTestTask.lambda$prepare$2(NodeTestTask.java:128) ~[junit-platform-engine-1.11.4.jar:1.11.4]
	at org.junit.platform.engine.support.hierarchical.ThrowableCollector.execute(ThrowableCollector.java:73) ~[junit-platform-engine-1.11.4.jar:1.11.4]
	at org.junit.platform.engine.support.hierarchical.NodeTestTask.prepare(NodeTestTask.java:128) ~[junit-platform-engine-1.11.4.jar:1.11.4]
	at org.junit.platform.engine.support.hierarchical.NodeTestTask.execute(NodeTestTask.java:95) ~[junit-platform-engine-1.11.4.jar:1.11.4]
	at java.base/java.util.ArrayList.forEach(ArrayList.java:1597) ~[na:na]
	at org.junit.platform.engine.support.hierarchical.SameThreadHierarchicalTestExecutorService.invokeAll(SameThreadHierarchicalTestExecutorService.java:41) ~[junit-platform-engine-1.11.4.jar:1.11.4]
	at org.junit.platform.engine.support.hierarchical.NodeTestTask.lambda$executeRecursively$6(NodeTestTask.java:160) ~[junit-platform-engine-1.11.4.jar:1.11.4]
	at org.junit.platform.engine.support.hierarchical.ThrowableCollector.execute(ThrowableCollector.java:73) ~[junit-platform-engine-1.11.4.jar:1.11.4]
	at org.junit.platform.engine.support.hierarchical.NodeTestTask.lambda$executeRecursively$8(NodeTestTask.java:146) ~[junit-platform-engine-1.11.4.jar:1.11.4]
	at org.junit.platform.engine.support.hierarchical.Node.around(Node.java:137) ~[junit-platform-engine-1.11.4.jar:1.11.4]
	at org.junit.platform.engine.support.hierarchical.NodeTestTask.lambda$executeRecursively$9(NodeTestTask.java:144) ~[junit-platform-engine-1.11.4.jar:1.11.4]
	at org.junit.platform.engine.support.hierarchical.ThrowableCollector.execute(ThrowableCollector.java:73) ~[junit-platform-engine-1.11.4.jar:1.11.4]
	at org.junit.platform.engine.support.hierarchical.NodeTestTask.executeRecursively(NodeTestTask.java:143) ~[junit-platform-engine-1.11.4.jar:1.11.4]
	at org.junit.platform.engine.support.hierarchical.NodeTestTask.execute(NodeTestTask.java:100) ~[junit-platform-engine-1.11.4.jar:1.11.4]
	at java.base/java.util.ArrayList.forEach(ArrayList.java:1597) ~[na:na]
	at org.junit.platform.engine.support.hierarchical.SameThreadHierarchicalTestExecutorService.invokeAll(SameThreadHierarchicalTestExecutorService.java:41) ~[junit-platform-engine-1.11.4.jar:1.11.4]
	at org.junit.platform.engine.support.hierarchical.NodeTestTask.lambda$executeRecursively$6(NodeTestTask.java:160) ~[junit-platform-engine-1.11.4.jar:1.11.4]
	at org.junit.platform.engine.support.hierarchical.ThrowableCollector.execute(ThrowableCollector.java:73) ~[junit-platform-engine-1.11.4.jar:1.11.4]
	at org.junit.platform.engine.support.hierarchical.NodeTestTask.lambda$executeRecursively$8(NodeTestTask.java:146) ~[junit-platform-engine-1.11.4.jar:1.11.4]
	at org.junit.platform.engine.support.hierarchical.Node.around(Node.java:137) ~[junit-platform-engine-1.11.4.jar:1.11.4]
	at org.junit.platform.engine.support.hierarchical.NodeTestTask.lambda$executeRecursively$9(NodeTestTask.java:144) ~[junit-platform-engine-1.11.4.jar:1.11.4]
	at org.junit.platform.engine.support.hierarchical.ThrowableCollector.execute(ThrowableCollector.java:73) ~[junit-platform-engine-1.11.4.jar:1.11.4]
	at org.junit.platform.engine.support.hierarchical.NodeTestTask.executeRecursively(NodeTestTask.java:143) ~[junit-platform-engine-1.11.4.jar:1.11.4]
	at org.junit.platform.engine.support.hierarchical.NodeTestTask.execute(NodeTestTask.java:100) ~[junit-platform-engine-1.11.4.jar:1.11.4]
	at org.junit.platform.engine.support.hierarchical.SameThreadHierarchicalTestExecutorService.submit(SameThreadHierarchicalTestExecutorService.java:35) ~[junit-platform-engine-1.11.4.jar:1.11.4]
	at org.junit.platform.engine.support.hierarchical.HierarchicalTestExecutor.execute(HierarchicalTestExecutor.java:57) ~[junit-platform-engine-1.11.4.jar:1.11.4]
	at org.junit.platform.engine.support.hierarchical.HierarchicalTestEngine.execute(HierarchicalTestEngine.java:54) ~[junit-platform-engine-1.11.4.jar:1.11.4]
	at org.junit.platform.launcher.core.EngineExecutionOrchestrator.execute(EngineExecutionOrchestrator.java:198) ~[junit-platform-launcher-1.11.4.jar:1.11.4]
	at org.junit.platform.launcher.core.EngineExecutionOrchestrator.execute(EngineExecutionOrchestrator.java:169) ~[junit-platform-launcher-1.11.4.jar:1.11.4]
	at org.junit.platform.launcher.core.EngineExecutionOrchestrator.execute(EngineExecutionOrchestrator.java:93) ~[junit-platform-launcher-1.11.4.jar:1.11.4]
	at org.junit.platform.launcher.core.EngineExecutionOrchestrator.lambda$execute$0(EngineExecutionOrchestrator.java:58) ~[junit-platform-launcher-1.11.4.jar:1.11.4]
	at org.junit.platform.launcher.core.EngineExecutionOrchestrator.withInterceptedStreams(EngineExecutionOrchestrator.java:141) ~[junit-platform-launcher-1.11.4.jar:1.11.4]
	at org.junit.platform.launcher.core.EngineExecutionOrchestrator.execute(EngineExecutionOrchestrator.java:57) ~[junit-platform-launcher-1.11.4.jar:1.11.4]
	at org.junit.platform.launcher.core.DefaultLauncher.execute(DefaultLauncher.java:103) ~[junit-platform-launcher-1.11.4.jar:1.11.4]
	at org.junit.platform.launcher.core.DefaultLauncher.execute(DefaultLauncher.java:85) ~[junit-platform-launcher-1.11.4.jar:1.11.4]
	at org.junit.platform.launcher.core.DelegatingLauncher.execute(DelegatingLauncher.java:47) ~[junit-platform-launcher-1.11.4.jar:1.11.4]
	at org.apache.maven.surefire.junitplatform.LazyLauncher.execute(LazyLauncher.java:56) ~[surefire-junit-platform-3.5.2.jar:3.5.2]
	at org.apache.maven.surefire.junitplatform.JUnitPlatformProvider.execute(JUnitPlatformProvider.java:184) ~[surefire-junit-platform-3.5.2.jar:3.5.2]
	at org.apache.maven.surefire.junitplatform.JUnitPlatformProvider.invokeAllTests(JUnitPlatformProvider.java:148) ~[surefire-junit-platform-3.5.2.jar:3.5.2]
	at org.apache.maven.surefire.junitplatform.JUnitPlatformProvider.invoke(JUnitPlatformProvider.java:122) ~[surefire-junit-platform-3.5.2.jar:3.5.2]
	at org.apache.maven.surefire.booter.ForkedBooter.runSuitesInProcess(ForkedBooter.java:385) ~[surefire-booter-3.5.2.jar:3.5.2]
	at org.apache.maven.surefire.booter.ForkedBooter.execute(ForkedBooter.java:162) ~[surefire-booter-3.5.2.jar:3.5.2]
	at org.apache.maven.surefire.booter.ForkedBooter.run(ForkedBooter.java:507) ~[surefire-booter-3.5.2.jar:3.5.2]
	at org.apache.maven.surefire.booter.ForkedBooter.main(ForkedBooter.java:495) ~[surefire-booter-3.5.2.jar:3.5.2]

2025-03-19T21:42:07.013-05:00 DEBUG 80480 --- [flight-booking] [           main] cResourceLocalTransactionCoordinatorImpl : JDBC transaction marked for rollback-only (exception provided for stack trace)

java.lang.Exception: exception just for purpose of providing stack trace
	at org.hibernate.resource.transaction.backend.jdbc.internal.JdbcResourceLocalTransactionCoordinatorImpl$TransactionDriverControlImpl.markRollbackOnly(JdbcResourceLocalTransactionCoordinatorImpl.java:309) ~[hibernate-core-6.6.8.Final.jar:6.6.8.Final]
	at org.hibernate.internal.AbstractSharedSessionContract.buildNamedQuery(AbstractSharedSessionContract.java:1141) ~[hibernate-core-6.6.8.Final.jar:6.6.8.Final]
	at org.hibernate.internal.AbstractSharedSessionContract.createNamedQuery(AbstractSharedSessionContract.java:1019) ~[hibernate-core-6.6.8.Final.jar:6.6.8.Final]
	at org.hibernate.internal.AbstractSharedSessionContract.createNamedQuery(AbstractSharedSessionContract.java:143) ~[hibernate-core-6.6.8.Final.jar:6.6.8.Final]
	at java.base/jdk.internal.reflect.DirectMethodHandleAccessor.invoke(DirectMethodHandleAccessor.java:103) ~[na:na]
	at java.base/java.lang.reflect.Method.invoke(Method.java:580) ~[na:na]
	at org.springframework.orm.jpa.ExtendedEntityManagerCreator$ExtendedEntityManagerInvocationHandler.invoke(ExtendedEntityManagerCreator.java:364) ~[spring-orm-6.2.3.jar:6.2.3]
	at jdk.proxy2/jdk.proxy2.$Proxy140.createNamedQuery(Unknown Source) ~[na:na]
	at org.springframework.data.jpa.repository.query.NamedQuery.hasNamedQuery(NamedQuery.java:114) ~[spring-data-jpa-3.4.3.jar:3.4.3]
	at org.springframework.data.jpa.repository.query.NamedQuery.lookupFrom(NamedQuery.java:140) ~[spring-data-jpa-3.4.3.jar:3.4.3]
	at org.springframework.data.jpa.repository.query.JpaQueryLookupStrategy$DeclaredQueryLookupStrategy.resolveQuery(JpaQueryLookupStrategy.java:184) ~[spring-data-jpa-3.4.3.jar:3.4.3]
	at org.springframework.data.jpa.repository.query.JpaQueryLookupStrategy$CreateIfNotFoundQueryLookupStrategy.resolveQuery(JpaQueryLookupStrategy.java:256) ~[spring-data-jpa-3.4.3.jar:3.4.3]
	at org.springframework.data.jpa.repository.query.JpaQueryLookupStrategy$AbstractQueryLookupStrategy.resolveQuery(JpaQueryLookupStrategy.java:99) ~[spring-data-jpa-3.4.3.jar:3.4.3]
	at org.springframework.data.repository.core.support.QueryExecutorMethodInterceptor.lookupQuery(QueryExecutorMethodInterceptor.java:116) ~[spring-data-commons-3.4.3.jar:3.4.3]
	at org.springframework.data.repository.core.support.QueryExecutorMethodInterceptor.mapMethodsToQuery(QueryExecutorMethodInterceptor.java:104) ~[spring-data-commons-3.4.3.jar:3.4.3]
	at org.springframework.data.repository.core.support.QueryExecutorMethodInterceptor.lambda$new$0(QueryExecutorMethodInterceptor.java:92) ~[spring-data-commons-3.4.3.jar:3.4.3]
	at java.base/java.util.Optional.map(Optional.java:260) ~[na:na]
	at org.springframework.data.repository.core.support.QueryExecutorMethodInterceptor.<init>(QueryExecutorMethodInterceptor.java:92) ~[spring-data-commons-3.4.3.jar:3.4.3]
	at org.springframework.data.repository.core.support.RepositoryFactorySupport.getRepository(RepositoryFactorySupport.java:440) ~[spring-data-commons-3.4.3.jar:3.4.3]
	at org.springframework.data.repository.core.support.RepositoryFactoryBeanSupport.lambda$afterPropertiesSet$4(RepositoryFactoryBeanSupport.java:350) ~[spring-data-commons-3.4.3.jar:3.4.3]
	at org.springframework.data.util.Lazy.getNullable(Lazy.java:135) ~[spring-data-commons-3.4.3.jar:3.4.3]
	at org.springframework.data.util.Lazy.get(Lazy.java:113) ~[spring-data-commons-3.4.3.jar:3.4.3]
	at org.springframework.data.repository.core.support.RepositoryFactoryBeanSupport.afterPropertiesSet(RepositoryFactoryBeanSupport.java:356) ~[spring-data-commons-3.4.3.jar:3.4.3]
	at org.springframework.data.jpa.repository.support.JpaRepositoryFactoryBean.afterPropertiesSet(JpaRepositoryFactoryBean.java:132) ~[spring-data-jpa-3.4.3.jar:3.4.3]
	at org.springframework.beans.factory.support.AbstractAutowireCapableBeanFactory.invokeInitMethods(AbstractAutowireCapableBeanFactory.java:1859) ~[spring-beans-6.2.3.jar:6.2.3]
	at org.springframework.beans.factory.support.AbstractAutowireCapableBeanFactory.initializeBean(AbstractAutowireCapableBeanFactory.java:1808) ~[spring-beans-6.2.3.jar:6.2.3]
	at org.springframework.beans.factory.support.AbstractAutowireCapableBeanFactory.doCreateBean(AbstractAutowireCapableBeanFactory.java:601) ~[spring-beans-6.2.3.jar:6.2.3]
	at org.springframework.beans.factory.support.AbstractAutowireCapableBeanFactory.createBean(AbstractAutowireCapableBeanFactory.java:523) ~[spring-beans-6.2.3.jar:6.2.3]
	at org.springframework.beans.factory.support.AbstractBeanFactory.lambda$doGetBean$0(AbstractBeanFactory.java:339) ~[spring-beans-6.2.3.jar:6.2.3]
	at org.springframework.beans.factory.support.DefaultSingletonBeanRegistry.getSingleton(DefaultSingletonBeanRegistry.java:346) ~[spring-beans-6.2.3.jar:6.2.3]
	at org.springframework.beans.factory.support.AbstractBeanFactory.doGetBean(AbstractBeanFactory.java:337) ~[spring-beans-6.2.3.jar:6.2.3]
	at org.springframework.beans.factory.support.AbstractBeanFactory.getBean(AbstractBeanFactory.java:202) ~[spring-beans-6.2.3.jar:6.2.3]
	at org.springframework.beans.factory.support.DefaultListableBeanFactory.doResolveDependency(DefaultListableBeanFactory.java:1606) ~[spring-beans-6.2.3.jar:6.2.3]
	at org.springframework.beans.factory.support.DefaultListableBeanFactory.resolveDependency(DefaultListableBeanFactory.java:1552) ~[spring-beans-6.2.3.jar:6.2.3]
	at org.springframework.beans.factory.support.ConstructorResolver.resolveAutowiredArgument(ConstructorResolver.java:913) ~[spring-beans-6.2.3.jar:6.2.3]
	at org.springframework.beans.factory.support.ConstructorResolver.createArgumentArray(ConstructorResolver.java:791) ~[spring-beans-6.2.3.jar:6.2.3]
	at org.springframework.beans.factory.support.ConstructorResolver.autowireConstructor(ConstructorResolver.java:240) ~[spring-beans-6.2.3.jar:6.2.3]
	at org.springframework.beans.factory.support.AbstractAutowireCapableBeanFactory.autowireConstructor(AbstractAutowireCapableBeanFactory.java:1381) ~[spring-beans-6.2.3.jar:6.2.3]
	at org.springframework.beans.factory.support.AbstractAutowireCapableBeanFactory.createBeanInstance(AbstractAutowireCapableBeanFactory.java:1218) ~[spring-beans-6.2.3.jar:6.2.3]
	at org.springframework.beans.factory.support.AbstractAutowireCapableBeanFactory.doCreateBean(AbstractAutowireCapableBeanFactory.java:563) ~[spring-beans-6.2.3.jar:6.2.3]
	at org.springframework.beans.factory.support.AbstractAutowireCapableBeanFactory.createBean(AbstractAutowireCapableBeanFactory.java:523) ~[spring-beans-6.2.3.jar:6.2.3]
	at org.springframework.beans.factory.support.AbstractBeanFactory.lambda$doGetBean$0(AbstractBeanFactory.java:339) ~[spring-beans-6.2.3.jar:6.2.3]
	at org.springframework.beans.factory.support.DefaultSingletonBeanRegistry.getSingleton(DefaultSingletonBeanRegistry.java:346) ~[spring-beans-6.2.3.jar:6.2.3]
	at org.springframework.beans.factory.support.AbstractBeanFactory.doGetBean(AbstractBeanFactory.java:337) ~[spring-beans-6.2.3.jar:6.2.3]
	at org.springframework.beans.factory.support.AbstractBeanFactory.getBean(AbstractBeanFactory.java:202) ~[spring-beans-6.2.3.jar:6.2.3]
	at org.springframework.beans.factory.support.DefaultListableBeanFactory.doResolveDependency(DefaultListableBeanFactory.java:1606) ~[spring-beans-6.2.3.jar:6.2.3]
	at org.springframework.beans.factory.support.DefaultListableBeanFactory.resolveDependency(DefaultListableBeanFactory.java:1552) ~[spring-beans-6.2.3.jar:6.2.3]
	at org.springframework.beans.factory.support.ConstructorResolver.resolveAutowiredArgument(ConstructorResolver.java:913) ~[spring-beans-6.2.3.jar:6.2.3]
	at org.springframework.beans.factory.support.ConstructorResolver.createArgumentArray(ConstructorResolver.java:791) ~[spring-beans-6.2.3.jar:6.2.3]
	at org.springframework.beans.factory.support.ConstructorResolver.autowireConstructor(ConstructorResolver.java:240) ~[spring-beans-6.2.3.jar:6.2.3]
	at org.springframework.beans.factory.support.AbstractAutowireCapableBeanFactory.autowireConstructor(AbstractAutowireCapableBeanFactory.java:1381) ~[spring-beans-6.2.3.jar:6.2.3]
	at org.springframework.beans.factory.support.AbstractAutowireCapableBeanFactory.createBeanInstance(AbstractAutowireCapableBeanFactory.java:1218) ~[spring-beans-6.2.3.jar:6.2.3]
	at org.springframework.beans.factory.support.AbstractAutowireCapableBeanFactory.doCreateBean(AbstractAutowireCapableBeanFactory.java:563) ~[spring-beans-6.2.3.jar:6.2.3]
	at org.springframework.beans.factory.support.AbstractAutowireCapableBeanFactory.createBean(AbstractAutowireCapableBeanFactory.java:523) ~[spring-beans-6.2.3.jar:6.2.3]
	at org.springframework.beans.factory.support.AbstractBeanFactory.lambda$doGetBean$0(AbstractBeanFactory.java:339) ~[spring-beans-6.2.3.jar:6.2.3]
	at org.springframework.beans.factory.support.DefaultSingletonBeanRegistry.getSingleton(DefaultSingletonBeanRegistry.java:346) ~[spring-beans-6.2.3.jar:6.2.3]
	at org.springframework.beans.factory.support.AbstractBeanFactory.doGetBean(AbstractBeanFactory.java:337) ~[spring-beans-6.2.3.jar:6.2.3]
	at org.springframework.beans.factory.support.AbstractBeanFactory.getBean(AbstractBeanFactory.java:202) ~[spring-beans-6.2.3.jar:6.2.3]
	at org.springframework.beans.factory.support.DefaultListableBeanFactory.instantiateSingleton(DefaultListableBeanFactory.java:1155) ~[spring-beans-6.2.3.jar:6.2.3]
	at org.springframework.beans.factory.support.DefaultListableBeanFactory.preInstantiateSingleton(DefaultListableBeanFactory.java:1121) ~[spring-beans-6.2.3.jar:6.2.3]
	at org.springframework.beans.factory.support.DefaultListableBeanFactory.preInstantiateSingletons(DefaultListableBeanFactory.java:1056) ~[spring-beans-6.2.3.jar:6.2.3]
	at org.springframework.context.support.AbstractApplicationContext.finishBeanFactoryInitialization(AbstractApplicationContext.java:987) ~[spring-context-6.2.3.jar:6.2.3]
	at org.springframework.context.support.AbstractApplicationContext.refresh(AbstractApplicationContext.java:627) ~[spring-context-6.2.3.jar:6.2.3]
	at org.springframework.boot.SpringApplication.refresh(SpringApplication.java:752) ~[spring-boot-3.4.3.jar:3.4.3]
	at org.springframework.boot.SpringApplication.refreshContext(SpringApplication.java:439) ~[spring-boot-3.4.3.jar:3.4.3]
	at org.springframework.boot.SpringApplication.run(SpringApplication.java:318) ~[spring-boot-3.4.3.jar:3.4.3]
	at org.springframework.boot.test.context.SpringBootContextLoader.lambda$loadContext$3(SpringBootContextLoader.java:137) ~[spring-boot-test-3.4.3.jar:3.4.3]
	at org.springframework.util.function.ThrowingSupplier.get(ThrowingSupplier.java:58) ~[spring-core-6.2.3.jar:6.2.3]
	at org.springframework.util.function.ThrowingSupplier.get(ThrowingSupplier.java:46) ~[spring-core-6.2.3.jar:6.2.3]
	at org.springframework.boot.SpringApplication.withHook(SpringApplication.java:1461) ~[spring-boot-3.4.3.jar:3.4.3]
	at org.springframework.boot.test.context.SpringBootContextLoader$ContextLoaderHook.run(SpringBootContextLoader.java:553) ~[spring-boot-test-3.4.3.jar:3.4.3]
	at org.springframework.boot.test.context.SpringBootContextLoader.loadContext(SpringBootContextLoader.java:137) ~[spring-boot-test-3.4.3.jar:3.4.3]
	at org.springframework.boot.test.context.SpringBootContextLoader.loadContext(SpringBootContextLoader.java:108) ~[spring-boot-test-3.4.3.jar:3.4.3]
	at org.springframework.test.context.cache.DefaultCacheAwareContextLoaderDelegate.loadContextInternal(DefaultCacheAwareContextLoaderDelegate.java:225) ~[spring-test-6.2.3.jar:6.2.3]
	at org.springframework.test.context.cache.DefaultCacheAwareContextLoaderDelegate.loadContext(DefaultCacheAwareContextLoaderDelegate.java:152) ~[spring-test-6.2.3.jar:6.2.3]
	at org.springframework.test.context.support.DefaultTestContext.getApplicationContext(DefaultTestContext.java:130) ~[spring-test-6.2.3.jar:6.2.3]
	at org.springframework.test.context.web.ServletTestExecutionListener.setUpRequestContextIfNecessary(ServletTestExecutionListener.java:200) ~[spring-test-6.2.3.jar:6.2.3]
	at org.springframework.test.context.web.ServletTestExecutionListener.prepareTestInstance(ServletTestExecutionListener.java:139) ~[spring-test-6.2.3.jar:6.2.3]
	at org.springframework.test.context.TestContextManager.prepareTestInstance(TestContextManager.java:260) ~[spring-test-6.2.3.jar:6.2.3]
	at org.springframework.test.context.junit.jupiter.SpringExtension.postProcessTestInstance(SpringExtension.java:160) ~[spring-test-6.2.3.jar:6.2.3]
	at org.junit.jupiter.engine.descriptor.ClassBasedTestDescriptor.lambda$invokeTestInstancePostProcessors$11(ClassBasedTestDescriptor.java:378) ~[junit-jupiter-engine-5.11.4.jar:5.11.4]
	at org.junit.jupiter.engine.descriptor.ClassBasedTestDescriptor.executeAndMaskThrowable(ClassBasedTestDescriptor.java:383) ~[junit-jupiter-engine-5.11.4.jar:5.11.4]
	at org.junit.jupiter.engine.descriptor.ClassBasedTestDescriptor.lambda$invokeTestInstancePostProcessors$12(ClassBasedTestDescriptor.java:378) ~[junit-jupiter-engine-5.11.4.jar:5.11.4]
	at java.base/java.util.stream.ForEachOps$ForEachOp$OfRef.accept(ForEachOps.java:184) ~[na:na]
	at java.base/java.util.stream.ReferencePipeline$3$1.accept(ReferencePipeline.java:215) ~[na:na]
	at java.base/java.util.stream.ReferencePipeline$2$1.accept(ReferencePipeline.java:197) ~[na:na]
	at java.base/java.util.stream.ReferencePipeline$3$1.accept(ReferencePipeline.java:215) ~[na:na]
	at java.base/java.util.ArrayList$ArrayListSpliterator.forEachRemaining(ArrayList.java:1709) ~[na:na]
	at java.base/java.util.stream.AbstractPipeline.copyInto(AbstractPipeline.java:570) ~[na:na]
	at java.base/java.util.stream.AbstractPipeline.wrapAndCopyInto(AbstractPipeline.java:560) ~[na:na]
	at java.base/java.util.stream.ForEachOps$ForEachOp.evaluateSequential(ForEachOps.java:151) ~[na:na]
	at java.base/java.util.stream.ForEachOps$ForEachOp$OfRef.evaluateSequential(ForEachOps.java:174) ~[na:na]
	at java.base/java.util.stream.AbstractPipeline.evaluate(AbstractPipeline.java:265) ~[na:na]
	at java.base/java.util.stream.ReferencePipeline.forEach(ReferencePipeline.java:636) ~[na:na]
	at org.junit.jupiter.engine.descriptor.ClassBasedTestDescriptor.invokeTestInstancePostProcessors(ClassBasedTestDescriptor.java:377) ~[junit-jupiter-engine-5.11.4.jar:5.11.4]
	at org.junit.jupiter.engine.descriptor.ClassBasedTestDescriptor.lambda$instantiateAndPostProcessTestInstance$7(ClassBasedTestDescriptor.java:290) ~[junit-jupiter-engine-5.11.4.jar:5.11.4]
	at org.junit.platform.engine.support.hierarchical.ThrowableCollector.execute(ThrowableCollector.java:73) ~[junit-platform-engine-1.11.4.jar:1.11.4]
	at org.junit.jupiter.engine.descriptor.ClassBasedTestDescriptor.instantiateAndPostProcessTestInstance(ClassBasedTestDescriptor.java:289) ~[junit-jupiter-engine-5.11.4.jar:5.11.4]
	at org.junit.jupiter.engine.descriptor.ClassBasedTestDescriptor.lambda$testInstancesProvider$5(ClassBasedTestDescriptor.java:279) ~[junit-jupiter-engine-5.11.4.jar:5.11.4]
	at java.base/java.util.Optional.orElseGet(Optional.java:364) ~[na:na]
	at org.junit.jupiter.engine.descriptor.ClassBasedTestDescriptor.lambda$testInstancesProvider$6(ClassBasedTestDescriptor.java:278) ~[junit-jupiter-engine-5.11.4.jar:5.11.4]
	at org.junit.jupiter.engine.execution.TestInstancesProvider.getTestInstances(TestInstancesProvider.java:31) ~[junit-jupiter-engine-5.11.4.jar:5.11.4]
	at org.junit.jupiter.engine.descriptor.TestMethodTestDescriptor.lambda$prepare$1(TestMethodTestDescriptor.java:105) ~[junit-jupiter-engine-5.11.4.jar:5.11.4]
	at org.junit.platform.engine.support.hierarchical.ThrowableCollector.execute(ThrowableCollector.java:73) ~[junit-platform-engine-1.11.4.jar:1.11.4]
	at org.junit.jupiter.engine.descriptor.TestMethodTestDescriptor.prepare(TestMethodTestDescriptor.java:104) ~[junit-jupiter-engine-5.11.4.jar:5.11.4]
	at org.junit.jupiter.engine.descriptor.TestMethodTestDescriptor.prepare(TestMethodTestDescriptor.java:68) ~[junit-jupiter-engine-5.11.4.jar:5.11.4]
	at org.junit.platform.engine.support.hierarchical.NodeTestTask.lambda$prepare$2(NodeTestTask.java:128) ~[junit-platform-engine-1.11.4.jar:1.11.4]
	at org.junit.platform.engine.support.hierarchical.ThrowableCollector.execute(ThrowableCollector.java:73) ~[junit-platform-engine-1.11.4.jar:1.11.4]
	at org.junit.platform.engine.support.hierarchical.NodeTestTask.prepare(NodeTestTask.java:128) ~[junit-platform-engine-1.11.4.jar:1.11.4]
	at org.junit.platform.engine.support.hierarchical.NodeTestTask.execute(NodeTestTask.java:95) ~[junit-platform-engine-1.11.4.jar:1.11.4]
	at java.base/java.util.ArrayList.forEach(ArrayList.java:1597) ~[na:na]
	at org.junit.platform.engine.support.hierarchical.SameThreadHierarchicalTestExecutorService.invokeAll(SameThreadHierarchicalTestExecutorService.java:41) ~[junit-platform-engine-1.11.4.jar:1.11.4]
	at org.junit.platform.engine.support.hierarchical.NodeTestTask.lambda$executeRecursively$6(NodeTestTask.java:160) ~[junit-platform-engine-1.11.4.jar:1.11.4]
	at org.junit.platform.engine.support.hierarchical.ThrowableCollector.execute(ThrowableCollector.java:73) ~[junit-platform-engine-1.11.4.jar:1.11.4]
	at org.junit.platform.engine.support.hierarchical.NodeTestTask.lambda$executeRecursively$8(NodeTestTask.java:146) ~[junit-platform-engine-1.11.4.jar:1.11.4]
	at org.junit.platform.engine.support.hierarchical.Node.around(Node.java:137) ~[junit-platform-engine-1.11.4.jar:1.11.4]
	at org.junit.platform.engine.support.hierarchical.NodeTestTask.lambda$executeRecursively$9(NodeTestTask.java:144) ~[junit-platform-engine-1.11.4.jar:1.11.4]
	at org.junit.platform.engine.support.hierarchical.ThrowableCollector.execute(ThrowableCollector.java:73) ~[junit-platform-engine-1.11.4.jar:1.11.4]
	at org.junit.platform.engine.support.hierarchical.NodeTestTask.executeRecursively(NodeTestTask.java:143) ~[junit-platform-engine-1.11.4.jar:1.11.4]
	at org.junit.platform.engine.support.hierarchical.NodeTestTask.execute(NodeTestTask.java:100) ~[junit-platform-engine-1.11.4.jar:1.11.4]
	at java.base/java.util.ArrayList.forEach(ArrayList.java:1597) ~[na:na]
	at org.junit.platform.engine.support.hierarchical.SameThreadHierarchicalTestExecutorService.invokeAll(SameThreadHierarchicalTestExecutorService.java:41) ~[junit-platform-engine-1.11.4.jar:1.11.4]
	at org.junit.platform.engine.support.hierarchical.NodeTestTask.lambda$executeRecursively$6(NodeTestTask.java:160) ~[junit-platform-engine-1.11.4.jar:1.11.4]
	at org.junit.platform.engine.support.hierarchical.ThrowableCollector.execute(ThrowableCollector.java:73) ~[junit-platform-engine-1.11.4.jar:1.11.4]
	at org.junit.platform.engine.support.hierarchical.NodeTestTask.lambda$executeRecursively$8(NodeTestTask.java:146) ~[junit-platform-engine-1.11.4.jar:1.11.4]
	at org.junit.platform.engine.support.hierarchical.Node.around(Node.java:137) ~[junit-platform-engine-1.11.4.jar:1.11.4]
	at org.junit.platform.engine.support.hierarchical.NodeTestTask.lambda$executeRecursively$9(NodeTestTask.java:144) ~[junit-platform-engine-1.11.4.jar:1.11.4]
	at org.junit.platform.engine.support.hierarchical.ThrowableCollector.execute(ThrowableCollector.java:73) ~[junit-platform-engine-1.11.4.jar:1.11.4]
	at org.junit.platform.engine.support.hierarchical.NodeTestTask.executeRecursively(NodeTestTask.java:143) ~[junit-platform-engine-1.11.4.jar:1.11.4]
	at org.junit.platform.engine.support.hierarchical.NodeTestTask.execute(NodeTestTask.java:100) ~[junit-platform-engine-1.11.4.jar:1.11.4]
	at org.junit.platform.engine.support.hierarchical.SameThreadHierarchicalTestExecutorService.submit(SameThreadHierarchicalTestExecutorService.java:35) ~[junit-platform-engine-1.11.4.jar:1.11.4]
	at org.junit.platform.engine.support.hierarchical.HierarchicalTestExecutor.execute(HierarchicalTestExecutor.java:57) ~[junit-platform-engine-1.11.4.jar:1.11.4]
	at org.junit.platform.engine.support.hierarchical.HierarchicalTestEngine.execute(HierarchicalTestEngine.java:54) ~[junit-platform-engine-1.11.4.jar:1.11.4]
	at org.junit.platform.launcher.core.EngineExecutionOrchestrator.execute(EngineExecutionOrchestrator.java:198) ~[junit-platform-launcher-1.11.4.jar:1.11.4]
	at org.junit.platform.launcher.core.EngineExecutionOrchestrator.execute(EngineExecutionOrchestrator.java:169) ~[junit-platform-launcher-1.11.4.jar:1.11.4]
	at org.junit.platform.launcher.core.EngineExecutionOrchestrator.execute(EngineExecutionOrchestrator.java:93) ~[junit-platform-launcher-1.11.4.jar:1.11.4]
	at org.junit.platform.launcher.core.EngineExecutionOrchestrator.lambda$execute$0(EngineExecutionOrchestrator.java:58) ~[junit-platform-launcher-1.11.4.jar:1.11.4]
	at org.junit.platform.launcher.core.EngineExecutionOrchestrator.withInterceptedStreams(EngineExecutionOrchestrator.java:141) ~[junit-platform-launcher-1.11.4.jar:1.11.4]
	at org.junit.platform.launcher.core.EngineExecutionOrchestrator.execute(EngineExecutionOrchestrator.java:57) ~[junit-platform-launcher-1.11.4.jar:1.11.4]
	at org.junit.platform.launcher.core.DefaultLauncher.execute(DefaultLauncher.java:103) ~[junit-platform-launcher-1.11.4.jar:1.11.4]
	at org.junit.platform.launcher.core.DefaultLauncher.execute(DefaultLauncher.java:85) ~[junit-platform-launcher-1.11.4.jar:1.11.4]
	at org.junit.platform.launcher.core.DelegatingLauncher.execute(DelegatingLauncher.java:47) ~[junit-platform-launcher-1.11.4.jar:1.11.4]
	at org.apache.maven.surefire.junitplatform.LazyLauncher.execute(LazyLauncher.java:56) ~[surefire-junit-platform-3.5.2.jar:3.5.2]
	at org.apache.maven.surefire.junitplatform.JUnitPlatformProvider.execute(JUnitPlatformProvider.java:184) ~[surefire-junit-platform-3.5.2.jar:3.5.2]
	at org.apache.maven.surefire.junitplatform.JUnitPlatformProvider.invokeAllTests(JUnitPlatformProvider.java:148) ~[surefire-junit-platform-3.5.2.jar:3.5.2]
	at org.apache.maven.surefire.junitplatform.JUnitPlatformProvider.invoke(JUnitPlatformProvider.java:122) ~[surefire-junit-platform-3.5.2.jar:3.5.2]
	at org.apache.maven.surefire.booter.ForkedBooter.runSuitesInProcess(ForkedBooter.java:385) ~[surefire-booter-3.5.2.jar:3.5.2]
	at org.apache.maven.surefire.booter.ForkedBooter.execute(ForkedBooter.java:162) ~[surefire-booter-3.5.2.jar:3.5.2]
	at org.apache.maven.surefire.booter.ForkedBooter.run(ForkedBooter.java:507) ~[surefire-booter-3.5.2.jar:3.5.2]
	at org.apache.maven.surefire.booter.ForkedBooter.main(ForkedBooter.java:495) ~[surefire-booter-3.5.2.jar:3.5.2]

2025-03-19T21:42:07.017-05:00 DEBUG 80480 --- [flight-booking] [           main] cResourceLocalTransactionCoordinatorImpl : JDBC transaction marked for rollback-only (exception provided for stack trace)

java.lang.Exception: exception just for purpose of providing stack trace
	at org.hibernate.resource.transaction.backend.jdbc.internal.JdbcResourceLocalTransactionCoordinatorImpl$TransactionDriverControlImpl.markRollbackOnly(JdbcResourceLocalTransactionCoordinatorImpl.java:309) ~[hibernate-core-6.6.8.Final.jar:6.6.8.Final]
	at org.hibernate.internal.AbstractSharedSessionContract.buildNamedQuery(AbstractSharedSessionContract.java:1141) ~[hibernate-core-6.6.8.Final.jar:6.6.8.Final]
	at org.hibernate.internal.AbstractSharedSessionContract.createNamedQuery(AbstractSharedSessionContract.java:1019) ~[hibernate-core-6.6.8.Final.jar:6.6.8.Final]
	at org.hibernate.internal.AbstractSharedSessionContract.createNamedQuery(AbstractSharedSessionContract.java:143) ~[hibernate-core-6.6.8.Final.jar:6.6.8.Final]
	at java.base/jdk.internal.reflect.DirectMethodHandleAccessor.invoke(DirectMethodHandleAccessor.java:103) ~[na:na]
	at java.base/java.lang.reflect.Method.invoke(Method.java:580) ~[na:na]
	at org.springframework.orm.jpa.ExtendedEntityManagerCreator$ExtendedEntityManagerInvocationHandler.invoke(ExtendedEntityManagerCreator.java:364) ~[spring-orm-6.2.3.jar:6.2.3]
	at jdk.proxy2/jdk.proxy2.$Proxy140.createNamedQuery(Unknown Source) ~[na:na]
	at org.springframework.data.jpa.repository.query.NamedQuery.hasNamedQuery(NamedQuery.java:114) ~[spring-data-jpa-3.4.3.jar:3.4.3]
	at org.springframework.data.jpa.repository.query.NamedQuery.lookupFrom(NamedQuery.java:140) ~[spring-data-jpa-3.4.3.jar:3.4.3]
	at org.springframework.data.jpa.repository.query.JpaQueryLookupStrategy$DeclaredQueryLookupStrategy.resolveQuery(JpaQueryLookupStrategy.java:184) ~[spring-data-jpa-3.4.3.jar:3.4.3]
	at org.springframework.data.jpa.repository.query.JpaQueryLookupStrategy$CreateIfNotFoundQueryLookupStrategy.resolveQuery(JpaQueryLookupStrategy.java:256) ~[spring-data-jpa-3.4.3.jar:3.4.3]
	at org.springframework.data.jpa.repository.query.JpaQueryLookupStrategy$AbstractQueryLookupStrategy.resolveQuery(JpaQueryLookupStrategy.java:99) ~[spring-data-jpa-3.4.3.jar:3.4.3]
	at org.springframework.data.repository.core.support.QueryExecutorMethodInterceptor.lookupQuery(QueryExecutorMethodInterceptor.java:116) ~[spring-data-commons-3.4.3.jar:3.4.3]
	at org.springframework.data.repository.core.support.QueryExecutorMethodInterceptor.mapMethodsToQuery(QueryExecutorMethodInterceptor.java:104) ~[spring-data-commons-3.4.3.jar:3.4.3]
	at org.springframework.data.repository.core.support.QueryExecutorMethodInterceptor.lambda$new$0(QueryExecutorMethodInterceptor.java:92) ~[spring-data-commons-3.4.3.jar:3.4.3]
	at java.base/java.util.Optional.map(Optional.java:260) ~[na:na]
	at org.springframework.data.repository.core.support.QueryExecutorMethodInterceptor.<init>(QueryExecutorMethodInterceptor.java:92) ~[spring-data-commons-3.4.3.jar:3.4.3]
	at org.springframework.data.repository.core.support.RepositoryFactorySupport.getRepository(RepositoryFactorySupport.java:440) ~[spring-data-commons-3.4.3.jar:3.4.3]
	at org.springframework.data.repository.core.support.RepositoryFactoryBeanSupport.lambda$afterPropertiesSet$4(RepositoryFactoryBeanSupport.java:350) ~[spring-data-commons-3.4.3.jar:3.4.3]
	at org.springframework.data.util.Lazy.getNullable(Lazy.java:135) ~[spring-data-commons-3.4.3.jar:3.4.3]
	at org.springframework.data.util.Lazy.get(Lazy.java:113) ~[spring-data-commons-3.4.3.jar:3.4.3]
	at org.springframework.data.repository.core.support.RepositoryFactoryBeanSupport.afterPropertiesSet(RepositoryFactoryBeanSupport.java:356) ~[spring-data-commons-3.4.3.jar:3.4.3]
	at org.springframework.data.jpa.repository.support.JpaRepositoryFactoryBean.afterPropertiesSet(JpaRepositoryFactoryBean.java:132) ~[spring-data-jpa-3.4.3.jar:3.4.3]
	at org.springframework.beans.factory.support.AbstractAutowireCapableBeanFactory.invokeInitMethods(AbstractAutowireCapableBeanFactory.java:1859) ~[spring-beans-6.2.3.jar:6.2.3]
	at org.springframework.beans.factory.support.AbstractAutowireCapableBeanFactory.initializeBean(AbstractAutowireCapableBeanFactory.java:1808) ~[spring-beans-6.2.3.jar:6.2.3]
	at org.springframework.beans.factory.support.AbstractAutowireCapableBeanFactory.doCreateBean(AbstractAutowireCapableBeanFactory.java:601) ~[spring-beans-6.2.3.jar:6.2.3]
	at org.springframework.beans.factory.support.AbstractAutowireCapableBeanFactory.createBean(AbstractAutowireCapableBeanFactory.java:523) ~[spring-beans-6.2.3.jar:6.2.3]
	at org.springframework.beans.factory.support.AbstractBeanFactory.lambda$doGetBean$0(AbstractBeanFactory.java:339) ~[spring-beans-6.2.3.jar:6.2.3]
	at org.springframework.beans.factory.support.DefaultSingletonBeanRegistry.getSingleton(DefaultSingletonBeanRegistry.java:346) ~[spring-beans-6.2.3.jar:6.2.3]
	at org.springframework.beans.factory.support.AbstractBeanFactory.doGetBean(AbstractBeanFactory.java:337) ~[spring-beans-6.2.3.jar:6.2.3]
	at org.springframework.beans.factory.support.AbstractBeanFactory.getBean(AbstractBeanFactory.java:202) ~[spring-beans-6.2.3.jar:6.2.3]
	at org.springframework.beans.factory.support.DefaultListableBeanFactory.doResolveDependency(DefaultListableBeanFactory.java:1606) ~[spring-beans-6.2.3.jar:6.2.3]
	at org.springframework.beans.factory.support.DefaultListableBeanFactory.resolveDependency(DefaultListableBeanFactory.java:1552) ~[spring-beans-6.2.3.jar:6.2.3]
	at org.springframework.beans.factory.support.ConstructorResolver.resolveAutowiredArgument(ConstructorResolver.java:913) ~[spring-beans-6.2.3.jar:6.2.3]
	at org.springframework.beans.factory.support.ConstructorResolver.createArgumentArray(ConstructorResolver.java:791) ~[spring-beans-6.2.3.jar:6.2.3]
	at org.springframework.beans.factory.support.ConstructorResolver.autowireConstructor(ConstructorResolver.java:240) ~[spring-beans-6.2.3.jar:6.2.3]
	at org.springframework.beans.factory.support.AbstractAutowireCapableBeanFactory.autowireConstructor(AbstractAutowireCapableBeanFactory.java:1381) ~[spring-beans-6.2.3.jar:6.2.3]
	at org.springframework.beans.factory.support.AbstractAutowireCapableBeanFactory.createBeanInstance(AbstractAutowireCapableBeanFactory.java:1218) ~[spring-beans-6.2.3.jar:6.2.3]
	at org.springframework.beans.factory.support.AbstractAutowireCapableBeanFactory.doCreateBean(AbstractAutowireCapableBeanFactory.java:563) ~[spring-beans-6.2.3.jar:6.2.3]
	at org.springframework.beans.factory.support.AbstractAutowireCapableBeanFactory.createBean(AbstractAutowireCapableBeanFactory.java:523) ~[spring-beans-6.2.3.jar:6.2.3]
	at org.springframework.beans.factory.support.AbstractBeanFactory.lambda$doGetBean$0(AbstractBeanFactory.java:339) ~[spring-beans-6.2.3.jar:6.2.3]
	at org.springframework.beans.factory.support.DefaultSingletonBeanRegistry.getSingleton(DefaultSingletonBeanRegistry.java:346) ~[spring-beans-6.2.3.jar:6.2.3]
	at org.springframework.beans.factory.support.AbstractBeanFactory.doGetBean(AbstractBeanFactory.java:337) ~[spring-beans-6.2.3.jar:6.2.3]
	at org.springframework.beans.factory.support.AbstractBeanFactory.getBean(AbstractBeanFactory.java:202) ~[spring-beans-6.2.3.jar:6.2.3]
	at org.springframework.beans.factory.support.DefaultListableBeanFactory.doResolveDependency(DefaultListableBeanFactory.java:1606) ~[spring-beans-6.2.3.jar:6.2.3]
	at org.springframework.beans.factory.support.DefaultListableBeanFactory.resolveDependency(DefaultListableBeanFactory.java:1552) ~[spring-beans-6.2.3.jar:6.2.3]
	at org.springframework.beans.factory.support.ConstructorResolver.resolveAutowiredArgument(ConstructorResolver.java:913) ~[spring-beans-6.2.3.jar:6.2.3]
	at org.springframework.beans.factory.support.ConstructorResolver.createArgumentArray(ConstructorResolver.java:791) ~[spring-beans-6.2.3.jar:6.2.3]
	at org.springframework.beans.factory.support.ConstructorResolver.autowireConstructor(ConstructorResolver.java:240) ~[spring-beans-6.2.3.jar:6.2.3]
	at org.springframework.beans.factory.support.AbstractAutowireCapableBeanFactory.autowireConstructor(AbstractAutowireCapableBeanFactory.java:1381) ~[spring-beans-6.2.3.jar:6.2.3]
	at org.springframework.beans.factory.support.AbstractAutowireCapableBeanFactory.createBeanInstance(AbstractAutowireCapableBeanFactory.java:1218) ~[spring-beans-6.2.3.jar:6.2.3]
	at org.springframework.beans.factory.support.AbstractAutowireCapableBeanFactory.doCreateBean(AbstractAutowireCapableBeanFactory.java:563) ~[spring-beans-6.2.3.jar:6.2.3]
	at org.springframework.beans.factory.support.AbstractAutowireCapableBeanFactory.createBean(AbstractAutowireCapableBeanFactory.java:523) ~[spring-beans-6.2.3.jar:6.2.3]
	at org.springframework.beans.factory.support.AbstractBeanFactory.lambda$doGetBean$0(AbstractBeanFactory.java:339) ~[spring-beans-6.2.3.jar:6.2.3]
	at org.springframework.beans.factory.support.DefaultSingletonBeanRegistry.getSingleton(DefaultSingletonBeanRegistry.java:346) ~[spring-beans-6.2.3.jar:6.2.3]
	at org.springframework.beans.factory.support.AbstractBeanFactory.doGetBean(AbstractBeanFactory.java:337) ~[spring-beans-6.2.3.jar:6.2.3]
	at org.springframework.beans.factory.support.AbstractBeanFactory.getBean(AbstractBeanFactory.java:202) ~[spring-beans-6.2.3.jar:6.2.3]
	at org.springframework.beans.factory.support.DefaultListableBeanFactory.instantiateSingleton(DefaultListableBeanFactory.java:1155) ~[spring-beans-6.2.3.jar:6.2.3]
	at org.springframework.beans.factory.support.DefaultListableBeanFactory.preInstantiateSingleton(DefaultListableBeanFactory.java:1121) ~[spring-beans-6.2.3.jar:6.2.3]
	at org.springframework.beans.factory.support.DefaultListableBeanFactory.preInstantiateSingletons(DefaultListableBeanFactory.java:1056) ~[spring-beans-6.2.3.jar:6.2.3]
	at org.springframework.context.support.AbstractApplicationContext.finishBeanFactoryInitialization(AbstractApplicationContext.java:987) ~[spring-context-6.2.3.jar:6.2.3]
	at org.springframework.context.support.AbstractApplicationContext.refresh(AbstractApplicationContext.java:627) ~[spring-context-6.2.3.jar:6.2.3]
	at org.springframework.boot.SpringApplication.refresh(SpringApplication.java:752) ~[spring-boot-3.4.3.jar:3.4.3]
	at org.springframework.boot.SpringApplication.refreshContext(SpringApplication.java:439) ~[spring-boot-3.4.3.jar:3.4.3]
	at org.springframework.boot.SpringApplication.run(SpringApplication.java:318) ~[spring-boot-3.4.3.jar:3.4.3]
	at org.springframework.boot.test.context.SpringBootContextLoader.lambda$loadContext$3(SpringBootContextLoader.java:137) ~[spring-boot-test-3.4.3.jar:3.4.3]
	at org.springframework.util.function.ThrowingSupplier.get(ThrowingSupplier.java:58) ~[spring-core-6.2.3.jar:6.2.3]
	at org.springframework.util.function.ThrowingSupplier.get(ThrowingSupplier.java:46) ~[spring-core-6.2.3.jar:6.2.3]
	at org.springframework.boot.SpringApplication.withHook(SpringApplication.java:1461) ~[spring-boot-3.4.3.jar:3.4.3]
	at org.springframework.boot.test.context.SpringBootContextLoader$ContextLoaderHook.run(SpringBootContextLoader.java:553) ~[spring-boot-test-3.4.3.jar:3.4.3]
	at org.springframework.boot.test.context.SpringBootContextLoader.loadContext(SpringBootContextLoader.java:137) ~[spring-boot-test-3.4.3.jar:3.4.3]
	at org.springframework.boot.test.context.SpringBootContextLoader.loadContext(SpringBootContextLoader.java:108) ~[spring-boot-test-3.4.3.jar:3.4.3]
	at org.springframework.test.context.cache.DefaultCacheAwareContextLoaderDelegate.loadContextInternal(DefaultCacheAwareContextLoaderDelegate.java:225) ~[spring-test-6.2.3.jar:6.2.3]
	at org.springframework.test.context.cache.DefaultCacheAwareContextLoaderDelegate.loadContext(DefaultCacheAwareContextLoaderDelegate.java:152) ~[spring-test-6.2.3.jar:6.2.3]
	at org.springframework.test.context.support.DefaultTestContext.getApplicationContext(DefaultTestContext.java:130) ~[spring-test-6.2.3.jar:6.2.3]
	at org.springframework.test.context.web.ServletTestExecutionListener.setUpRequestContextIfNecessary(ServletTestExecutionListener.java:200) ~[spring-test-6.2.3.jar:6.2.3]
	at org.springframework.test.context.web.ServletTestExecutionListener.prepareTestInstance(ServletTestExecutionListener.java:139) ~[spring-test-6.2.3.jar:6.2.3]
	at org.springframework.test.context.TestContextManager.prepareTestInstance(TestContextManager.java:260) ~[spring-test-6.2.3.jar:6.2.3]
	at org.springframework.test.context.junit.jupiter.SpringExtension.postProcessTestInstance(SpringExtension.java:160) ~[spring-test-6.2.3.jar:6.2.3]
	at org.junit.jupiter.engine.descriptor.ClassBasedTestDescriptor.lambda$invokeTestInstancePostProcessors$11(ClassBasedTestDescriptor.java:378) ~[junit-jupiter-engine-5.11.4.jar:5.11.4]
	at org.junit.jupiter.engine.descriptor.ClassBasedTestDescriptor.executeAndMaskThrowable(ClassBasedTestDescriptor.java:383) ~[junit-jupiter-engine-5.11.4.jar:5.11.4]
	at org.junit.jupiter.engine.descriptor.ClassBasedTestDescriptor.lambda$invokeTestInstancePostProcessors$12(ClassBasedTestDescriptor.java:378) ~[junit-jupiter-engine-5.11.4.jar:5.11.4]
	at java.base/java.util.stream.ForEachOps$ForEachOp$OfRef.accept(ForEachOps.java:184) ~[na:na]
	at java.base/java.util.stream.ReferencePipeline$3$1.accept(ReferencePipeline.java:215) ~[na:na]
	at java.base/java.util.stream.ReferencePipeline$2$1.accept(ReferencePipeline.java:197) ~[na:na]
	at java.base/java.util.stream.ReferencePipeline$3$1.accept(ReferencePipeline.java:215) ~[na:na]
	at java.base/java.util.ArrayList$ArrayListSpliterator.forEachRemaining(ArrayList.java:1709) ~[na:na]
	at java.base/java.util.stream.AbstractPipeline.copyInto(AbstractPipeline.java:570) ~[na:na]
	at java.base/java.util.stream.AbstractPipeline.wrapAndCopyInto(AbstractPipeline.java:560) ~[na:na]
	at java.base/java.util.stream.ForEachOps$ForEachOp.evaluateSequential(ForEachOps.java:151) ~[na:na]
	at java.base/java.util.stream.ForEachOps$ForEachOp$OfRef.evaluateSequential(ForEachOps.java:174) ~[na:na]
	at java.base/java.util.stream.AbstractPipeline.evaluate(AbstractPipeline.java:265) ~[na:na]
	at java.base/java.util.stream.ReferencePipeline.forEach(ReferencePipeline.java:636) ~[na:na]
	at org.junit.jupiter.engine.descriptor.ClassBasedTestDescriptor.invokeTestInstancePostProcessors(ClassBasedTestDescriptor.java:377) ~[junit-jupiter-engine-5.11.4.jar:5.11.4]
	at org.junit.jupiter.engine.descriptor.ClassBasedTestDescriptor.lambda$instantiateAndPostProcessTestInstance$7(ClassBasedTestDescriptor.java:290) ~[junit-jupiter-engine-5.11.4.jar:5.11.4]
	at org.junit.platform.engine.support.hierarchical.ThrowableCollector.execute(ThrowableCollector.java:73) ~[junit-platform-engine-1.11.4.jar:1.11.4]
	at org.junit.jupiter.engine.descriptor.ClassBasedTestDescriptor.instantiateAndPostProcessTestInstance(ClassBasedTestDescriptor.java:289) ~[junit-jupiter-engine-5.11.4.jar:5.11.4]
	at org.junit.jupiter.engine.descriptor.ClassBasedTestDescriptor.lambda$testInstancesProvider$5(ClassBasedTestDescriptor.java:279) ~[junit-jupiter-engine-5.11.4.jar:5.11.4]
	at java.base/java.util.Optional.orElseGet(Optional.java:364) ~[na:na]
	at org.junit.jupiter.engine.descriptor.ClassBasedTestDescriptor.lambda$testInstancesProvider$6(ClassBasedTestDescriptor.java:278) ~[junit-jupiter-engine-5.11.4.jar:5.11.4]
	at org.junit.jupiter.engine.execution.TestInstancesProvider.getTestInstances(TestInstancesProvider.java:31) ~[junit-jupiter-engine-5.11.4.jar:5.11.4]
	at org.junit.jupiter.engine.descriptor.TestMethodTestDescriptor.lambda$prepare$1(TestMethodTestDescriptor.java:105) ~[junit-jupiter-engine-5.11.4.jar:5.11.4]
	at org.junit.platform.engine.support.hierarchical.ThrowableCollector.execute(ThrowableCollector.java:73) ~[junit-platform-engine-1.11.4.jar:1.11.4]
	at org.junit.jupiter.engine.descriptor.TestMethodTestDescriptor.prepare(TestMethodTestDescriptor.java:104) ~[junit-jupiter-engine-5.11.4.jar:5.11.4]
	at org.junit.jupiter.engine.descriptor.TestMethodTestDescriptor.prepare(TestMethodTestDescriptor.java:68) ~[junit-jupiter-engine-5.11.4.jar:5.11.4]
	at org.junit.platform.engine.support.hierarchical.NodeTestTask.lambda$prepare$2(NodeTestTask.java:128) ~[junit-platform-engine-1.11.4.jar:1.11.4]
	at org.junit.platform.engine.support.hierarchical.ThrowableCollector.execute(ThrowableCollector.java:73) ~[junit-platform-engine-1.11.4.jar:1.11.4]
	at org.junit.platform.engine.support.hierarchical.NodeTestTask.prepare(NodeTestTask.java:128) ~[junit-platform-engine-1.11.4.jar:1.11.4]
	at org.junit.platform.engine.support.hierarchical.NodeTestTask.execute(NodeTestTask.java:95) ~[junit-platform-engine-1.11.4.jar:1.11.4]
	at java.base/java.util.ArrayList.forEach(ArrayList.java:1597) ~[na:na]
	at org.junit.platform.engine.support.hierarchical.SameThreadHierarchicalTestExecutorService.invokeAll(SameThreadHierarchicalTestExecutorService.java:41) ~[junit-platform-engine-1.11.4.jar:1.11.4]
	at org.junit.platform.engine.support.hierarchical.NodeTestTask.lambda$executeRecursively$6(NodeTestTask.java:160) ~[junit-platform-engine-1.11.4.jar:1.11.4]
	at org.junit.platform.engine.support.hierarchical.ThrowableCollector.execute(ThrowableCollector.java:73) ~[junit-platform-engine-1.11.4.jar:1.11.4]
	at org.junit.platform.engine.support.hierarchical.NodeTestTask.lambda$executeRecursively$8(NodeTestTask.java:146) ~[junit-platform-engine-1.11.4.jar:1.11.4]
	at org.junit.platform.engine.support.hierarchical.Node.around(Node.java:137) ~[junit-platform-engine-1.11.4.jar:1.11.4]
	at org.junit.platform.engine.support.hierarchical.NodeTestTask.lambda$executeRecursively$9(NodeTestTask.java:144) ~[junit-platform-engine-1.11.4.jar:1.11.4]
	at org.junit.platform.engine.support.hierarchical.ThrowableCollector.execute(ThrowableCollector.java:73) ~[junit-platform-engine-1.11.4.jar:1.11.4]
	at org.junit.platform.engine.support.hierarchical.NodeTestTask.executeRecursively(NodeTestTask.java:143) ~[junit-platform-engine-1.11.4.jar:1.11.4]
	at org.junit.platform.engine.support.hierarchical.NodeTestTask.execute(NodeTestTask.java:100) ~[junit-platform-engine-1.11.4.jar:1.11.4]
	at java.base/java.util.ArrayList.forEach(ArrayList.java:1597) ~[na:na]
	at org.junit.platform.engine.support.hierarchical.SameThreadHierarchicalTestExecutorService.invokeAll(SameThreadHierarchicalTestExecutorService.java:41) ~[junit-platform-engine-1.11.4.jar:1.11.4]
	at org.junit.platform.engine.support.hierarchical.NodeTestTask.lambda$executeRecursively$6(NodeTestTask.java:160) ~[junit-platform-engine-1.11.4.jar:1.11.4]
	at org.junit.platform.engine.support.hierarchical.ThrowableCollector.execute(ThrowableCollector.java:73) ~[junit-platform-engine-1.11.4.jar:1.11.4]
	at org.junit.platform.engine.support.hierarchical.NodeTestTask.lambda$executeRecursively$8(NodeTestTask.java:146) ~[junit-platform-engine-1.11.4.jar:1.11.4]
	at org.junit.platform.engine.support.hierarchical.Node.around(Node.java:137) ~[junit-platform-engine-1.11.4.jar:1.11.4]
	at org.junit.platform.engine.support.hierarchical.NodeTestTask.lambda$executeRecursively$9(NodeTestTask.java:144) ~[junit-platform-engine-1.11.4.jar:1.11.4]
	at org.junit.platform.engine.support.hierarchical.ThrowableCollector.execute(ThrowableCollector.java:73) ~[junit-platform-engine-1.11.4.jar:1.11.4]
	at org.junit.platform.engine.support.hierarchical.NodeTestTask.executeRecursively(NodeTestTask.java:143) ~[junit-platform-engine-1.11.4.jar:1.11.4]
	at org.junit.platform.engine.support.hierarchical.NodeTestTask.execute(NodeTestTask.java:100) ~[junit-platform-engine-1.11.4.jar:1.11.4]
	at org.junit.platform.engine.support.hierarchical.SameThreadHierarchicalTestExecutorService.submit(SameThreadHierarchicalTestExecutorService.java:35) ~[junit-platform-engine-1.11.4.jar:1.11.4]
	at org.junit.platform.engine.support.hierarchical.HierarchicalTestExecutor.execute(HierarchicalTestExecutor.java:57) ~[junit-platform-engine-1.11.4.jar:1.11.4]
	at org.junit.platform.engine.support.hierarchical.HierarchicalTestEngine.execute(HierarchicalTestEngine.java:54) ~[junit-platform-engine-1.11.4.jar:1.11.4]
	at org.junit.platform.launcher.core.EngineExecutionOrchestrator.execute(EngineExecutionOrchestrator.java:198) ~[junit-platform-launcher-1.11.4.jar:1.11.4]
	at org.junit.platform.launcher.core.EngineExecutionOrchestrator.execute(EngineExecutionOrchestrator.java:169) ~[junit-platform-launcher-1.11.4.jar:1.11.4]
	at org.junit.platform.launcher.core.EngineExecutionOrchestrator.execute(EngineExecutionOrchestrator.java:93) ~[junit-platform-launcher-1.11.4.jar:1.11.4]
	at org.junit.platform.launcher.core.EngineExecutionOrchestrator.lambda$execute$0(EngineExecutionOrchestrator.java:58) ~[junit-platform-launcher-1.11.4.jar:1.11.4]
	at org.junit.platform.launcher.core.EngineExecutionOrchestrator.withInterceptedStreams(EngineExecutionOrchestrator.java:141) ~[junit-platform-launcher-1.11.4.jar:1.11.4]
	at org.junit.platform.launcher.core.EngineExecutionOrchestrator.execute(EngineExecutionOrchestrator.java:57) ~[junit-platform-launcher-1.11.4.jar:1.11.4]
	at org.junit.platform.launcher.core.DefaultLauncher.execute(DefaultLauncher.java:103) ~[junit-platform-launcher-1.11.4.jar:1.11.4]
	at org.junit.platform.launcher.core.DefaultLauncher.execute(DefaultLauncher.java:85) ~[junit-platform-launcher-1.11.4.jar:1.11.4]
	at org.junit.platform.launcher.core.DelegatingLauncher.execute(DelegatingLauncher.java:47) ~[junit-platform-launcher-1.11.4.jar:1.11.4]
	at org.apache.maven.surefire.junitplatform.LazyLauncher.execute(LazyLauncher.java:56) ~[surefire-junit-platform-3.5.2.jar:3.5.2]
	at org.apache.maven.surefire.junitplatform.JUnitPlatformProvider.execute(JUnitPlatformProvider.java:184) ~[surefire-junit-platform-3.5.2.jar:3.5.2]
	at org.apache.maven.surefire.junitplatform.JUnitPlatformProvider.invokeAllTests(JUnitPlatformProvider.java:148) ~[surefire-junit-platform-3.5.2.jar:3.5.2]
	at org.apache.maven.surefire.junitplatform.JUnitPlatformProvider.invoke(JUnitPlatformProvider.java:122) ~[surefire-junit-platform-3.5.2.jar:3.5.2]
	at org.apache.maven.surefire.booter.ForkedBooter.runSuitesInProcess(ForkedBooter.java:385) ~[surefire-booter-3.5.2.jar:3.5.2]
	at org.apache.maven.surefire.booter.ForkedBooter.execute(ForkedBooter.java:162) ~[surefire-booter-3.5.2.jar:3.5.2]
	at org.apache.maven.surefire.booter.ForkedBooter.run(ForkedBooter.java:507) ~[surefire-booter-3.5.2.jar:3.5.2]
	at org.apache.maven.surefire.booter.ForkedBooter.main(ForkedBooter.java:495) ~[surefire-booter-3.5.2.jar:3.5.2]

2025-03-19T21:42:07.020-05:00 DEBUG 80480 --- [flight-booking] [           main] cResourceLocalTransactionCoordinatorImpl : JDBC transaction marked for rollback-only (exception provided for stack trace)

java.lang.Exception: exception just for purpose of providing stack trace
	at org.hibernate.resource.transaction.backend.jdbc.internal.JdbcResourceLocalTransactionCoordinatorImpl$TransactionDriverControlImpl.markRollbackOnly(JdbcResourceLocalTransactionCoordinatorImpl.java:309) ~[hibernate-core-6.6.8.Final.jar:6.6.8.Final]
	at org.hibernate.internal.AbstractSharedSessionContract.buildNamedQuery(AbstractSharedSessionContract.java:1141) ~[hibernate-core-6.6.8.Final.jar:6.6.8.Final]
	at org.hibernate.internal.AbstractSharedSessionContract.createNamedQuery(AbstractSharedSessionContract.java:1019) ~[hibernate-core-6.6.8.Final.jar:6.6.8.Final]
	at org.hibernate.internal.AbstractSharedSessionContract.createNamedQuery(AbstractSharedSessionContract.java:143) ~[hibernate-core-6.6.8.Final.jar:6.6.8.Final]
	at java.base/jdk.internal.reflect.DirectMethodHandleAccessor.invoke(DirectMethodHandleAccessor.java:103) ~[na:na]
	at java.base/java.lang.reflect.Method.invoke(Method.java:580) ~[na:na]
	at org.springframework.orm.jpa.ExtendedEntityManagerCreator$ExtendedEntityManagerInvocationHandler.invoke(ExtendedEntityManagerCreator.java:364) ~[spring-orm-6.2.3.jar:6.2.3]
	at jdk.proxy2/jdk.proxy2.$Proxy140.createNamedQuery(Unknown Source) ~[na:na]
	at org.springframework.data.jpa.repository.query.NamedQuery.hasNamedQuery(NamedQuery.java:114) ~[spring-data-jpa-3.4.3.jar:3.4.3]
	at org.springframework.data.jpa.repository.query.NamedQuery.lookupFrom(NamedQuery.java:140) ~[spring-data-jpa-3.4.3.jar:3.4.3]
	at org.springframework.data.jpa.repository.query.JpaQueryLookupStrategy$DeclaredQueryLookupStrategy.resolveQuery(JpaQueryLookupStrategy.java:184) ~[spring-data-jpa-3.4.3.jar:3.4.3]
	at org.springframework.data.jpa.repository.query.JpaQueryLookupStrategy$CreateIfNotFoundQueryLookupStrategy.resolveQuery(JpaQueryLookupStrategy.java:256) ~[spring-data-jpa-3.4.3.jar:3.4.3]
	at org.springframework.data.jpa.repository.query.JpaQueryLookupStrategy$AbstractQueryLookupStrategy.resolveQuery(JpaQueryLookupStrategy.java:99) ~[spring-data-jpa-3.4.3.jar:3.4.3]
	at org.springframework.data.repository.core.support.QueryExecutorMethodInterceptor.lookupQuery(QueryExecutorMethodInterceptor.java:116) ~[spring-data-commons-3.4.3.jar:3.4.3]
	at org.springframework.data.repository.core.support.QueryExecutorMethodInterceptor.mapMethodsToQuery(QueryExecutorMethodInterceptor.java:104) ~[spring-data-commons-3.4.3.jar:3.4.3]
	at org.springframework.data.repository.core.support.QueryExecutorMethodInterceptor.lambda$new$0(QueryExecutorMethodInterceptor.java:92) ~[spring-data-commons-3.4.3.jar:3.4.3]
	at java.base/java.util.Optional.map(Optional.java:260) ~[na:na]
	at org.springframework.data.repository.core.support.QueryExecutorMethodInterceptor.<init>(QueryExecutorMethodInterceptor.java:92) ~[spring-data-commons-3.4.3.jar:3.4.3]
	at org.springframework.data.repository.core.support.RepositoryFactorySupport.getRepository(RepositoryFactorySupport.java:440) ~[spring-data-commons-3.4.3.jar:3.4.3]
	at org.springframework.data.repository.core.support.RepositoryFactoryBeanSupport.lambda$afterPropertiesSet$4(RepositoryFactoryBeanSupport.java:350) ~[spring-data-commons-3.4.3.jar:3.4.3]
	at org.springframework.data.util.Lazy.getNullable(Lazy.java:135) ~[spring-data-commons-3.4.3.jar:3.4.3]
	at org.springframework.data.util.Lazy.get(Lazy.java:113) ~[spring-data-commons-3.4.3.jar:3.4.3]
	at org.springframework.data.repository.core.support.RepositoryFactoryBeanSupport.afterPropertiesSet(RepositoryFactoryBeanSupport.java:356) ~[spring-data-commons-3.4.3.jar:3.4.3]
	at org.springframework.data.jpa.repository.support.JpaRepositoryFactoryBean.afterPropertiesSet(JpaRepositoryFactoryBean.java:132) ~[spring-data-jpa-3.4.3.jar:3.4.3]
	at org.springframework.beans.factory.support.AbstractAutowireCapableBeanFactory.invokeInitMethods(AbstractAutowireCapableBeanFactory.java:1859) ~[spring-beans-6.2.3.jar:6.2.3]
	at org.springframework.beans.factory.support.AbstractAutowireCapableBeanFactory.initializeBean(AbstractAutowireCapableBeanFactory.java:1808) ~[spring-beans-6.2.3.jar:6.2.3]
	at org.springframework.beans.factory.support.AbstractAutowireCapableBeanFactory.doCreateBean(AbstractAutowireCapableBeanFactory.java:601) ~[spring-beans-6.2.3.jar:6.2.3]
	at org.springframework.beans.factory.support.AbstractAutowireCapableBeanFactory.createBean(AbstractAutowireCapableBeanFactory.java:523) ~[spring-beans-6.2.3.jar:6.2.3]
	at org.springframework.beans.factory.support.AbstractBeanFactory.lambda$doGetBean$0(AbstractBeanFactory.java:339) ~[spring-beans-6.2.3.jar:6.2.3]
	at org.springframework.beans.factory.support.DefaultSingletonBeanRegistry.getSingleton(DefaultSingletonBeanRegistry.java:346) ~[spring-beans-6.2.3.jar:6.2.3]
	at org.springframework.beans.factory.support.AbstractBeanFactory.doGetBean(AbstractBeanFactory.java:337) ~[spring-beans-6.2.3.jar:6.2.3]
	at org.springframework.beans.factory.support.AbstractBeanFactory.getBean(AbstractBeanFactory.java:202) ~[spring-beans-6.2.3.jar:6.2.3]
	at org.springframework.beans.factory.support.DefaultListableBeanFactory.doResolveDependency(DefaultListableBeanFactory.java:1606) ~[spring-beans-6.2.3.jar:6.2.3]
	at org.springframework.beans.factory.support.DefaultListableBeanFactory.resolveDependency(DefaultListableBeanFactory.java:1552) ~[spring-beans-6.2.3.jar:6.2.3]
	at org.springframework.beans.factory.support.ConstructorResolver.resolveAutowiredArgument(ConstructorResolver.java:913) ~[spring-beans-6.2.3.jar:6.2.3]
	at org.springframework.beans.factory.support.ConstructorResolver.createArgumentArray(ConstructorResolver.java:791) ~[spring-beans-6.2.3.jar:6.2.3]
	at org.springframework.beans.factory.support.ConstructorResolver.autowireConstructor(ConstructorResolver.java:240) ~[spring-beans-6.2.3.jar:6.2.3]
	at org.springframework.beans.factory.support.AbstractAutowireCapableBeanFactory.autowireConstructor(AbstractAutowireCapableBeanFactory.java:1381) ~[spring-beans-6.2.3.jar:6.2.3]
	at org.springframework.beans.factory.support.AbstractAutowireCapableBeanFactory.createBeanInstance(AbstractAutowireCapableBeanFactory.java:1218) ~[spring-beans-6.2.3.jar:6.2.3]
	at org.springframework.beans.factory.support.AbstractAutowireCapableBeanFactory.doCreateBean(AbstractAutowireCapableBeanFactory.java:563) ~[spring-beans-6.2.3.jar:6.2.3]
	at org.springframework.beans.factory.support.AbstractAutowireCapableBeanFactory.createBean(AbstractAutowireCapableBeanFactory.java:523) ~[spring-beans-6.2.3.jar:6.2.3]
	at org.springframework.beans.factory.support.AbstractBeanFactory.lambda$doGetBean$0(AbstractBeanFactory.java:339) ~[spring-beans-6.2.3.jar:6.2.3]
	at org.springframework.beans.factory.support.DefaultSingletonBeanRegistry.getSingleton(DefaultSingletonBeanRegistry.java:346) ~[spring-beans-6.2.3.jar:6.2.3]
	at org.springframework.beans.factory.support.AbstractBeanFactory.doGetBean(AbstractBeanFactory.java:337) ~[spring-beans-6.2.3.jar:6.2.3]
	at org.springframework.beans.factory.support.AbstractBeanFactory.getBean(AbstractBeanFactory.java:202) ~[spring-beans-6.2.3.jar:6.2.3]
	at org.springframework.beans.factory.support.DefaultListableBeanFactory.doResolveDependency(DefaultListableBeanFactory.java:1606) ~[spring-beans-6.2.3.jar:6.2.3]
	at org.springframework.beans.factory.support.DefaultListableBeanFactory.resolveDependency(DefaultListableBeanFactory.java:1552) ~[spring-beans-6.2.3.jar:6.2.3]
	at org.springframework.beans.factory.support.ConstructorResolver.resolveAutowiredArgument(ConstructorResolver.java:913) ~[spring-beans-6.2.3.jar:6.2.3]
	at org.springframework.beans.factory.support.ConstructorResolver.createArgumentArray(ConstructorResolver.java:791) ~[spring-beans-6.2.3.jar:6.2.3]
	at org.springframework.beans.factory.support.ConstructorResolver.autowireConstructor(ConstructorResolver.java:240) ~[spring-beans-6.2.3.jar:6.2.3]
	at org.springframework.beans.factory.support.AbstractAutowireCapableBeanFactory.autowireConstructor(AbstractAutowireCapableBeanFactory.java:1381) ~[spring-beans-6.2.3.jar:6.2.3]
	at org.springframework.beans.factory.support.AbstractAutowireCapableBeanFactory.createBeanInstance(AbstractAutowireCapableBeanFactory.java:1218) ~[spring-beans-6.2.3.jar:6.2.3]
	at org.springframework.beans.factory.support.AbstractAutowireCapableBeanFactory.doCreateBean(AbstractAutowireCapableBeanFactory.java:563) ~[spring-beans-6.2.3.jar:6.2.3]
	at org.springframework.beans.factory.support.AbstractAutowireCapableBeanFactory.createBean(AbstractAutowireCapableBeanFactory.java:523) ~[spring-beans-6.2.3.jar:6.2.3]
	at org.springframework.beans.factory.support.AbstractBeanFactory.lambda$doGetBean$0(AbstractBeanFactory.java:339) ~[spring-beans-6.2.3.jar:6.2.3]
	at org.springframework.beans.factory.support.DefaultSingletonBeanRegistry.getSingleton(DefaultSingletonBeanRegistry.java:346) ~[spring-beans-6.2.3.jar:6.2.3]
	at org.springframework.beans.factory.support.AbstractBeanFactory.doGetBean(AbstractBeanFactory.java:337) ~[spring-beans-6.2.3.jar:6.2.3]
	at org.springframework.beans.factory.support.AbstractBeanFactory.getBean(AbstractBeanFactory.java:202) ~[spring-beans-6.2.3.jar:6.2.3]
	at org.springframework.beans.factory.support.DefaultListableBeanFactory.instantiateSingleton(DefaultListableBeanFactory.java:1155) ~[spring-beans-6.2.3.jar:6.2.3]
	at org.springframework.beans.factory.support.DefaultListableBeanFactory.preInstantiateSingleton(DefaultListableBeanFactory.java:1121) ~[spring-beans-6.2.3.jar:6.2.3]
	at org.springframework.beans.factory.support.DefaultListableBeanFactory.preInstantiateSingletons(DefaultListableBeanFactory.java:1056) ~[spring-beans-6.2.3.jar:6.2.3]
	at org.springframework.context.support.AbstractApplicationContext.finishBeanFactoryInitialization(AbstractApplicationContext.java:987) ~[spring-context-6.2.3.jar:6.2.3]
	at org.springframework.context.support.AbstractApplicationContext.refresh(AbstractApplicationContext.java:627) ~[spring-context-6.2.3.jar:6.2.3]
	at org.springframework.boot.SpringApplication.refresh(SpringApplication.java:752) ~[spring-boot-3.4.3.jar:3.4.3]
	at org.springframework.boot.SpringApplication.refreshContext(SpringApplication.java:439) ~[spring-boot-3.4.3.jar:3.4.3]
	at org.springframework.boot.SpringApplication.run(SpringApplication.java:318) ~[spring-boot-3.4.3.jar:3.4.3]
	at org.springframework.boot.test.context.SpringBootContextLoader.lambda$loadContext$3(SpringBootContextLoader.java:137) ~[spring-boot-test-3.4.3.jar:3.4.3]
	at org.springframework.util.function.ThrowingSupplier.get(ThrowingSupplier.java:58) ~[spring-core-6.2.3.jar:6.2.3]
	at org.springframework.util.function.ThrowingSupplier.get(ThrowingSupplier.java:46) ~[spring-core-6.2.3.jar:6.2.3]
	at org.springframework.boot.SpringApplication.withHook(SpringApplication.java:1461) ~[spring-boot-3.4.3.jar:3.4.3]
	at org.springframework.boot.test.context.SpringBootContextLoader$ContextLoaderHook.run(SpringBootContextLoader.java:553) ~[spring-boot-test-3.4.3.jar:3.4.3]
	at org.springframework.boot.test.context.SpringBootContextLoader.loadContext(SpringBootContextLoader.java:137) ~[spring-boot-test-3.4.3.jar:3.4.3]
	at org.springframework.boot.test.context.SpringBootContextLoader.loadContext(SpringBootContextLoader.java:108) ~[spring-boot-test-3.4.3.jar:3.4.3]
	at org.springframework.test.context.cache.DefaultCacheAwareContextLoaderDelegate.loadContextInternal(DefaultCacheAwareContextLoaderDelegate.java:225) ~[spring-test-6.2.3.jar:6.2.3]
	at org.springframework.test.context.cache.DefaultCacheAwareContextLoaderDelegate.loadContext(DefaultCacheAwareContextLoaderDelegate.java:152) ~[spring-test-6.2.3.jar:6.2.3]
	at org.springframework.test.context.support.DefaultTestContext.getApplicationContext(DefaultTestContext.java:130) ~[spring-test-6.2.3.jar:6.2.3]
	at org.springframework.test.context.web.ServletTestExecutionListener.setUpRequestContextIfNecessary(ServletTestExecutionListener.java:200) ~[spring-test-6.2.3.jar:6.2.3]
	at org.springframework.test.context.web.ServletTestExecutionListener.prepareTestInstance(ServletTestExecutionListener.java:139) ~[spring-test-6.2.3.jar:6.2.3]
	at org.springframework.test.context.TestContextManager.prepareTestInstance(TestContextManager.java:260) ~[spring-test-6.2.3.jar:6.2.3]
	at org.springframework.test.context.junit.jupiter.SpringExtension.postProcessTestInstance(SpringExtension.java:160) ~[spring-test-6.2.3.jar:6.2.3]
	at org.junit.jupiter.engine.descriptor.ClassBasedTestDescriptor.lambda$invokeTestInstancePostProcessors$11(ClassBasedTestDescriptor.java:378) ~[junit-jupiter-engine-5.11.4.jar:5.11.4]
	at org.junit.jupiter.engine.descriptor.ClassBasedTestDescriptor.executeAndMaskThrowable(ClassBasedTestDescriptor.java:383) ~[junit-jupiter-engine-5.11.4.jar:5.11.4]
	at org.junit.jupiter.engine.descriptor.ClassBasedTestDescriptor.lambda$invokeTestInstancePostProcessors$12(ClassBasedTestDescriptor.java:378) ~[junit-jupiter-engine-5.11.4.jar:5.11.4]
	at java.base/java.util.stream.ForEachOps$ForEachOp$OfRef.accept(ForEachOps.java:184) ~[na:na]
	at java.base/java.util.stream.ReferencePipeline$3$1.accept(ReferencePipeline.java:215) ~[na:na]
	at java.base/java.util.stream.ReferencePipeline$2$1.accept(ReferencePipeline.java:197) ~[na:na]
	at java.base/java.util.stream.ReferencePipeline$3$1.accept(ReferencePipeline.java:215) ~[na:na]
	at java.base/java.util.ArrayList$ArrayListSpliterator.forEachRemaining(ArrayList.java:1709) ~[na:na]
	at java.base/java.util.stream.AbstractPipeline.copyInto(AbstractPipeline.java:570) ~[na:na]
	at java.base/java.util.stream.AbstractPipeline.wrapAndCopyInto(AbstractPipeline.java:560) ~[na:na]
	at java.base/java.util.stream.ForEachOps$ForEachOp.evaluateSequential(ForEachOps.java:151) ~[na:na]
	at java.base/java.util.stream.ForEachOps$ForEachOp$OfRef.evaluateSequential(ForEachOps.java:174) ~[na:na]
	at java.base/java.util.stream.AbstractPipeline.evaluate(AbstractPipeline.java:265) ~[na:na]
	at java.base/java.util.stream.ReferencePipeline.forEach(ReferencePipeline.java:636) ~[na:na]
	at org.junit.jupiter.engine.descriptor.ClassBasedTestDescriptor.invokeTestInstancePostProcessors(ClassBasedTestDescriptor.java:377) ~[junit-jupiter-engine-5.11.4.jar:5.11.4]
	at org.junit.jupiter.engine.descriptor.ClassBasedTestDescriptor.lambda$instantiateAndPostProcessTestInstance$7(ClassBasedTestDescriptor.java:290) ~[junit-jupiter-engine-5.11.4.jar:5.11.4]
	at org.junit.platform.engine.support.hierarchical.ThrowableCollector.execute(ThrowableCollector.java:73) ~[junit-platform-engine-1.11.4.jar:1.11.4]
	at org.junit.jupiter.engine.descriptor.ClassBasedTestDescriptor.instantiateAndPostProcessTestInstance(ClassBasedTestDescriptor.java:289) ~[junit-jupiter-engine-5.11.4.jar:5.11.4]
	at org.junit.jupiter.engine.descriptor.ClassBasedTestDescriptor.lambda$testInstancesProvider$5(ClassBasedTestDescriptor.java:279) ~[junit-jupiter-engine-5.11.4.jar:5.11.4]
	at java.base/java.util.Optional.orElseGet(Optional.java:364) ~[na:na]
	at org.junit.jupiter.engine.descriptor.ClassBasedTestDescriptor.lambda$testInstancesProvider$6(ClassBasedTestDescriptor.java:278) ~[junit-jupiter-engine-5.11.4.jar:5.11.4]
	at org.junit.jupiter.engine.execution.TestInstancesProvider.getTestInstances(TestInstancesProvider.java:31) ~[junit-jupiter-engine-5.11.4.jar:5.11.4]
	at org.junit.jupiter.engine.descriptor.TestMethodTestDescriptor.lambda$prepare$1(TestMethodTestDescriptor.java:105) ~[junit-jupiter-engine-5.11.4.jar:5.11.4]
	at org.junit.platform.engine.support.hierarchical.ThrowableCollector.execute(ThrowableCollector.java:73) ~[junit-platform-engine-1.11.4.jar:1.11.4]
	at org.junit.jupiter.engine.descriptor.TestMethodTestDescriptor.prepare(TestMethodTestDescriptor.java:104) ~[junit-jupiter-engine-5.11.4.jar:5.11.4]
	at org.junit.jupiter.engine.descriptor.TestMethodTestDescriptor.prepare(TestMethodTestDescriptor.java:68) ~[junit-jupiter-engine-5.11.4.jar:5.11.4]
	at org.junit.platform.engine.support.hierarchical.NodeTestTask.lambda$prepare$2(NodeTestTask.java:128) ~[junit-platform-engine-1.11.4.jar:1.11.4]
	at org.junit.platform.engine.support.hierarchical.ThrowableCollector.execute(ThrowableCollector.java:73) ~[junit-platform-engine-1.11.4.jar:1.11.4]
	at org.junit.platform.engine.support.hierarchical.NodeTestTask.prepare(NodeTestTask.java:128) ~[junit-platform-engine-1.11.4.jar:1.11.4]
	at org.junit.platform.engine.support.hierarchical.NodeTestTask.execute(NodeTestTask.java:95) ~[junit-platform-engine-1.11.4.jar:1.11.4]
	at java.base/java.util.ArrayList.forEach(ArrayList.java:1597) ~[na:na]
	at org.junit.platform.engine.support.hierarchical.SameThreadHierarchicalTestExecutorService.invokeAll(SameThreadHierarchicalTestExecutorService.java:41) ~[junit-platform-engine-1.11.4.jar:1.11.4]
	at org.junit.platform.engine.support.hierarchical.NodeTestTask.lambda$executeRecursively$6(NodeTestTask.java:160) ~[junit-platform-engine-1.11.4.jar:1.11.4]
	at org.junit.platform.engine.support.hierarchical.ThrowableCollector.execute(ThrowableCollector.java:73) ~[junit-platform-engine-1.11.4.jar:1.11.4]
	at org.junit.platform.engine.support.hierarchical.NodeTestTask.lambda$executeRecursively$8(NodeTestTask.java:146) ~[junit-platform-engine-1.11.4.jar:1.11.4]
	at org.junit.platform.engine.support.hierarchical.Node.around(Node.java:137) ~[junit-platform-engine-1.11.4.jar:1.11.4]
	at org.junit.platform.engine.support.hierarchical.NodeTestTask.lambda$executeRecursively$9(NodeTestTask.java:144) ~[junit-platform-engine-1.11.4.jar:1.11.4]
	at org.junit.platform.engine.support.hierarchical.ThrowableCollector.execute(ThrowableCollector.java:73) ~[junit-platform-engine-1.11.4.jar:1.11.4]
	at org.junit.platform.engine.support.hierarchical.NodeTestTask.executeRecursively(NodeTestTask.java:143) ~[junit-platform-engine-1.11.4.jar:1.11.4]
	at org.junit.platform.engine.support.hierarchical.NodeTestTask.execute(NodeTestTask.java:100) ~[junit-platform-engine-1.11.4.jar:1.11.4]
	at java.base/java.util.ArrayList.forEach(ArrayList.java:1597) ~[na:na]
	at org.junit.platform.engine.support.hierarchical.SameThreadHierarchicalTestExecutorService.invokeAll(SameThreadHierarchicalTestExecutorService.java:41) ~[junit-platform-engine-1.11.4.jar:1.11.4]
	at org.junit.platform.engine.support.hierarchical.NodeTestTask.lambda$executeRecursively$6(NodeTestTask.java:160) ~[junit-platform-engine-1.11.4.jar:1.11.4]
	at org.junit.platform.engine.support.hierarchical.ThrowableCollector.execute(ThrowableCollector.java:73) ~[junit-platform-engine-1.11.4.jar:1.11.4]
	at org.junit.platform.engine.support.hierarchical.NodeTestTask.lambda$executeRecursively$8(NodeTestTask.java:146) ~[junit-platform-engine-1.11.4.jar:1.11.4]
	at org.junit.platform.engine.support.hierarchical.Node.around(Node.java:137) ~[junit-platform-engine-1.11.4.jar:1.11.4]
	at org.junit.platform.engine.support.hierarchical.NodeTestTask.lambda$executeRecursively$9(NodeTestTask.java:144) ~[junit-platform-engine-1.11.4.jar:1.11.4]
	at org.junit.platform.engine.support.hierarchical.ThrowableCollector.execute(ThrowableCollector.java:73) ~[junit-platform-engine-1.11.4.jar:1.11.4]
	at org.junit.platform.engine.support.hierarchical.NodeTestTask.executeRecursively(NodeTestTask.java:143) ~[junit-platform-engine-1.11.4.jar:1.11.4]
	at org.junit.platform.engine.support.hierarchical.NodeTestTask.execute(NodeTestTask.java:100) ~[junit-platform-engine-1.11.4.jar:1.11.4]
	at org.junit.platform.engine.support.hierarchical.SameThreadHierarchicalTestExecutorService.submit(SameThreadHierarchicalTestExecutorService.java:35) ~[junit-platform-engine-1.11.4.jar:1.11.4]
	at org.junit.platform.engine.support.hierarchical.HierarchicalTestExecutor.execute(HierarchicalTestExecutor.java:57) ~[junit-platform-engine-1.11.4.jar:1.11.4]
	at org.junit.platform.engine.support.hierarchical.HierarchicalTestEngine.execute(HierarchicalTestEngine.java:54) ~[junit-platform-engine-1.11.4.jar:1.11.4]
	at org.junit.platform.launcher.core.EngineExecutionOrchestrator.execute(EngineExecutionOrchestrator.java:198) ~[junit-platform-launcher-1.11.4.jar:1.11.4]
	at org.junit.platform.launcher.core.EngineExecutionOrchestrator.execute(EngineExecutionOrchestrator.java:169) ~[junit-platform-launcher-1.11.4.jar:1.11.4]
	at org.junit.platform.launcher.core.EngineExecutionOrchestrator.execute(EngineExecutionOrchestrator.java:93) ~[junit-platform-launcher-1.11.4.jar:1.11.4]
	at org.junit.platform.launcher.core.EngineExecutionOrchestrator.lambda$execute$0(EngineExecutionOrchestrator.java:58) ~[junit-platform-launcher-1.11.4.jar:1.11.4]
	at org.junit.platform.launcher.core.EngineExecutionOrchestrator.withInterceptedStreams(EngineExecutionOrchestrator.java:141) ~[junit-platform-launcher-1.11.4.jar:1.11.4]
	at org.junit.platform.launcher.core.EngineExecutionOrchestrator.execute(EngineExecutionOrchestrator.java:57) ~[junit-platform-launcher-1.11.4.jar:1.11.4]
	at org.junit.platform.launcher.core.DefaultLauncher.execute(DefaultLauncher.java:103) ~[junit-platform-launcher-1.11.4.jar:1.11.4]
	at org.junit.platform.launcher.core.DefaultLauncher.execute(DefaultLauncher.java:85) ~[junit-platform-launcher-1.11.4.jar:1.11.4]
	at org.junit.platform.launcher.core.DelegatingLauncher.execute(DelegatingLauncher.java:47) ~[junit-platform-launcher-1.11.4.jar:1.11.4]
	at org.apache.maven.surefire.junitplatform.LazyLauncher.execute(LazyLauncher.java:56) ~[surefire-junit-platform-3.5.2.jar:3.5.2]
	at org.apache.maven.surefire.junitplatform.JUnitPlatformProvider.execute(JUnitPlatformProvider.java:184) ~[surefire-junit-platform-3.5.2.jar:3.5.2]
	at org.apache.maven.surefire.junitplatform.JUnitPlatformProvider.invokeAllTests(JUnitPlatformProvider.java:148) ~[surefire-junit-platform-3.5.2.jar:3.5.2]
	at org.apache.maven.surefire.junitplatform.JUnitPlatformProvider.invoke(JUnitPlatformProvider.java:122) ~[surefire-junit-platform-3.5.2.jar:3.5.2]
	at org.apache.maven.surefire.booter.ForkedBooter.runSuitesInProcess(ForkedBooter.java:385) ~[surefire-booter-3.5.2.jar:3.5.2]
	at org.apache.maven.surefire.booter.ForkedBooter.execute(ForkedBooter.java:162) ~[surefire-booter-3.5.2.jar:3.5.2]
	at org.apache.maven.surefire.booter.ForkedBooter.run(ForkedBooter.java:507) ~[surefire-booter-3.5.2.jar:3.5.2]
	at org.apache.maven.surefire.booter.ForkedBooter.main(ForkedBooter.java:495) ~[surefire-booter-3.5.2.jar:3.5.2]

2025-03-19T21:42:07.033-05:00 DEBUG 80480 --- [flight-booking] [           main] cResourceLocalTransactionCoordinatorImpl : JDBC transaction marked for rollback-only (exception provided for stack trace)

java.lang.Exception: exception just for purpose of providing stack trace
	at org.hibernate.resource.transaction.backend.jdbc.internal.JdbcResourceLocalTransactionCoordinatorImpl$TransactionDriverControlImpl.markRollbackOnly(JdbcResourceLocalTransactionCoordinatorImpl.java:309) ~[hibernate-core-6.6.8.Final.jar:6.6.8.Final]
	at org.hibernate.internal.AbstractSharedSessionContract.buildNamedQuery(AbstractSharedSessionContract.java:1141) ~[hibernate-core-6.6.8.Final.jar:6.6.8.Final]
	at org.hibernate.internal.AbstractSharedSessionContract.createNamedQuery(AbstractSharedSessionContract.java:1019) ~[hibernate-core-6.6.8.Final.jar:6.6.8.Final]
	at org.hibernate.internal.AbstractSharedSessionContract.createNamedQuery(AbstractSharedSessionContract.java:143) ~[hibernate-core-6.6.8.Final.jar:6.6.8.Final]
	at java.base/jdk.internal.reflect.DirectMethodHandleAccessor.invoke(DirectMethodHandleAccessor.java:103) ~[na:na]
	at java.base/java.lang.reflect.Method.invoke(Method.java:580) ~[na:na]
	at org.springframework.orm.jpa.ExtendedEntityManagerCreator$ExtendedEntityManagerInvocationHandler.invoke(ExtendedEntityManagerCreator.java:364) ~[spring-orm-6.2.3.jar:6.2.3]
	at jdk.proxy2/jdk.proxy2.$Proxy140.createNamedQuery(Unknown Source) ~[na:na]
	at org.springframework.data.jpa.repository.query.NamedQuery.hasNamedQuery(NamedQuery.java:114) ~[spring-data-jpa-3.4.3.jar:3.4.3]
	at org.springframework.data.jpa.repository.query.NamedQuery.lookupFrom(NamedQuery.java:140) ~[spring-data-jpa-3.4.3.jar:3.4.3]
	at org.springframework.data.jpa.repository.query.JpaQueryLookupStrategy$DeclaredQueryLookupStrategy.resolveQuery(JpaQueryLookupStrategy.java:184) ~[spring-data-jpa-3.4.3.jar:3.4.3]
	at org.springframework.data.jpa.repository.query.JpaQueryLookupStrategy$CreateIfNotFoundQueryLookupStrategy.resolveQuery(JpaQueryLookupStrategy.java:256) ~[spring-data-jpa-3.4.3.jar:3.4.3]
	at org.springframework.data.jpa.repository.query.JpaQueryLookupStrategy$AbstractQueryLookupStrategy.resolveQuery(JpaQueryLookupStrategy.java:99) ~[spring-data-jpa-3.4.3.jar:3.4.3]
	at org.springframework.data.repository.core.support.QueryExecutorMethodInterceptor.lookupQuery(QueryExecutorMethodInterceptor.java:116) ~[spring-data-commons-3.4.3.jar:3.4.3]
	at org.springframework.data.repository.core.support.QueryExecutorMethodInterceptor.mapMethodsToQuery(QueryExecutorMethodInterceptor.java:104) ~[spring-data-commons-3.4.3.jar:3.4.3]
	at org.springframework.data.repository.core.support.QueryExecutorMethodInterceptor.lambda$new$0(QueryExecutorMethodInterceptor.java:92) ~[spring-data-commons-3.4.3.jar:3.4.3]
	at java.base/java.util.Optional.map(Optional.java:260) ~[na:na]
	at org.springframework.data.repository.core.support.QueryExecutorMethodInterceptor.<init>(QueryExecutorMethodInterceptor.java:92) ~[spring-data-commons-3.4.3.jar:3.4.3]
	at org.springframework.data.repository.core.support.RepositoryFactorySupport.getRepository(RepositoryFactorySupport.java:440) ~[spring-data-commons-3.4.3.jar:3.4.3]
	at org.springframework.data.repository.core.support.RepositoryFactoryBeanSupport.lambda$afterPropertiesSet$4(RepositoryFactoryBeanSupport.java:350) ~[spring-data-commons-3.4.3.jar:3.4.3]
	at org.springframework.data.util.Lazy.getNullable(Lazy.java:135) ~[spring-data-commons-3.4.3.jar:3.4.3]
	at org.springframework.data.util.Lazy.get(Lazy.java:113) ~[spring-data-commons-3.4.3.jar:3.4.3]
	at org.springframework.data.repository.core.support.RepositoryFactoryBeanSupport.afterPropertiesSet(RepositoryFactoryBeanSupport.java:356) ~[spring-data-commons-3.4.3.jar:3.4.3]
	at org.springframework.data.jpa.repository.support.JpaRepositoryFactoryBean.afterPropertiesSet(JpaRepositoryFactoryBean.java:132) ~[spring-data-jpa-3.4.3.jar:3.4.3]
	at org.springframework.beans.factory.support.AbstractAutowireCapableBeanFactory.invokeInitMethods(AbstractAutowireCapableBeanFactory.java:1859) ~[spring-beans-6.2.3.jar:6.2.3]
	at org.springframework.beans.factory.support.AbstractAutowireCapableBeanFactory.initializeBean(AbstractAutowireCapableBeanFactory.java:1808) ~[spring-beans-6.2.3.jar:6.2.3]
	at org.springframework.beans.factory.support.AbstractAutowireCapableBeanFactory.doCreateBean(AbstractAutowireCapableBeanFactory.java:601) ~[spring-beans-6.2.3.jar:6.2.3]
	at org.springframework.beans.factory.support.AbstractAutowireCapableBeanFactory.createBean(AbstractAutowireCapableBeanFactory.java:523) ~[spring-beans-6.2.3.jar:6.2.3]
	at org.springframework.beans.factory.support.AbstractBeanFactory.lambda$doGetBean$0(AbstractBeanFactory.java:339) ~[spring-beans-6.2.3.jar:6.2.3]
	at org.springframework.beans.factory.support.DefaultSingletonBeanRegistry.getSingleton(DefaultSingletonBeanRegistry.java:346) ~[spring-beans-6.2.3.jar:6.2.3]
	at org.springframework.beans.factory.support.AbstractBeanFactory.doGetBean(AbstractBeanFactory.java:337) ~[spring-beans-6.2.3.jar:6.2.3]
	at org.springframework.beans.factory.support.AbstractBeanFactory.getBean(AbstractBeanFactory.java:202) ~[spring-beans-6.2.3.jar:6.2.3]
	at org.springframework.beans.factory.support.DefaultListableBeanFactory.doResolveDependency(DefaultListableBeanFactory.java:1606) ~[spring-beans-6.2.3.jar:6.2.3]
	at org.springframework.beans.factory.support.DefaultListableBeanFactory.resolveDependency(DefaultListableBeanFactory.java:1552) ~[spring-beans-6.2.3.jar:6.2.3]
	at org.springframework.beans.factory.support.ConstructorResolver.resolveAutowiredArgument(ConstructorResolver.java:913) ~[spring-beans-6.2.3.jar:6.2.3]
	at org.springframework.beans.factory.support.ConstructorResolver.createArgumentArray(ConstructorResolver.java:791) ~[spring-beans-6.2.3.jar:6.2.3]
	at org.springframework.beans.factory.support.ConstructorResolver.autowireConstructor(ConstructorResolver.java:240) ~[spring-beans-6.2.3.jar:6.2.3]
	at org.springframework.beans.factory.support.AbstractAutowireCapableBeanFactory.autowireConstructor(AbstractAutowireCapableBeanFactory.java:1381) ~[spring-beans-6.2.3.jar:6.2.3]
	at org.springframework.beans.factory.support.AbstractAutowireCapableBeanFactory.createBeanInstance(AbstractAutowireCapableBeanFactory.java:1218) ~[spring-beans-6.2.3.jar:6.2.3]
	at org.springframework.beans.factory.support.AbstractAutowireCapableBeanFactory.doCreateBean(AbstractAutowireCapableBeanFactory.java:563) ~[spring-beans-6.2.3.jar:6.2.3]
	at org.springframework.beans.factory.support.AbstractAutowireCapableBeanFactory.createBean(AbstractAutowireCapableBeanFactory.java:523) ~[spring-beans-6.2.3.jar:6.2.3]
	at org.springframework.beans.factory.support.AbstractBeanFactory.lambda$doGetBean$0(AbstractBeanFactory.java:339) ~[spring-beans-6.2.3.jar:6.2.3]
	at org.springframework.beans.factory.support.DefaultSingletonBeanRegistry.getSingleton(DefaultSingletonBeanRegistry.java:346) ~[spring-beans-6.2.3.jar:6.2.3]
	at org.springframework.beans.factory.support.AbstractBeanFactory.doGetBean(AbstractBeanFactory.java:337) ~[spring-beans-6.2.3.jar:6.2.3]
	at org.springframework.beans.factory.support.AbstractBeanFactory.getBean(AbstractBeanFactory.java:202) ~[spring-beans-6.2.3.jar:6.2.3]
	at org.springframework.beans.factory.support.DefaultListableBeanFactory.doResolveDependency(DefaultListableBeanFactory.java:1606) ~[spring-beans-6.2.3.jar:6.2.3]
	at org.springframework.beans.factory.support.DefaultListableBeanFactory.resolveDependency(DefaultListableBeanFactory.java:1552) ~[spring-beans-6.2.3.jar:6.2.3]
	at org.springframework.beans.factory.support.ConstructorResolver.resolveAutowiredArgument(ConstructorResolver.java:913) ~[spring-beans-6.2.3.jar:6.2.3]
	at org.springframework.beans.factory.support.ConstructorResolver.createArgumentArray(ConstructorResolver.java:791) ~[spring-beans-6.2.3.jar:6.2.3]
	at org.springframework.beans.factory.support.ConstructorResolver.autowireConstructor(ConstructorResolver.java:240) ~[spring-beans-6.2.3.jar:6.2.3]
	at org.springframework.beans.factory.support.AbstractAutowireCapableBeanFactory.autowireConstructor(AbstractAutowireCapableBeanFactory.java:1381) ~[spring-beans-6.2.3.jar:6.2.3]
	at org.springframework.beans.factory.support.AbstractAutowireCapableBeanFactory.createBeanInstance(AbstractAutowireCapableBeanFactory.java:1218) ~[spring-beans-6.2.3.jar:6.2.3]
	at org.springframework.beans.factory.support.AbstractAutowireCapableBeanFactory.doCreateBean(AbstractAutowireCapableBeanFactory.java:563) ~[spring-beans-6.2.3.jar:6.2.3]
	at org.springframework.beans.factory.support.AbstractAutowireCapableBeanFactory.createBean(AbstractAutowireCapableBeanFactory.java:523) ~[spring-beans-6.2.3.jar:6.2.3]
	at org.springframework.beans.factory.support.AbstractBeanFactory.lambda$doGetBean$0(AbstractBeanFactory.java:339) ~[spring-beans-6.2.3.jar:6.2.3]
	at org.springframework.beans.factory.support.DefaultSingletonBeanRegistry.getSingleton(DefaultSingletonBeanRegistry.java:346) ~[spring-beans-6.2.3.jar:6.2.3]
	at org.springframework.beans.factory.support.AbstractBeanFactory.doGetBean(AbstractBeanFactory.java:337) ~[spring-beans-6.2.3.jar:6.2.3]
	at org.springframework.beans.factory.support.AbstractBeanFactory.getBean(AbstractBeanFactory.java:202) ~[spring-beans-6.2.3.jar:6.2.3]
	at org.springframework.beans.factory.support.DefaultListableBeanFactory.instantiateSingleton(DefaultListableBeanFactory.java:1155) ~[spring-beans-6.2.3.jar:6.2.3]
	at org.springframework.beans.factory.support.DefaultListableBeanFactory.preInstantiateSingleton(DefaultListableBeanFactory.java:1121) ~[spring-beans-6.2.3.jar:6.2.3]
	at org.springframework.beans.factory.support.DefaultListableBeanFactory.preInstantiateSingletons(DefaultListableBeanFactory.java:1056) ~[spring-beans-6.2.3.jar:6.2.3]
	at org.springframework.context.support.AbstractApplicationContext.finishBeanFactoryInitialization(AbstractApplicationContext.java:987) ~[spring-context-6.2.3.jar:6.2.3]
	at org.springframework.context.support.AbstractApplicationContext.refresh(AbstractApplicationContext.java:627) ~[spring-context-6.2.3.jar:6.2.3]
	at org.springframework.boot.SpringApplication.refresh(SpringApplication.java:752) ~[spring-boot-3.4.3.jar:3.4.3]
	at org.springframework.boot.SpringApplication.refreshContext(SpringApplication.java:439) ~[spring-boot-3.4.3.jar:3.4.3]
	at org.springframework.boot.SpringApplication.run(SpringApplication.java:318) ~[spring-boot-3.4.3.jar:3.4.3]
	at org.springframework.boot.test.context.SpringBootContextLoader.lambda$loadContext$3(SpringBootContextLoader.java:137) ~[spring-boot-test-3.4.3.jar:3.4.3]
	at org.springframework.util.function.ThrowingSupplier.get(ThrowingSupplier.java:58) ~[spring-core-6.2.3.jar:6.2.3]
	at org.springframework.util.function.ThrowingSupplier.get(ThrowingSupplier.java:46) ~[spring-core-6.2.3.jar:6.2.3]
	at org.springframework.boot.SpringApplication.withHook(SpringApplication.java:1461) ~[spring-boot-3.4.3.jar:3.4.3]
	at org.springframework.boot.test.context.SpringBootContextLoader$ContextLoaderHook.run(SpringBootContextLoader.java:553) ~[spring-boot-test-3.4.3.jar:3.4.3]
	at org.springframework.boot.test.context.SpringBootContextLoader.loadContext(SpringBootContextLoader.java:137) ~[spring-boot-test-3.4.3.jar:3.4.3]
	at org.springframework.boot.test.context.SpringBootContextLoader.loadContext(SpringBootContextLoader.java:108) ~[spring-boot-test-3.4.3.jar:3.4.3]
	at org.springframework.test.context.cache.DefaultCacheAwareContextLoaderDelegate.loadContextInternal(DefaultCacheAwareContextLoaderDelegate.java:225) ~[spring-test-6.2.3.jar:6.2.3]
	at org.springframework.test.context.cache.DefaultCacheAwareContextLoaderDelegate.loadContext(DefaultCacheAwareContextLoaderDelegate.java:152) ~[spring-test-6.2.3.jar:6.2.3]
	at org.springframework.test.context.support.DefaultTestContext.getApplicationContext(DefaultTestContext.java:130) ~[spring-test-6.2.3.jar:6.2.3]
	at org.springframework.test.context.web.ServletTestExecutionListener.setUpRequestContextIfNecessary(ServletTestExecutionListener.java:200) ~[spring-test-6.2.3.jar:6.2.3]
	at org.springframework.test.context.web.ServletTestExecutionListener.prepareTestInstance(ServletTestExecutionListener.java:139) ~[spring-test-6.2.3.jar:6.2.3]
	at org.springframework.test.context.TestContextManager.prepareTestInstance(TestContextManager.java:260) ~[spring-test-6.2.3.jar:6.2.3]
	at org.springframework.test.context.junit.jupiter.SpringExtension.postProcessTestInstance(SpringExtension.java:160) ~[spring-test-6.2.3.jar:6.2.3]
	at org.junit.jupiter.engine.descriptor.ClassBasedTestDescriptor.lambda$invokeTestInstancePostProcessors$11(ClassBasedTestDescriptor.java:378) ~[junit-jupiter-engine-5.11.4.jar:5.11.4]
	at org.junit.jupiter.engine.descriptor.ClassBasedTestDescriptor.executeAndMaskThrowable(ClassBasedTestDescriptor.java:383) ~[junit-jupiter-engine-5.11.4.jar:5.11.4]
	at org.junit.jupiter.engine.descriptor.ClassBasedTestDescriptor.lambda$invokeTestInstancePostProcessors$12(ClassBasedTestDescriptor.java:378) ~[junit-jupiter-engine-5.11.4.jar:5.11.4]
	at java.base/java.util.stream.ForEachOps$ForEachOp$OfRef.accept(ForEachOps.java:184) ~[na:na]
	at java.base/java.util.stream.ReferencePipeline$3$1.accept(ReferencePipeline.java:215) ~[na:na]
	at java.base/java.util.stream.ReferencePipeline$2$1.accept(ReferencePipeline.java:197) ~[na:na]
	at java.base/java.util.stream.ReferencePipeline$3$1.accept(ReferencePipeline.java:215) ~[na:na]
	at java.base/java.util.ArrayList$ArrayListSpliterator.forEachRemaining(ArrayList.java:1709) ~[na:na]
	at java.base/java.util.stream.AbstractPipeline.copyInto(AbstractPipeline.java:570) ~[na:na]
	at java.base/java.util.stream.AbstractPipeline.wrapAndCopyInto(AbstractPipeline.java:560) ~[na:na]
	at java.base/java.util.stream.ForEachOps$ForEachOp.evaluateSequential(ForEachOps.java:151) ~[na:na]
	at java.base/java.util.stream.ForEachOps$ForEachOp$OfRef.evaluateSequential(ForEachOps.java:174) ~[na:na]
	at java.base/java.util.stream.AbstractPipeline.evaluate(AbstractPipeline.java:265) ~[na:na]
	at java.base/java.util.stream.ReferencePipeline.forEach(ReferencePipeline.java:636) ~[na:na]
	at org.junit.jupiter.engine.descriptor.ClassBasedTestDescriptor.invokeTestInstancePostProcessors(ClassBasedTestDescriptor.java:377) ~[junit-jupiter-engine-5.11.4.jar:5.11.4]
	at org.junit.jupiter.engine.descriptor.ClassBasedTestDescriptor.lambda$instantiateAndPostProcessTestInstance$7(ClassBasedTestDescriptor.java:290) ~[junit-jupiter-engine-5.11.4.jar:5.11.4]
	at org.junit.platform.engine.support.hierarchical.ThrowableCollector.execute(ThrowableCollector.java:73) ~[junit-platform-engine-1.11.4.jar:1.11.4]
	at org.junit.jupiter.engine.descriptor.ClassBasedTestDescriptor.instantiateAndPostProcessTestInstance(ClassBasedTestDescriptor.java:289) ~[junit-jupiter-engine-5.11.4.jar:5.11.4]
	at org.junit.jupiter.engine.descriptor.ClassBasedTestDescriptor.lambda$testInstancesProvider$5(ClassBasedTestDescriptor.java:279) ~[junit-jupiter-engine-5.11.4.jar:5.11.4]
	at java.base/java.util.Optional.orElseGet(Optional.java:364) ~[na:na]
	at org.junit.jupiter.engine.descriptor.ClassBasedTestDescriptor.lambda$testInstancesProvider$6(ClassBasedTestDescriptor.java:278) ~[junit-jupiter-engine-5.11.4.jar:5.11.4]
	at org.junit.jupiter.engine.execution.TestInstancesProvider.getTestInstances(TestInstancesProvider.java:31) ~[junit-jupiter-engine-5.11.4.jar:5.11.4]
	at org.junit.jupiter.engine.descriptor.TestMethodTestDescriptor.lambda$prepare$1(TestMethodTestDescriptor.java:105) ~[junit-jupiter-engine-5.11.4.jar:5.11.4]
	at org.junit.platform.engine.support.hierarchical.ThrowableCollector.execute(ThrowableCollector.java:73) ~[junit-platform-engine-1.11.4.jar:1.11.4]
	at org.junit.jupiter.engine.descriptor.TestMethodTestDescriptor.prepare(TestMethodTestDescriptor.java:104) ~[junit-jupiter-engine-5.11.4.jar:5.11.4]
	at org.junit.jupiter.engine.descriptor.TestMethodTestDescriptor.prepare(TestMethodTestDescriptor.java:68) ~[junit-jupiter-engine-5.11.4.jar:5.11.4]
	at org.junit.platform.engine.support.hierarchical.NodeTestTask.lambda$prepare$2(NodeTestTask.java:128) ~[junit-platform-engine-1.11.4.jar:1.11.4]
	at org.junit.platform.engine.support.hierarchical.ThrowableCollector.execute(ThrowableCollector.java:73) ~[junit-platform-engine-1.11.4.jar:1.11.4]
	at org.junit.platform.engine.support.hierarchical.NodeTestTask.prepare(NodeTestTask.java:128) ~[junit-platform-engine-1.11.4.jar:1.11.4]
	at org.junit.platform.engine.support.hierarchical.NodeTestTask.execute(NodeTestTask.java:95) ~[junit-platform-engine-1.11.4.jar:1.11.4]
	at java.base/java.util.ArrayList.forEach(ArrayList.java:1597) ~[na:na]
	at org.junit.platform.engine.support.hierarchical.SameThreadHierarchicalTestExecutorService.invokeAll(SameThreadHierarchicalTestExecutorService.java:41) ~[junit-platform-engine-1.11.4.jar:1.11.4]
	at org.junit.platform.engine.support.hierarchical.NodeTestTask.lambda$executeRecursively$6(NodeTestTask.java:160) ~[junit-platform-engine-1.11.4.jar:1.11.4]
	at org.junit.platform.engine.support.hierarchical.ThrowableCollector.execute(ThrowableCollector.java:73) ~[junit-platform-engine-1.11.4.jar:1.11.4]
	at org.junit.platform.engine.support.hierarchical.NodeTestTask.lambda$executeRecursively$8(NodeTestTask.java:146) ~[junit-platform-engine-1.11.4.jar:1.11.4]
	at org.junit.platform.engine.support.hierarchical.Node.around(Node.java:137) ~[junit-platform-engine-1.11.4.jar:1.11.4]
	at org.junit.platform.engine.support.hierarchical.NodeTestTask.lambda$executeRecursively$9(NodeTestTask.java:144) ~[junit-platform-engine-1.11.4.jar:1.11.4]
	at org.junit.platform.engine.support.hierarchical.ThrowableCollector.execute(ThrowableCollector.java:73) ~[junit-platform-engine-1.11.4.jar:1.11.4]
	at org.junit.platform.engine.support.hierarchical.NodeTestTask.executeRecursively(NodeTestTask.java:143) ~[junit-platform-engine-1.11.4.jar:1.11.4]
	at org.junit.platform.engine.support.hierarchical.NodeTestTask.execute(NodeTestTask.java:100) ~[junit-platform-engine-1.11.4.jar:1.11.4]
	at java.base/java.util.ArrayList.forEach(ArrayList.java:1597) ~[na:na]
	at org.junit.platform.engine.support.hierarchical.SameThreadHierarchicalTestExecutorService.invokeAll(SameThreadHierarchicalTestExecutorService.java:41) ~[junit-platform-engine-1.11.4.jar:1.11.4]
	at org.junit.platform.engine.support.hierarchical.NodeTestTask.lambda$executeRecursively$6(NodeTestTask.java:160) ~[junit-platform-engine-1.11.4.jar:1.11.4]
	at org.junit.platform.engine.support.hierarchical.ThrowableCollector.execute(ThrowableCollector.java:73) ~[junit-platform-engine-1.11.4.jar:1.11.4]
	at org.junit.platform.engine.support.hierarchical.NodeTestTask.lambda$executeRecursively$8(NodeTestTask.java:146) ~[junit-platform-engine-1.11.4.jar:1.11.4]
	at org.junit.platform.engine.support.hierarchical.Node.around(Node.java:137) ~[junit-platform-engine-1.11.4.jar:1.11.4]
	at org.junit.platform.engine.support.hierarchical.NodeTestTask.lambda$executeRecursively$9(NodeTestTask.java:144) ~[junit-platform-engine-1.11.4.jar:1.11.4]
	at org.junit.platform.engine.support.hierarchical.ThrowableCollector.execute(ThrowableCollector.java:73) ~[junit-platform-engine-1.11.4.jar:1.11.4]
	at org.junit.platform.engine.support.hierarchical.NodeTestTask.executeRecursively(NodeTestTask.java:143) ~[junit-platform-engine-1.11.4.jar:1.11.4]
	at org.junit.platform.engine.support.hierarchical.NodeTestTask.execute(NodeTestTask.java:100) ~[junit-platform-engine-1.11.4.jar:1.11.4]
	at org.junit.platform.engine.support.hierarchical.SameThreadHierarchicalTestExecutorService.submit(SameThreadHierarchicalTestExecutorService.java:35) ~[junit-platform-engine-1.11.4.jar:1.11.4]
	at org.junit.platform.engine.support.hierarchical.HierarchicalTestExecutor.execute(HierarchicalTestExecutor.java:57) ~[junit-platform-engine-1.11.4.jar:1.11.4]
	at org.junit.platform.engine.support.hierarchical.HierarchicalTestEngine.execute(HierarchicalTestEngine.java:54) ~[junit-platform-engine-1.11.4.jar:1.11.4]
	at org.junit.platform.launcher.core.EngineExecutionOrchestrator.execute(EngineExecutionOrchestrator.java:198) ~[junit-platform-launcher-1.11.4.jar:1.11.4]
	at org.junit.platform.launcher.core.EngineExecutionOrchestrator.execute(EngineExecutionOrchestrator.java:169) ~[junit-platform-launcher-1.11.4.jar:1.11.4]
	at org.junit.platform.launcher.core.EngineExecutionOrchestrator.execute(EngineExecutionOrchestrator.java:93) ~[junit-platform-launcher-1.11.4.jar:1.11.4]
	at org.junit.platform.launcher.core.EngineExecutionOrchestrator.lambda$execute$0(EngineExecutionOrchestrator.java:58) ~[junit-platform-launcher-1.11.4.jar:1.11.4]
	at org.junit.platform.launcher.core.EngineExecutionOrchestrator.withInterceptedStreams(EngineExecutionOrchestrator.java:141) ~[junit-platform-launcher-1.11.4.jar:1.11.4]
	at org.junit.platform.launcher.core.EngineExecutionOrchestrator.execute(EngineExecutionOrchestrator.java:57) ~[junit-platform-launcher-1.11.4.jar:1.11.4]
	at org.junit.platform.launcher.core.DefaultLauncher.execute(DefaultLauncher.java:103) ~[junit-platform-launcher-1.11.4.jar:1.11.4]
	at org.junit.platform.launcher.core.DefaultLauncher.execute(DefaultLauncher.java:85) ~[junit-platform-launcher-1.11.4.jar:1.11.4]
	at org.junit.platform.launcher.core.DelegatingLauncher.execute(DelegatingLauncher.java:47) ~[junit-platform-launcher-1.11.4.jar:1.11.4]
	at org.apache.maven.surefire.junitplatform.LazyLauncher.execute(LazyLauncher.java:56) ~[surefire-junit-platform-3.5.2.jar:3.5.2]
	at org.apache.maven.surefire.junitplatform.JUnitPlatformProvider.execute(JUnitPlatformProvider.java:184) ~[surefire-junit-platform-3.5.2.jar:3.5.2]
	at org.apache.maven.surefire.junitplatform.JUnitPlatformProvider.invokeAllTests(JUnitPlatformProvider.java:148) ~[surefire-junit-platform-3.5.2.jar:3.5.2]
	at org.apache.maven.surefire.junitplatform.JUnitPlatformProvider.invoke(JUnitPlatformProvider.java:122) ~[surefire-junit-platform-3.5.2.jar:3.5.2]
	at org.apache.maven.surefire.booter.ForkedBooter.runSuitesInProcess(ForkedBooter.java:385) ~[surefire-booter-3.5.2.jar:3.5.2]
	at org.apache.maven.surefire.booter.ForkedBooter.execute(ForkedBooter.java:162) ~[surefire-booter-3.5.2.jar:3.5.2]
	at org.apache.maven.surefire.booter.ForkedBooter.run(ForkedBooter.java:507) ~[surefire-booter-3.5.2.jar:3.5.2]
	at org.apache.maven.surefire.booter.ForkedBooter.main(ForkedBooter.java:495) ~[surefire-booter-3.5.2.jar:3.5.2]

2025-03-19T21:42:07.067-05:00 DEBUG 80480 --- [flight-booking] [           main] cResourceLocalTransactionCoordinatorImpl : JDBC transaction marked for rollback-only (exception provided for stack trace)

java.lang.Exception: exception just for purpose of providing stack trace
	at org.hibernate.resource.transaction.backend.jdbc.internal.JdbcResourceLocalTransactionCoordinatorImpl$TransactionDriverControlImpl.markRollbackOnly(JdbcResourceLocalTransactionCoordinatorImpl.java:309) ~[hibernate-core-6.6.8.Final.jar:6.6.8.Final]
	at org.hibernate.internal.AbstractSharedSessionContract.buildNamedQuery(AbstractSharedSessionContract.java:1141) ~[hibernate-core-6.6.8.Final.jar:6.6.8.Final]
	at org.hibernate.internal.AbstractSharedSessionContract.createNamedQuery(AbstractSharedSessionContract.java:1019) ~[hibernate-core-6.6.8.Final.jar:6.6.8.Final]
	at org.hibernate.internal.AbstractSharedSessionContract.createNamedQuery(AbstractSharedSessionContract.java:143) ~[hibernate-core-6.6.8.Final.jar:6.6.8.Final]
	at java.base/jdk.internal.reflect.DirectMethodHandleAccessor.invoke(DirectMethodHandleAccessor.java:103) ~[na:na]
	at java.base/java.lang.reflect.Method.invoke(Method.java:580) ~[na:na]
	at org.springframework.orm.jpa.ExtendedEntityManagerCreator$ExtendedEntityManagerInvocationHandler.invoke(ExtendedEntityManagerCreator.java:364) ~[spring-orm-6.2.3.jar:6.2.3]
	at jdk.proxy2/jdk.proxy2.$Proxy140.createNamedQuery(Unknown Source) ~[na:na]
	at org.springframework.data.jpa.repository.query.NamedQuery.hasNamedQuery(NamedQuery.java:114) ~[spring-data-jpa-3.4.3.jar:3.4.3]
	at org.springframework.data.jpa.repository.query.NamedQuery.lookupFrom(NamedQuery.java:140) ~[spring-data-jpa-3.4.3.jar:3.4.3]
	at org.springframework.data.jpa.repository.query.JpaQueryLookupStrategy$DeclaredQueryLookupStrategy.resolveQuery(JpaQueryLookupStrategy.java:184) ~[spring-data-jpa-3.4.3.jar:3.4.3]
	at org.springframework.data.jpa.repository.query.JpaQueryLookupStrategy$CreateIfNotFoundQueryLookupStrategy.resolveQuery(JpaQueryLookupStrategy.java:256) ~[spring-data-jpa-3.4.3.jar:3.4.3]
	at org.springframework.data.jpa.repository.query.JpaQueryLookupStrategy$AbstractQueryLookupStrategy.resolveQuery(JpaQueryLookupStrategy.java:99) ~[spring-data-jpa-3.4.3.jar:3.4.3]
	at org.springframework.data.repository.core.support.QueryExecutorMethodInterceptor.lookupQuery(QueryExecutorMethodInterceptor.java:116) ~[spring-data-commons-3.4.3.jar:3.4.3]
	at org.springframework.data.repository.core.support.QueryExecutorMethodInterceptor.mapMethodsToQuery(QueryExecutorMethodInterceptor.java:104) ~[spring-data-commons-3.4.3.jar:3.4.3]
	at org.springframework.data.repository.core.support.QueryExecutorMethodInterceptor.lambda$new$0(QueryExecutorMethodInterceptor.java:92) ~[spring-data-commons-3.4.3.jar:3.4.3]
	at java.base/java.util.Optional.map(Optional.java:260) ~[na:na]
	at org.springframework.data.repository.core.support.QueryExecutorMethodInterceptor.<init>(QueryExecutorMethodInterceptor.java:92) ~[spring-data-commons-3.4.3.jar:3.4.3]
	at org.springframework.data.repository.core.support.RepositoryFactorySupport.getRepository(RepositoryFactorySupport.java:440) ~[spring-data-commons-3.4.3.jar:3.4.3]
	at org.springframework.data.repository.core.support.RepositoryFactoryBeanSupport.lambda$afterPropertiesSet$4(RepositoryFactoryBeanSupport.java:350) ~[spring-data-commons-3.4.3.jar:3.4.3]
	at org.springframework.data.util.Lazy.getNullable(Lazy.java:135) ~[spring-data-commons-3.4.3.jar:3.4.3]
	at org.springframework.data.util.Lazy.get(Lazy.java:113) ~[spring-data-commons-3.4.3.jar:3.4.3]
	at org.springframework.data.repository.core.support.RepositoryFactoryBeanSupport.afterPropertiesSet(RepositoryFactoryBeanSupport.java:356) ~[spring-data-commons-3.4.3.jar:3.4.3]
	at org.springframework.data.jpa.repository.support.JpaRepositoryFactoryBean.afterPropertiesSet(JpaRepositoryFactoryBean.java:132) ~[spring-data-jpa-3.4.3.jar:3.4.3]
	at org.springframework.beans.factory.support.AbstractAutowireCapableBeanFactory.invokeInitMethods(AbstractAutowireCapableBeanFactory.java:1859) ~[spring-beans-6.2.3.jar:6.2.3]
	at org.springframework.beans.factory.support.AbstractAutowireCapableBeanFactory.initializeBean(AbstractAutowireCapableBeanFactory.java:1808) ~[spring-beans-6.2.3.jar:6.2.3]
	at org.springframework.beans.factory.support.AbstractAutowireCapableBeanFactory.doCreateBean(AbstractAutowireCapableBeanFactory.java:601) ~[spring-beans-6.2.3.jar:6.2.3]
	at org.springframework.beans.factory.support.AbstractAutowireCapableBeanFactory.createBean(AbstractAutowireCapableBeanFactory.java:523) ~[spring-beans-6.2.3.jar:6.2.3]
	at org.springframework.beans.factory.support.AbstractBeanFactory.lambda$doGetBean$0(AbstractBeanFactory.java:339) ~[spring-beans-6.2.3.jar:6.2.3]
	at org.springframework.beans.factory.support.DefaultSingletonBeanRegistry.getSingleton(DefaultSingletonBeanRegistry.java:346) ~[spring-beans-6.2.3.jar:6.2.3]
	at org.springframework.beans.factory.support.AbstractBeanFactory.doGetBean(AbstractBeanFactory.java:337) ~[spring-beans-6.2.3.jar:6.2.3]
	at org.springframework.beans.factory.support.AbstractBeanFactory.getBean(AbstractBeanFactory.java:202) ~[spring-beans-6.2.3.jar:6.2.3]
	at org.springframework.beans.factory.support.DefaultListableBeanFactory.doResolveDependency(DefaultListableBeanFactory.java:1606) ~[spring-beans-6.2.3.jar:6.2.3]
	at org.springframework.beans.factory.support.DefaultListableBeanFactory.resolveDependency(DefaultListableBeanFactory.java:1552) ~[spring-beans-6.2.3.jar:6.2.3]
	at org.springframework.beans.factory.support.ConstructorResolver.resolveAutowiredArgument(ConstructorResolver.java:913) ~[spring-beans-6.2.3.jar:6.2.3]
	at org.springframework.beans.factory.support.ConstructorResolver.createArgumentArray(ConstructorResolver.java:791) ~[spring-beans-6.2.3.jar:6.2.3]
	at org.springframework.beans.factory.support.ConstructorResolver.autowireConstructor(ConstructorResolver.java:240) ~[spring-beans-6.2.3.jar:6.2.3]
	at org.springframework.beans.factory.support.AbstractAutowireCapableBeanFactory.autowireConstructor(AbstractAutowireCapableBeanFactory.java:1381) ~[spring-beans-6.2.3.jar:6.2.3]
	at org.springframework.beans.factory.support.AbstractAutowireCapableBeanFactory.createBeanInstance(AbstractAutowireCapableBeanFactory.java:1218) ~[spring-beans-6.2.3.jar:6.2.3]
	at org.springframework.beans.factory.support.AbstractAutowireCapableBeanFactory.doCreateBean(AbstractAutowireCapableBeanFactory.java:563) ~[spring-beans-6.2.3.jar:6.2.3]
	at org.springframework.beans.factory.support.AbstractAutowireCapableBeanFactory.createBean(AbstractAutowireCapableBeanFactory.java:523) ~[spring-beans-6.2.3.jar:6.2.3]
	at org.springframework.beans.factory.support.AbstractBeanFactory.lambda$doGetBean$0(AbstractBeanFactory.java:339) ~[spring-beans-6.2.3.jar:6.2.3]
	at org.springframework.beans.factory.support.DefaultSingletonBeanRegistry.getSingleton(DefaultSingletonBeanRegistry.java:346) ~[spring-beans-6.2.3.jar:6.2.3]
	at org.springframework.beans.factory.support.AbstractBeanFactory.doGetBean(AbstractBeanFactory.java:337) ~[spring-beans-6.2.3.jar:6.2.3]
	at org.springframework.beans.factory.support.AbstractBeanFactory.getBean(AbstractBeanFactory.java:202) ~[spring-beans-6.2.3.jar:6.2.3]
	at org.springframework.beans.factory.support.DefaultListableBeanFactory.instantiateSingleton(DefaultListableBeanFactory.java:1155) ~[spring-beans-6.2.3.jar:6.2.3]
	at org.springframework.beans.factory.support.DefaultListableBeanFactory.preInstantiateSingleton(DefaultListableBeanFactory.java:1121) ~[spring-beans-6.2.3.jar:6.2.3]
	at org.springframework.beans.factory.support.DefaultListableBeanFactory.preInstantiateSingletons(DefaultListableBeanFactory.java:1056) ~[spring-beans-6.2.3.jar:6.2.3]
	at org.springframework.context.support.AbstractApplicationContext.finishBeanFactoryInitialization(AbstractApplicationContext.java:987) ~[spring-context-6.2.3.jar:6.2.3]
	at org.springframework.context.support.AbstractApplicationContext.refresh(AbstractApplicationContext.java:627) ~[spring-context-6.2.3.jar:6.2.3]
	at org.springframework.boot.SpringApplication.refresh(SpringApplication.java:752) ~[spring-boot-3.4.3.jar:3.4.3]
	at org.springframework.boot.SpringApplication.refreshContext(SpringApplication.java:439) ~[spring-boot-3.4.3.jar:3.4.3]
	at org.springframework.boot.SpringApplication.run(SpringApplication.java:318) ~[spring-boot-3.4.3.jar:3.4.3]
	at org.springframework.boot.test.context.SpringBootContextLoader.lambda$loadContext$3(SpringBootContextLoader.java:137) ~[spring-boot-test-3.4.3.jar:3.4.3]
	at org.springframework.util.function.ThrowingSupplier.get(ThrowingSupplier.java:58) ~[spring-core-6.2.3.jar:6.2.3]
	at org.springframework.util.function.ThrowingSupplier.get(ThrowingSupplier.java:46) ~[spring-core-6.2.3.jar:6.2.3]
	at org.springframework.boot.SpringApplication.withHook(SpringApplication.java:1461) ~[spring-boot-3.4.3.jar:3.4.3]
	at org.springframework.boot.test.context.SpringBootContextLoader$ContextLoaderHook.run(SpringBootContextLoader.java:553) ~[spring-boot-test-3.4.3.jar:3.4.3]
	at org.springframework.boot.test.context.SpringBootContextLoader.loadContext(SpringBootContextLoader.java:137) ~[spring-boot-test-3.4.3.jar:3.4.3]
	at org.springframework.boot.test.context.SpringBootContextLoader.loadContext(SpringBootContextLoader.java:108) ~[spring-boot-test-3.4.3.jar:3.4.3]
	at org.springframework.test.context.cache.DefaultCacheAwareContextLoaderDelegate.loadContextInternal(DefaultCacheAwareContextLoaderDelegate.java:225) ~[spring-test-6.2.3.jar:6.2.3]
	at org.springframework.test.context.cache.DefaultCacheAwareContextLoaderDelegate.loadContext(DefaultCacheAwareContextLoaderDelegate.java:152) ~[spring-test-6.2.3.jar:6.2.3]
	at org.springframework.test.context.support.DefaultTestContext.getApplicationContext(DefaultTestContext.java:130) ~[spring-test-6.2.3.jar:6.2.3]
	at org.springframework.test.context.web.ServletTestExecutionListener.setUpRequestContextIfNecessary(ServletTestExecutionListener.java:200) ~[spring-test-6.2.3.jar:6.2.3]
	at org.springframework.test.context.web.ServletTestExecutionListener.prepareTestInstance(ServletTestExecutionListener.java:139) ~[spring-test-6.2.3.jar:6.2.3]
	at org.springframework.test.context.TestContextManager.prepareTestInstance(TestContextManager.java:260) ~[spring-test-6.2.3.jar:6.2.3]
	at org.springframework.test.context.junit.jupiter.SpringExtension.postProcessTestInstance(SpringExtension.java:160) ~[spring-test-6.2.3.jar:6.2.3]
	at org.junit.jupiter.engine.descriptor.ClassBasedTestDescriptor.lambda$invokeTestInstancePostProcessors$11(ClassBasedTestDescriptor.java:378) ~[junit-jupiter-engine-5.11.4.jar:5.11.4]
	at org.junit.jupiter.engine.descriptor.ClassBasedTestDescriptor.executeAndMaskThrowable(ClassBasedTestDescriptor.java:383) ~[junit-jupiter-engine-5.11.4.jar:5.11.4]
	at org.junit.jupiter.engine.descriptor.ClassBasedTestDescriptor.lambda$invokeTestInstancePostProcessors$12(ClassBasedTestDescriptor.java:378) ~[junit-jupiter-engine-5.11.4.jar:5.11.4]
	at java.base/java.util.stream.ForEachOps$ForEachOp$OfRef.accept(ForEachOps.java:184) ~[na:na]
	at java.base/java.util.stream.ReferencePipeline$3$1.accept(ReferencePipeline.java:215) ~[na:na]
	at java.base/java.util.stream.ReferencePipeline$2$1.accept(ReferencePipeline.java:197) ~[na:na]
	at java.base/java.util.stream.ReferencePipeline$3$1.accept(ReferencePipeline.java:215) ~[na:na]
	at java.base/java.util.ArrayList$ArrayListSpliterator.forEachRemaining(ArrayList.java:1709) ~[na:na]
	at java.base/java.util.stream.AbstractPipeline.copyInto(AbstractPipeline.java:570) ~[na:na]
	at java.base/java.util.stream.AbstractPipeline.wrapAndCopyInto(AbstractPipeline.java:560) ~[na:na]
	at java.base/java.util.stream.ForEachOps$ForEachOp.evaluateSequential(ForEachOps.java:151) ~[na:na]
	at java.base/java.util.stream.ForEachOps$ForEachOp$OfRef.evaluateSequential(ForEachOps.java:174) ~[na:na]
	at java.base/java.util.stream.AbstractPipeline.evaluate(AbstractPipeline.java:265) ~[na:na]
	at java.base/java.util.stream.ReferencePipeline.forEach(ReferencePipeline.java:636) ~[na:na]
	at org.junit.jupiter.engine.descriptor.ClassBasedTestDescriptor.invokeTestInstancePostProcessors(ClassBasedTestDescriptor.java:377) ~[junit-jupiter-engine-5.11.4.jar:5.11.4]
	at org.junit.jupiter.engine.descriptor.ClassBasedTestDescriptor.lambda$instantiateAndPostProcessTestInstance$7(ClassBasedTestDescriptor.java:290) ~[junit-jupiter-engine-5.11.4.jar:5.11.4]
	at org.junit.platform.engine.support.hierarchical.ThrowableCollector.execute(ThrowableCollector.java:73) ~[junit-platform-engine-1.11.4.jar:1.11.4]
	at org.junit.jupiter.engine.descriptor.ClassBasedTestDescriptor.instantiateAndPostProcessTestInstance(ClassBasedTestDescriptor.java:289) ~[junit-jupiter-engine-5.11.4.jar:5.11.4]
	at org.junit.jupiter.engine.descriptor.ClassBasedTestDescriptor.lambda$testInstancesProvider$5(ClassBasedTestDescriptor.java:279) ~[junit-jupiter-engine-5.11.4.jar:5.11.4]
	at java.base/java.util.Optional.orElseGet(Optional.java:364) ~[na:na]
	at org.junit.jupiter.engine.descriptor.ClassBasedTestDescriptor.lambda$testInstancesProvider$6(ClassBasedTestDescriptor.java:278) ~[junit-jupiter-engine-5.11.4.jar:5.11.4]
	at org.junit.jupiter.engine.execution.TestInstancesProvider.getTestInstances(TestInstancesProvider.java:31) ~[junit-jupiter-engine-5.11.4.jar:5.11.4]
	at org.junit.jupiter.engine.descriptor.TestMethodTestDescriptor.lambda$prepare$1(TestMethodTestDescriptor.java:105) ~[junit-jupiter-engine-5.11.4.jar:5.11.4]
	at org.junit.platform.engine.support.hierarchical.ThrowableCollector.execute(ThrowableCollector.java:73) ~[junit-platform-engine-1.11.4.jar:1.11.4]
	at org.junit.jupiter.engine.descriptor.TestMethodTestDescriptor.prepare(TestMethodTestDescriptor.java:104) ~[junit-jupiter-engine-5.11.4.jar:5.11.4]
	at org.junit.jupiter.engine.descriptor.TestMethodTestDescriptor.prepare(TestMethodTestDescriptor.java:68) ~[junit-jupiter-engine-5.11.4.jar:5.11.4]
	at org.junit.platform.engine.support.hierarchical.NodeTestTask.lambda$prepare$2(NodeTestTask.java:128) ~[junit-platform-engine-1.11.4.jar:1.11.4]
	at org.junit.platform.engine.support.hierarchical.ThrowableCollector.execute(ThrowableCollector.java:73) ~[junit-platform-engine-1.11.4.jar:1.11.4]
	at org.junit.platform.engine.support.hierarchical.NodeTestTask.prepare(NodeTestTask.java:128) ~[junit-platform-engine-1.11.4.jar:1.11.4]
	at org.junit.platform.engine.support.hierarchical.NodeTestTask.execute(NodeTestTask.java:95) ~[junit-platform-engine-1.11.4.jar:1.11.4]
	at java.base/java.util.ArrayList.forEach(ArrayList.java:1597) ~[na:na]
	at org.junit.platform.engine.support.hierarchical.SameThreadHierarchicalTestExecutorService.invokeAll(SameThreadHierarchicalTestExecutorService.java:41) ~[junit-platform-engine-1.11.4.jar:1.11.4]
	at org.junit.platform.engine.support.hierarchical.NodeTestTask.lambda$executeRecursively$6(NodeTestTask.java:160) ~[junit-platform-engine-1.11.4.jar:1.11.4]
	at org.junit.platform.engine.support.hierarchical.ThrowableCollector.execute(ThrowableCollector.java:73) ~[junit-platform-engine-1.11.4.jar:1.11.4]
	at org.junit.platform.engine.support.hierarchical.NodeTestTask.lambda$executeRecursively$8(NodeTestTask.java:146) ~[junit-platform-engine-1.11.4.jar:1.11.4]
	at org.junit.platform.engine.support.hierarchical.Node.around(Node.java:137) ~[junit-platform-engine-1.11.4.jar:1.11.4]
	at org.junit.platform.engine.support.hierarchical.NodeTestTask.lambda$executeRecursively$9(NodeTestTask.java:144) ~[junit-platform-engine-1.11.4.jar:1.11.4]
	at org.junit.platform.engine.support.hierarchical.ThrowableCollector.execute(ThrowableCollector.java:73) ~[junit-platform-engine-1.11.4.jar:1.11.4]
	at org.junit.platform.engine.support.hierarchical.NodeTestTask.executeRecursively(NodeTestTask.java:143) ~[junit-platform-engine-1.11.4.jar:1.11.4]
	at org.junit.platform.engine.support.hierarchical.NodeTestTask.execute(NodeTestTask.java:100) ~[junit-platform-engine-1.11.4.jar:1.11.4]
	at java.base/java.util.ArrayList.forEach(ArrayList.java:1597) ~[na:na]
	at org.junit.platform.engine.support.hierarchical.SameThreadHierarchicalTestExecutorService.invokeAll(SameThreadHierarchicalTestExecutorService.java:41) ~[junit-platform-engine-1.11.4.jar:1.11.4]
	at org.junit.platform.engine.support.hierarchical.NodeTestTask.lambda$executeRecursively$6(NodeTestTask.java:160) ~[junit-platform-engine-1.11.4.jar:1.11.4]
	at org.junit.platform.engine.support.hierarchical.ThrowableCollector.execute(ThrowableCollector.java:73) ~[junit-platform-engine-1.11.4.jar:1.11.4]
	at org.junit.platform.engine.support.hierarchical.NodeTestTask.lambda$executeRecursively$8(NodeTestTask.java:146) ~[junit-platform-engine-1.11.4.jar:1.11.4]
	at org.junit.platform.engine.support.hierarchical.Node.around(Node.java:137) ~[junit-platform-engine-1.11.4.jar:1.11.4]
	at org.junit.platform.engine.support.hierarchical.NodeTestTask.lambda$executeRecursively$9(NodeTestTask.java:144) ~[junit-platform-engine-1.11.4.jar:1.11.4]
	at org.junit.platform.engine.support.hierarchical.ThrowableCollector.execute(ThrowableCollector.java:73) ~[junit-platform-engine-1.11.4.jar:1.11.4]
	at org.junit.platform.engine.support.hierarchical.NodeTestTask.executeRecursively(NodeTestTask.java:143) ~[junit-platform-engine-1.11.4.jar:1.11.4]
	at org.junit.platform.engine.support.hierarchical.NodeTestTask.execute(NodeTestTask.java:100) ~[junit-platform-engine-1.11.4.jar:1.11.4]
	at org.junit.platform.engine.support.hierarchical.SameThreadHierarchicalTestExecutorService.submit(SameThreadHierarchicalTestExecutorService.java:35) ~[junit-platform-engine-1.11.4.jar:1.11.4]
	at org.junit.platform.engine.support.hierarchical.HierarchicalTestExecutor.execute(HierarchicalTestExecutor.java:57) ~[junit-platform-engine-1.11.4.jar:1.11.4]
	at org.junit.platform.engine.support.hierarchical.HierarchicalTestEngine.execute(HierarchicalTestEngine.java:54) ~[junit-platform-engine-1.11.4.jar:1.11.4]
	at org.junit.platform.launcher.core.EngineExecutionOrchestrator.execute(EngineExecutionOrchestrator.java:198) ~[junit-platform-launcher-1.11.4.jar:1.11.4]
	at org.junit.platform.launcher.core.EngineExecutionOrchestrator.execute(EngineExecutionOrchestrator.java:169) ~[junit-platform-launcher-1.11.4.jar:1.11.4]
	at org.junit.platform.launcher.core.EngineExecutionOrchestrator.execute(EngineExecutionOrchestrator.java:93) ~[junit-platform-launcher-1.11.4.jar:1.11.4]
	at org.junit.platform.launcher.core.EngineExecutionOrchestrator.lambda$execute$0(EngineExecutionOrchestrator.java:58) ~[junit-platform-launcher-1.11.4.jar:1.11.4]
	at org.junit.platform.launcher.core.EngineExecutionOrchestrator.withInterceptedStreams(EngineExecutionOrchestrator.java:141) ~[junit-platform-launcher-1.11.4.jar:1.11.4]
	at org.junit.platform.launcher.core.EngineExecutionOrchestrator.execute(EngineExecutionOrchestrator.java:57) ~[junit-platform-launcher-1.11.4.jar:1.11.4]
	at org.junit.platform.launcher.core.DefaultLauncher.execute(DefaultLauncher.java:103) ~[junit-platform-launcher-1.11.4.jar:1.11.4]
	at org.junit.platform.launcher.core.DefaultLauncher.execute(DefaultLauncher.java:85) ~[junit-platform-launcher-1.11.4.jar:1.11.4]
	at org.junit.platform.launcher.core.DelegatingLauncher.execute(DelegatingLauncher.java:47) ~[junit-platform-launcher-1.11.4.jar:1.11.4]
	at org.apache.maven.surefire.junitplatform.LazyLauncher.execute(LazyLauncher.java:56) ~[surefire-junit-platform-3.5.2.jar:3.5.2]
	at org.apache.maven.surefire.junitplatform.JUnitPlatformProvider.execute(JUnitPlatformProvider.java:184) ~[surefire-junit-platform-3.5.2.jar:3.5.2]
	at org.apache.maven.surefire.junitplatform.JUnitPlatformProvider.invokeAllTests(JUnitPlatformProvider.java:148) ~[surefire-junit-platform-3.5.2.jar:3.5.2]
	at org.apache.maven.surefire.junitplatform.JUnitPlatformProvider.invoke(JUnitPlatformProvider.java:122) ~[surefire-junit-platform-3.5.2.jar:3.5.2]
	at org.apache.maven.surefire.booter.ForkedBooter.runSuitesInProcess(ForkedBooter.java:385) ~[surefire-booter-3.5.2.jar:3.5.2]
	at org.apache.maven.surefire.booter.ForkedBooter.execute(ForkedBooter.java:162) ~[surefire-booter-3.5.2.jar:3.5.2]
	at org.apache.maven.surefire.booter.ForkedBooter.run(ForkedBooter.java:507) ~[surefire-booter-3.5.2.jar:3.5.2]
	at org.apache.maven.surefire.booter.ForkedBooter.main(ForkedBooter.java:495) ~[surefire-booter-3.5.2.jar:3.5.2]

2025-03-19T21:42:07.084-05:00 DEBUG 80480 --- [flight-booking] [           main] cResourceLocalTransactionCoordinatorImpl : JDBC transaction marked for rollback-only (exception provided for stack trace)

java.lang.Exception: exception just for purpose of providing stack trace
	at org.hibernate.resource.transaction.backend.jdbc.internal.JdbcResourceLocalTransactionCoordinatorImpl$TransactionDriverControlImpl.markRollbackOnly(JdbcResourceLocalTransactionCoordinatorImpl.java:309) ~[hibernate-core-6.6.8.Final.jar:6.6.8.Final]
	at org.hibernate.internal.AbstractSharedSessionContract.buildNamedQuery(AbstractSharedSessionContract.java:1141) ~[hibernate-core-6.6.8.Final.jar:6.6.8.Final]
	at org.hibernate.internal.AbstractSharedSessionContract.createNamedQuery(AbstractSharedSessionContract.java:1019) ~[hibernate-core-6.6.8.Final.jar:6.6.8.Final]
	at org.hibernate.internal.AbstractSharedSessionContract.createNamedQuery(AbstractSharedSessionContract.java:143) ~[hibernate-core-6.6.8.Final.jar:6.6.8.Final]
	at java.base/jdk.internal.reflect.DirectMethodHandleAccessor.invoke(DirectMethodHandleAccessor.java:103) ~[na:na]
	at java.base/java.lang.reflect.Method.invoke(Method.java:580) ~[na:na]
	at org.springframework.orm.jpa.ExtendedEntityManagerCreator$ExtendedEntityManagerInvocationHandler.invoke(ExtendedEntityManagerCreator.java:364) ~[spring-orm-6.2.3.jar:6.2.3]
	at jdk.proxy2/jdk.proxy2.$Proxy140.createNamedQuery(Unknown Source) ~[na:na]
	at org.springframework.data.jpa.repository.query.NamedQuery.hasNamedQuery(NamedQuery.java:114) ~[spring-data-jpa-3.4.3.jar:3.4.3]
	at org.springframework.data.jpa.repository.query.NamedQuery.lookupFrom(NamedQuery.java:140) ~[spring-data-jpa-3.4.3.jar:3.4.3]
	at org.springframework.data.jpa.repository.query.JpaQueryLookupStrategy$DeclaredQueryLookupStrategy.resolveQuery(JpaQueryLookupStrategy.java:184) ~[spring-data-jpa-3.4.3.jar:3.4.3]
	at org.springframework.data.jpa.repository.query.JpaQueryLookupStrategy$CreateIfNotFoundQueryLookupStrategy.resolveQuery(JpaQueryLookupStrategy.java:256) ~[spring-data-jpa-3.4.3.jar:3.4.3]
	at org.springframework.data.jpa.repository.query.JpaQueryLookupStrategy$AbstractQueryLookupStrategy.resolveQuery(JpaQueryLookupStrategy.java:99) ~[spring-data-jpa-3.4.3.jar:3.4.3]
	at org.springframework.data.repository.core.support.QueryExecutorMethodInterceptor.lookupQuery(QueryExecutorMethodInterceptor.java:116) ~[spring-data-commons-3.4.3.jar:3.4.3]
	at org.springframework.data.repository.core.support.QueryExecutorMethodInterceptor.mapMethodsToQuery(QueryExecutorMethodInterceptor.java:104) ~[spring-data-commons-3.4.3.jar:3.4.3]
	at org.springframework.data.repository.core.support.QueryExecutorMethodInterceptor.lambda$new$0(QueryExecutorMethodInterceptor.java:92) ~[spring-data-commons-3.4.3.jar:3.4.3]
	at java.base/java.util.Optional.map(Optional.java:260) ~[na:na]
	at org.springframework.data.repository.core.support.QueryExecutorMethodInterceptor.<init>(QueryExecutorMethodInterceptor.java:92) ~[spring-data-commons-3.4.3.jar:3.4.3]
	at org.springframework.data.repository.core.support.RepositoryFactorySupport.getRepository(RepositoryFactorySupport.java:440) ~[spring-data-commons-3.4.3.jar:3.4.3]
	at org.springframework.data.repository.core.support.RepositoryFactoryBeanSupport.lambda$afterPropertiesSet$4(RepositoryFactoryBeanSupport.java:350) ~[spring-data-commons-3.4.3.jar:3.4.3]
	at org.springframework.data.util.Lazy.getNullable(Lazy.java:135) ~[spring-data-commons-3.4.3.jar:3.4.3]
	at org.springframework.data.util.Lazy.get(Lazy.java:113) ~[spring-data-commons-3.4.3.jar:3.4.3]
	at org.springframework.data.repository.core.support.RepositoryFactoryBeanSupport.afterPropertiesSet(RepositoryFactoryBeanSupport.java:356) ~[spring-data-commons-3.4.3.jar:3.4.3]
	at org.springframework.data.jpa.repository.support.JpaRepositoryFactoryBean.afterPropertiesSet(JpaRepositoryFactoryBean.java:132) ~[spring-data-jpa-3.4.3.jar:3.4.3]
	at org.springframework.beans.factory.support.AbstractAutowireCapableBeanFactory.invokeInitMethods(AbstractAutowireCapableBeanFactory.java:1859) ~[spring-beans-6.2.3.jar:6.2.3]
	at org.springframework.beans.factory.support.AbstractAutowireCapableBeanFactory.initializeBean(AbstractAutowireCapableBeanFactory.java:1808) ~[spring-beans-6.2.3.jar:6.2.3]
	at org.springframework.beans.factory.support.AbstractAutowireCapableBeanFactory.doCreateBean(AbstractAutowireCapableBeanFactory.java:601) ~[spring-beans-6.2.3.jar:6.2.3]
	at org.springframework.beans.factory.support.AbstractAutowireCapableBeanFactory.createBean(AbstractAutowireCapableBeanFactory.java:523) ~[spring-beans-6.2.3.jar:6.2.3]
	at org.springframework.beans.factory.support.AbstractBeanFactory.lambda$doGetBean$0(AbstractBeanFactory.java:339) ~[spring-beans-6.2.3.jar:6.2.3]
	at org.springframework.beans.factory.support.DefaultSingletonBeanRegistry.getSingleton(DefaultSingletonBeanRegistry.java:346) ~[spring-beans-6.2.3.jar:6.2.3]
	at org.springframework.beans.factory.support.AbstractBeanFactory.doGetBean(AbstractBeanFactory.java:337) ~[spring-beans-6.2.3.jar:6.2.3]
	at org.springframework.beans.factory.support.AbstractBeanFactory.getBean(AbstractBeanFactory.java:202) ~[spring-beans-6.2.3.jar:6.2.3]
	at org.springframework.beans.factory.support.DefaultListableBeanFactory.doResolveDependency(DefaultListableBeanFactory.java:1606) ~[spring-beans-6.2.3.jar:6.2.3]
	at org.springframework.beans.factory.support.DefaultListableBeanFactory.resolveDependency(DefaultListableBeanFactory.java:1552) ~[spring-beans-6.2.3.jar:6.2.3]
	at org.springframework.beans.factory.support.ConstructorResolver.resolveAutowiredArgument(ConstructorResolver.java:913) ~[spring-beans-6.2.3.jar:6.2.3]
	at org.springframework.beans.factory.support.ConstructorResolver.createArgumentArray(ConstructorResolver.java:791) ~[spring-beans-6.2.3.jar:6.2.3]
	at org.springframework.beans.factory.support.ConstructorResolver.autowireConstructor(ConstructorResolver.java:240) ~[spring-beans-6.2.3.jar:6.2.3]
	at org.springframework.beans.factory.support.AbstractAutowireCapableBeanFactory.autowireConstructor(AbstractAutowireCapableBeanFactory.java:1381) ~[spring-beans-6.2.3.jar:6.2.3]
	at org.springframework.beans.factory.support.AbstractAutowireCapableBeanFactory.createBeanInstance(AbstractAutowireCapableBeanFactory.java:1218) ~[spring-beans-6.2.3.jar:6.2.3]
	at org.springframework.beans.factory.support.AbstractAutowireCapableBeanFactory.doCreateBean(AbstractAutowireCapableBeanFactory.java:563) ~[spring-beans-6.2.3.jar:6.2.3]
	at org.springframework.beans.factory.support.AbstractAutowireCapableBeanFactory.createBean(AbstractAutowireCapableBeanFactory.java:523) ~[spring-beans-6.2.3.jar:6.2.3]
	at org.springframework.beans.factory.support.AbstractBeanFactory.lambda$doGetBean$0(AbstractBeanFactory.java:339) ~[spring-beans-6.2.3.jar:6.2.3]
	at org.springframework.beans.factory.support.DefaultSingletonBeanRegistry.getSingleton(DefaultSingletonBeanRegistry.java:346) ~[spring-beans-6.2.3.jar:6.2.3]
	at org.springframework.beans.factory.support.AbstractBeanFactory.doGetBean(AbstractBeanFactory.java:337) ~[spring-beans-6.2.3.jar:6.2.3]
	at org.springframework.beans.factory.support.AbstractBeanFactory.getBean(AbstractBeanFactory.java:202) ~[spring-beans-6.2.3.jar:6.2.3]
	at org.springframework.beans.factory.support.DefaultListableBeanFactory.instantiateSingleton(DefaultListableBeanFactory.java:1155) ~[spring-beans-6.2.3.jar:6.2.3]
	at org.springframework.beans.factory.support.DefaultListableBeanFactory.preInstantiateSingleton(DefaultListableBeanFactory.java:1121) ~[spring-beans-6.2.3.jar:6.2.3]
	at org.springframework.beans.factory.support.DefaultListableBeanFactory.preInstantiateSingletons(DefaultListableBeanFactory.java:1056) ~[spring-beans-6.2.3.jar:6.2.3]
	at org.springframework.context.support.AbstractApplicationContext.finishBeanFactoryInitialization(AbstractApplicationContext.java:987) ~[spring-context-6.2.3.jar:6.2.3]
	at org.springframework.context.support.AbstractApplicationContext.refresh(AbstractApplicationContext.java:627) ~[spring-context-6.2.3.jar:6.2.3]
	at org.springframework.boot.SpringApplication.refresh(SpringApplication.java:752) ~[spring-boot-3.4.3.jar:3.4.3]
	at org.springframework.boot.SpringApplication.refreshContext(SpringApplication.java:439) ~[spring-boot-3.4.3.jar:3.4.3]
	at org.springframework.boot.SpringApplication.run(SpringApplication.java:318) ~[spring-boot-3.4.3.jar:3.4.3]
	at org.springframework.boot.test.context.SpringBootContextLoader.lambda$loadContext$3(SpringBootContextLoader.java:137) ~[spring-boot-test-3.4.3.jar:3.4.3]
	at org.springframework.util.function.ThrowingSupplier.get(ThrowingSupplier.java:58) ~[spring-core-6.2.3.jar:6.2.3]
	at org.springframework.util.function.ThrowingSupplier.get(ThrowingSupplier.java:46) ~[spring-core-6.2.3.jar:6.2.3]
	at org.springframework.boot.SpringApplication.withHook(SpringApplication.java:1461) ~[spring-boot-3.4.3.jar:3.4.3]
	at org.springframework.boot.test.context.SpringBootContextLoader$ContextLoaderHook.run(SpringBootContextLoader.java:553) ~[spring-boot-test-3.4.3.jar:3.4.3]
	at org.springframework.boot.test.context.SpringBootContextLoader.loadContext(SpringBootContextLoader.java:137) ~[spring-boot-test-3.4.3.jar:3.4.3]
	at org.springframework.boot.test.context.SpringBootContextLoader.loadContext(SpringBootContextLoader.java:108) ~[spring-boot-test-3.4.3.jar:3.4.3]
	at org.springframework.test.context.cache.DefaultCacheAwareContextLoaderDelegate.loadContextInternal(DefaultCacheAwareContextLoaderDelegate.java:225) ~[spring-test-6.2.3.jar:6.2.3]
	at org.springframework.test.context.cache.DefaultCacheAwareContextLoaderDelegate.loadContext(DefaultCacheAwareContextLoaderDelegate.java:152) ~[spring-test-6.2.3.jar:6.2.3]
	at org.springframework.test.context.support.DefaultTestContext.getApplicationContext(DefaultTestContext.java:130) ~[spring-test-6.2.3.jar:6.2.3]
	at org.springframework.test.context.web.ServletTestExecutionListener.setUpRequestContextIfNecessary(ServletTestExecutionListener.java:200) ~[spring-test-6.2.3.jar:6.2.3]
	at org.springframework.test.context.web.ServletTestExecutionListener.prepareTestInstance(ServletTestExecutionListener.java:139) ~[spring-test-6.2.3.jar:6.2.3]
	at org.springframework.test.context.TestContextManager.prepareTestInstance(TestContextManager.java:260) ~[spring-test-6.2.3.jar:6.2.3]
	at org.springframework.test.context.junit.jupiter.SpringExtension.postProcessTestInstance(SpringExtension.java:160) ~[spring-test-6.2.3.jar:6.2.3]
	at org.junit.jupiter.engine.descriptor.ClassBasedTestDescriptor.lambda$invokeTestInstancePostProcessors$11(ClassBasedTestDescriptor.java:378) ~[junit-jupiter-engine-5.11.4.jar:5.11.4]
	at org.junit.jupiter.engine.descriptor.ClassBasedTestDescriptor.executeAndMaskThrowable(ClassBasedTestDescriptor.java:383) ~[junit-jupiter-engine-5.11.4.jar:5.11.4]
	at org.junit.jupiter.engine.descriptor.ClassBasedTestDescriptor.lambda$invokeTestInstancePostProcessors$12(ClassBasedTestDescriptor.java:378) ~[junit-jupiter-engine-5.11.4.jar:5.11.4]
	at java.base/java.util.stream.ForEachOps$ForEachOp$OfRef.accept(ForEachOps.java:184) ~[na:na]
	at java.base/java.util.stream.ReferencePipeline$3$1.accept(ReferencePipeline.java:215) ~[na:na]
	at java.base/java.util.stream.ReferencePipeline$2$1.accept(ReferencePipeline.java:197) ~[na:na]
	at java.base/java.util.stream.ReferencePipeline$3$1.accept(ReferencePipeline.java:215) ~[na:na]
	at java.base/java.util.ArrayList$ArrayListSpliterator.forEachRemaining(ArrayList.java:1709) ~[na:na]
	at java.base/java.util.stream.AbstractPipeline.copyInto(AbstractPipeline.java:570) ~[na:na]
	at java.base/java.util.stream.AbstractPipeline.wrapAndCopyInto(AbstractPipeline.java:560) ~[na:na]
	at java.base/java.util.stream.ForEachOps$ForEachOp.evaluateSequential(ForEachOps.java:151) ~[na:na]
	at java.base/java.util.stream.ForEachOps$ForEachOp$OfRef.evaluateSequential(ForEachOps.java:174) ~[na:na]
	at java.base/java.util.stream.AbstractPipeline.evaluate(AbstractPipeline.java:265) ~[na:na]
	at java.base/java.util.stream.ReferencePipeline.forEach(ReferencePipeline.java:636) ~[na:na]
	at org.junit.jupiter.engine.descriptor.ClassBasedTestDescriptor.invokeTestInstancePostProcessors(ClassBasedTestDescriptor.java:377) ~[junit-jupiter-engine-5.11.4.jar:5.11.4]
	at org.junit.jupiter.engine.descriptor.ClassBasedTestDescriptor.lambda$instantiateAndPostProcessTestInstance$7(ClassBasedTestDescriptor.java:290) ~[junit-jupiter-engine-5.11.4.jar:5.11.4]
	at org.junit.platform.engine.support.hierarchical.ThrowableCollector.execute(ThrowableCollector.java:73) ~[junit-platform-engine-1.11.4.jar:1.11.4]
	at org.junit.jupiter.engine.descriptor.ClassBasedTestDescriptor.instantiateAndPostProcessTestInstance(ClassBasedTestDescriptor.java:289) ~[junit-jupiter-engine-5.11.4.jar:5.11.4]
	at org.junit.jupiter.engine.descriptor.ClassBasedTestDescriptor.lambda$testInstancesProvider$5(ClassBasedTestDescriptor.java:279) ~[junit-jupiter-engine-5.11.4.jar:5.11.4]
	at java.base/java.util.Optional.orElseGet(Optional.java:364) ~[na:na]
	at org.junit.jupiter.engine.descriptor.ClassBasedTestDescriptor.lambda$testInstancesProvider$6(ClassBasedTestDescriptor.java:278) ~[junit-jupiter-engine-5.11.4.jar:5.11.4]
	at org.junit.jupiter.engine.execution.TestInstancesProvider.getTestInstances(TestInstancesProvider.java:31) ~[junit-jupiter-engine-5.11.4.jar:5.11.4]
	at org.junit.jupiter.engine.descriptor.TestMethodTestDescriptor.lambda$prepare$1(TestMethodTestDescriptor.java:105) ~[junit-jupiter-engine-5.11.4.jar:5.11.4]
	at org.junit.platform.engine.support.hierarchical.ThrowableCollector.execute(ThrowableCollector.java:73) ~[junit-platform-engine-1.11.4.jar:1.11.4]
	at org.junit.jupiter.engine.descriptor.TestMethodTestDescriptor.prepare(TestMethodTestDescriptor.java:104) ~[junit-jupiter-engine-5.11.4.jar:5.11.4]
	at org.junit.jupiter.engine.descriptor.TestMethodTestDescriptor.prepare(TestMethodTestDescriptor.java:68) ~[junit-jupiter-engine-5.11.4.jar:5.11.4]
	at org.junit.platform.engine.support.hierarchical.NodeTestTask.lambda$prepare$2(NodeTestTask.java:128) ~[junit-platform-engine-1.11.4.jar:1.11.4]
	at org.junit.platform.engine.support.hierarchical.ThrowableCollector.execute(ThrowableCollector.java:73) ~[junit-platform-engine-1.11.4.jar:1.11.4]
	at org.junit.platform.engine.support.hierarchical.NodeTestTask.prepare(NodeTestTask.java:128) ~[junit-platform-engine-1.11.4.jar:1.11.4]
	at org.junit.platform.engine.support.hierarchical.NodeTestTask.execute(NodeTestTask.java:95) ~[junit-platform-engine-1.11.4.jar:1.11.4]
	at java.base/java.util.ArrayList.forEach(ArrayList.java:1597) ~[na:na]
	at org.junit.platform.engine.support.hierarchical.SameThreadHierarchicalTestExecutorService.invokeAll(SameThreadHierarchicalTestExecutorService.java:41) ~[junit-platform-engine-1.11.4.jar:1.11.4]
	at org.junit.platform.engine.support.hierarchical.NodeTestTask.lambda$executeRecursively$6(NodeTestTask.java:160) ~[junit-platform-engine-1.11.4.jar:1.11.4]
	at org.junit.platform.engine.support.hierarchical.ThrowableCollector.execute(ThrowableCollector.java:73) ~[junit-platform-engine-1.11.4.jar:1.11.4]
	at org.junit.platform.engine.support.hierarchical.NodeTestTask.lambda$executeRecursively$8(NodeTestTask.java:146) ~[junit-platform-engine-1.11.4.jar:1.11.4]
	at org.junit.platform.engine.support.hierarchical.Node.around(Node.java:137) ~[junit-platform-engine-1.11.4.jar:1.11.4]
	at org.junit.platform.engine.support.hierarchical.NodeTestTask.lambda$executeRecursively$9(NodeTestTask.java:144) ~[junit-platform-engine-1.11.4.jar:1.11.4]
	at org.junit.platform.engine.support.hierarchical.ThrowableCollector.execute(ThrowableCollector.java:73) ~[junit-platform-engine-1.11.4.jar:1.11.4]
	at org.junit.platform.engine.support.hierarchical.NodeTestTask.executeRecursively(NodeTestTask.java:143) ~[junit-platform-engine-1.11.4.jar:1.11.4]
	at org.junit.platform.engine.support.hierarchical.NodeTestTask.execute(NodeTestTask.java:100) ~[junit-platform-engine-1.11.4.jar:1.11.4]
	at java.base/java.util.ArrayList.forEach(ArrayList.java:1597) ~[na:na]
	at org.junit.platform.engine.support.hierarchical.SameThreadHierarchicalTestExecutorService.invokeAll(SameThreadHierarchicalTestExecutorService.java:41) ~[junit-platform-engine-1.11.4.jar:1.11.4]
	at org.junit.platform.engine.support.hierarchical.NodeTestTask.lambda$executeRecursively$6(NodeTestTask.java:160) ~[junit-platform-engine-1.11.4.jar:1.11.4]
	at org.junit.platform.engine.support.hierarchical.ThrowableCollector.execute(ThrowableCollector.java:73) ~[junit-platform-engine-1.11.4.jar:1.11.4]
	at org.junit.platform.engine.support.hierarchical.NodeTestTask.lambda$executeRecursively$8(NodeTestTask.java:146) ~[junit-platform-engine-1.11.4.jar:1.11.4]
	at org.junit.platform.engine.support.hierarchical.Node.around(Node.java:137) ~[junit-platform-engine-1.11.4.jar:1.11.4]
	at org.junit.platform.engine.support.hierarchical.NodeTestTask.lambda$executeRecursively$9(NodeTestTask.java:144) ~[junit-platform-engine-1.11.4.jar:1.11.4]
	at org.junit.platform.engine.support.hierarchical.ThrowableCollector.execute(ThrowableCollector.java:73) ~[junit-platform-engine-1.11.4.jar:1.11.4]
	at org.junit.platform.engine.support.hierarchical.NodeTestTask.executeRecursively(NodeTestTask.java:143) ~[junit-platform-engine-1.11.4.jar:1.11.4]
	at org.junit.platform.engine.support.hierarchical.NodeTestTask.execute(NodeTestTask.java:100) ~[junit-platform-engine-1.11.4.jar:1.11.4]
	at org.junit.platform.engine.support.hierarchical.SameThreadHierarchicalTestExecutorService.submit(SameThreadHierarchicalTestExecutorService.java:35) ~[junit-platform-engine-1.11.4.jar:1.11.4]
	at org.junit.platform.engine.support.hierarchical.HierarchicalTestExecutor.execute(HierarchicalTestExecutor.java:57) ~[junit-platform-engine-1.11.4.jar:1.11.4]
	at org.junit.platform.engine.support.hierarchical.HierarchicalTestEngine.execute(HierarchicalTestEngine.java:54) ~[junit-platform-engine-1.11.4.jar:1.11.4]
	at org.junit.platform.launcher.core.EngineExecutionOrchestrator.execute(EngineExecutionOrchestrator.java:198) ~[junit-platform-launcher-1.11.4.jar:1.11.4]
	at org.junit.platform.launcher.core.EngineExecutionOrchestrator.execute(EngineExecutionOrchestrator.java:169) ~[junit-platform-launcher-1.11.4.jar:1.11.4]
	at org.junit.platform.launcher.core.EngineExecutionOrchestrator.execute(EngineExecutionOrchestrator.java:93) ~[junit-platform-launcher-1.11.4.jar:1.11.4]
	at org.junit.platform.launcher.core.EngineExecutionOrchestrator.lambda$execute$0(EngineExecutionOrchestrator.java:58) ~[junit-platform-launcher-1.11.4.jar:1.11.4]
	at org.junit.platform.launcher.core.EngineExecutionOrchestrator.withInterceptedStreams(EngineExecutionOrchestrator.java:141) ~[junit-platform-launcher-1.11.4.jar:1.11.4]
	at org.junit.platform.launcher.core.EngineExecutionOrchestrator.execute(EngineExecutionOrchestrator.java:57) ~[junit-platform-launcher-1.11.4.jar:1.11.4]
	at org.junit.platform.launcher.core.DefaultLauncher.execute(DefaultLauncher.java:103) ~[junit-platform-launcher-1.11.4.jar:1.11.4]
	at org.junit.platform.launcher.core.DefaultLauncher.execute(DefaultLauncher.java:85) ~[junit-platform-launcher-1.11.4.jar:1.11.4]
	at org.junit.platform.launcher.core.DelegatingLauncher.execute(DelegatingLauncher.java:47) ~[junit-platform-launcher-1.11.4.jar:1.11.4]
	at org.apache.maven.surefire.junitplatform.LazyLauncher.execute(LazyLauncher.java:56) ~[surefire-junit-platform-3.5.2.jar:3.5.2]
	at org.apache.maven.surefire.junitplatform.JUnitPlatformProvider.execute(JUnitPlatformProvider.java:184) ~[surefire-junit-platform-3.5.2.jar:3.5.2]
	at org.apache.maven.surefire.junitplatform.JUnitPlatformProvider.invokeAllTests(JUnitPlatformProvider.java:148) ~[surefire-junit-platform-3.5.2.jar:3.5.2]
	at org.apache.maven.surefire.junitplatform.JUnitPlatformProvider.invoke(JUnitPlatformProvider.java:122) ~[surefire-junit-platform-3.5.2.jar:3.5.2]
	at org.apache.maven.surefire.booter.ForkedBooter.runSuitesInProcess(ForkedBooter.java:385) ~[surefire-booter-3.5.2.jar:3.5.2]
	at org.apache.maven.surefire.booter.ForkedBooter.execute(ForkedBooter.java:162) ~[surefire-booter-3.5.2.jar:3.5.2]
	at org.apache.maven.surefire.booter.ForkedBooter.run(ForkedBooter.java:507) ~[surefire-booter-3.5.2.jar:3.5.2]
	at org.apache.maven.surefire.booter.ForkedBooter.main(ForkedBooter.java:495) ~[surefire-booter-3.5.2.jar:3.5.2]

2025-03-19T21:42:07.088-05:00 DEBUG 80480 --- [flight-booking] [           main] cResourceLocalTransactionCoordinatorImpl : JDBC transaction marked for rollback-only (exception provided for stack trace)

java.lang.Exception: exception just for purpose of providing stack trace
	at org.hibernate.resource.transaction.backend.jdbc.internal.JdbcResourceLocalTransactionCoordinatorImpl$TransactionDriverControlImpl.markRollbackOnly(JdbcResourceLocalTransactionCoordinatorImpl.java:309) ~[hibernate-core-6.6.8.Final.jar:6.6.8.Final]
	at org.hibernate.internal.AbstractSharedSessionContract.buildNamedQuery(AbstractSharedSessionContract.java:1141) ~[hibernate-core-6.6.8.Final.jar:6.6.8.Final]
	at org.hibernate.internal.AbstractSharedSessionContract.createNamedQuery(AbstractSharedSessionContract.java:1019) ~[hibernate-core-6.6.8.Final.jar:6.6.8.Final]
	at org.hibernate.internal.AbstractSharedSessionContract.createNamedQuery(AbstractSharedSessionContract.java:143) ~[hibernate-core-6.6.8.Final.jar:6.6.8.Final]
	at java.base/jdk.internal.reflect.DirectMethodHandleAccessor.invoke(DirectMethodHandleAccessor.java:103) ~[na:na]
	at java.base/java.lang.reflect.Method.invoke(Method.java:580) ~[na:na]
	at org.springframework.orm.jpa.ExtendedEntityManagerCreator$ExtendedEntityManagerInvocationHandler.invoke(ExtendedEntityManagerCreator.java:364) ~[spring-orm-6.2.3.jar:6.2.3]
	at jdk.proxy2/jdk.proxy2.$Proxy140.createNamedQuery(Unknown Source) ~[na:na]
	at org.springframework.data.jpa.repository.query.NamedQuery.hasNamedQuery(NamedQuery.java:114) ~[spring-data-jpa-3.4.3.jar:3.4.3]
	at org.springframework.data.jpa.repository.query.NamedQuery.lookupFrom(NamedQuery.java:140) ~[spring-data-jpa-3.4.3.jar:3.4.3]
	at org.springframework.data.jpa.repository.query.JpaQueryLookupStrategy$DeclaredQueryLookupStrategy.resolveQuery(JpaQueryLookupStrategy.java:184) ~[spring-data-jpa-3.4.3.jar:3.4.3]
	at org.springframework.data.jpa.repository.query.JpaQueryLookupStrategy$CreateIfNotFoundQueryLookupStrategy.resolveQuery(JpaQueryLookupStrategy.java:256) ~[spring-data-jpa-3.4.3.jar:3.4.3]
	at org.springframework.data.jpa.repository.query.JpaQueryLookupStrategy$AbstractQueryLookupStrategy.resolveQuery(JpaQueryLookupStrategy.java:99) ~[spring-data-jpa-3.4.3.jar:3.4.3]
	at org.springframework.data.repository.core.support.QueryExecutorMethodInterceptor.lookupQuery(QueryExecutorMethodInterceptor.java:116) ~[spring-data-commons-3.4.3.jar:3.4.3]
	at org.springframework.data.repository.core.support.QueryExecutorMethodInterceptor.mapMethodsToQuery(QueryExecutorMethodInterceptor.java:104) ~[spring-data-commons-3.4.3.jar:3.4.3]
	at org.springframework.data.repository.core.support.QueryExecutorMethodInterceptor.lambda$new$0(QueryExecutorMethodInterceptor.java:92) ~[spring-data-commons-3.4.3.jar:3.4.3]
	at java.base/java.util.Optional.map(Optional.java:260) ~[na:na]
	at org.springframework.data.repository.core.support.QueryExecutorMethodInterceptor.<init>(QueryExecutorMethodInterceptor.java:92) ~[spring-data-commons-3.4.3.jar:3.4.3]
	at org.springframework.data.repository.core.support.RepositoryFactorySupport.getRepository(RepositoryFactorySupport.java:440) ~[spring-data-commons-3.4.3.jar:3.4.3]
	at org.springframework.data.repository.core.support.RepositoryFactoryBeanSupport.lambda$afterPropertiesSet$4(RepositoryFactoryBeanSupport.java:350) ~[spring-data-commons-3.4.3.jar:3.4.3]
	at org.springframework.data.util.Lazy.getNullable(Lazy.java:135) ~[spring-data-commons-3.4.3.jar:3.4.3]
	at org.springframework.data.util.Lazy.get(Lazy.java:113) ~[spring-data-commons-3.4.3.jar:3.4.3]
	at org.springframework.data.repository.core.support.RepositoryFactoryBeanSupport.afterPropertiesSet(RepositoryFactoryBeanSupport.java:356) ~[spring-data-commons-3.4.3.jar:3.4.3]
	at org.springframework.data.jpa.repository.support.JpaRepositoryFactoryBean.afterPropertiesSet(JpaRepositoryFactoryBean.java:132) ~[spring-data-jpa-3.4.3.jar:3.4.3]
	at org.springframework.beans.factory.support.AbstractAutowireCapableBeanFactory.invokeInitMethods(AbstractAutowireCapableBeanFactory.java:1859) ~[spring-beans-6.2.3.jar:6.2.3]
	at org.springframework.beans.factory.support.AbstractAutowireCapableBeanFactory.initializeBean(AbstractAutowireCapableBeanFactory.java:1808) ~[spring-beans-6.2.3.jar:6.2.3]
	at org.springframework.beans.factory.support.AbstractAutowireCapableBeanFactory.doCreateBean(AbstractAutowireCapableBeanFactory.java:601) ~[spring-beans-6.2.3.jar:6.2.3]
	at org.springframework.beans.factory.support.AbstractAutowireCapableBeanFactory.createBean(AbstractAutowireCapableBeanFactory.java:523) ~[spring-beans-6.2.3.jar:6.2.3]
	at org.springframework.beans.factory.support.AbstractBeanFactory.lambda$doGetBean$0(AbstractBeanFactory.java:339) ~[spring-beans-6.2.3.jar:6.2.3]
	at org.springframework.beans.factory.support.DefaultSingletonBeanRegistry.getSingleton(DefaultSingletonBeanRegistry.java:346) ~[spring-beans-6.2.3.jar:6.2.3]
	at org.springframework.beans.factory.support.AbstractBeanFactory.doGetBean(AbstractBeanFactory.java:337) ~[spring-beans-6.2.3.jar:6.2.3]
	at org.springframework.beans.factory.support.AbstractBeanFactory.getBean(AbstractBeanFactory.java:202) ~[spring-beans-6.2.3.jar:6.2.3]
	at org.springframework.beans.factory.support.DefaultListableBeanFactory.doResolveDependency(DefaultListableBeanFactory.java:1606) ~[spring-beans-6.2.3.jar:6.2.3]
	at org.springframework.beans.factory.support.DefaultListableBeanFactory.resolveDependency(DefaultListableBeanFactory.java:1552) ~[spring-beans-6.2.3.jar:6.2.3]
	at org.springframework.beans.factory.support.ConstructorResolver.resolveAutowiredArgument(ConstructorResolver.java:913) ~[spring-beans-6.2.3.jar:6.2.3]
	at org.springframework.beans.factory.support.ConstructorResolver.createArgumentArray(ConstructorResolver.java:791) ~[spring-beans-6.2.3.jar:6.2.3]
	at org.springframework.beans.factory.support.ConstructorResolver.autowireConstructor(ConstructorResolver.java:240) ~[spring-beans-6.2.3.jar:6.2.3]
	at org.springframework.beans.factory.support.AbstractAutowireCapableBeanFactory.autowireConstructor(AbstractAutowireCapableBeanFactory.java:1381) ~[spring-beans-6.2.3.jar:6.2.3]
	at org.springframework.beans.factory.support.AbstractAutowireCapableBeanFactory.createBeanInstance(AbstractAutowireCapableBeanFactory.java:1218) ~[spring-beans-6.2.3.jar:6.2.3]
	at org.springframework.beans.factory.support.AbstractAutowireCapableBeanFactory.doCreateBean(AbstractAutowireCapableBeanFactory.java:563) ~[spring-beans-6.2.3.jar:6.2.3]
	at org.springframework.beans.factory.support.AbstractAutowireCapableBeanFactory.createBean(AbstractAutowireCapableBeanFactory.java:523) ~[spring-beans-6.2.3.jar:6.2.3]
	at org.springframework.beans.factory.support.AbstractBeanFactory.lambda$doGetBean$0(AbstractBeanFactory.java:339) ~[spring-beans-6.2.3.jar:6.2.3]
	at org.springframework.beans.factory.support.DefaultSingletonBeanRegistry.getSingleton(DefaultSingletonBeanRegistry.java:346) ~[spring-beans-6.2.3.jar:6.2.3]
	at org.springframework.beans.factory.support.AbstractBeanFactory.doGetBean(AbstractBeanFactory.java:337) ~[spring-beans-6.2.3.jar:6.2.3]
	at org.springframework.beans.factory.support.AbstractBeanFactory.getBean(AbstractBeanFactory.java:202) ~[spring-beans-6.2.3.jar:6.2.3]
	at org.springframework.beans.factory.support.DefaultListableBeanFactory.instantiateSingleton(DefaultListableBeanFactory.java:1155) ~[spring-beans-6.2.3.jar:6.2.3]
	at org.springframework.beans.factory.support.DefaultListableBeanFactory.preInstantiateSingleton(DefaultListableBeanFactory.java:1121) ~[spring-beans-6.2.3.jar:6.2.3]
	at org.springframework.beans.factory.support.DefaultListableBeanFactory.preInstantiateSingletons(DefaultListableBeanFactory.java:1056) ~[spring-beans-6.2.3.jar:6.2.3]
	at org.springframework.context.support.AbstractApplicationContext.finishBeanFactoryInitialization(AbstractApplicationContext.java:987) ~[spring-context-6.2.3.jar:6.2.3]
	at org.springframework.context.support.AbstractApplicationContext.refresh(AbstractApplicationContext.java:627) ~[spring-context-6.2.3.jar:6.2.3]
	at org.springframework.boot.SpringApplication.refresh(SpringApplication.java:752) ~[spring-boot-3.4.3.jar:3.4.3]
	at org.springframework.boot.SpringApplication.refreshContext(SpringApplication.java:439) ~[spring-boot-3.4.3.jar:3.4.3]
	at org.springframework.boot.SpringApplication.run(SpringApplication.java:318) ~[spring-boot-3.4.3.jar:3.4.3]
	at org.springframework.boot.test.context.SpringBootContextLoader.lambda$loadContext$3(SpringBootContextLoader.java:137) ~[spring-boot-test-3.4.3.jar:3.4.3]
	at org.springframework.util.function.ThrowingSupplier.get(ThrowingSupplier.java:58) ~[spring-core-6.2.3.jar:6.2.3]
	at org.springframework.util.function.ThrowingSupplier.get(ThrowingSupplier.java:46) ~[spring-core-6.2.3.jar:6.2.3]
	at org.springframework.boot.SpringApplication.withHook(SpringApplication.java:1461) ~[spring-boot-3.4.3.jar:3.4.3]
	at org.springframework.boot.test.context.SpringBootContextLoader$ContextLoaderHook.run(SpringBootContextLoader.java:553) ~[spring-boot-test-3.4.3.jar:3.4.3]
	at org.springframework.boot.test.context.SpringBootContextLoader.loadContext(SpringBootContextLoader.java:137) ~[spring-boot-test-3.4.3.jar:3.4.3]
	at org.springframework.boot.test.context.SpringBootContextLoader.loadContext(SpringBootContextLoader.java:108) ~[spring-boot-test-3.4.3.jar:3.4.3]
	at org.springframework.test.context.cache.DefaultCacheAwareContextLoaderDelegate.loadContextInternal(DefaultCacheAwareContextLoaderDelegate.java:225) ~[spring-test-6.2.3.jar:6.2.3]
	at org.springframework.test.context.cache.DefaultCacheAwareContextLoaderDelegate.loadContext(DefaultCacheAwareContextLoaderDelegate.java:152) ~[spring-test-6.2.3.jar:6.2.3]
	at org.springframework.test.context.support.DefaultTestContext.getApplicationContext(DefaultTestContext.java:130) ~[spring-test-6.2.3.jar:6.2.3]
	at org.springframework.test.context.web.ServletTestExecutionListener.setUpRequestContextIfNecessary(ServletTestExecutionListener.java:200) ~[spring-test-6.2.3.jar:6.2.3]
	at org.springframework.test.context.web.ServletTestExecutionListener.prepareTestInstance(ServletTestExecutionListener.java:139) ~[spring-test-6.2.3.jar:6.2.3]
	at org.springframework.test.context.TestContextManager.prepareTestInstance(TestContextManager.java:260) ~[spring-test-6.2.3.jar:6.2.3]
	at org.springframework.test.context.junit.jupiter.SpringExtension.postProcessTestInstance(SpringExtension.java:160) ~[spring-test-6.2.3.jar:6.2.3]
	at org.junit.jupiter.engine.descriptor.ClassBasedTestDescriptor.lambda$invokeTestInstancePostProcessors$11(ClassBasedTestDescriptor.java:378) ~[junit-jupiter-engine-5.11.4.jar:5.11.4]
	at org.junit.jupiter.engine.descriptor.ClassBasedTestDescriptor.executeAndMaskThrowable(ClassBasedTestDescriptor.java:383) ~[junit-jupiter-engine-5.11.4.jar:5.11.4]
	at org.junit.jupiter.engine.descriptor.ClassBasedTestDescriptor.lambda$invokeTestInstancePostProcessors$12(ClassBasedTestDescriptor.java:378) ~[junit-jupiter-engine-5.11.4.jar:5.11.4]
	at java.base/java.util.stream.ForEachOps$ForEachOp$OfRef.accept(ForEachOps.java:184) ~[na:na]
	at java.base/java.util.stream.ReferencePipeline$3$1.accept(ReferencePipeline.java:215) ~[na:na]
	at java.base/java.util.stream.ReferencePipeline$2$1.accept(ReferencePipeline.java:197) ~[na:na]
	at java.base/java.util.stream.ReferencePipeline$3$1.accept(ReferencePipeline.java:215) ~[na:na]
	at java.base/java.util.ArrayList$ArrayListSpliterator.forEachRemaining(ArrayList.java:1709) ~[na:na]
	at java.base/java.util.stream.AbstractPipeline.copyInto(AbstractPipeline.java:570) ~[na:na]
	at java.base/java.util.stream.AbstractPipeline.wrapAndCopyInto(AbstractPipeline.java:560) ~[na:na]
	at java.base/java.util.stream.ForEachOps$ForEachOp.evaluateSequential(ForEachOps.java:151) ~[na:na]
	at java.base/java.util.stream.ForEachOps$ForEachOp$OfRef.evaluateSequential(ForEachOps.java:174) ~[na:na]
	at java.base/java.util.stream.AbstractPipeline.evaluate(AbstractPipeline.java:265) ~[na:na]
	at java.base/java.util.stream.ReferencePipeline.forEach(ReferencePipeline.java:636) ~[na:na]
	at org.junit.jupiter.engine.descriptor.ClassBasedTestDescriptor.invokeTestInstancePostProcessors(ClassBasedTestDescriptor.java:377) ~[junit-jupiter-engine-5.11.4.jar:5.11.4]
	at org.junit.jupiter.engine.descriptor.ClassBasedTestDescriptor.lambda$instantiateAndPostProcessTestInstance$7(ClassBasedTestDescriptor.java:290) ~[junit-jupiter-engine-5.11.4.jar:5.11.4]
	at org.junit.platform.engine.support.hierarchical.ThrowableCollector.execute(ThrowableCollector.java:73) ~[junit-platform-engine-1.11.4.jar:1.11.4]
	at org.junit.jupiter.engine.descriptor.ClassBasedTestDescriptor.instantiateAndPostProcessTestInstance(ClassBasedTestDescriptor.java:289) ~[junit-jupiter-engine-5.11.4.jar:5.11.4]
	at org.junit.jupiter.engine.descriptor.ClassBasedTestDescriptor.lambda$testInstancesProvider$5(ClassBasedTestDescriptor.java:279) ~[junit-jupiter-engine-5.11.4.jar:5.11.4]
	at java.base/java.util.Optional.orElseGet(Optional.java:364) ~[na:na]
	at org.junit.jupiter.engine.descriptor.ClassBasedTestDescriptor.lambda$testInstancesProvider$6(ClassBasedTestDescriptor.java:278) ~[junit-jupiter-engine-5.11.4.jar:5.11.4]
	at org.junit.jupiter.engine.execution.TestInstancesProvider.getTestInstances(TestInstancesProvider.java:31) ~[junit-jupiter-engine-5.11.4.jar:5.11.4]
	at org.junit.jupiter.engine.descriptor.TestMethodTestDescriptor.lambda$prepare$1(TestMethodTestDescriptor.java:105) ~[junit-jupiter-engine-5.11.4.jar:5.11.4]
	at org.junit.platform.engine.support.hierarchical.ThrowableCollector.execute(ThrowableCollector.java:73) ~[junit-platform-engine-1.11.4.jar:1.11.4]
	at org.junit.jupiter.engine.descriptor.TestMethodTestDescriptor.prepare(TestMethodTestDescriptor.java:104) ~[junit-jupiter-engine-5.11.4.jar:5.11.4]
	at org.junit.jupiter.engine.descriptor.TestMethodTestDescriptor.prepare(TestMethodTestDescriptor.java:68) ~[junit-jupiter-engine-5.11.4.jar:5.11.4]
	at org.junit.platform.engine.support.hierarchical.NodeTestTask.lambda$prepare$2(NodeTestTask.java:128) ~[junit-platform-engine-1.11.4.jar:1.11.4]
	at org.junit.platform.engine.support.hierarchical.ThrowableCollector.execute(ThrowableCollector.java:73) ~[junit-platform-engine-1.11.4.jar:1.11.4]
	at org.junit.platform.engine.support.hierarchical.NodeTestTask.prepare(NodeTestTask.java:128) ~[junit-platform-engine-1.11.4.jar:1.11.4]
	at org.junit.platform.engine.support.hierarchical.NodeTestTask.execute(NodeTestTask.java:95) ~[junit-platform-engine-1.11.4.jar:1.11.4]
	at java.base/java.util.ArrayList.forEach(ArrayList.java:1597) ~[na:na]
	at org.junit.platform.engine.support.hierarchical.SameThreadHierarchicalTestExecutorService.invokeAll(SameThreadHierarchicalTestExecutorService.java:41) ~[junit-platform-engine-1.11.4.jar:1.11.4]
	at org.junit.platform.engine.support.hierarchical.NodeTestTask.lambda$executeRecursively$6(NodeTestTask.java:160) ~[junit-platform-engine-1.11.4.jar:1.11.4]
	at org.junit.platform.engine.support.hierarchical.ThrowableCollector.execute(ThrowableCollector.java:73) ~[junit-platform-engine-1.11.4.jar:1.11.4]
	at org.junit.platform.engine.support.hierarchical.NodeTestTask.lambda$executeRecursively$8(NodeTestTask.java:146) ~[junit-platform-engine-1.11.4.jar:1.11.4]
	at org.junit.platform.engine.support.hierarchical.Node.around(Node.java:137) ~[junit-platform-engine-1.11.4.jar:1.11.4]
	at org.junit.platform.engine.support.hierarchical.NodeTestTask.lambda$executeRecursively$9(NodeTestTask.java:144) ~[junit-platform-engine-1.11.4.jar:1.11.4]
	at org.junit.platform.engine.support.hierarchical.ThrowableCollector.execute(ThrowableCollector.java:73) ~[junit-platform-engine-1.11.4.jar:1.11.4]
	at org.junit.platform.engine.support.hierarchical.NodeTestTask.executeRecursively(NodeTestTask.java:143) ~[junit-platform-engine-1.11.4.jar:1.11.4]
	at org.junit.platform.engine.support.hierarchical.NodeTestTask.execute(NodeTestTask.java:100) ~[junit-platform-engine-1.11.4.jar:1.11.4]
	at java.base/java.util.ArrayList.forEach(ArrayList.java:1597) ~[na:na]
	at org.junit.platform.engine.support.hierarchical.SameThreadHierarchicalTestExecutorService.invokeAll(SameThreadHierarchicalTestExecutorService.java:41) ~[junit-platform-engine-1.11.4.jar:1.11.4]
	at org.junit.platform.engine.support.hierarchical.NodeTestTask.lambda$executeRecursively$6(NodeTestTask.java:160) ~[junit-platform-engine-1.11.4.jar:1.11.4]
	at org.junit.platform.engine.support.hierarchical.ThrowableCollector.execute(ThrowableCollector.java:73) ~[junit-platform-engine-1.11.4.jar:1.11.4]
	at org.junit.platform.engine.support.hierarchical.NodeTestTask.lambda$executeRecursively$8(NodeTestTask.java:146) ~[junit-platform-engine-1.11.4.jar:1.11.4]
	at org.junit.platform.engine.support.hierarchical.Node.around(Node.java:137) ~[junit-platform-engine-1.11.4.jar:1.11.4]
	at org.junit.platform.engine.support.hierarchical.NodeTestTask.lambda$executeRecursively$9(NodeTestTask.java:144) ~[junit-platform-engine-1.11.4.jar:1.11.4]
	at org.junit.platform.engine.support.hierarchical.ThrowableCollector.execute(ThrowableCollector.java:73) ~[junit-platform-engine-1.11.4.jar:1.11.4]
	at org.junit.platform.engine.support.hierarchical.NodeTestTask.executeRecursively(NodeTestTask.java:143) ~[junit-platform-engine-1.11.4.jar:1.11.4]
	at org.junit.platform.engine.support.hierarchical.NodeTestTask.execute(NodeTestTask.java:100) ~[junit-platform-engine-1.11.4.jar:1.11.4]
	at org.junit.platform.engine.support.hierarchical.SameThreadHierarchicalTestExecutorService.submit(SameThreadHierarchicalTestExecutorService.java:35) ~[junit-platform-engine-1.11.4.jar:1.11.4]
	at org.junit.platform.engine.support.hierarchical.HierarchicalTestExecutor.execute(HierarchicalTestExecutor.java:57) ~[junit-platform-engine-1.11.4.jar:1.11.4]
	at org.junit.platform.engine.support.hierarchical.HierarchicalTestEngine.execute(HierarchicalTestEngine.java:54) ~[junit-platform-engine-1.11.4.jar:1.11.4]
	at org.junit.platform.launcher.core.EngineExecutionOrchestrator.execute(EngineExecutionOrchestrator.java:198) ~[junit-platform-launcher-1.11.4.jar:1.11.4]
	at org.junit.platform.launcher.core.EngineExecutionOrchestrator.execute(EngineExecutionOrchestrator.java:169) ~[junit-platform-launcher-1.11.4.jar:1.11.4]
	at org.junit.platform.launcher.core.EngineExecutionOrchestrator.execute(EngineExecutionOrchestrator.java:93) ~[junit-platform-launcher-1.11.4.jar:1.11.4]
	at org.junit.platform.launcher.core.EngineExecutionOrchestrator.lambda$execute$0(EngineExecutionOrchestrator.java:58) ~[junit-platform-launcher-1.11.4.jar:1.11.4]
	at org.junit.platform.launcher.core.EngineExecutionOrchestrator.withInterceptedStreams(EngineExecutionOrchestrator.java:141) ~[junit-platform-launcher-1.11.4.jar:1.11.4]
	at org.junit.platform.launcher.core.EngineExecutionOrchestrator.execute(EngineExecutionOrchestrator.java:57) ~[junit-platform-launcher-1.11.4.jar:1.11.4]
	at org.junit.platform.launcher.core.DefaultLauncher.execute(DefaultLauncher.java:103) ~[junit-platform-launcher-1.11.4.jar:1.11.4]
	at org.junit.platform.launcher.core.DefaultLauncher.execute(DefaultLauncher.java:85) ~[junit-platform-launcher-1.11.4.jar:1.11.4]
	at org.junit.platform.launcher.core.DelegatingLauncher.execute(DelegatingLauncher.java:47) ~[junit-platform-launcher-1.11.4.jar:1.11.4]
	at org.apache.maven.surefire.junitplatform.LazyLauncher.execute(LazyLauncher.java:56) ~[surefire-junit-platform-3.5.2.jar:3.5.2]
	at org.apache.maven.surefire.junitplatform.JUnitPlatformProvider.execute(JUnitPlatformProvider.java:184) ~[surefire-junit-platform-3.5.2.jar:3.5.2]
	at org.apache.maven.surefire.junitplatform.JUnitPlatformProvider.invokeAllTests(JUnitPlatformProvider.java:148) ~[surefire-junit-platform-3.5.2.jar:3.5.2]
	at org.apache.maven.surefire.junitplatform.JUnitPlatformProvider.invoke(JUnitPlatformProvider.java:122) ~[surefire-junit-platform-3.5.2.jar:3.5.2]
	at org.apache.maven.surefire.booter.ForkedBooter.runSuitesInProcess(ForkedBooter.java:385) ~[surefire-booter-3.5.2.jar:3.5.2]
	at org.apache.maven.surefire.booter.ForkedBooter.execute(ForkedBooter.java:162) ~[surefire-booter-3.5.2.jar:3.5.2]
	at org.apache.maven.surefire.booter.ForkedBooter.run(ForkedBooter.java:507) ~[surefire-booter-3.5.2.jar:3.5.2]
	at org.apache.maven.surefire.booter.ForkedBooter.main(ForkedBooter.java:495) ~[surefire-booter-3.5.2.jar:3.5.2]

2025-03-19T21:42:07.300-05:00  WARN 80480 --- [flight-booking] [           main] JpaBaseConfiguration$JpaWebConfiguration : spring.jpa.open-in-view is enabled by default. Therefore, database queries may be performed during view rendering. Explicitly configure spring.jpa.open-in-view to disable this warning
2025-03-19T21:42:07.377-05:00  INFO 80480 --- [flight-booking] [           main] r$InitializeUserDetailsManagerConfigurer : Global AuthenticationManager configured with UserDetailsService bean with name inMemoryUserDetailsManager
2025-03-19T21:42:08.090-05:00 DEBUG 80480 --- [flight-booking] [           main] .h.v.m.ResourceBundleMessageInterpolator : Loaded expression factory via original TCCL
2025-03-19T21:42:08.092-05:00 DEBUG 80480 --- [flight-booking] [           main] o.h.v.i.e.AbstractConfigurationImpl      : Setting custom MessageInterpolator of type org.springframework.validation.beanvalidation.LocaleContextMessageInterpolator
2025-03-19T21:42:08.092-05:00 DEBUG 80480 --- [flight-booking] [           main] o.h.v.i.e.AbstractConfigurationImpl      : Setting custom ConstraintValidatorFactory of type org.springframework.validation.beanvalidation.SpringConstraintValidatorFactory
2025-03-19T21:42:08.094-05:00 DEBUG 80480 --- [flight-booking] [           main] o.h.v.i.xml.config.ValidationXmlParser   : Trying to load META-INF/validation.xml for XML based Validator configuration.
2025-03-19T21:42:08.094-05:00 DEBUG 80480 --- [flight-booking] [           main] o.h.v.i.xml.config.ResourceLoaderHelper  : Trying to load META-INF/validation.xml via user class loader
2025-03-19T21:42:08.094-05:00 DEBUG 80480 --- [flight-booking] [           main] o.h.v.i.xml.config.ResourceLoaderHelper  : Trying to load META-INF/validation.xml via TCCL
2025-03-19T21:42:08.094-05:00 DEBUG 80480 --- [flight-booking] [           main] o.h.v.i.xml.config.ResourceLoaderHelper  : Trying to load META-INF/validation.xml via Hibernate Validator's class loader
2025-03-19T21:42:08.094-05:00 DEBUG 80480 --- [flight-booking] [           main] o.h.v.i.xml.config.ValidationXmlParser   : No META-INF/validation.xml found. Using annotation based configuration only.
2025-03-19T21:42:08.094-05:00 DEBUG 80480 --- [flight-booking] [           main] o.h.v.i.e.resolver.TraversableResolvers  : Found jakarta.persistence.Persistence on classpath containing 'getPersistenceUtil'. Assuming JPA 2 environment. Trying to instantiate JPA aware TraversableResolver
2025-03-19T21:42:08.094-05:00 DEBUG 80480 --- [flight-booking] [           main] o.h.v.i.e.resolver.TraversableResolvers  : Instantiated JPA aware TraversableResolver of type org.hibernate.validator.internal.engine.resolver.JPATraversableResolver.
2025-03-19T21:42:08.095-05:00 DEBUG 80480 --- [flight-booking] [           main] .i.e.ValidatorFactoryConfigurationHelper : HV000252: Using org.hibernate.validator.internal.engine.DefaultPropertyNodeNameProvider as property node name provider.
2025-03-19T21:42:08.095-05:00 DEBUG 80480 --- [flight-booking] [           main] .i.e.ValidatorFactoryConfigurationHelper : HV000234: Using org.springframework.validation.beanvalidation.LocaleContextMessageInterpolator as ValidatorFactory-scoped message interpolator.
2025-03-19T21:42:08.096-05:00 DEBUG 80480 --- [flight-booking] [           main] .i.e.ValidatorFactoryConfigurationHelper : HV000234: Using org.hibernate.validator.internal.engine.resolver.JPATraversableResolver as ValidatorFactory-scoped traversable resolver.
2025-03-19T21:42:08.096-05:00 DEBUG 80480 --- [flight-booking] [           main] .i.e.ValidatorFactoryConfigurationHelper : HV000234: Using org.hibernate.validator.internal.util.ExecutableParameterNameProvider as ValidatorFactory-scoped parameter name provider.
2025-03-19T21:42:08.096-05:00 DEBUG 80480 --- [flight-booking] [           main] .i.e.ValidatorFactoryConfigurationHelper : HV000234: Using org.hibernate.validator.internal.engine.DefaultClockProvider as ValidatorFactory-scoped clock provider.
2025-03-19T21:42:08.096-05:00 DEBUG 80480 --- [flight-booking] [           main] .i.e.ValidatorFactoryConfigurationHelper : HV000234: Using org.hibernate.validator.internal.engine.scripting.DefaultScriptEvaluatorFactory as ValidatorFactory-scoped script evaluator factory.
2025-03-19T21:42:08.423-05:00  INFO 80480 --- [flight-booking] [           main] e.m.c.c.backend.BackendApplicationTests  : Started BackendApplicationTests in 10.423 seconds (process running for 11.71)
2025-03-19T21:42:08.437-05:00 DEBUG 80480 --- [flight-booking] [           main] o.h.e.t.internal.TransactionImpl         : On TransactionImpl creation, JpaCompliance#isJpaTransactionComplianceEnabled == false
2025-03-19T21:42:08.437-05:00 DEBUG 80480 --- [flight-booking] [           main] o.h.e.t.internal.TransactionImpl         : begin
2025-03-19T21:42:08.489-05:00 DEBUG 80480 --- [flight-booking] [           main] org.hibernate.orm.sql.ast.create         : Created new SQL alias : a1_0
2025-03-19T21:42:08.489-05:00 DEBUG 80480 --- [flight-booking] [           main] org.hibernate.orm.sql.ast.create         : Registration of TableGroup [StandardTableGroup(edu.miu.cs.cs425.backend.domain.entity.Airline(27))] with identifierForTableGroup [edu.miu.cs.cs425.backend.domain.entity.Airline] for NavigablePath [edu.miu.cs.cs425.backend.domain.entity.Airline] 
2025-03-19T21:42:08.498-05:00 DEBUG 80480 --- [flight-booking] [           main] org.hibernate.orm.results.graph.AST      : DomainResult Graph:
 \-EntityResultImpl [edu.miu.cs.cs425.backend.domain.entity.Airline(27)]
 |  +-BasicFetch [edu.miu.cs.cs425.backend.domain.entity.Airline(27).logoUrl]
 |  \-BasicFetch [edu.miu.cs.cs425.backend.domain.entity.Airline(27).name]

2025-03-19T21:42:08.498-05:00 DEBUG 80480 --- [flight-booking] [           main] org.hibernate.orm.sql.ast.tree           : SQL AST Tree:
    SelectStatement {
      FromClause {
        StandardTableGroup (a1 : edu.miu.cs.cs425.backend.domain.entity.Airline(27)) {
          primaryTableReference : airline as a1_0
        }
      }
    }

2025-03-19T21:42:08.514-05:00 DEBUG 80480 --- [flight-booking] [           main] org.hibernate.orm.sql.exec               : Skipping reading Query result cache data: cache-enabled = false, cache-mode = NORMAL
2025-03-19T21:42:08.518-05:00 DEBUG 80480 --- [flight-booking] [           main] org.hibernate.SQL                        : 
    select
        a1_0.code,
        a1_0.logo_url,
        a1_0.name 
    from
        airline a1_0
Hibernate: 
    select
        a1_0.code,
        a1_0.logo_url,
        a1_0.name 
    from
        airline a1_0
2025-03-19T21:42:08.541-05:00 DEBUG 80480 --- [flight-booking] [           main] org.hibernate.orm.results                : Initializer list:
	  edu.miu.cs.cs425.backend.domain.entity.Airline(27) -> EntityJoinedFetchInitializer(edu.miu.cs.cs425.backend.domain.entity.Airline(27))@570617568 (SingleTableEntityPersister(edu.miu.cs.cs425.backend.domain.entity.Airline))

2025-03-19T21:42:08.548-05:00 DEBUG 80480 --- [flight-booking] [           main] o.h.e.t.internal.TransactionImpl         : committing
2025-03-19T21:42:08.551-05:00 DEBUG 80480 --- [flight-booking] [           main] o.h.e.t.internal.TransactionImpl         : On TransactionImpl creation, JpaCompliance#isJpaTransactionComplianceEnabled == false
2025-03-19T21:42:08.551-05:00 DEBUG 80480 --- [flight-booking] [           main] o.h.e.t.internal.TransactionImpl         : begin
2025-03-19T21:42:08.552-05:00 DEBUG 80480 --- [flight-booking] [           main] org.hibernate.orm.sql.ast.create         : Created new SQL alias : a1_0
2025-03-19T21:42:08.552-05:00 DEBUG 80480 --- [flight-booking] [           main] org.hibernate.orm.sql.ast.create         : Registration of TableGroup [StandardTableGroup(edu.miu.cs.cs425.backend.domain.entity.Airport(28))] with identifierForTableGroup [edu.miu.cs.cs425.backend.domain.entity.Airport] for NavigablePath [edu.miu.cs.cs425.backend.domain.entity.Airport] 
2025-03-19T21:42:08.552-05:00 DEBUG 80480 --- [flight-booking] [           main] org.hibernate.orm.results.graph.AST      : DomainResult Graph:
 \-EntityResultImpl [edu.miu.cs.cs425.backend.domain.entity.Airport(28)]
 |  +-BasicFetch [edu.miu.cs.cs425.backend.domain.entity.Airport(28).city]
 |  +-BasicFetch [edu.miu.cs.cs425.backend.domain.entity.Airport(28).country]
 |  \-BasicFetch [edu.miu.cs.cs425.backend.domain.entity.Airport(28).name]

2025-03-19T21:42:08.552-05:00 DEBUG 80480 --- [flight-booking] [           main] org.hibernate.orm.sql.ast.tree           : SQL AST Tree:
    SelectStatement {
      FromClause {
        StandardTableGroup (a1 : edu.miu.cs.cs425.backend.domain.entity.Airport(28)) {
          primaryTableReference : airport as a1_0
        }
      }
    }

2025-03-19T21:42:08.552-05:00 DEBUG 80480 --- [flight-booking] [           main] org.hibernate.orm.sql.exec               : Skipping reading Query result cache data: cache-enabled = false, cache-mode = NORMAL
2025-03-19T21:42:08.552-05:00 DEBUG 80480 --- [flight-booking] [           main] org.hibernate.SQL                        : 
    select
        a1_0.iata_code,
        a1_0.city,
        a1_0.country,
        a1_0.name 
    from
        airport a1_0
Hibernate: 
    select
        a1_0.iata_code,
        a1_0.city,
        a1_0.country,
        a1_0.name 
    from
        airport a1_0
2025-03-19T21:42:08.554-05:00 DEBUG 80480 --- [flight-booking] [           main] org.hibernate.orm.results                : Initializer list:
	  edu.miu.cs.cs425.backend.domain.entity.Airport(28) -> EntityJoinedFetchInitializer(edu.miu.cs.cs425.backend.domain.entity.Airport(28))@2092143369 (SingleTableEntityPersister(edu.miu.cs.cs425.backend.domain.entity.Airport))

2025-03-19T21:42:08.554-05:00 DEBUG 80480 --- [flight-booking] [           main] o.h.e.t.internal.TransactionImpl         : committing
2025-03-19T21:42:08.556-05:00 DEBUG 80480 --- [flight-booking] [           main] o.h.e.t.internal.TransactionImpl         : On TransactionImpl creation, JpaCompliance#isJpaTransactionComplianceEnabled == false
2025-03-19T21:42:08.556-05:00 DEBUG 80480 --- [flight-booking] [           main] o.h.e.t.internal.TransactionImpl         : begin
2025-03-19T21:42:08.557-05:00 DEBUG 80480 --- [flight-booking] [           main] org.hibernate.orm.sql.ast.create         : Created new SQL alias : u1_0
2025-03-19T21:42:08.557-05:00 DEBUG 80480 --- [flight-booking] [           main] org.hibernate.orm.sql.ast.create         : Registration of TableGroup [StandardTableGroup(edu.miu.cs.cs425.backend.domain.entity.User(29))] with identifierForTableGroup [edu.miu.cs.cs425.backend.domain.entity.User] for NavigablePath [edu.miu.cs.cs425.backend.domain.entity.User] 
2025-03-19T21:42:08.557-05:00 DEBUG 80480 --- [flight-booking] [           main] org.hibernate.orm.results.graph.AST      : DomainResult Graph:
 \-EntityResultImpl [edu.miu.cs.cs425.backend.domain.entity.User(29)]
 |  +-BasicFetch [edu.miu.cs.cs425.backend.domain.entity.User(29).address]
 |  +-BasicFetch [edu.miu.cs.cs425.backend.domain.entity.User(29).avatar]
 |  +-BasicFetch [edu.miu.cs.cs425.backend.domain.entity.User(29).createdAt]
 |  +-BasicFetch [edu.miu.cs.cs425.backend.domain.entity.User(29).email]
 |  +-BasicFetch [edu.miu.cs.cs425.backend.domain.entity.User(29).name]
 |  +-BasicFetch [edu.miu.cs.cs425.backend.domain.entity.User(29).password]
 |  +-BasicFetch [edu.miu.cs.cs425.backend.domain.entity.User(29).phone]
 |  +-SelectEagerCollectionFetch [edu.miu.cs.cs425.backend.domain.entity.User(29).roles]
 |  \-BasicFetch [edu.miu.cs.cs425.backend.domain.entity.User(29).updatedAt]

2025-03-19T21:42:08.557-05:00 DEBUG 80480 --- [flight-booking] [           main] org.hibernate.orm.sql.ast.tree           : SQL AST Tree:
    SelectStatement {
      FromClause {
        StandardTableGroup (u1 : edu.miu.cs.cs425.backend.domain.entity.User(29)) {
          primaryTableReference : user as u1_0
        }
      }
    }

2025-03-19T21:42:08.557-05:00 DEBUG 80480 --- [flight-booking] [           main] org.hibernate.orm.sql.exec               : Skipping reading Query result cache data: cache-enabled = false, cache-mode = NORMAL
2025-03-19T21:42:08.557-05:00 DEBUG 80480 --- [flight-booking] [           main] org.hibernate.SQL                        : 
    select
        u1_0.id,
        u1_0.address,
        u1_0.avatar,
        u1_0.created_at,
        u1_0.email,
        u1_0.name,
        u1_0.password,
        u1_0.phone,
        u1_0.updated_at 
    from
        user u1_0
Hibernate: 
    select
        u1_0.id,
        u1_0.address,
        u1_0.avatar,
        u1_0.created_at,
        u1_0.email,
        u1_0.name,
        u1_0.password,
        u1_0.phone,
        u1_0.updated_at 
    from
        user u1_0
2025-03-19T21:42:08.562-05:00 DEBUG 80480 --- [flight-booking] [           main] org.hibernate.orm.results                : Initializer list:
	  edu.miu.cs.cs425.backend.domain.entity.User(29) -> EntityJoinedFetchInitializer(edu.miu.cs.cs425.backend.domain.entity.User(29))@1674117499 (SingleTableEntityPersister(edu.miu.cs.cs425.backend.domain.entity.User))
	  edu.miu.cs.cs425.backend.domain.entity.User(29).roles -> SelectEagerCollectionInitializer(edu.miu.cs.cs425.backend.domain.entity.User(29).roles)@1303903788 (PluralAttribute(edu.miu.cs.cs425.backend.domain.entity.User.roles))

2025-03-19T21:42:08.562-05:00 DEBUG 80480 --- [flight-booking] [           main] o.h.e.t.internal.TransactionImpl         : committing
2025-03-19T21:42:08.564-05:00 DEBUG 80480 --- [flight-booking] [           main] o.h.e.t.internal.TransactionImpl         : On TransactionImpl creation, JpaCompliance#isJpaTransactionComplianceEnabled == false
2025-03-19T21:42:08.564-05:00 DEBUG 80480 --- [flight-booking] [           main] o.h.e.t.internal.TransactionImpl         : begin
2025-03-19T21:42:08.565-05:00 DEBUG 80480 --- [flight-booking] [           main] org.hibernate.orm.sql.ast.create         : Created new SQL alias : f1_0
2025-03-19T21:42:08.565-05:00 DEBUG 80480 --- [flight-booking] [           main] org.hibernate.orm.sql.ast.create         : Registration of TableGroup [StandardTableGroup(edu.miu.cs.cs425.backend.domain.entity.Flight(30))] with identifierForTableGroup [edu.miu.cs.cs425.backend.domain.entity.Flight] for NavigablePath [edu.miu.cs.cs425.backend.domain.entity.Flight] 
2025-03-19T21:42:08.566-05:00 DEBUG 80480 --- [flight-booking] [           main] org.hibernate.orm.sql.ast.create         : Registration of TableGroup [org.hibernate.sql.ast.tree.from.LazyTableGroup@1cce2194] with identifierForTableGroup [edu.miu.cs.cs425.backend.domain.entity.Flight(30).airline] for NavigablePath [edu.miu.cs.cs425.backend.domain.entity.Flight(30).airline] 
2025-03-19T21:42:08.566-05:00 DEBUG 80480 --- [flight-booking] [           main] org.hibernate.orm.sql.ast.create         : Registration of TableGroup [org.hibernate.sql.ast.tree.from.LazyTableGroup@211e1b51] with identifierForTableGroup [edu.miu.cs.cs425.backend.domain.entity.Flight(30).destination] for NavigablePath [edu.miu.cs.cs425.backend.domain.entity.Flight(30).destination] 
2025-03-19T21:42:08.566-05:00 DEBUG 80480 --- [flight-booking] [           main] org.hibernate.orm.sql.ast.create         : Registration of TableGroup [org.hibernate.sql.ast.tree.from.LazyTableGroup@d4a1d38] with identifierForTableGroup [edu.miu.cs.cs425.backend.domain.entity.Flight(30).origin] for NavigablePath [edu.miu.cs.cs425.backend.domain.entity.Flight(30).origin] 
2025-03-19T21:42:08.567-05:00 DEBUG 80480 --- [flight-booking] [           main] org.hibernate.orm.results.graph.AST      : DomainResult Graph:
 \-EntityResultImpl [edu.miu.cs.cs425.backend.domain.entity.Flight(30)]
 |  +-EntityFetchSelectImpl [edu.miu.cs.cs425.backend.domain.entity.Flight(30).airline]
 |  +-BasicFetch [edu.miu.cs.cs425.backend.domain.entity.Flight(30).arrival]
 |  +-BasicFetch [edu.miu.cs.cs425.backend.domain.entity.Flight(30).departure]
 |  +-EntityFetchSelectImpl [edu.miu.cs.cs425.backend.domain.entity.Flight(30).destination]
 |  +-BasicFetch [edu.miu.cs.cs425.backend.domain.entity.Flight(30).duration]
 |  +-BasicFetch [edu.miu.cs.cs425.backend.domain.entity.Flight(30).flightNumber]
 |  +-EntityFetchSelectImpl [edu.miu.cs.cs425.backend.domain.entity.Flight(30).origin]
 |  +-BasicFetch [edu.miu.cs.cs425.backend.domain.entity.Flight(30).price]
 |  \-BasicFetch [edu.miu.cs.cs425.backend.domain.entity.Flight(30).seatsAvailable]

2025-03-19T21:42:08.567-05:00 DEBUG 80480 --- [flight-booking] [           main] org.hibernate.orm.sql.ast.tree           : SQL AST Tree:
    SelectStatement {
      FromClause {
        StandardTableGroup (f1 : edu.miu.cs.cs425.backend.domain.entity.Flight(30)) {
          primaryTableReference : flight as f1_0
          TableGroupJoins {
            left  join LazyTableGroup (a1 : edu.miu.cs.cs425.backend.domain.entity.Flight(30).airline) {
            }
            left  join LazyTableGroup (d1 : edu.miu.cs.cs425.backend.domain.entity.Flight(30).destination) {
            }
            left  join LazyTableGroup (o1 : edu.miu.cs.cs425.backend.domain.entity.Flight(30).origin) {
            }
          }
        }
      }
    }

2025-03-19T21:42:08.567-05:00 DEBUG 80480 --- [flight-booking] [           main] org.hibernate.orm.sql.exec               : Skipping reading Query result cache data: cache-enabled = false, cache-mode = NORMAL
2025-03-19T21:42:08.567-05:00 DEBUG 80480 --- [flight-booking] [           main] org.hibernate.SQL                        : 
    select
        f1_0.id,
        f1_0.airline_code,
        f1_0.arrival,
        f1_0.departure,
        f1_0.destination_iata_code,
        f1_0.duration,
        f1_0.flight_number,
        f1_0.origin_iata_code,
        f1_0.price,
        f1_0.seats_available 
    from
        flight f1_0
Hibernate: 
    select
        f1_0.id,
        f1_0.airline_code,
        f1_0.arrival,
        f1_0.departure,
        f1_0.destination_iata_code,
        f1_0.duration,
        f1_0.flight_number,
        f1_0.origin_iata_code,
        f1_0.price,
        f1_0.seats_available 
    from
        flight f1_0
2025-03-19T21:42:08.624-05:00 DEBUG 80480 --- [flight-booking] [           main] org.hibernate.orm.results                : Initializer list:
	  edu.miu.cs.cs425.backend.domain.entity.Flight(30).origin -> EntitySelectFetchInitializer(edu.miu.cs.cs425.backend.domain.entity.Flight(30).origin)@2137445705 (ToOneAttributeMapping(NavigableRole[edu.miu.cs.cs425.backend.domain.entity.Flight.origin])@1648124601)
	  edu.miu.cs.cs425.backend.domain.entity.Flight(30) -> EntityJoinedFetchInitializer(edu.miu.cs.cs425.backend.domain.entity.Flight(30))@2062965577 (SingleTableEntityPersister(edu.miu.cs.cs425.backend.domain.entity.Flight))
	  edu.miu.cs.cs425.backend.domain.entity.Flight(30).destination -> EntitySelectFetchInitializer(edu.miu.cs.cs425.backend.domain.entity.Flight(30).destination)@853626453 (ToOneAttributeMapping(NavigableRole[edu.miu.cs.cs425.backend.domain.entity.Flight.destination])@2070157789)
	  edu.miu.cs.cs425.backend.domain.entity.Flight(30).airline -> EntitySelectFetchInitializer(edu.miu.cs.cs425.backend.domain.entity.Flight(30).airline)@2060228002 (ToOneAttributeMapping(NavigableRole[edu.miu.cs.cs425.backend.domain.entity.Flight.airline])@841528737)

2025-03-19T21:42:08.624-05:00 DEBUG 80480 --- [flight-booking] [           main] o.h.e.t.internal.TransactionImpl         : committing
2025-03-19T21:42:08.626-05:00 DEBUG 80480 --- [flight-booking] [           main] o.h.e.t.internal.TransactionImpl         : On TransactionImpl creation, JpaCompliance#isJpaTransactionComplianceEnabled == false
2025-03-19T21:42:08.626-05:00 DEBUG 80480 --- [flight-booking] [           main] o.h.e.t.internal.TransactionImpl         : begin
2025-03-19T21:42:08.627-05:00 DEBUG 80480 --- [flight-booking] [           main] org.hibernate.orm.sql.ast.create         : Created new SQL alias : b1_0
2025-03-19T21:42:08.627-05:00 DEBUG 80480 --- [flight-booking] [           main] org.hibernate.orm.sql.ast.create         : Registration of TableGroup [StandardTableGroup(edu.miu.cs.cs425.backend.domain.entity.Booking(31))] with identifierForTableGroup [edu.miu.cs.cs425.backend.domain.entity.Booking] for NavigablePath [edu.miu.cs.cs425.backend.domain.entity.Booking] 
2025-03-19T21:42:08.628-05:00 DEBUG 80480 --- [flight-booking] [           main] org.hibernate.orm.sql.ast.create         : Registration of TableGroup [StandardVirtualTableGroup(edu.miu.cs.cs425.backend.domain.entity.Booking(31).userDetails)] with identifierForTableGroup [edu.miu.cs.cs425.backend.domain.entity.Booking(31).userDetails] for NavigablePath [edu.miu.cs.cs425.backend.domain.entity.Booking(31).userDetails] 
2025-03-19T21:42:08.628-05:00 DEBUG 80480 --- [flight-booking] [           main] org.hibernate.orm.results.graph.AST      : DomainResult Graph:
 \-EntityResultImpl [edu.miu.cs.cs425.backend.domain.entity.Booking(31)]
 |  +-BasicFetch [edu.miu.cs.cs425.backend.domain.entity.Booking(31).createdAt]
 |  +-BasicFetch [edu.miu.cs.cs425.backend.domain.entity.Booking(31).fareType]
 |  +-DelayedCollectionFetch [edu.miu.cs.cs425.backend.domain.entity.Booking(31).flightLegs]
 |  +-DelayedCollectionFetch [edu.miu.cs.cs425.backend.domain.entity.Booking(31).returnFlightLegs]
 |  +-BasicFetch [edu.miu.cs.cs425.backend.domain.entity.Booking(31).selectedSeat]
 |  +-BasicFetch [edu.miu.cs.cs425.backend.domain.entity.Booking(31).status]
 |  +-BasicFetch [edu.miu.cs.cs425.backend.domain.entity.Booking(31).totalPrice]
 |  +-BasicFetch [edu.miu.cs.cs425.backend.domain.entity.Booking(31).updatedAt]
 |  +-EmbeddableFetchImpl [edu.miu.cs.cs425.backend.domain.entity.Booking(31).userDetails]
 |  |  +-BasicFetch [edu.miu.cs.cs425.backend.domain.entity.Booking(31).userDetails.address]
 |  |  +-BasicFetch [edu.miu.cs.cs425.backend.domain.entity.Booking(31).userDetails.email]
 |  |  +-BasicFetch [edu.miu.cs.cs425.backend.domain.entity.Booking(31).userDetails.firstName]
 |  |  +-BasicFetch [edu.miu.cs.cs425.backend.domain.entity.Booking(31).userDetails.lastName]
 |  |  +-BasicFetch [edu.miu.cs.cs425.backend.domain.entity.Booking(31).userDetails.passportNumber]
 |  |  \-BasicFetch [edu.miu.cs.cs425.backend.domain.entity.Booking(31).userDetails.phone]
 |  \-BasicFetch [edu.miu.cs.cs425.backend.domain.entity.Booking(31).userId]

2025-03-19T21:42:08.628-05:00 DEBUG 80480 --- [flight-booking] [           main] org.hibernate.orm.sql.ast.tree           : SQL AST Tree:
    SelectStatement {
      FromClause {
        StandardTableGroup (b1 : edu.miu.cs.cs425.backend.domain.entity.Booking(31)) {
          primaryTableReference : bookings as b1_0
          TableGroupJoins {
             join StandardVirtualTableGroup (null : edu.miu.cs.cs425.backend.domain.entity.Booking(31).userDetails) {
              primaryTableReference : bookings as b1_0
            }
          }
        }
      }
    }

2025-03-19T21:42:08.629-05:00 DEBUG 80480 --- [flight-booking] [           main] org.hibernate.orm.sql.exec               : Skipping reading Query result cache data: cache-enabled = false, cache-mode = NORMAL
2025-03-19T21:42:08.629-05:00 DEBUG 80480 --- [flight-booking] [           main] org.hibernate.SQL                        : 
    select
        b1_0.id,
        b1_0.created_at,
        b1_0.fare_type,
        b1_0.selected_seat,
        b1_0.status,
        b1_0.total_price,
        b1_0.updated_at,
        b1_0.address,
        b1_0.email,
        b1_0.first_name,
        b1_0.last_name,
        b1_0.passport_number,
        b1_0.phone,
        b1_0.user_id 
    from
        bookings b1_0
Hibernate: 
    select
        b1_0.id,
        b1_0.created_at,
        b1_0.fare_type,
        b1_0.selected_seat,
        b1_0.status,
        b1_0.total_price,
        b1_0.updated_at,
        b1_0.address,
        b1_0.email,
        b1_0.first_name,
        b1_0.last_name,
        b1_0.passport_number,
        b1_0.phone,
        b1_0.user_id 
    from
        bookings b1_0
2025-03-19T21:42:08.634-05:00 DEBUG 80480 --- [flight-booking] [           main] org.hibernate.orm.results                : Initializer list:
	  edu.miu.cs.cs425.backend.domain.entity.Booking(31).flightLegs -> DelayedCollectionInitializer(edu.miu.cs.cs425.backend.domain.entity.Booking(31).flightLegs)@1789568619 (PluralAttribute(edu.miu.cs.cs425.backend.domain.entity.Booking.flightLegs))
	  edu.miu.cs.cs425.backend.domain.entity.Booking(31).returnFlightLegs -> DelayedCollectionInitializer(edu.miu.cs.cs425.backend.domain.entity.Booking(31).returnFlightLegs)@792245086 (PluralAttribute(edu.miu.cs.cs425.backend.domain.entity.Booking.returnFlightLegs))
	  edu.miu.cs.cs425.backend.domain.entity.Booking(31).userDetails -> EmbeddableInitializerImpl(edu.miu.cs.cs425.backend.domain.entity.Booking(31).userDetails) : `class edu.miu.cs.cs425.backend.domain.entity.UserDetails`@2123939487 (EmbeddedAttributeMapping(NavigableRole[edu.miu.cs.cs425.backend.domain.entity.Booking.userDetails])@541466155)
	  edu.miu.cs.cs425.backend.domain.entity.Booking(31) -> EntityJoinedFetchInitializer(edu.miu.cs.cs425.backend.domain.entity.Booking(31))@526417334 (SingleTableEntityPersister(edu.miu.cs.cs425.backend.domain.entity.Booking))

2025-03-19T21:42:08.635-05:00 DEBUG 80480 --- [flight-booking] [           main] o.h.e.t.internal.TransactionImpl         : committing
2025-03-19T21:42:08.636-05:00 DEBUG 80480 --- [flight-booking] [           main] o.h.e.t.internal.TransactionImpl         : On TransactionImpl creation, JpaCompliance#isJpaTransactionComplianceEnabled == false
2025-03-19T21:42:08.636-05:00 DEBUG 80480 --- [flight-booking] [           main] o.h.e.t.internal.TransactionImpl         : begin
2025-03-19T21:42:08.637-05:00 DEBUG 80480 --- [flight-booking] [           main] org.hibernate.orm.sql.ast.create         : Created new SQL alias : r1_0
2025-03-19T21:42:08.637-05:00 DEBUG 80480 --- [flight-booking] [           main] org.hibernate.orm.sql.ast.create         : Registration of TableGroup [StandardTableGroup(edu.miu.cs.cs425.backend.domain.entity.Role(32))] with identifierForTableGroup [edu.miu.cs.cs425.backend.domain.entity.Role] for NavigablePath [edu.miu.cs.cs425.backend.domain.entity.Role] 
2025-03-19T21:42:08.638-05:00 DEBUG 80480 --- [flight-booking] [           main] org.hibernate.orm.results.graph.AST      : DomainResult Graph:
 \-EntityResultImpl [edu.miu.cs.cs425.backend.domain.entity.Role(32)]
 |  +-BasicFetch [edu.miu.cs.cs425.backend.domain.entity.Role(32).name]
 |  \-SelectEagerCollectionFetch [edu.miu.cs.cs425.backend.domain.entity.Role(32).users]

2025-03-19T21:42:08.638-05:00 DEBUG 80480 --- [flight-booking] [           main] org.hibernate.orm.sql.ast.tree           : SQL AST Tree:
    SelectStatement {
      FromClause {
        StandardTableGroup (r1 : edu.miu.cs.cs425.backend.domain.entity.Role(32)) {
          primaryTableReference : role as r1_0
        }
      }
    }

2025-03-19T21:42:08.638-05:00 DEBUG 80480 --- [flight-booking] [           main] org.hibernate.orm.sql.exec               : Skipping reading Query result cache data: cache-enabled = false, cache-mode = NORMAL
2025-03-19T21:42:08.638-05:00 DEBUG 80480 --- [flight-booking] [           main] org.hibernate.SQL                        : 
    select
        r1_0.id,
        r1_0.name 
    from
        role r1_0
Hibernate: 
    select
        r1_0.id,
        r1_0.name 
    from
        role r1_0
2025-03-19T21:42:08.640-05:00 DEBUG 80480 --- [flight-booking] [           main] org.hibernate.orm.results                : Initializer list:
	  edu.miu.cs.cs425.backend.domain.entity.Role(32).users -> SelectEagerCollectionInitializer(edu.miu.cs.cs425.backend.domain.entity.Role(32).users)@1270137159 (PluralAttribute(edu.miu.cs.cs425.backend.domain.entity.Role.users))
	  edu.miu.cs.cs425.backend.domain.entity.Role(32) -> EntityJoinedFetchInitializer(edu.miu.cs.cs425.backend.domain.entity.Role(32))@746446752 (SingleTableEntityPersister(edu.miu.cs.cs425.backend.domain.entity.Role))

2025-03-19T21:42:08.640-05:00 DEBUG 80480 --- [flight-booking] [           main] o.h.e.t.internal.TransactionImpl         : committing
2025-03-19T21:42:08.661-05:00 DEBUG 80480 --- [flight-booking] [           main] o.h.e.t.internal.TransactionImpl         : On TransactionImpl creation, JpaCompliance#isJpaTransactionComplianceEnabled == false
2025-03-19T21:42:08.662-05:00 DEBUG 80480 --- [flight-booking] [           main] o.h.e.t.internal.TransactionImpl         : begin
2025-03-19T21:42:08.662-05:00 DEBUG 80480 --- [flight-booking] [           main] o.h.j.internal.PersistenceUnitUtilImpl   : jakarta.persistence.PersistenceUnitUtil.getIdentifier is only intended to work with enhanced entities (although Hibernate also adapts this support to its proxies); however the passed entity was not enhanced (nor a proxy).. may not be able to read identifier
2025-03-19T21:42:08.689-05:00 DEBUG 80480 --- [flight-booking] [           main] org.hibernate.engine.spi.ActionQueue     : Executing identity-insert immediately
2025-03-19T21:42:08.699-05:00 DEBUG 80480 --- [flight-booking] [           main] org.hibernate.SQL                        : 
    insert 
    into
        role
        (name) 
    values
        (?)
Hibernate: 
    insert 
    into
        role
        (name) 
    values
        (?)
2025-03-19T21:42:08.712-05:00 DEBUG 80480 --- [flight-booking] [           main] org.hibernate.orm.results                : Initializer list is empty
2025-03-19T21:42:08.714-05:00 DEBUG 80480 --- [flight-booking] [           main] o.h.id.IdentifierGeneratorHelper         : Extracted generated values [edu.miu.cs.cs425.backend.domain.entity.Role]: [Ljava.lang.Object;@76aef382
2025-03-19T21:42:08.718-05:00 DEBUG 80480 --- [flight-booking] [           main] o.h.j.internal.PersistenceUnitUtilImpl   : jakarta.persistence.PersistenceUnitUtil.getIdentifier is only intended to work with enhanced entities (although Hibernate also adapts this support to its proxies); however the passed entity was not enhanced (nor a proxy).. may not be able to read identifier
2025-03-19T21:42:08.718-05:00 DEBUG 80480 --- [flight-booking] [           main] org.hibernate.engine.spi.ActionQueue     : Executing identity-insert immediately
2025-03-19T21:42:08.718-05:00 DEBUG 80480 --- [flight-booking] [           main] org.hibernate.SQL                        : 
    insert 
    into
        role
        (name) 
    values
        (?)
Hibernate: 
    insert 
    into
        role
        (name) 
    values
        (?)
2025-03-19T21:42:08.720-05:00 DEBUG 80480 --- [flight-booking] [           main] org.hibernate.orm.results                : Initializer list is empty
2025-03-19T21:42:08.720-05:00 DEBUG 80480 --- [flight-booking] [           main] o.h.id.IdentifierGeneratorHelper         : Extracted generated values [edu.miu.cs.cs425.backend.domain.entity.Role]: [Ljava.lang.Object;@d3fa0e1
2025-03-19T21:42:08.721-05:00 DEBUG 80480 --- [flight-booking] [           main] o.h.e.t.internal.TransactionImpl         : committing
2025-03-19T21:42:08.721-05:00 DEBUG 80480 --- [flight-booking] [           main] o.h.e.i.AbstractFlushingEventListener    : Processing flush-time cascades
2025-03-19T21:42:08.722-05:00 DEBUG 80480 --- [flight-booking] [           main] o.h.e.i.AbstractFlushingEventListener    : Dirty checking collections
2025-03-19T21:42:08.727-05:00 DEBUG 80480 --- [flight-booking] [           main] o.hibernate.engine.internal.Collections  : Collection found: [edu.miu.cs.cs425.backend.domain.entity.Role.users#1], was: [<unreferenced>] (initialized)
2025-03-19T21:42:08.727-05:00 DEBUG 80480 --- [flight-booking] [           main] o.hibernate.engine.internal.Collections  : Collection found: [edu.miu.cs.cs425.backend.domain.entity.Role.users#2], was: [<unreferenced>] (initialized)
2025-03-19T21:42:08.732-05:00 DEBUG 80480 --- [flight-booking] [           main] o.h.e.i.AbstractFlushingEventListener    : Flushed: 0 insertions, 0 updates, 0 deletions to 2 objects
2025-03-19T21:42:08.732-05:00 DEBUG 80480 --- [flight-booking] [           main] o.h.e.i.AbstractFlushingEventListener    : Flushed: 2 (re)creations, 0 updates, 0 removals to 2 collections
2025-03-19T21:42:08.732-05:00 DEBUG 80480 --- [flight-booking] [           main] o.hibernate.internal.util.EntityPrinter  : Listing entities:
2025-03-19T21:42:08.733-05:00 DEBUG 80480 --- [flight-booking] [           main] o.hibernate.internal.util.EntityPrinter  : edu.miu.cs.cs425.backend.domain.entity.Role{name=ADMIN, id=2, users=[]}
2025-03-19T21:42:08.733-05:00 DEBUG 80480 --- [flight-booking] [           main] o.hibernate.internal.util.EntityPrinter  : edu.miu.cs.cs425.backend.domain.entity.Role{name=USER, id=1, users=[]}
2025-03-19T21:42:08.790-05:00 DEBUG 80480 --- [flight-booking] [           main] o.h.e.t.internal.TransactionImpl         : On TransactionImpl creation, JpaCompliance#isJpaTransactionComplianceEnabled == false
2025-03-19T21:42:08.790-05:00 DEBUG 80480 --- [flight-booking] [           main] o.h.e.t.internal.TransactionImpl         : begin
2025-03-19T21:42:08.791-05:00 DEBUG 80480 --- [flight-booking] [           main] o.h.j.internal.PersistenceUnitUtilImpl   : jakarta.persistence.PersistenceUnitUtil.getIdentifier is only intended to work with enhanced entities (although Hibernate also adapts this support to its proxies); however the passed entity was not enhanced (nor a proxy).. may not be able to read identifier
2025-03-19T21:42:08.797-05:00 DEBUG 80480 --- [flight-booking] [           main] org.hibernate.orm.sql.ast.create         : Created new SQL alias : a1_0
2025-03-19T21:42:08.798-05:00 DEBUG 80480 --- [flight-booking] [           main] org.hibernate.orm.sql.ast.create         : Registration of TableGroup [StandardTableGroup(edu.miu.cs.cs425.backend.domain.entity.Airline)] with identifierForTableGroup [edu.miu.cs.cs425.backend.domain.entity.Airline] for NavigablePath [edu.miu.cs.cs425.backend.domain.entity.Airline] 
2025-03-19T21:42:08.798-05:00 DEBUG 80480 --- [flight-booking] [           main] org.hibernate.orm.results.graph.AST      : DomainResult Graph:
 \-EntityResultImpl [edu.miu.cs.cs425.backend.domain.entity.Airline]
 |  +-BasicFetch [edu.miu.cs.cs425.backend.domain.entity.Airline.logoUrl]
 |  \-BasicFetch [edu.miu.cs.cs425.backend.domain.entity.Airline.name]

2025-03-19T21:42:08.798-05:00 DEBUG 80480 --- [flight-booking] [           main] org.hibernate.orm.sql.ast.tree           : SQL AST Tree:
    SelectStatement {
      FromClause {
        StandardTableGroup (a1 : edu.miu.cs.cs425.backend.domain.entity.Airline) {
          primaryTableReference : airline as a1_0
        }
      }
    }

2025-03-19T21:42:08.801-05:00 DEBUG 80480 --- [flight-booking] [           main] org.hibernate.orm.sql.exec               : Skipping reading Query result cache data: cache-enabled = false, cache-mode = IGNORE
2025-03-19T21:42:08.801-05:00 DEBUG 80480 --- [flight-booking] [           main] org.hibernate.SQL                        : 
    select
        a1_0.code,
        a1_0.logo_url,
        a1_0.name 
    from
        airline a1_0 
    where
        a1_0.code=?
Hibernate: 
    select
        a1_0.code,
        a1_0.logo_url,
        a1_0.name 
    from
        airline a1_0 
    where
        a1_0.code=?
2025-03-19T21:42:08.834-05:00 DEBUG 80480 --- [flight-booking] [           main] org.hibernate.orm.results                : Initializer list:
	  edu.miu.cs.cs425.backend.domain.entity.Airline -> EntityJoinedFetchInitializer(edu.miu.cs.cs425.backend.domain.entity.Airline)@1495145975 (SingleTableEntityPersister(edu.miu.cs.cs425.backend.domain.entity.Airline))

2025-03-19T21:42:08.836-05:00 DEBUG 80480 --- [flight-booking] [           main] o.h.j.internal.PersistenceUnitUtilImpl   : jakarta.persistence.PersistenceUnitUtil.getIdentifier is only intended to work with enhanced entities (although Hibernate also adapts this support to its proxies); however the passed entity was not enhanced (nor a proxy).. may not be able to read identifier
2025-03-19T21:42:08.836-05:00 DEBUG 80480 --- [flight-booking] [           main] org.hibernate.orm.sql.exec               : Skipping reading Query result cache data: cache-enabled = false, cache-mode = IGNORE
2025-03-19T21:42:08.837-05:00 DEBUG 80480 --- [flight-booking] [           main] org.hibernate.SQL                        : 
    select
        a1_0.code,
        a1_0.logo_url,
        a1_0.name 
    from
        airline a1_0 
    where
        a1_0.code=?
Hibernate: 
    select
        a1_0.code,
        a1_0.logo_url,
        a1_0.name 
    from
        airline a1_0 
    where
        a1_0.code=?
2025-03-19T21:42:08.838-05:00 DEBUG 80480 --- [flight-booking] [           main] o.h.j.internal.PersistenceUnitUtilImpl   : jakarta.persistence.PersistenceUnitUtil.getIdentifier is only intended to work with enhanced entities (although Hibernate also adapts this support to its proxies); however the passed entity was not enhanced (nor a proxy).. may not be able to read identifier
2025-03-19T21:42:08.839-05:00 DEBUG 80480 --- [flight-booking] [           main] org.hibernate.orm.sql.exec               : Skipping reading Query result cache data: cache-enabled = false, cache-mode = IGNORE
2025-03-19T21:42:08.839-05:00 DEBUG 80480 --- [flight-booking] [           main] org.hibernate.SQL                        : 
    select
        a1_0.code,
        a1_0.logo_url,
        a1_0.name 
    from
        airline a1_0 
    where
        a1_0.code=?
Hibernate: 
    select
        a1_0.code,
        a1_0.logo_url,
        a1_0.name 
    from
        airline a1_0 
    where
        a1_0.code=?
2025-03-19T21:42:08.840-05:00 DEBUG 80480 --- [flight-booking] [           main] o.h.j.internal.PersistenceUnitUtilImpl   : jakarta.persistence.PersistenceUnitUtil.getIdentifier is only intended to work with enhanced entities (although Hibernate also adapts this support to its proxies); however the passed entity was not enhanced (nor a proxy).. may not be able to read identifier
2025-03-19T21:42:08.841-05:00 DEBUG 80480 --- [flight-booking] [           main] org.hibernate.orm.sql.exec               : Skipping reading Query result cache data: cache-enabled = false, cache-mode = IGNORE
2025-03-19T21:42:08.841-05:00 DEBUG 80480 --- [flight-booking] [           main] org.hibernate.SQL                        : 
    select
        a1_0.code,
        a1_0.logo_url,
        a1_0.name 
    from
        airline a1_0 
    where
        a1_0.code=?
Hibernate: 
    select
        a1_0.code,
        a1_0.logo_url,
        a1_0.name 
    from
        airline a1_0 
    where
        a1_0.code=?
2025-03-19T21:42:08.842-05:00 DEBUG 80480 --- [flight-booking] [           main] o.h.e.t.internal.TransactionImpl         : committing
2025-03-19T21:42:08.842-05:00 DEBUG 80480 --- [flight-booking] [           main] o.h.e.i.AbstractFlushingEventListener    : Processing flush-time cascades
2025-03-19T21:42:08.842-05:00 DEBUG 80480 --- [flight-booking] [           main] o.h.e.i.AbstractFlushingEventListener    : Dirty checking collections
2025-03-19T21:42:08.842-05:00 DEBUG 80480 --- [flight-booking] [           main] o.h.e.i.AbstractFlushingEventListener    : Flushed: 4 insertions, 0 updates, 0 deletions to 4 objects
2025-03-19T21:42:08.842-05:00 DEBUG 80480 --- [flight-booking] [           main] o.h.e.i.AbstractFlushingEventListener    : Flushed: 0 (re)creations, 0 updates, 0 removals to 0 collections
2025-03-19T21:42:08.842-05:00 DEBUG 80480 --- [flight-booking] [           main] o.hibernate.internal.util.EntityPrinter  : Listing entities:
2025-03-19T21:42:08.842-05:00 DEBUG 80480 --- [flight-booking] [           main] o.hibernate.internal.util.EntityPrinter  : edu.miu.cs.cs425.backend.domain.entity.Airline{code=AIR001, name=Delta Airlines, logoUrl=null}
2025-03-19T21:42:08.842-05:00 DEBUG 80480 --- [flight-booking] [           main] o.hibernate.internal.util.EntityPrinter  : edu.miu.cs.cs425.backend.domain.entity.Airline{code=AIR003, name=Air Canada, logoUrl=null}
2025-03-19T21:42:08.842-05:00 DEBUG 80480 --- [flight-booking] [           main] o.hibernate.internal.util.EntityPrinter  : edu.miu.cs.cs425.backend.domain.entity.Airline{code=AIR002, name=British Airways, logoUrl=null}
2025-03-19T21:42:08.842-05:00 DEBUG 80480 --- [flight-booking] [           main] o.hibernate.internal.util.EntityPrinter  : edu.miu.cs.cs425.backend.domain.entity.Airline{code=AIR004, name=Air France, logoUrl=null}
2025-03-19T21:42:08.843-05:00 DEBUG 80480 --- [flight-booking] [           main] org.hibernate.SQL                        : 
    insert 
    into
        airline
        (logo_url, name, code) 
    values
        (?, ?, ?)
Hibernate: 
    insert 
    into
        airline
        (logo_url, name, code) 
    values
        (?, ?, ?)
2025-03-19T21:42:08.846-05:00 DEBUG 80480 --- [flight-booking] [           main] org.hibernate.SQL                        : 
    insert 
    into
        airline
        (logo_url, name, code) 
    values
        (?, ?, ?)
Hibernate: 
    insert 
    into
        airline
        (logo_url, name, code) 
    values
        (?, ?, ?)
2025-03-19T21:42:08.848-05:00 DEBUG 80480 --- [flight-booking] [           main] org.hibernate.SQL                        : 
    insert 
    into
        airline
        (logo_url, name, code) 
    values
        (?, ?, ?)
Hibernate: 
    insert 
    into
        airline
        (logo_url, name, code) 
    values
        (?, ?, ?)
2025-03-19T21:42:08.861-05:00 DEBUG 80480 --- [flight-booking] [           main] org.hibernate.SQL                        : 
    insert 
    into
        airline
        (logo_url, name, code) 
    values
        (?, ?, ?)
Hibernate: 
    insert 
    into
        airline
        (logo_url, name, code) 
    values
        (?, ?, ?)
2025-03-19T21:42:08.864-05:00 DEBUG 80480 --- [flight-booking] [           main] o.h.e.t.internal.TransactionImpl         : On TransactionImpl creation, JpaCompliance#isJpaTransactionComplianceEnabled == false
2025-03-19T21:42:08.864-05:00 DEBUG 80480 --- [flight-booking] [           main] o.h.e.t.internal.TransactionImpl         : begin
2025-03-19T21:42:08.865-05:00 DEBUG 80480 --- [flight-booking] [           main] o.h.j.internal.PersistenceUnitUtilImpl   : jakarta.persistence.PersistenceUnitUtil.getIdentifier is only intended to work with enhanced entities (although Hibernate also adapts this support to its proxies); however the passed entity was not enhanced (nor a proxy).. may not be able to read identifier
2025-03-19T21:42:08.866-05:00 DEBUG 80480 --- [flight-booking] [           main] org.hibernate.orm.sql.ast.create         : Created new SQL alias : a1_0
2025-03-19T21:42:08.866-05:00 DEBUG 80480 --- [flight-booking] [           main] org.hibernate.orm.sql.ast.create         : Registration of TableGroup [StandardTableGroup(edu.miu.cs.cs425.backend.domain.entity.Airport)] with identifierForTableGroup [edu.miu.cs.cs425.backend.domain.entity.Airport] for NavigablePath [edu.miu.cs.cs425.backend.domain.entity.Airport] 
2025-03-19T21:42:08.866-05:00 DEBUG 80480 --- [flight-booking] [           main] org.hibernate.orm.results.graph.AST      : DomainResult Graph:
 \-EntityResultImpl [edu.miu.cs.cs425.backend.domain.entity.Airport]
 |  +-BasicFetch [edu.miu.cs.cs425.backend.domain.entity.Airport.city]
 |  +-BasicFetch [edu.miu.cs.cs425.backend.domain.entity.Airport.country]
 |  \-BasicFetch [edu.miu.cs.cs425.backend.domain.entity.Airport.name]

2025-03-19T21:42:08.866-05:00 DEBUG 80480 --- [flight-booking] [           main] org.hibernate.orm.sql.ast.tree           : SQL AST Tree:
    SelectStatement {
      FromClause {
        StandardTableGroup (a1 : edu.miu.cs.cs425.backend.domain.entity.Airport) {
          primaryTableReference : airport as a1_0
        }
      }
    }

2025-03-19T21:42:08.866-05:00 DEBUG 80480 --- [flight-booking] [           main] org.hibernate.orm.sql.exec               : Skipping reading Query result cache data: cache-enabled = false, cache-mode = IGNORE
2025-03-19T21:42:08.866-05:00 DEBUG 80480 --- [flight-booking] [           main] org.hibernate.SQL                        : 
    select
        a1_0.iata_code,
        a1_0.city,
        a1_0.country,
        a1_0.name 
    from
        airport a1_0 
    where
        a1_0.iata_code=?
Hibernate: 
    select
        a1_0.iata_code,
        a1_0.city,
        a1_0.country,
        a1_0.name 
    from
        airport a1_0 
    where
        a1_0.iata_code=?
2025-03-19T21:42:08.867-05:00 DEBUG 80480 --- [flight-booking] [           main] org.hibernate.orm.results                : Initializer list:
	  edu.miu.cs.cs425.backend.domain.entity.Airport -> EntityJoinedFetchInitializer(edu.miu.cs.cs425.backend.domain.entity.Airport)@756475678 (SingleTableEntityPersister(edu.miu.cs.cs425.backend.domain.entity.Airport))

2025-03-19T21:42:08.868-05:00 DEBUG 80480 --- [flight-booking] [           main] o.h.j.internal.PersistenceUnitUtilImpl   : jakarta.persistence.PersistenceUnitUtil.getIdentifier is only intended to work with enhanced entities (although Hibernate also adapts this support to its proxies); however the passed entity was not enhanced (nor a proxy).. may not be able to read identifier
2025-03-19T21:42:08.868-05:00 DEBUG 80480 --- [flight-booking] [           main] org.hibernate.orm.sql.exec               : Skipping reading Query result cache data: cache-enabled = false, cache-mode = IGNORE
2025-03-19T21:42:08.868-05:00 DEBUG 80480 --- [flight-booking] [           main] org.hibernate.SQL                        : 
    select
        a1_0.iata_code,
        a1_0.city,
        a1_0.country,
        a1_0.name 
    from
        airport a1_0 
    where
        a1_0.iata_code=?
Hibernate: 
    select
        a1_0.iata_code,
        a1_0.city,
        a1_0.country,
        a1_0.name 
    from
        airport a1_0 
    where
        a1_0.iata_code=?
2025-03-19T21:42:08.870-05:00 DEBUG 80480 --- [flight-booking] [           main] o.h.j.internal.PersistenceUnitUtilImpl   : jakarta.persistence.PersistenceUnitUtil.getIdentifier is only intended to work with enhanced entities (although Hibernate also adapts this support to its proxies); however the passed entity was not enhanced (nor a proxy).. may not be able to read identifier
2025-03-19T21:42:08.870-05:00 DEBUG 80480 --- [flight-booking] [           main] org.hibernate.orm.sql.exec               : Skipping reading Query result cache data: cache-enabled = false, cache-mode = IGNORE
2025-03-19T21:42:08.870-05:00 DEBUG 80480 --- [flight-booking] [           main] org.hibernate.SQL                        : 
    select
        a1_0.iata_code,
        a1_0.city,
        a1_0.country,
        a1_0.name 
    from
        airport a1_0 
    where
        a1_0.iata_code=?
Hibernate: 
    select
        a1_0.iata_code,
        a1_0.city,
        a1_0.country,
        a1_0.name 
    from
        airport a1_0 
    where
        a1_0.iata_code=?
2025-03-19T21:42:08.872-05:00 DEBUG 80480 --- [flight-booking] [           main] o.h.j.internal.PersistenceUnitUtilImpl   : jakarta.persistence.PersistenceUnitUtil.getIdentifier is only intended to work with enhanced entities (although Hibernate also adapts this support to its proxies); however the passed entity was not enhanced (nor a proxy).. may not be able to read identifier
2025-03-19T21:42:08.872-05:00 DEBUG 80480 --- [flight-booking] [           main] org.hibernate.orm.sql.exec               : Skipping reading Query result cache data: cache-enabled = false, cache-mode = IGNORE
2025-03-19T21:42:08.872-05:00 DEBUG 80480 --- [flight-booking] [           main] org.hibernate.SQL                        : 
    select
        a1_0.iata_code,
        a1_0.city,
        a1_0.country,
        a1_0.name 
    from
        airport a1_0 
    where
        a1_0.iata_code=?
Hibernate: 
    select
        a1_0.iata_code,
        a1_0.city,
        a1_0.country,
        a1_0.name 
    from
        airport a1_0 
    where
        a1_0.iata_code=?
2025-03-19T21:42:08.874-05:00 DEBUG 80480 --- [flight-booking] [           main] o.h.e.t.internal.TransactionImpl         : committing
2025-03-19T21:42:08.875-05:00 DEBUG 80480 --- [flight-booking] [           main] o.h.e.i.AbstractFlushingEventListener    : Processing flush-time cascades
2025-03-19T21:42:08.875-05:00 DEBUG 80480 --- [flight-booking] [           main] o.h.e.i.AbstractFlushingEventListener    : Dirty checking collections
2025-03-19T21:42:08.875-05:00 DEBUG 80480 --- [flight-booking] [           main] o.h.e.i.AbstractFlushingEventListener    : Flushed: 4 insertions, 0 updates, 0 deletions to 4 objects
2025-03-19T21:42:08.875-05:00 DEBUG 80480 --- [flight-booking] [           main] o.h.e.i.AbstractFlushingEventListener    : Flushed: 0 (re)creations, 0 updates, 0 removals to 0 collections
2025-03-19T21:42:08.875-05:00 DEBUG 80480 --- [flight-booking] [           main] o.hibernate.internal.util.EntityPrinter  : Listing entities:
2025-03-19T21:42:08.875-05:00 DEBUG 80480 --- [flight-booking] [           main] o.hibernate.internal.util.EntityPrinter  : edu.miu.cs.cs425.backend.domain.entity.Airport{country=USA, iataCode=JFK, city=New York, name=John F. Kennedy International Airport}
2025-03-19T21:42:08.875-05:00 DEBUG 80480 --- [flight-booking] [           main] o.hibernate.internal.util.EntityPrinter  : edu.miu.cs.cs425.backend.domain.entity.Airport{country=UK, iataCode=LHR, city=London, name=London Heathrow Airport}
2025-03-19T21:42:08.875-05:00 DEBUG 80480 --- [flight-booking] [           main] o.hibernate.internal.util.EntityPrinter  : edu.miu.cs.cs425.backend.domain.entity.Airport{country=France, iataCode=CDG, city=Paris, name=Charles de Gaulle Airport}
2025-03-19T21:42:08.875-05:00 DEBUG 80480 --- [flight-booking] [           main] o.hibernate.internal.util.EntityPrinter  : edu.miu.cs.cs425.backend.domain.entity.Airport{country=Canada, iataCode=YYZ, city=Toronto, name=Toronto Pearson International Airport}
2025-03-19T21:42:08.875-05:00 DEBUG 80480 --- [flight-booking] [           main] org.hibernate.SQL                        : 
    insert 
    into
        airport
        (city, country, name, iata_code) 
    values
        (?, ?, ?, ?)
Hibernate: 
    insert 
    into
        airport
        (city, country, name, iata_code) 
    values
        (?, ?, ?, ?)
2025-03-19T21:42:08.878-05:00 DEBUG 80480 --- [flight-booking] [           main] org.hibernate.SQL                        : 
    insert 
    into
        airport
        (city, country, name, iata_code) 
    values
        (?, ?, ?, ?)
Hibernate: 
    insert 
    into
        airport
        (city, country, name, iata_code) 
    values
        (?, ?, ?, ?)
2025-03-19T21:42:08.879-05:00 DEBUG 80480 --- [flight-booking] [           main] org.hibernate.SQL                        : 
    insert 
    into
        airport
        (city, country, name, iata_code) 
    values
        (?, ?, ?, ?)
Hibernate: 
    insert 
    into
        airport
        (city, country, name, iata_code) 
    values
        (?, ?, ?, ?)
2025-03-19T21:42:08.881-05:00 DEBUG 80480 --- [flight-booking] [           main] org.hibernate.SQL                        : 
    insert 
    into
        airport
        (city, country, name, iata_code) 
    values
        (?, ?, ?, ?)
Hibernate: 
    insert 
    into
        airport
        (city, country, name, iata_code) 
    values
        (?, ?, ?, ?)
2025-03-19T21:42:09.075-05:00 DEBUG 80480 --- [flight-booking] [           main] o.h.e.t.internal.TransactionImpl         : On TransactionImpl creation, JpaCompliance#isJpaTransactionComplianceEnabled == false
2025-03-19T21:42:09.075-05:00 DEBUG 80480 --- [flight-booking] [           main] o.h.e.t.internal.TransactionImpl         : begin
2025-03-19T21:42:09.076-05:00 DEBUG 80480 --- [flight-booking] [           main] o.h.j.internal.PersistenceUnitUtilImpl   : jakarta.persistence.PersistenceUnitUtil.getIdentifier is only intended to work with enhanced entities (although Hibernate also adapts this support to its proxies); however the passed entity was not enhanced (nor a proxy).. may not be able to read identifier
2025-03-19T21:42:09.076-05:00 DEBUG 80480 --- [flight-booking] [           main] org.hibernate.orm.sql.ast.create         : Created new SQL alias : u1_0
2025-03-19T21:42:09.076-05:00 DEBUG 80480 --- [flight-booking] [           main] org.hibernate.orm.sql.ast.create         : Registration of TableGroup [StandardTableGroup(edu.miu.cs.cs425.backend.domain.entity.User)] with identifierForTableGroup [edu.miu.cs.cs425.backend.domain.entity.User] for NavigablePath [edu.miu.cs.cs425.backend.domain.entity.User] 
2025-03-19T21:42:09.076-05:00 DEBUG 80480 --- [flight-booking] [           main] org.hibernate.orm.sql.ast.create         : Created new SQL alias : r1_0
2025-03-19T21:42:09.076-05:00 DEBUG 80480 --- [flight-booking] [           main] org.hibernate.orm.sql.ast.create         : Registration of TableGroup [CollectionTableGroup(edu.miu.cs.cs425.backend.domain.entity.User.roles)] with identifierForTableGroup [edu.miu.cs.cs425.backend.domain.entity.User.roles] for NavigablePath [edu.miu.cs.cs425.backend.domain.entity.User.roles] 
2025-03-19T21:42:09.077-05:00 DEBUG 80480 --- [flight-booking] [           main] org.hibernate.orm.sql.ast.create         : Registration of TableGroup [org.hibernate.sql.ast.tree.from.LazyTableGroup@7146e9a4] with identifierForTableGroup [edu.miu.cs.cs425.backend.domain.entity.User.roles.{element}] for NavigablePath [edu.miu.cs.cs425.backend.domain.entity.User.roles.{element}] 
2025-03-19T21:42:09.077-05:00 DEBUG 80480 --- [flight-booking] [           main] org.hibernate.orm.sql.ast.create         : Created new SQL alias : r1_1
2025-03-19T21:42:09.077-05:00 DEBUG 80480 --- [flight-booking] [           main] org.hibernate.orm.results.graph.AST      : DomainResult Graph:
 \-EntityResultImpl [edu.miu.cs.cs425.backend.domain.entity.User]
 |  +-BasicFetch [edu.miu.cs.cs425.backend.domain.entity.User.address]
 |  +-BasicFetch [edu.miu.cs.cs425.backend.domain.entity.User.avatar]
 |  +-BasicFetch [edu.miu.cs.cs425.backend.domain.entity.User.createdAt]
 |  +-BasicFetch [edu.miu.cs.cs425.backend.domain.entity.User.email]
 |  +-BasicFetch [edu.miu.cs.cs425.backend.domain.entity.User.name]
 |  +-BasicFetch [edu.miu.cs.cs425.backend.domain.entity.User.password]
 |  +-BasicFetch [edu.miu.cs.cs425.backend.domain.entity.User.phone]
 |  +-EagerCollectionFetch [edu.miu.cs.cs425.backend.domain.entity.User.roles]
 |  |  \-EntityFetchJoinedImpl [edu.miu.cs.cs425.backend.domain.entity.User.roles.{element}]
 |  |  |  +-BasicFetch [edu.miu.cs.cs425.backend.domain.entity.User.roles.{element}.name]
 |  |  |  \-SelectEagerCollectionFetch [edu.miu.cs.cs425.backend.domain.entity.User.roles.{element}.users]
 |  \-BasicFetch [edu.miu.cs.cs425.backend.domain.entity.User.updatedAt]

2025-03-19T21:42:09.077-05:00 DEBUG 80480 --- [flight-booking] [           main] org.hibernate.orm.sql.ast.tree           : SQL AST Tree:
    SelectStatement {
      FromClause {
        StandardTableGroup (u1 : edu.miu.cs.cs425.backend.domain.entity.User) {
          primaryTableReference : user as u1_0
          TableGroupJoins {
            left  join CollectionTableGroup (r1 : edu.miu.cs.cs425.backend.domain.entity.User.roles) {
              primaryTableReference : user_roles as r1_0
              TableGroupJoins {
                left  join LazyTableGroup (r1 : edu.miu.cs.cs425.backend.domain.entity.User.roles.{element}) {
                  primaryTableReference : role as r1_1
                }
              }
            }
          }
        }
      }
    }

2025-03-19T21:42:09.077-05:00 DEBUG 80480 --- [flight-booking] [           main] org.hibernate.orm.sql.exec               : Skipping reading Query result cache data: cache-enabled = false, cache-mode = IGNORE
2025-03-19T21:42:09.078-05:00 DEBUG 80480 --- [flight-booking] [           main] org.hibernate.SQL                        : 
    select
        u1_0.id,
        u1_0.address,
        u1_0.avatar,
        u1_0.created_at,
        u1_0.email,
        u1_0.name,
        u1_0.password,
        u1_0.phone,
        r1_0.user_id,
        r1_1.id,
        r1_1.name,
        u1_0.updated_at 
    from
        user u1_0 
    left join
        user_roles r1_0 
            on u1_0.id=r1_0.user_id 
    left join
        role r1_1 
            on r1_1.id=r1_0.role_id 
    where
        u1_0.id=?
Hibernate: 
    select
        u1_0.id,
        u1_0.address,
        u1_0.avatar,
        u1_0.created_at,
        u1_0.email,
        u1_0.name,
        u1_0.password,
        u1_0.phone,
        r1_0.user_id,
        r1_1.id,
        r1_1.name,
        u1_0.updated_at 
    from
        user u1_0 
    left join
        user_roles r1_0 
            on u1_0.id=r1_0.user_id 
    left join
        role r1_1 
            on r1_1.id=r1_0.role_id 
    where
        u1_0.id=?
2025-03-19T21:42:09.080-05:00 DEBUG 80480 --- [flight-booking] [           main] org.hibernate.orm.results                : Initializer list:
	  edu.miu.cs.cs425.backend.domain.entity.User.roles -> SetInitializer(edu.miu.cs.cs425.backend.domain.entity.User.roles)@1151116982 (PluralAttribute(edu.miu.cs.cs425.backend.domain.entity.User.roles))
	  edu.miu.cs.cs425.backend.domain.entity.User.roles.{element} -> EntityJoinedFetchInitializer(edu.miu.cs.cs425.backend.domain.entity.User.roles.{element})@314321729 (EntityCollectionPart(edu.miu.cs.cs425.backend.domain.entity.User.roles#{element})@1632004959)
	  edu.miu.cs.cs425.backend.domain.entity.User.roles.{element}.users -> SelectEagerCollectionInitializer(edu.miu.cs.cs425.backend.domain.entity.User.roles.{element}.users)@1857428017 (PluralAttribute(edu.miu.cs.cs425.backend.domain.entity.Role.users))
	  edu.miu.cs.cs425.backend.domain.entity.User -> EntityJoinedFetchInitializer(edu.miu.cs.cs425.backend.domain.entity.User)@1337894983 (SingleTableEntityPersister(edu.miu.cs.cs425.backend.domain.entity.User))

2025-03-19T21:42:09.081-05:00 DEBUG 80480 --- [flight-booking] [           main] org.hibernate.orm.sql.exec               : Skipping reading Query result cache data: cache-enabled = false, cache-mode = IGNORE
2025-03-19T21:42:09.081-05:00 DEBUG 80480 --- [flight-booking] [           main] org.hibernate.SQL                        : 
    select
        r1_0.id,
        r1_0.name,
        u1_0.role_id,
        u1_1.id,
        u1_1.address,
        u1_1.avatar,
        u1_1.created_at,
        u1_1.email,
        u1_1.name,
        u1_1.password,
        u1_1.phone,
        u1_1.updated_at 
    from
        role r1_0 
    left join
        user_roles u1_0 
            on r1_0.id=u1_0.role_id 
    left join
        user u1_1 
            on u1_1.id=u1_0.user_id 
    where
        r1_0.id=?
Hibernate: 
    select
        r1_0.id,
        r1_0.name,
        u1_0.role_id,
        u1_1.id,
        u1_1.address,
        u1_1.avatar,
        u1_1.created_at,
        u1_1.email,
        u1_1.name,
        u1_1.password,
        u1_1.phone,
        u1_1.updated_at 
    from
        role r1_0 
    left join
        user_roles u1_0 
            on r1_0.id=u1_0.role_id 
    left join
        user u1_1 
            on u1_1.id=u1_0.user_id 
    where
        r1_0.id=?
2025-03-19T21:42:09.083-05:00 DEBUG 80480 --- [flight-booking] [           main] org.hibernate.orm.results                : Initializer list:
	  edu.miu.cs.cs425.backend.domain.entity.Role.users.{element} -> EntityJoinedFetchInitializer(edu.miu.cs.cs425.backend.domain.entity.Role.users.{element})@1701644171 (EntityCollectionPart(edu.miu.cs.cs425.backend.domain.entity.Role.users#{element})@1181810712)
	  edu.miu.cs.cs425.backend.domain.entity.Role -> EntityJoinedFetchInitializer(edu.miu.cs.cs425.backend.domain.entity.Role)@717490079 (SingleTableEntityPersister(edu.miu.cs.cs425.backend.domain.entity.Role))
	  edu.miu.cs.cs425.backend.domain.entity.Role.users -> SetInitializer(edu.miu.cs.cs425.backend.domain.entity.Role.users)@1923770880 (PluralAttribute(edu.miu.cs.cs425.backend.domain.entity.Role.users))
	  edu.miu.cs.cs425.backend.domain.entity.Role.users.{element}.roles -> SelectEagerCollectionInitializer(edu.miu.cs.cs425.backend.domain.entity.Role.users.{element}.roles)@2146855553 (PluralAttribute(edu.miu.cs.cs425.backend.domain.entity.User.roles))

2025-03-19T21:42:09.086-05:00 DEBUG 80480 --- [flight-booking] [           main] o.h.sql.results.internal.ResultsHelper   : Collection fully initialized: [edu.miu.cs.cs425.backend.domain.entity.Role.users#2]
2025-03-19T21:42:09.086-05:00 DEBUG 80480 --- [flight-booking] [           main] org.hibernate.orm.sql.exec               : Skipping reading Query result cache data: cache-enabled = false, cache-mode = IGNORE
2025-03-19T21:42:09.087-05:00 DEBUG 80480 --- [flight-booking] [           main] org.hibernate.SQL                        : 
    select
        r1_0.id,
        r1_0.name,
        u1_0.role_id,
        u1_1.id,
        u1_1.address,
        u1_1.avatar,
        u1_1.created_at,
        u1_1.email,
        u1_1.name,
        u1_1.password,
        u1_1.phone,
        u1_1.updated_at 
    from
        role r1_0 
    left join
        user_roles u1_0 
            on r1_0.id=u1_0.role_id 
    left join
        user u1_1 
            on u1_1.id=u1_0.user_id 
    where
        r1_0.id=?
Hibernate: 
    select
        r1_0.id,
        r1_0.name,
        u1_0.role_id,
        u1_1.id,
        u1_1.address,
        u1_1.avatar,
        u1_1.created_at,
        u1_1.email,
        u1_1.name,
        u1_1.password,
        u1_1.phone,
        u1_1.updated_at 
    from
        role r1_0 
    left join
        user_roles u1_0 
            on r1_0.id=u1_0.role_id 
    left join
        user u1_1 
            on u1_1.id=u1_0.user_id 
    where
        r1_0.id=?
2025-03-19T21:42:09.088-05:00 DEBUG 80480 --- [flight-booking] [           main] o.h.sql.results.internal.ResultsHelper   : Collection fully initialized: [edu.miu.cs.cs425.backend.domain.entity.Role.users#1]
2025-03-19T21:42:09.089-05:00 DEBUG 80480 --- [flight-booking] [           main] o.hibernate.engine.spi.CollectionEntry   : Reset storedSnapshot to {Role{id=1, name='USER'}=Role{id=1, name='USER'}, Role{id=2, name='ADMIN'}=Role{id=2, name='ADMIN'}} for CollectionEntry[<unreferenced>]
2025-03-19T21:42:09.089-05:00 DEBUG 80480 --- [flight-booking] [           main] o.h.j.internal.PersistenceUnitUtilImpl   : jakarta.persistence.PersistenceUnitUtil.getIdentifier is only intended to work with enhanced entities (although Hibernate also adapts this support to its proxies); however the passed entity was not enhanced (nor a proxy).. may not be able to read identifier
2025-03-19T21:42:09.089-05:00 DEBUG 80480 --- [flight-booking] [           main] org.hibernate.orm.sql.exec               : Skipping reading Query result cache data: cache-enabled = false, cache-mode = IGNORE
2025-03-19T21:42:09.089-05:00 DEBUG 80480 --- [flight-booking] [           main] org.hibernate.SQL                        : 
    select
        u1_0.id,
        u1_0.address,
        u1_0.avatar,
        u1_0.created_at,
        u1_0.email,
        u1_0.name,
        u1_0.password,
        u1_0.phone,
        r1_0.user_id,
        r1_1.id,
        r1_1.name,
        u1_0.updated_at 
    from
        user u1_0 
    left join
        user_roles r1_0 
            on u1_0.id=r1_0.user_id 
    left join
        role r1_1 
            on r1_1.id=r1_0.role_id 
    where
        u1_0.id=?
Hibernate: 
    select
        u1_0.id,
        u1_0.address,
        u1_0.avatar,
        u1_0.created_at,
        u1_0.email,
        u1_0.name,
        u1_0.password,
        u1_0.phone,
        r1_0.user_id,
        r1_1.id,
        r1_1.name,
        u1_0.updated_at 
    from
        user u1_0 
    left join
        user_roles r1_0 
            on u1_0.id=r1_0.user_id 
    left join
        role r1_1 
            on r1_1.id=r1_0.role_id 
    where
        u1_0.id=?
2025-03-19T21:42:09.091-05:00 DEBUG 80480 --- [flight-booking] [           main] o.hibernate.engine.spi.CollectionEntry   : Reset storedSnapshot to {Role{id=2, name='ADMIN'}=Role{id=2, name='ADMIN'}} for CollectionEntry[<unreferenced>]
2025-03-19T21:42:09.092-05:00 DEBUG 80480 --- [flight-booking] [           main] o.h.e.t.internal.TransactionImpl         : committing
2025-03-19T21:42:09.092-05:00 DEBUG 80480 --- [flight-booking] [           main] o.h.e.i.AbstractFlushingEventListener    : Processing flush-time cascades
2025-03-19T21:42:09.092-05:00 DEBUG 80480 --- [flight-booking] [           main] o.h.e.i.AbstractFlushingEventListener    : Dirty checking collections
2025-03-19T21:42:09.092-05:00 DEBUG 80480 --- [flight-booking] [           main] o.hibernate.engine.internal.Collections  : Collection found: [edu.miu.cs.cs425.backend.domain.entity.User.roles#eb29828b-9948-4ed5-a02e-0afa32b500dc], was: [<unreferenced>] (initialized)
2025-03-19T21:42:09.092-05:00 DEBUG 80480 --- [flight-booking] [           main] o.hibernate.engine.internal.Collections  : Collection found: [edu.miu.cs.cs425.backend.domain.entity.Role.users#2], was: [edu.miu.cs.cs425.backend.domain.entity.Role.users#2] (initialized)
2025-03-19T21:42:09.092-05:00 DEBUG 80480 --- [flight-booking] [           main] o.hibernate.engine.internal.Collections  : Collection found: [edu.miu.cs.cs425.backend.domain.entity.Role.users#1], was: [edu.miu.cs.cs425.backend.domain.entity.Role.users#1] (initialized)
2025-03-19T21:42:09.092-05:00 DEBUG 80480 --- [flight-booking] [           main] o.hibernate.engine.internal.Collections  : Collection found: [edu.miu.cs.cs425.backend.domain.entity.User.roles#bd472c7d-7e05-4b32-9dc3-014d170b3aac], was: [<unreferenced>] (initialized)
2025-03-19T21:42:09.092-05:00 DEBUG 80480 --- [flight-booking] [           main] o.h.e.i.AbstractFlushingEventListener    : Flushed: 2 insertions, 0 updates, 0 deletions to 4 objects
2025-03-19T21:42:09.092-05:00 DEBUG 80480 --- [flight-booking] [           main] o.h.e.i.AbstractFlushingEventListener    : Flushed: 2 (re)creations, 0 updates, 0 removals to 4 collections
2025-03-19T21:42:09.092-05:00 DEBUG 80480 --- [flight-booking] [           main] o.hibernate.internal.util.EntityPrinter  : Listing entities:
2025-03-19T21:42:09.092-05:00 DEBUG 80480 --- [flight-booking] [           main] o.hibernate.internal.util.EntityPrinter  : edu.miu.cs.cs425.backend.domain.entity.Role{name=ADMIN, id=2, users=[]}
2025-03-19T21:42:09.093-05:00 DEBUG 80480 --- [flight-booking] [           main] o.hibernate.internal.util.EntityPrinter  : edu.miu.cs.cs425.backend.domain.entity.User{createdAt=2025-03-19T21:42:09.074818, password=$2a$10$3F/jmkUa.CjRoORbntSbreIi/PT/5RF.fWk/pr8Mk9irfTeqmw3Hu, address=null, phone=null, roles=[edu.miu.cs.cs425.backend.domain.entity.Role#2], name=Darian Kezong, id=bd472c7d-7e05-4b32-9dc3-014d170b3aac, avatar=null, email=vmercel@outlook.fr, updatedAt=2025-03-19T21:42:09.074829}
2025-03-19T21:42:09.093-05:00 DEBUG 80480 --- [flight-booking] [           main] o.hibernate.internal.util.EntityPrinter  : edu.miu.cs.cs425.backend.domain.entity.Role{name=USER, id=1, users=[]}
2025-03-19T21:42:09.093-05:00 DEBUG 80480 --- [flight-booking] [           main] o.hibernate.internal.util.EntityPrinter  : edu.miu.cs.cs425.backend.domain.entity.User{createdAt=2025-03-19T21:42:09.003433, password=$2a$10$nDDC17XqqGkBbynIL/jvS.ovORUkcoOLwyPL1vVYLs..xwF6L0riy, address=null, phone=null, roles=[edu.miu.cs.cs425.backend.domain.entity.Role#1, edu.miu.cs.cs425.backend.domain.entity.Role#2], name=Mercel Vubangsi, id=eb29828b-9948-4ed5-a02e-0afa32b500dc, avatar=null, email=vmercel@gmail.com, updatedAt=2025-03-19T21:42:09.003460}
2025-03-19T21:42:09.093-05:00 DEBUG 80480 --- [flight-booking] [           main] org.hibernate.SQL                        : 
    insert 
    into
        user
        (address, avatar, created_at, email, name, password, phone, updated_at, id) 
    values
        (?, ?, ?, ?, ?, ?, ?, ?, ?)
Hibernate: 
    insert 
    into
        user
        (address, avatar, created_at, email, name, password, phone, updated_at, id) 
    values
        (?, ?, ?, ?, ?, ?, ?, ?, ?)
2025-03-19T21:42:09.097-05:00 DEBUG 80480 --- [flight-booking] [           main] org.hibernate.SQL                        : 
    insert 
    into
        user
        (address, avatar, created_at, email, name, password, phone, updated_at, id) 
    values
        (?, ?, ?, ?, ?, ?, ?, ?, ?)
Hibernate: 
    insert 
    into
        user
        (address, avatar, created_at, email, name, password, phone, updated_at, id) 
    values
        (?, ?, ?, ?, ?, ?, ?, ?, ?)
2025-03-19T21:42:09.098-05:00 DEBUG 80480 --- [flight-booking] [           main] org.hibernate.orm.jdbc.mutation          : Inserting collection rows - edu.miu.cs.cs425.backend.domain.entity.User.roles : eb29828b-9948-4ed5-a02e-0afa32b500dc
2025-03-19T21:42:09.099-05:00 DEBUG 80480 --- [flight-booking] [           main] org.hibernate.SQL                        : 
    insert 
    into
        user_roles
        (user_id, role_id) 
    values
        (?, ?)
Hibernate: 
    insert 
    into
        user_roles
        (user_id, role_id) 
    values
        (?, ?)
2025-03-19T21:42:09.100-05:00 DEBUG 80480 --- [flight-booking] [           main] org.hibernate.SQL                        : 
    insert 
    into
        user_roles
        (user_id, role_id) 
    values
        (?, ?)
Hibernate: 
    insert 
    into
        user_roles
        (user_id, role_id) 
    values
        (?, ?)
2025-03-19T21:42:09.101-05:00 DEBUG 80480 --- [flight-booking] [           main] org.hibernate.orm.jdbc.mutation          : Done inserting `2` collection rows : edu.miu.cs.cs425.backend.domain.entity.User.roles
2025-03-19T21:42:09.101-05:00 DEBUG 80480 --- [flight-booking] [           main] org.hibernate.orm.jdbc.mutation          : Inserting collection rows - edu.miu.cs.cs425.backend.domain.entity.User.roles : bd472c7d-7e05-4b32-9dc3-014d170b3aac
2025-03-19T21:42:09.101-05:00 DEBUG 80480 --- [flight-booking] [           main] org.hibernate.SQL                        : 
    insert 
    into
        user_roles
        (user_id, role_id) 
    values
        (?, ?)
Hibernate: 
    insert 
    into
        user_roles
        (user_id, role_id) 
    values
        (?, ?)
2025-03-19T21:42:09.102-05:00 DEBUG 80480 --- [flight-booking] [           main] org.hibernate.orm.jdbc.mutation          : Done inserting `1` collection rows : edu.miu.cs.cs425.backend.domain.entity.User.roles
2025-03-19T21:42:09.140-05:00 DEBUG 80480 --- [flight-booking] [           main] o.h.e.t.internal.TransactionImpl         : On TransactionImpl creation, JpaCompliance#isJpaTransactionComplianceEnabled == false
2025-03-19T21:42:09.140-05:00 DEBUG 80480 --- [flight-booking] [           main] o.h.e.t.internal.TransactionImpl         : begin
2025-03-19T21:42:09.140-05:00 DEBUG 80480 --- [flight-booking] [           main] o.h.j.internal.PersistenceUnitUtilImpl   : jakarta.persistence.PersistenceUnitUtil.getIdentifier is only intended to work with enhanced entities (although Hibernate also adapts this support to its proxies); however the passed entity was not enhanced (nor a proxy).. may not be able to read identifier
2025-03-19T21:42:09.141-05:00 DEBUG 80480 --- [flight-booking] [           main] org.hibernate.orm.sql.ast.create         : Created new SQL alias : f1_0
2025-03-19T21:42:09.141-05:00 DEBUG 80480 --- [flight-booking] [           main] org.hibernate.orm.sql.ast.create         : Registration of TableGroup [StandardTableGroup(edu.miu.cs.cs425.backend.domain.entity.Flight)] with identifierForTableGroup [edu.miu.cs.cs425.backend.domain.entity.Flight] for NavigablePath [edu.miu.cs.cs425.backend.domain.entity.Flight] 
2025-03-19T21:42:09.141-05:00 DEBUG 80480 --- [flight-booking] [           main] org.hibernate.orm.sql.ast.create         : Registration of TableGroup [org.hibernate.sql.ast.tree.from.LazyTableGroup@49bf8d66] with identifierForTableGroup [edu.miu.cs.cs425.backend.domain.entity.Flight.airline] for NavigablePath [edu.miu.cs.cs425.backend.domain.entity.Flight.airline] 
2025-03-19T21:42:09.141-05:00 DEBUG 80480 --- [flight-booking] [           main] org.hibernate.orm.sql.ast.create         : Created new SQL alias : a1_0
2025-03-19T21:42:09.141-05:00 DEBUG 80480 --- [flight-booking] [           main] org.hibernate.orm.sql.ast.create         : Registration of TableGroup [org.hibernate.sql.ast.tree.from.LazyTableGroup@29d14018] with identifierForTableGroup [edu.miu.cs.cs425.backend.domain.entity.Flight.destination] for NavigablePath [edu.miu.cs.cs425.backend.domain.entity.Flight.destination] 
2025-03-19T21:42:09.141-05:00 DEBUG 80480 --- [flight-booking] [           main] org.hibernate.orm.sql.ast.create         : Created new SQL alias : d1_0
2025-03-19T21:42:09.141-05:00 DEBUG 80480 --- [flight-booking] [           main] org.hibernate.orm.sql.ast.create         : Registration of TableGroup [org.hibernate.sql.ast.tree.from.LazyTableGroup@3bc079f1] with identifierForTableGroup [edu.miu.cs.cs425.backend.domain.entity.Flight.origin] for NavigablePath [edu.miu.cs.cs425.backend.domain.entity.Flight.origin] 
2025-03-19T21:42:09.141-05:00 DEBUG 80480 --- [flight-booking] [           main] org.hibernate.orm.sql.ast.create         : Created new SQL alias : o1_0
2025-03-19T21:42:09.142-05:00 DEBUG 80480 --- [flight-booking] [           main] org.hibernate.orm.results.graph.AST      : DomainResult Graph:
 \-EntityResultImpl [edu.miu.cs.cs425.backend.domain.entity.Flight]
 |  +-EntityFetchJoinedImpl [edu.miu.cs.cs425.backend.domain.entity.Flight.airline]
 |  |  +-BasicFetch [edu.miu.cs.cs425.backend.domain.entity.Flight.airline.logoUrl]
 |  |  \-BasicFetch [edu.miu.cs.cs425.backend.domain.entity.Flight.airline.name]
 |  +-BasicFetch [edu.miu.cs.cs425.backend.domain.entity.Flight.arrival]
 |  +-BasicFetch [edu.miu.cs.cs425.backend.domain.entity.Flight.departure]
 |  +-EntityFetchJoinedImpl [edu.miu.cs.cs425.backend.domain.entity.Flight.destination]
 |  |  +-BasicFetch [edu.miu.cs.cs425.backend.domain.entity.Flight.destination.city]
 |  |  +-BasicFetch [edu.miu.cs.cs425.backend.domain.entity.Flight.destination.country]
 |  |  \-BasicFetch [edu.miu.cs.cs425.backend.domain.entity.Flight.destination.name]
 |  +-BasicFetch [edu.miu.cs.cs425.backend.domain.entity.Flight.duration]
 |  +-BasicFetch [edu.miu.cs.cs425.backend.domain.entity.Flight.flightNumber]
 |  +-EntityFetchJoinedImpl [edu.miu.cs.cs425.backend.domain.entity.Flight.origin]
 |  |  +-BasicFetch [edu.miu.cs.cs425.backend.domain.entity.Flight.origin.city]
 |  |  +-BasicFetch [edu.miu.cs.cs425.backend.domain.entity.Flight.origin.country]
 |  |  \-BasicFetch [edu.miu.cs.cs425.backend.domain.entity.Flight.origin.name]
 |  +-BasicFetch [edu.miu.cs.cs425.backend.domain.entity.Flight.price]
 |  \-BasicFetch [edu.miu.cs.cs425.backend.domain.entity.Flight.seatsAvailable]

2025-03-19T21:42:09.142-05:00 DEBUG 80480 --- [flight-booking] [           main] org.hibernate.orm.sql.ast.tree           : SQL AST Tree:
    SelectStatement {
      FromClause {
        StandardTableGroup (f1 : edu.miu.cs.cs425.backend.domain.entity.Flight) {
          primaryTableReference : flight as f1_0
          TableGroupJoins {
            left  join LazyTableGroup (a1 : edu.miu.cs.cs425.backend.domain.entity.Flight.airline) {
              primaryTableReference : airline as a1_0
            }
            left  join LazyTableGroup (d1 : edu.miu.cs.cs425.backend.domain.entity.Flight.destination) {
              primaryTableReference : airport as d1_0
            }
            left  join LazyTableGroup (o1 : edu.miu.cs.cs425.backend.domain.entity.Flight.origin) {
              primaryTableReference : airport as o1_0
            }
          }
        }
      }
    }

2025-03-19T21:42:09.142-05:00 DEBUG 80480 --- [flight-booking] [           main] org.hibernate.orm.sql.exec               : Skipping reading Query result cache data: cache-enabled = false, cache-mode = IGNORE
2025-03-19T21:42:09.142-05:00 DEBUG 80480 --- [flight-booking] [           main] org.hibernate.SQL                        : 
    select
        f1_0.id,
        a1_0.code,
        a1_0.logo_url,
        a1_0.name,
        f1_0.arrival,
        f1_0.departure,
        d1_0.iata_code,
        d1_0.city,
        d1_0.country,
        d1_0.name,
        f1_0.duration,
        f1_0.flight_number,
        o1_0.iata_code,
        o1_0.city,
        o1_0.country,
        o1_0.name,
        f1_0.price,
        f1_0.seats_available 
    from
        flight f1_0 
    left join
        airline a1_0 
            on a1_0.code=f1_0.airline_code 
    left join
        airport d1_0 
            on d1_0.iata_code=f1_0.destination_iata_code 
    left join
        airport o1_0 
            on o1_0.iata_code=f1_0.origin_iata_code 
    where
        f1_0.id=?
Hibernate: 
    select
        f1_0.id,
        a1_0.code,
        a1_0.logo_url,
        a1_0.name,
        f1_0.arrival,
        f1_0.departure,
        d1_0.iata_code,
        d1_0.city,
        d1_0.country,
        d1_0.name,
        f1_0.duration,
        f1_0.flight_number,
        o1_0.iata_code,
        o1_0.city,
        o1_0.country,
        o1_0.name,
        f1_0.price,
        f1_0.seats_available 
    from
        flight f1_0 
    left join
        airline a1_0 
            on a1_0.code=f1_0.airline_code 
    left join
        airport d1_0 
            on d1_0.iata_code=f1_0.destination_iata_code 
    left join
        airport o1_0 
            on o1_0.iata_code=f1_0.origin_iata_code 
    where
        f1_0.id=?
2025-03-19T21:42:09.144-05:00 DEBUG 80480 --- [flight-booking] [           main] org.hibernate.orm.results                : Initializer list:
	  edu.miu.cs.cs425.backend.domain.entity.Flight -> EntityJoinedFetchInitializer(edu.miu.cs.cs425.backend.domain.entity.Flight)@228669487 (SingleTableEntityPersister(edu.miu.cs.cs425.backend.domain.entity.Flight))
	  edu.miu.cs.cs425.backend.domain.entity.Flight.airline -> EntityJoinedFetchInitializer(edu.miu.cs.cs425.backend.domain.entity.Flight.airline)@22786455 (ToOneAttributeMapping(NavigableRole[edu.miu.cs.cs425.backend.domain.entity.Flight.airline])@841528737)
	  edu.miu.cs.cs425.backend.domain.entity.Flight.destination -> EntityJoinedFetchInitializer(edu.miu.cs.cs425.backend.domain.entity.Flight.destination)@856883246 (ToOneAttributeMapping(NavigableRole[edu.miu.cs.cs425.backend.domain.entity.Flight.destination])@2070157789)
	  edu.miu.cs.cs425.backend.domain.entity.Flight.origin -> EntityJoinedFetchInitializer(edu.miu.cs.cs425.backend.domain.entity.Flight.origin)@805481721 (ToOneAttributeMapping(NavigableRole[edu.miu.cs.cs425.backend.domain.entity.Flight.origin])@1648124601)

2025-03-19T21:42:09.146-05:00 DEBUG 80480 --- [flight-booking] [           main] org.hibernate.orm.sql.exec               : Skipping reading Query result cache data: cache-enabled = false, cache-mode = IGNORE
2025-03-19T21:42:09.146-05:00 DEBUG 80480 --- [flight-booking] [           main] org.hibernate.SQL                        : 
    select
        a1_0.code,
        a1_0.logo_url,
        a1_0.name 
    from
        airline a1_0 
    where
        a1_0.code=?
Hibernate: 
    select
        a1_0.code,
        a1_0.logo_url,
        a1_0.name 
    from
        airline a1_0 
    where
        a1_0.code=?
2025-03-19T21:42:09.147-05:00 DEBUG 80480 --- [flight-booking] [           main] org.hibernate.orm.results                : Initializer list:
	  edu.miu.cs.cs425.backend.domain.entity.Airline -> EntityJoinedFetchInitializer(edu.miu.cs.cs425.backend.domain.entity.Airline)@952111009 (SingleTableEntityPersister(edu.miu.cs.cs425.backend.domain.entity.Airline))

2025-03-19T21:42:09.148-05:00 DEBUG 80480 --- [flight-booking] [           main] org.hibernate.orm.sql.exec               : Skipping reading Query result cache data: cache-enabled = false, cache-mode = IGNORE
2025-03-19T21:42:09.148-05:00 DEBUG 80480 --- [flight-booking] [           main] org.hibernate.SQL                        : 
    select
        a1_0.iata_code,
        a1_0.city,
        a1_0.country,
        a1_0.name 
    from
        airport a1_0 
    where
        a1_0.iata_code=?
Hibernate: 
    select
        a1_0.iata_code,
        a1_0.city,
        a1_0.country,
        a1_0.name 
    from
        airport a1_0 
    where
        a1_0.iata_code=?
2025-03-19T21:42:09.149-05:00 DEBUG 80480 --- [flight-booking] [           main] org.hibernate.orm.results                : Initializer list:
	  edu.miu.cs.cs425.backend.domain.entity.Airport -> EntityJoinedFetchInitializer(edu.miu.cs.cs425.backend.domain.entity.Airport)@1460734621 (SingleTableEntityPersister(edu.miu.cs.cs425.backend.domain.entity.Airport))

2025-03-19T21:42:09.149-05:00 DEBUG 80480 --- [flight-booking] [           main] org.hibernate.orm.sql.exec               : Skipping reading Query result cache data: cache-enabled = false, cache-mode = IGNORE
2025-03-19T21:42:09.149-05:00 DEBUG 80480 --- [flight-booking] [           main] org.hibernate.SQL                        : 
    select
        a1_0.iata_code,
        a1_0.city,
        a1_0.country,
        a1_0.name 
    from
        airport a1_0 
    where
        a1_0.iata_code=?
Hibernate: 
    select
        a1_0.iata_code,
        a1_0.city,
        a1_0.country,
        a1_0.name 
    from
        airport a1_0 
    where
        a1_0.iata_code=?
2025-03-19T21:42:09.152-05:00 DEBUG 80480 --- [flight-booking] [           main] o.h.j.internal.PersistenceUnitUtilImpl   : jakarta.persistence.PersistenceUnitUtil.getIdentifier is only intended to work with enhanced entities (although Hibernate also adapts this support to its proxies); however the passed entity was not enhanced (nor a proxy).. may not be able to read identifier
2025-03-19T21:42:09.152-05:00 DEBUG 80480 --- [flight-booking] [           main] org.hibernate.orm.sql.exec               : Skipping reading Query result cache data: cache-enabled = false, cache-mode = IGNORE
2025-03-19T21:42:09.152-05:00 DEBUG 80480 --- [flight-booking] [           main] org.hibernate.SQL                        : 
    select
        f1_0.id,
        a1_0.code,
        a1_0.logo_url,
        a1_0.name,
        f1_0.arrival,
        f1_0.departure,
        d1_0.iata_code,
        d1_0.city,
        d1_0.country,
        d1_0.name,
        f1_0.duration,
        f1_0.flight_number,
        o1_0.iata_code,
        o1_0.city,
        o1_0.country,
        o1_0.name,
        f1_0.price,
        f1_0.seats_available 
    from
        flight f1_0 
    left join
        airline a1_0 
            on a1_0.code=f1_0.airline_code 
    left join
        airport d1_0 
            on d1_0.iata_code=f1_0.destination_iata_code 
    left join
        airport o1_0 
            on o1_0.iata_code=f1_0.origin_iata_code 
    where
        f1_0.id=?
Hibernate: 
    select
        f1_0.id,
        a1_0.code,
        a1_0.logo_url,
        a1_0.name,
        f1_0.arrival,
        f1_0.departure,
        d1_0.iata_code,
        d1_0.city,
        d1_0.country,
        d1_0.name,
        f1_0.duration,
        f1_0.flight_number,
        o1_0.iata_code,
        o1_0.city,
        o1_0.country,
        o1_0.name,
        f1_0.price,
        f1_0.seats_available 
    from
        flight f1_0 
    left join
        airline a1_0 
            on a1_0.code=f1_0.airline_code 
    left join
        airport d1_0 
            on d1_0.iata_code=f1_0.destination_iata_code 
    left join
        airport o1_0 
            on o1_0.iata_code=f1_0.origin_iata_code 
    where
        f1_0.id=?
2025-03-19T21:42:09.153-05:00 DEBUG 80480 --- [flight-booking] [           main] org.hibernate.orm.sql.exec               : Skipping reading Query result cache data: cache-enabled = false, cache-mode = IGNORE
2025-03-19T21:42:09.153-05:00 DEBUG 80480 --- [flight-booking] [           main] org.hibernate.SQL                        : 
    select
        a1_0.code,
        a1_0.logo_url,
        a1_0.name 
    from
        airline a1_0 
    where
        a1_0.code=?
Hibernate: 
    select
        a1_0.code,
        a1_0.logo_url,
        a1_0.name 
    from
        airline a1_0 
    where
        a1_0.code=?
2025-03-19T21:42:09.154-05:00 DEBUG 80480 --- [flight-booking] [           main] org.hibernate.orm.sql.exec               : Skipping reading Query result cache data: cache-enabled = false, cache-mode = IGNORE
2025-03-19T21:42:09.155-05:00 DEBUG 80480 --- [flight-booking] [           main] org.hibernate.SQL                        : 
    select
        a1_0.iata_code,
        a1_0.city,
        a1_0.country,
        a1_0.name 
    from
        airport a1_0 
    where
        a1_0.iata_code=?
Hibernate: 
    select
        a1_0.iata_code,
        a1_0.city,
        a1_0.country,
        a1_0.name 
    from
        airport a1_0 
    where
        a1_0.iata_code=?
2025-03-19T21:42:09.156-05:00 DEBUG 80480 --- [flight-booking] [           main] o.h.j.internal.PersistenceUnitUtilImpl   : jakarta.persistence.PersistenceUnitUtil.getIdentifier is only intended to work with enhanced entities (although Hibernate also adapts this support to its proxies); however the passed entity was not enhanced (nor a proxy).. may not be able to read identifier
2025-03-19T21:42:09.156-05:00 DEBUG 80480 --- [flight-booking] [           main] org.hibernate.orm.sql.exec               : Skipping reading Query result cache data: cache-enabled = false, cache-mode = IGNORE
2025-03-19T21:42:09.156-05:00 DEBUG 80480 --- [flight-booking] [           main] org.hibernate.SQL                        : 
    select
        f1_0.id,
        a1_0.code,
        a1_0.logo_url,
        a1_0.name,
        f1_0.arrival,
        f1_0.departure,
        d1_0.iata_code,
        d1_0.city,
        d1_0.country,
        d1_0.name,
        f1_0.duration,
        f1_0.flight_number,
        o1_0.iata_code,
        o1_0.city,
        o1_0.country,
        o1_0.name,
        f1_0.price,
        f1_0.seats_available 
    from
        flight f1_0 
    left join
        airline a1_0 
            on a1_0.code=f1_0.airline_code 
    left join
        airport d1_0 
            on d1_0.iata_code=f1_0.destination_iata_code 
    left join
        airport o1_0 
            on o1_0.iata_code=f1_0.origin_iata_code 
    where
        f1_0.id=?
Hibernate: 
    select
        f1_0.id,
        a1_0.code,
        a1_0.logo_url,
        a1_0.name,
        f1_0.arrival,
        f1_0.departure,
        d1_0.iata_code,
        d1_0.city,
        d1_0.country,
        d1_0.name,
        f1_0.duration,
        f1_0.flight_number,
        o1_0.iata_code,
        o1_0.city,
        o1_0.country,
        o1_0.name,
        f1_0.price,
        f1_0.seats_available 
    from
        flight f1_0 
    left join
        airline a1_0 
            on a1_0.code=f1_0.airline_code 
    left join
        airport d1_0 
            on d1_0.iata_code=f1_0.destination_iata_code 
    left join
        airport o1_0 
            on o1_0.iata_code=f1_0.origin_iata_code 
    where
        f1_0.id=?
2025-03-19T21:42:09.158-05:00 DEBUG 80480 --- [flight-booking] [           main] o.h.j.internal.PersistenceUnitUtilImpl   : jakarta.persistence.PersistenceUnitUtil.getIdentifier is only intended to work with enhanced entities (although Hibernate also adapts this support to its proxies); however the passed entity was not enhanced (nor a proxy).. may not be able to read identifier
2025-03-19T21:42:09.158-05:00 DEBUG 80480 --- [flight-booking] [           main] org.hibernate.orm.sql.exec               : Skipping reading Query result cache data: cache-enabled = false, cache-mode = IGNORE
2025-03-19T21:42:09.158-05:00 DEBUG 80480 --- [flight-booking] [           main] org.hibernate.SQL                        : 
    select
        f1_0.id,
        a1_0.code,
        a1_0.logo_url,
        a1_0.name,
        f1_0.arrival,
        f1_0.departure,
        d1_0.iata_code,
        d1_0.city,
        d1_0.country,
        d1_0.name,
        f1_0.duration,
        f1_0.flight_number,
        o1_0.iata_code,
        o1_0.city,
        o1_0.country,
        o1_0.name,
        f1_0.price,
        f1_0.seats_available 
    from
        flight f1_0 
    left join
        airline a1_0 
            on a1_0.code=f1_0.airline_code 
    left join
        airport d1_0 
            on d1_0.iata_code=f1_0.destination_iata_code 
    left join
        airport o1_0 
            on o1_0.iata_code=f1_0.origin_iata_code 
    where
        f1_0.id=?
Hibernate: 
    select
        f1_0.id,
        a1_0.code,
        a1_0.logo_url,
        a1_0.name,
        f1_0.arrival,
        f1_0.departure,
        d1_0.iata_code,
        d1_0.city,
        d1_0.country,
        d1_0.name,
        f1_0.duration,
        f1_0.flight_number,
        o1_0.iata_code,
        o1_0.city,
        o1_0.country,
        o1_0.name,
        f1_0.price,
        f1_0.seats_available 
    from
        flight f1_0 
    left join
        airline a1_0 
            on a1_0.code=f1_0.airline_code 
    left join
        airport d1_0 
            on d1_0.iata_code=f1_0.destination_iata_code 
    left join
        airport o1_0 
            on o1_0.iata_code=f1_0.origin_iata_code 
    where
        f1_0.id=?
2025-03-19T21:42:09.160-05:00 DEBUG 80480 --- [flight-booking] [           main] o.h.j.internal.PersistenceUnitUtilImpl   : jakarta.persistence.PersistenceUnitUtil.getIdentifier is only intended to work with enhanced entities (although Hibernate also adapts this support to its proxies); however the passed entity was not enhanced (nor a proxy).. may not be able to read identifier
2025-03-19T21:42:09.160-05:00 DEBUG 80480 --- [flight-booking] [           main] org.hibernate.orm.sql.exec               : Skipping reading Query result cache data: cache-enabled = false, cache-mode = IGNORE
2025-03-19T21:42:09.160-05:00 DEBUG 80480 --- [flight-booking] [           main] org.hibernate.SQL                        : 
    select
        f1_0.id,
        a1_0.code,
        a1_0.logo_url,
        a1_0.name,
        f1_0.arrival,
        f1_0.departure,
        d1_0.iata_code,
        d1_0.city,
        d1_0.country,
        d1_0.name,
        f1_0.duration,
        f1_0.flight_number,
        o1_0.iata_code,
        o1_0.city,
        o1_0.country,
        o1_0.name,
        f1_0.price,
        f1_0.seats_available 
    from
        flight f1_0 
    left join
        airline a1_0 
            on a1_0.code=f1_0.airline_code 
    left join
        airport d1_0 
            on d1_0.iata_code=f1_0.destination_iata_code 
    left join
        airport o1_0 
            on o1_0.iata_code=f1_0.origin_iata_code 
    where
        f1_0.id=?
Hibernate: 
    select
        f1_0.id,
        a1_0.code,
        a1_0.logo_url,
        a1_0.name,
        f1_0.arrival,
        f1_0.departure,
        d1_0.iata_code,
        d1_0.city,
        d1_0.country,
        d1_0.name,
        f1_0.duration,
        f1_0.flight_number,
        o1_0.iata_code,
        o1_0.city,
        o1_0.country,
        o1_0.name,
        f1_0.price,
        f1_0.seats_available 
    from
        flight f1_0 
    left join
        airline a1_0 
            on a1_0.code=f1_0.airline_code 
    left join
        airport d1_0 
            on d1_0.iata_code=f1_0.destination_iata_code 
    left join
        airport o1_0 
            on o1_0.iata_code=f1_0.origin_iata_code 
    where
        f1_0.id=?
2025-03-19T21:42:09.162-05:00 DEBUG 80480 --- [flight-booking] [           main] org.hibernate.orm.sql.exec               : Skipping reading Query result cache data: cache-enabled = false, cache-mode = IGNORE
2025-03-19T21:42:09.162-05:00 DEBUG 80480 --- [flight-booking] [           main] org.hibernate.SQL                        : 
    select
        a1_0.code,
        a1_0.logo_url,
        a1_0.name 
    from
        airline a1_0 
    where
        a1_0.code=?
Hibernate: 
    select
        a1_0.code,
        a1_0.logo_url,
        a1_0.name 
    from
        airline a1_0 
    where
        a1_0.code=?
2025-03-19T21:42:09.163-05:00 DEBUG 80480 --- [flight-booking] [           main] org.hibernate.orm.sql.exec               : Skipping reading Query result cache data: cache-enabled = false, cache-mode = IGNORE
2025-03-19T21:42:09.163-05:00 DEBUG 80480 --- [flight-booking] [           main] org.hibernate.SQL                        : 
    select
        a1_0.iata_code,
        a1_0.city,
        a1_0.country,
        a1_0.name 
    from
        airport a1_0 
    where
        a1_0.iata_code=?
Hibernate: 
    select
        a1_0.iata_code,
        a1_0.city,
        a1_0.country,
        a1_0.name 
    from
        airport a1_0 
    where
        a1_0.iata_code=?
2025-03-19T21:42:09.164-05:00 DEBUG 80480 --- [flight-booking] [           main] o.h.j.internal.PersistenceUnitUtilImpl   : jakarta.persistence.PersistenceUnitUtil.getIdentifier is only intended to work with enhanced entities (although Hibernate also adapts this support to its proxies); however the passed entity was not enhanced (nor a proxy).. may not be able to read identifier
2025-03-19T21:42:09.164-05:00 DEBUG 80480 --- [flight-booking] [           main] org.hibernate.orm.sql.exec               : Skipping reading Query result cache data: cache-enabled = false, cache-mode = IGNORE
2025-03-19T21:42:09.164-05:00 DEBUG 80480 --- [flight-booking] [           main] org.hibernate.SQL                        : 
    select
        f1_0.id,
        a1_0.code,
        a1_0.logo_url,
        a1_0.name,
        f1_0.arrival,
        f1_0.departure,
        d1_0.iata_code,
        d1_0.city,
        d1_0.country,
        d1_0.name,
        f1_0.duration,
        f1_0.flight_number,
        o1_0.iata_code,
        o1_0.city,
        o1_0.country,
        o1_0.name,
        f1_0.price,
        f1_0.seats_available 
    from
        flight f1_0 
    left join
        airline a1_0 
            on a1_0.code=f1_0.airline_code 
    left join
        airport d1_0 
            on d1_0.iata_code=f1_0.destination_iata_code 
    left join
        airport o1_0 
            on o1_0.iata_code=f1_0.origin_iata_code 
    where
        f1_0.id=?
Hibernate: 
    select
        f1_0.id,
        a1_0.code,
        a1_0.logo_url,
        a1_0.name,
        f1_0.arrival,
        f1_0.departure,
        d1_0.iata_code,
        d1_0.city,
        d1_0.country,
        d1_0.name,
        f1_0.duration,
        f1_0.flight_number,
        o1_0.iata_code,
        o1_0.city,
        o1_0.country,
        o1_0.name,
        f1_0.price,
        f1_0.seats_available 
    from
        flight f1_0 
    left join
        airline a1_0 
            on a1_0.code=f1_0.airline_code 
    left join
        airport d1_0 
            on d1_0.iata_code=f1_0.destination_iata_code 
    left join
        airport o1_0 
            on o1_0.iata_code=f1_0.origin_iata_code 
    where
        f1_0.id=?
2025-03-19T21:42:09.166-05:00 DEBUG 80480 --- [flight-booking] [           main] o.h.e.t.internal.TransactionImpl         : committing
2025-03-19T21:42:09.166-05:00 DEBUG 80480 --- [flight-booking] [           main] o.h.e.i.AbstractFlushingEventListener    : Processing flush-time cascades
2025-03-19T21:42:09.166-05:00 DEBUG 80480 --- [flight-booking] [           main] o.h.e.i.AbstractFlushingEventListener    : Dirty checking collections
2025-03-19T21:42:09.167-05:00 DEBUG 80480 --- [flight-booking] [           main] o.h.e.i.AbstractFlushingEventListener    : Flushed: 6 insertions, 0 updates, 0 deletions to 13 objects
2025-03-19T21:42:09.167-05:00 DEBUG 80480 --- [flight-booking] [           main] o.h.e.i.AbstractFlushingEventListener    : Flushed: 0 (re)creations, 0 updates, 0 removals to 0 collections
2025-03-19T21:42:09.167-05:00 DEBUG 80480 --- [flight-booking] [           main] o.hibernate.internal.util.EntityPrinter  : Listing entities:
2025-03-19T21:42:09.167-05:00 DEBUG 80480 --- [flight-booking] [           main] o.hibernate.internal.util.EntityPrinter  : edu.miu.cs.cs425.backend.domain.entity.Flight{duration=90, arrival=2025-03-12T10:30, price=175.0, origin=edu.miu.cs.cs425.backend.domain.entity.Airport#JFK, destination=edu.miu.cs.cs425.backend.domain.entity.Airport#YYZ, id=317c6f3c-3789-48b5-8d78-017b45e07dcc, departure=2025-03-12T09:00, airline=edu.miu.cs.cs425.backend.domain.entity.Airline#AIR003, seatsAvailable=50, flightNumber=FLECDD58}
2025-03-19T21:42:09.167-05:00 DEBUG 80480 --- [flight-booking] [           main] o.hibernate.internal.util.EntityPrinter  : edu.miu.cs.cs425.backend.domain.entity.Airport{country=USA, iataCode=JFK, city=New York, name=John F. Kennedy International Airport}
2025-03-19T21:42:09.167-05:00 DEBUG 80480 --- [flight-booking] [           main] o.hibernate.internal.util.EntityPrinter  : edu.miu.cs.cs425.backend.domain.entity.Airport{country=UK, iataCode=LHR, city=London, name=London Heathrow Airport}
2025-03-19T21:42:09.167-05:00 DEBUG 80480 --- [flight-booking] [           main] o.hibernate.internal.util.EntityPrinter  : edu.miu.cs.cs425.backend.domain.entity.Flight{duration=90, arrival=2025-03-12T11:30, price=175.0, origin=edu.miu.cs.cs425.backend.domain.entity.Airport#JFK, destination=edu.miu.cs.cs425.backend.domain.entity.Airport#YYZ, id=7b97822c-3cb8-4743-be27-d52755c39378, departure=2025-03-12T10:00, airline=edu.miu.cs.cs425.backend.domain.entity.Airline#AIR003, seatsAvailable=50, flightNumber=FL8B71EC}
2025-03-19T21:42:09.167-05:00 DEBUG 80480 --- [flight-booking] [           main] o.hibernate.internal.util.EntityPrinter  : edu.miu.cs.cs425.backend.domain.entity.Airline{code=AIR003, name=Air Canada, logoUrl=null}
2025-03-19T21:42:09.167-05:00 DEBUG 80480 --- [flight-booking] [           main] o.hibernate.internal.util.EntityPrinter  : edu.miu.cs.cs425.backend.domain.entity.Airport{country=Canada, iataCode=YYZ, city=Toronto, name=Toronto Pearson International Airport}
2025-03-19T21:42:09.167-05:00 DEBUG 80480 --- [flight-booking] [           main] o.hibernate.internal.util.EntityPrinter  : edu.miu.cs.cs425.backend.domain.entity.Airline{code=AIR002, name=British Airways, logoUrl=null}
2025-03-19T21:42:09.167-05:00 DEBUG 80480 --- [flight-booking] [           main] o.hibernate.internal.util.EntityPrinter  : edu.miu.cs.cs425.backend.domain.entity.Flight{duration=420, arrival=2025-03-12T18:30, price=450.0, origin=edu.miu.cs.cs425.backend.domain.entity.Airport#YYZ, destination=edu.miu.cs.cs425.backend.domain.entity.Airport#LHR, id=d0085b62-ea51-40cb-a5b4-155ad2288f83, departure=2025-03-12T11:30, airline=edu.miu.cs.cs425.backend.domain.entity.Airline#AIR002, seatsAvailable=50, flightNumber=FL5EE99A}
2025-03-19T21:42:09.167-05:00 DEBUG 80480 --- [flight-booking] [           main] o.hibernate.internal.util.EntityPrinter  : edu.miu.cs.cs425.backend.domain.entity.Airline{code=AIR004, name=Air France, logoUrl=null}
2025-03-19T21:42:09.167-05:00 DEBUG 80480 --- [flight-booking] [           main] o.hibernate.internal.util.EntityPrinter  : edu.miu.cs.cs425.backend.domain.entity.Flight{duration=60, arrival=2025-03-12T20:30, price=150.0, origin=edu.miu.cs.cs425.backend.domain.entity.Airport#CDG, destination=edu.miu.cs.cs425.backend.domain.entity.Airport#LHR, id=3c673a01-f2e8-4946-8a11-c3e941509540, departure=2025-03-12T19:30, airline=edu.miu.cs.cs425.backend.domain.entity.Airline#AIR002, seatsAvailable=50, flightNumber=FL6C0E1C}
2025-03-19T21:42:09.167-05:00 DEBUG 80480 --- [flight-booking] [           main] o.hibernate.internal.util.EntityPrinter  : edu.miu.cs.cs425.backend.domain.entity.Flight{duration=420, arrival=2025-03-12T15:00, price=450.0, origin=edu.miu.cs.cs425.backend.domain.entity.Airport#JFK, destination=edu.miu.cs.cs425.backend.domain.entity.Airport#LHR, id=3643b7f5-abd6-45dc-b275-15ca1bea0dae, departure=2025-03-12T08:00, airline=edu.miu.cs.cs425.backend.domain.entity.Airline#AIR002, seatsAvailable=50, flightNumber=FL8E6A8A}
2025-03-19T21:42:09.167-05:00 DEBUG 80480 --- [flight-booking] [           main] o.hibernate.internal.util.EntityPrinter  : edu.miu.cs.cs425.backend.domain.entity.Airport{country=France, iataCode=CDG, city=Paris, name=Charles de Gaulle Airport}
2025-03-19T21:42:09.167-05:00 DEBUG 80480 --- [flight-booking] [           main] o.hibernate.internal.util.EntityPrinter  : edu.miu.cs.cs425.backend.domain.entity.Flight{duration=360, arrival=2025-03-12T18:30, price=400.0, origin=edu.miu.cs.cs425.backend.domain.entity.Airport#YYZ, destination=edu.miu.cs.cs425.backend.domain.entity.Airport#CDG, id=52c19116-16d6-446b-a2dc-71dd2cafe24b, departure=2025-03-12T12:30, airline=edu.miu.cs.cs425.backend.domain.entity.Airline#AIR004, seatsAvailable=50, flightNumber=FL6B9FE5}
2025-03-19T21:42:09.168-05:00 DEBUG 80480 --- [flight-booking] [           main] org.hibernate.SQL                        : 
    insert 
    into
        flight
        (airline_code, arrival, departure, destination_iata_code, duration, flight_number, origin_iata_code, price, seats_available, id) 
    values
        (?, ?, ?, ?, ?, ?, ?, ?, ?, ?)
Hibernate: 
    insert 
    into
        flight
        (airline_code, arrival, departure, destination_iata_code, duration, flight_number, origin_iata_code, price, seats_available, id) 
    values
        (?, ?, ?, ?, ?, ?, ?, ?, ?, ?)
2025-03-19T21:42:09.169-05:00 DEBUG 80480 --- [flight-booking] [           main] org.hibernate.SQL                        : 
    insert 
    into
        flight
        (airline_code, arrival, departure, destination_iata_code, duration, flight_number, origin_iata_code, price, seats_available, id) 
    values
        (?, ?, ?, ?, ?, ?, ?, ?, ?, ?)
Hibernate: 
    insert 
    into
        flight
        (airline_code, arrival, departure, destination_iata_code, duration, flight_number, origin_iata_code, price, seats_available, id) 
    values
        (?, ?, ?, ?, ?, ?, ?, ?, ?, ?)
2025-03-19T21:42:09.210-05:00 DEBUG 80480 --- [flight-booking] [           main] org.hibernate.SQL                        : 
    insert 
    into
        flight
        (airline_code, arrival, departure, destination_iata_code, duration, flight_number, origin_iata_code, price, seats_available, id) 
    values
        (?, ?, ?, ?, ?, ?, ?, ?, ?, ?)
Hibernate: 
    insert 
    into
        flight
        (airline_code, arrival, departure, destination_iata_code, duration, flight_number, origin_iata_code, price, seats_available, id) 
    values
        (?, ?, ?, ?, ?, ?, ?, ?, ?, ?)
2025-03-19T21:42:09.212-05:00 DEBUG 80480 --- [flight-booking] [           main] org.hibernate.SQL                        : 
    insert 
    into
        flight
        (airline_code, arrival, departure, destination_iata_code, duration, flight_number, origin_iata_code, price, seats_available, id) 
    values
        (?, ?, ?, ?, ?, ?, ?, ?, ?, ?)
Hibernate: 
    insert 
    into
        flight
        (airline_code, arrival, departure, destination_iata_code, duration, flight_number, origin_iata_code, price, seats_available, id) 
    values
        (?, ?, ?, ?, ?, ?, ?, ?, ?, ?)
2025-03-19T21:42:09.214-05:00 DEBUG 80480 --- [flight-booking] [           main] org.hibernate.SQL                        : 
    insert 
    into
        flight
        (airline_code, arrival, departure, destination_iata_code, duration, flight_number, origin_iata_code, price, seats_available, id) 
    values
        (?, ?, ?, ?, ?, ?, ?, ?, ?, ?)
Hibernate: 
    insert 
    into
        flight
        (airline_code, arrival, departure, destination_iata_code, duration, flight_number, origin_iata_code, price, seats_available, id) 
    values
        (?, ?, ?, ?, ?, ?, ?, ?, ?, ?)
2025-03-19T21:42:09.215-05:00 DEBUG 80480 --- [flight-booking] [           main] org.hibernate.SQL                        : 
    insert 
    into
        flight
        (airline_code, arrival, departure, destination_iata_code, duration, flight_number, origin_iata_code, price, seats_available, id) 
    values
        (?, ?, ?, ?, ?, ?, ?, ?, ?, ?)
Hibernate: 
    insert 
    into
        flight
        (airline_code, arrival, departure, destination_iata_code, duration, flight_number, origin_iata_code, price, seats_available, id) 
    values
        (?, ?, ?, ?, ?, ?, ?, ?, ?, ?)
Data initialized successfully!
Airlines: 4
Airports: 4
Users: 2
Roles: 2
Flights: 6

JFK to LHR Explicit Entries (March 12, 2025):
Direct (No Legs):
  JFK → LHR @ 2025-03-12T08:00 - 2025-03-12T15:00
2-Leg (JFK → YYZ → LHR):
  JFK → YYZ @ 2025-03-12T09:00 - 2025-03-12T10:30
  YYZ → LHR @ 2025-03-12T11:30 - 2025-03-12T18:30
3-Leg (JFK → YYZ → CDG → LHR):
  JFK → YYZ @ 2025-03-12T10:00 - 2025-03-12T11:30
  YYZ → CDG @ 2025-03-12T12:30 - 2025-03-12T18:30
  CDG → LHR @ 2025-03-12T19:30 - 2025-03-12T20:30
]]></system-out>
    <system-err><![CDATA[Mockito is currently self-attaching to enable the inline-mock-maker. This will no longer work in future releases of the JDK. Please add Mockito as an agent to your build what is described in Mockito's documentation: https://javadoc.io/doc/org.mockito/mockito-core/latest/org/mockito/Mockito.html#0.3
WARNING: A Java agent has been loaded dynamically (/Users/mercelvubangsi/.m2/repository/net/bytebuddy/byte-buddy-agent/1.15.11/byte-buddy-agent-1.15.11.jar)
WARNING: If a serviceability tool is in use, please run with -XX:+EnableDynamicAgentLoading to hide this warning
WARNING: If a serviceability tool is not in use, please run with -Djdk.instrument.traceUsage for more information
WARNING: Dynamic loading of agents will be disallowed by default in a future release
]]></system-err>
  </testcase>
</testsuite>